Log file open, 05/01/15 09:20:58
LogInit:Display: Running engine for game: HorrorBase
LogInit: Version: 4.7.6-2513093+++depot+UE4-Releases+4.7
LogInit: API Version: 2455222
LogInit: Compiled (64-bit): Apr 15 2015 12:09:54
LogInit: Compiled with Visual C++: 18.00.21005.01
LogInit: Build Configuration: Development
LogInit: Branch Name: ++depot+UE4-Releases+4.7
LogInit: Command line:  
LogInit: Base directory: F:/Program Files/Epic Games/4.7/Engine/Binaries/Win64/
LogInit: Rocket: 1
[2015.05.01-13.20.58:032][  0]LogTaskGraph: Started task graph with 3 named threads and 4 total threads.
[2015.05.01-13.20.58:066][  0]LogOnline:Warning: No default platform service specified for OnlineSubsystem
[2015.05.01-13.20.58:169][  0]LogInit: Presizing for 0 objects not considered by GC, pre-allocating 0 bytes.
[2015.05.01-13.20.58:290][  0]LogInit: Object subsystem initialized
[2015.05.01-13.20.58:378][  0]LogConsoleResponse:Warning: Skipping Unknown console variable: 'TranslucentSortAxis = (X=0.000000,Y=-1.000000,Z=0.000000)'
[2015.05.01-13.20.58:378][  0]LogConsoleResponse:Warning:   Found in ini file 'D:/HorrorBase/Saved/Config/Windows/Engine.ini', in section '[/Script/Engine.RendererSettings]'
[2015.05.01-13.20.58:378][  0]LogConsoleResponse:Warning: Skipping Unknown console variable: 'UIScaleRule = ShortestSide'
[2015.05.01-13.20.58:378][  0]LogConsoleResponse:Warning:   Found in ini file 'D:/HorrorBase/Saved/Config/Windows/Engine.ini', in section '[/Script/Engine.RendererSettings]'
[2015.05.01-13.20.58:378][  0]LogConsoleResponse:Warning: Skipping Unknown console variable: 'UIScaleCurve = (EditorCurveData=(Keys=),ExternalCurve=None)'
[2015.05.01-13.20.58:378][  0]LogConsoleResponse:Warning:   Found in ini file 'D:/HorrorBase/Saved/Config/Windows/Engine.ini', in section '[/Script/Engine.RendererSettings]'
[2015.05.01-13.20.58:419][  0]LogInit: Selected Device Profile: [Windows]
[2015.05.01-13.20.58:419][  0]LogInit: Applying CVar settings loaded from the selected device profile: [Windows]
[2015.05.01-13.20.58:474][  0]LogInit: Computer: MORDOR
[2015.05.01-13.20.58:474][  0]LogInit: User: Mordor
[2015.05.01-13.20.58:474][  0]LogInit: CPU Page size=4096, Cores=2
[2015.05.01-13.20.58:474][  0]LogInit: High frequency timer resolution =14.318180 MHz
[2015.05.01-13.20.58:474][  0]LogMemory: Memory total: Physical=15.9GB (16GB approx) Virtual=131072.0GB
[2015.05.01-13.20.58:474][  0]LogMemory: Platform Memory Stats for Windows
[2015.05.01-13.20.58:474][  0]LogMemory: Process Physical Memory: 45.95 MB used, 45.95 MB peak
[2015.05.01-13.20.58:474][  0]LogMemory: Process Virtual Memory: 26.45 MB used, 26.46 MB peak
[2015.05.01-13.20.58:474][  0]LogMemory: Physical Memory: 2671.25 MB used, 16285.57 MB total
[2015.05.01-13.20.58:474][  0]LogMemory: Virtual Memory: 291.97 MB used, 134217728.00 MB total
[2015.05.01-13.20.58:590][  0]LogD3D11RHI: Found D3D11 adapter 0: AMD Radeon HD 7800 Series (Feature Level 11_0)
[2015.05.01-13.20.58:590][  0]LogD3D11RHI: Adapter has 2022MB of dedicated video memory, 0MB of dedicated system memory, and 7936MB of shared system memory, 2 output[s]
[2015.05.01-13.20.58:591][  0]LogD3D11RHI: Found D3D11 adapter 1: Microsoft Basic Render Driver (Feature Level 11_0)
[2015.05.01-13.20.58:591][  0]LogD3D11RHI: Adapter has 0MB of dedicated video memory, 0MB of dedicated system memory, and 256MB of shared system memory, 0 output[s]
[2015.05.01-13.20.58:591][  0]LogD3D11RHI: Chosen D3D11 Adapter Id = 0
[2015.05.01-13.20.58:601][  0]LogRHI: Texture pool is 1361 MB (70% of 1945 MB)
[2015.05.01-13.20.58:608][  0]LogD3D11RHI: Async texture creation disabled: no driver support
[2015.05.01-13.20.59:805][  0]LogTextLocalizationManager: The requested culture ('en_US') has no localization data; parent culture's ('en') localization data will be used.
[2015.05.01-13.20.59:948][  0]LogTextLocalizationManager:Warning: Loading localization resources contain conflicting entries for (Namespace:UICommands, Key:Save_ToolTip):
Resource: (F:/Program Files/Epic Games/4.7/Engine/Content/Localization/Editor/en/Editor.locres) Hash: (-29098895) String: (Saves the current level to disk)
Resource: (F:/Program Files/Epic Games/4.7/Engine/Content/Localization/Engine/en/Engine.locres) Hash: (-1280300587) String: (Save selected data to vlog file)
[2015.05.01-13.20.59:948][  0]LogTextLocalizationManager:Warning: Loading localization resources contain conflicting entries for (Namespace:ContentBrowser, Key:ImportAssetToolTip):
Resource: (F:/Program Files/Epic Games/4.7/Engine/Content/Localization/Editor/en/Editor.locres) Hash: (-630476809) String: (Import to {0}...)
Resource: (F:/Program Files/Epic Games/4.7/Engine/Content/Localization/Editor/en/Editor.locres) Hash: (1271782899) String: (Imports an asset from file to this folder.)
[2015.05.01-13.21.00:043][  0]LogContentStreaming: Texture pool size is 0.000000MB
[2015.05.01-13.21.04:754][  0]LogTargetPlatformManager:Display: Building Assets For Windows
[2015.05.01-13.21.05:920][  0]LogTargetPlatformManager:Display: Building Assets For Windows
[2015.05.01-13.21.06:056][  0]LogDerivedDataCache:Display: Max Cache Size: 512 MB
[2015.05.01-13.21.06:216][  0]LogDerivedDataCache: Loaded boot cache 0.16s 39MB C:/Users/jth70_000/AppData/Local/UnrealEngine/4.7/DerivedDataCache/Boot.ddc.
[2015.05.01-13.21.06:216][  0]LogDerivedDataCache:Display: Loaded Boot cache: C:/Users/jth70_000/AppData/Local/UnrealEngine/4.7/DerivedDataCache/Boot.ddc
[2015.05.01-13.21.06:216][  0]LogDerivedDataCache: FDerivedDataBackendGraph:  Pak pak cache file D:/HorrorBase/DerivedDataCache/DDC.ddp not found, will not use a pak cache.
[2015.05.01-13.21.06:216][  0]LogDerivedDataCache: Unable to find inner node Pak for hierarchical cache Hierarchy.
[2015.05.01-13.21.06:475][  0]LogDerivedDataCache:Display: Pak cache opened for reading ../../../Engine/DerivedDataCache/Compressed.ddp.
[2015.05.01-13.21.06:490][  0]LogDerivedDataCache: Using Local data cache path C:/Users/jth70_000/AppData/Local/UnrealEngine/Common/DerivedDataCache: Writable
[2015.05.01-13.21.13:652][  0]LogMeshUtilities: No automatic mesh reduction module available
[2015.05.01-13.21.13:652][  0]LogMeshUtilities: No automatic mesh merging module available
[2015.05.01-13.21.16:192][  0]LogInit: WinSock: version 1.1 (2.2), MaxSocks=32767, MaxUdp=65467
[2015.05.01-13.21.16:433][  0]LogSlate:Warning: Failed to load font data from '../../../Engine/Content/Slate/Fonts/Roboto-Italic.ttf'
[2015.05.01-13.21.24:569][  0]UdpMessaging: Initializing bridge on interface 0.0.0.0:0 to multicast group 230.0.0.1:6666.
[2015.05.01-13.21.25:156][  0]SourceControl: Info Source control is disabled
[2015.05.01-13.21.25:159][  0]SourceControl: Info Source control is disabled
[2015.05.01-13.21.25:159][  0]SourceControl: Info Source control is disabled
[2015.05.01-13.21.25:159][  0]LogSourceControl: RunCommandInternalRaw: 'git version'
[2015.05.01-13.21.25:159][  0]LogSourceControl: RunCommandInternalRaw: ExecProcess ReturnCode=2 OutResults=''
[2015.05.01-13.21.25:169][  0]LogSourceControl: RunCommandInternalRaw: 'git version'
[2015.05.01-13.21.25:169][  0]LogSourceControl: RunCommandInternalRaw: ExecProcess ReturnCode=2 OutResults=''
[2015.05.01-13.21.25:832][  0]LogObj: 24232 objects as part of root set at end of initial load.
[2015.05.01-13.21.25:832][  0]LogUObjectAllocator: 5137176 out of 0 bytes used by permanent object pool.
[2015.05.01-13.21.26:559][  0]LogEngine: Initializing Engine...
[2015.05.01-13.21.30:122][  0]LogInit: XAudio2 using '1 - LC-19G77A (AMD High Definition Audio Device)' : 2 channels at 48 kHz using 16 bits per sample (channel mask 0x3)
[2015.05.01-13.21.30:164][  0]LogInit: FAudioDevice initialized.
[2015.05.01-13.21.30:498][  0]LogAIModule: Creating AISystem for world NewWorld
[2015.05.01-13.21.30:553][  0]LogDerivedDataCache: Saved boot cache 0.03s 39MB C:/Users/jth70_000/AppData/Local/UnrealEngine/4.7/DerivedDataCache/Boot.ddc.
[2015.05.01-13.21.30:562][  0]LogInit: Texture streaming: Enabled
[2015.05.01-13.21.30:952][  0]LogAnalytics: Creating configured Analytics provider AnalyticsET
[2015.05.01-13.21.30:952][  0]LogAnalytics: ET APIKey = Rocket.Release. APIServer = http://et2.epicgames.com/ET2/. AppVersion = 4.7.6-2513093+++depot+UE4-Releases+4.7
[2015.05.01-13.21.30:952][  0]LogAnalytics: ET APIKey = Rocket.Release. DataRouterUploadURL = https://datarouter-public-service-gamedev.ol.epicgames.net/datarouter/api/v1/public/data. AppVersion = 4.7.6-2513093+++depot+UE4-Releases+4.7
[2015.05.01-13.21.30:952][  0]LogAnalytics: SetUserId e5ecb0694b1793998411e0afa308c2dc|76f5d0457a0c47cfa4e62c1627123b6f|49db0f56-0a03-4ef8-a6b5-aa0624e6ca8a
[2015.05.01-13.21.30:969][  0]LogAnalytics: AnalyticsET::StartSession [Rocket.Release]
[2015.05.01-13.21.31:097][  0]LogInit: Transaction tracking system initialized
[2015.05.01-13.21.33:822][  0]BlueprintLog: New page: Editor Load
[2015.05.01-13.21.34:039][  0]LogAssetRegistry: FAssetRegistry took 0.0145 seconds to start up
[2015.05.01-13.21.34:039][  0]LogDirectoryWatcher:Warning: Failed to begin reading directory changes for ../../../Engine/Plugins/Experimental/CharacterAI/Content/. Error: 0
[2015.05.01-13.21.38:426][  0]LogTargetPlatformManager:Display: Building Assets For Windows
[2015.05.01-13.21.38:923][  0]LogTargetPlatformManager:Display: Building Assets For Windows
[2015.05.01-13.21.41:825][  0]LogSlate:Warning: Failed to load font data from '../../../Engine/Content/Editor/Slate/Fonts/Roboto-Regular.ttf'
[2015.05.01-13.21.41:826][  0]LogSlate:Warning: Failed to load font data from '../../../Engine/Content/Editor/Slate/Fonts/Roboto-Bold.ttf'
[2015.05.01-13.21.42:000][  0]LogConsoleResponse:Display: 
[2015.05.01-13.21.45:799][  0]LogCook:Display: Done creating registry. It took  0.00s.
[2015.05.01-13.21.48:667][  0]LogSourceControl: RunCommandInternalRaw: 'git version'
[2015.05.01-13.21.48:667][  0]LogSourceControl: RunCommandInternalRaw: ExecProcess ReturnCode=2 OutResults=''
[2015.05.01-13.21.48:819][  0]Cmd: MAP LOAD FILE="D:/HorrorBase/Content/HorrorAssets/Maps/House.umap" TEMPLATE=0 SHOWPROGRESS=1 FEATURELEVEL=3
[2015.05.01-13.21.48:822][  0]LightingResults: New page: Lighting Build
[2015.05.01-13.21.49:344][  0]MapCheck: New page: Map Check
[2015.05.01-13.21.49:344][  0]LightingResults: New page: Lighting Build
[2015.05.01-13.21.49:978][  0]LogParticles: Destroying 0 GPU particle simulations for FXSystem 0x0000009E10510680
[2015.05.01-13.21.52:575][  0]LogLinker:Warning: Asset '../../../Engine/Content/EngineMeshes/Humanoid.uasset' has been saved with empty engine version. The asset will be loaded but may be incompatible.
[2015.05.01-13.21.56:655][  0]LogStaticMesh: Building static mesh vinyl_fence_DEFAULT_...
[2015.05.01-13.21.56:944][  0]LogStaticMesh: Built static mesh [290.329163ms] /Game/HorrorAssets/Import/fence/vinyl_fence_DEFAULT_.vinyl_fence_DEFAULT_
[2015.05.01-13.21.56:961][  0]LogMaterial: Missing cached shader map for material vinyl_fence, compiling. 
[2015.05.01-13.21.57:275][  0]LogTexture:Display: Building textures: HQ_Lightmap0_10 (AutoDXT)
[2015.05.01-13.21.57:347][  0]LogTexture:Display: Building textures: HQ_Lightmap0_3 (AutoDXT)
[2015.05.01-13.21.58:140][  0]LogTexture:Display: Building textures: HQ_Lightmap0_4 (AutoDXT)
[2015.05.01-13.21.59:001][  0]LogTexture:Display: Building textures: HQ_Lightmap0_5 (AutoDXT)
[2015.05.01-13.21.59:240][  0]LogTexture:Display: Building textures: HQ_Lightmap0_7 (AutoDXT)
[2015.05.01-13.21.59:362][  0]LogTexture:Display: Building textures: HQ_Lightmap0_8 (AutoDXT)
[2015.05.01-13.21.59:745][  0]LogTexture:Display: Building textures: HQ_Lightmap0_9 (AutoDXT)
[2015.05.01-13.21.59:819][  0]LogTexture:Display: Building textures: HQ_Lightmap1_6 (AutoDXT)
[2015.05.01-13.21.59:868][  0]LogTexture:Display: Building textures: LQ_Lightmap_0_10 (DXT1)
[2015.05.01-13.21.59:888][  0]LogTexture:Display: Building textures: LQ_Lightmap_0_4 (DXT1)
[2015.05.01-13.22.00:393][  0]LogTexture:Display: Building textures: LQ_Lightmap_0_5 (DXT1)
[2015.05.01-13.22.00:515][  0]LogTexture:Display: Building textures: LQ_Lightmap_0_7 (DXT1)
[2015.05.01-13.22.00:564][  0]LogTexture:Display: Building textures: LQ_Lightmap_0_8 (DXT1)
[2015.05.01-13.22.00:696][  0]LogTexture:Display: Building textures: LQ_Lightmap_0_9 (DXT1)
[2015.05.01-13.22.00:756][  0]LogTexture:Display: Building textures: LQ_Lightmap_1_3 (DXT1)
[2015.05.01-13.22.01:346][  0]LogTexture:Display: Building textures: LQ_Lightmap_1_6 (DXT1)
[2015.05.01-13.22.01:401][  0]LogTexture:Display: Building textures: ShadowMapTexture2D_1 (BGRA8)
[2015.05.01-13.22.01:445][  0]LogTexture:Display: Building textures: ShadowMapTexture2D_2 (BGRA8)
[2015.05.01-13.22.01:455][  0]LogTexture:Display: Building textures: ShadowMapTexture2D_3 (BGRA8)
[2015.05.01-13.22.01:459][  0]LogTexture:Display: Building textures: ShadowMapTexture2D_4 (BGRA8)
[2015.05.01-13.22.01:467][  0]LogTexture:Display: Building textures: ShadowMapTexture2D_5 (BGRA8)
[2015.05.01-13.22.01:994][  0]LogEditorServer: Finished looking for orphan Actors (0.000 secs)
[2015.05.01-13.22.02:021][  0]LogAIModule: Creating AISystem for world House
[2015.05.01-13.22.02:029][  0]Cmd: MAP CHECKDEP
[2015.05.01-13.22.02:039][  0]MapCheck: New page: House - May 1, 2015, 5:22:02 AM
[2015.05.01-13.22.02:176][  0]MapCheck: Info Map check complete: 0 Error(s), 0 Warning(s), took 147.218ms to complete.
[2015.05.01-13.22.02:176][  0]LogFileHelpers: Loading map 'House' took 13.441
[2015.05.01-13.22.03:527][  0]LogCollectionManager: Loaded 0 collections in 0.001817 seconds
[2015.05.01-13.22.03:538][  0]LogContentBrowser: Native class hierarchy populated in 0.0109 seconds. Added 1696 classes and 261 folders.
[2015.05.01-13.22.03:666][  0]LogContentBrowser: Native class hierarchy updated for 'SceneOutliner' in 0.0015 seconds. Added 1 classes and 2 folders.
[2015.05.01-13.22.04:206][  0]LogCrashTracker: Crashtracker disabled due to settings.
[2015.05.01-13.22.04:303][  0]LogSlate:Warning: Failed to load font data from 'Veranda'
[2015.05.01-13.22.04:360][  0]LogUObjectGlobals:Warning: Failed to find object 'Class None.'
[2015.05.01-13.22.04:460][  0]LogLoad: Full Startup: 73.39 seconds (BP compile: 1.53 seconds)
[2015.05.01-13.22.04:880][  0]LogContentBrowser:Verbose: The content browser source was changed by the sources view to '/Game/HorrorAssets/Import'
[2015.05.01-13.22.05:280][  0]LogRenderer:Warning: Reallocating scene render targets to support 32x32 (Frame:2).
[2015.05.01-13.22.05:415][  0]LogRenderer:Warning: Reallocating scene render targets to support 824x440 (Frame:3).
[2015.05.01-13.22.07:620][  6]LogAssetRegistry: Asset discovery search completed in 33.5963 seconds
[2015.05.01-13.22.14:323][ 27]LogSynthBenchmark:Display: FSynthBenchmark (V0.95):  requested WorkScale=1.00
[2015.05.01-13.22.14:323][ 27]LogSynthBenchmark:Display: ===============
[2015.05.01-13.22.14:323][ 27]LogSynthBenchmark:Display: Main Processor:
[2015.05.01-13.22.14:369][ 27]LogSynthBenchmark:Display:          ... 0.023710 s/Run 'RayIntersect'
[2015.05.01-13.22.14:369][ 27]LogSynthBenchmark:Display:          ... 0.021573 s/Run 'Fractal'
[2015.05.01-13.22.14:369][ 27]LogSynthBenchmark:Display: 
[2015.05.01-13.22.14:369][ 27]LogSynthBenchmark:Display:   CompiledTarget_x_Bits: 64
[2015.05.01-13.22.14:369][ 27]LogSynthBenchmark:Display:   UE_BUILD_SHIPPING: 0
[2015.05.01-13.22.14:369][ 27]LogSynthBenchmark:Display:   UE_BUILD_TEST: 0
[2015.05.01-13.22.14:369][ 27]LogSynthBenchmark:Display:   UE_BUILD_DEBUG: 0
[2015.05.01-13.22.14:369][ 27]LogSynthBenchmark:Display:   TotalPhysicalGBRam: 16
[2015.05.01-13.22.14:369][ 27]LogSynthBenchmark:Display:   NumberOfCores (physical): 2
[2015.05.01-13.22.14:369][ 27]LogSynthBenchmark:Display:   NumberOfCores (logical): 4
[2015.05.01-13.22.14:369][ 27]LogSynthBenchmark:Display:   CPU Perf Index 0: 108.0
[2015.05.01-13.22.14:369][ 27]LogSynthBenchmark:Display:   CPU Perf Index 1: 132.6
[2015.05.01-13.22.14:369][ 27]LogSynthBenchmark:Display:  
[2015.05.01-13.22.14:369][ 27]LogSynthBenchmark:Display: Graphics:
[2015.05.01-13.22.14:369][ 27]LogSynthBenchmark:Display:   Adapter Name: 'AMD Radeon HD 7800 Series'
[2015.05.01-13.22.14:369][ 27]LogSynthBenchmark:Display:   (On Optimus the name might be wrong, memory should be ok)
[2015.05.01-13.22.14:369][ 27]LogSynthBenchmark:Display:   Vendor Id: 0x1002
[2015.05.01-13.22.14:369][ 27]LogSynthBenchmark:Display:   GPU Memory: 2023/0/7936 MB
[2015.05.01-13.22.14:369][ 27]LogSynthBenchmark:Display:   CPUIndex: 108.0
[2015.05.01-13.22.14:369][ 27]LogSynthBenchmark:Display:   GPUIndex: -1.$
[2015.05.01-13.22.14:369][ 27]LogSynthBenchmark:Display: 
[2015.05.01-13.22.14:369][ 27]LogSynthBenchmark:Display:          ... Total Time: 0.045606 sec
[2015.05.01-13.24.45:608][ 63]LogContentBrowser:Verbose: The content browser source was changed by the sources view to '/Game/HorrorAssets'
[2015.05.01-13.24.49:549][481]LogContentBrowser:Verbose: The content browser source was changed by the sources view to '/Game/HorrorAssets'
[2015.05.01-13.24.55:931][241]LogContentBrowser:Verbose: The content browser source was changed by the sources view to '/Game/MacabreAssets'
[2015.05.01-13.24.56:127][241]LogTexture:Display: Building textures: preview01 (AutoDXT)
[2015.05.01-13.24.56:342][241]LogTexture:Display: Building textures: preview02 (AutoDXT)
[2015.05.01-13.24.56:556][241]LogTexture:Display: Building textures: preview03 (AutoDXT)
[2015.05.01-13.24.56:765][241]LogTexture:Display: Building textures: preview04 (AutoDXT)
[2015.05.01-13.24.57:075][241]LogStaticMesh: Building static mesh vinyl_fence_BLENDER_...
[2015.05.01-13.24.57:324][241]LogStaticMesh: Built static mesh [248.914383ms] /Game/HorrorAssets/Import/fence/vinyl_fence_BLENDER_.vinyl_fence_BLENDER_
[2015.05.01-13.24.57:338][241]LogStaticMesh: Building static mesh vinyl_fence_POSER_...
[2015.05.01-13.24.57:757][241]LogStaticMesh: Built static mesh [418.712860ms] /Game/HorrorAssets/Import/fence/vinyl_fence_POSER_.vinyl_fence_POSER_
[2015.05.01-13.24.57:772][241]LogTexture:Display: Building textures: wireframe01 (AutoDXT)
[2015.05.01-13.24.57:865][241]LogTexture:Display: Building textures: wireframe02 (AutoDXT)
[2015.05.01-13.24.57:950][241]LogTexture:Display: Building textures: wireframe03 (AutoDXT)
[2015.05.01-13.24.58:054][241]LogTexture:Display: Building textures: wireframe04 (AutoDXT)
[2015.05.01-13.24.58:270][241]LogTexture:Display: Building textures: vinyl_fence_bump (AutoDXT)
[2015.05.01-13.25.01:679][241]LogMetaData: Removing '/Game/MacabreAssets/Blueprints/InventoryInterface.InventoryInterface_C' ref from Metadata '/Game/HorrorAssets/Blueprints/InventoryInterface.PackageMetaData'
[2015.05.01-13.25.01:679][241]LogMetaData: Removing '/Game/MacabreAssets/Blueprints/InventoryInterface.InventoryInterface:Add Inventory.K2Node_FunctionEntry_249' ref from Metadata '/Game/HorrorAssets/Blueprints/InventoryInterface.PackageMetaData'
[2015.05.01-13.25.01:679][241]LogMetaData: Removing '/Game/MacabreAssets/Blueprints/InventoryInterface.InventoryInterface:Check Inventory.K2Node_FunctionEntry_251' ref from Metadata '/Game/HorrorAssets/Blueprints/InventoryInterface.PackageMetaData'
[2015.05.01-13.25.01:679][241]LogMetaData: Removing '/Game/MacabreAssets/Blueprints/InventoryInterface.InventoryInterface:Check Inventory.K2Node_FunctionResult_0' ref from Metadata '/Game/HorrorAssets/Blueprints/InventoryInterface.PackageMetaData'
[2015.05.01-13.25.01:679][241]LogMetaData: Removing '/Game/MacabreAssets/Blueprints/InventoryInterface.SKEL_InventoryInterface_C' ref from Metadata '/Game/HorrorAssets/Blueprints/InventoryInterface.PackageMetaData'
[2015.05.01-13.25.01:857][241]LogMetaData: Removing '/Game/MacabreAssets/Blueprints/FlashlightFPS.FlashlightFPS_C' ref from Metadata '/Game/HorrorAssets/Blueprints/FlashlightFPS.PackageMetaData'
[2015.05.01-13.25.01:857][241]LogMetaData: Removing '/Game/MacabreAssets/Blueprints/FlashlightFPS.FlashlightFPS:Check Inventory.K2Node_FunctionResult_1' ref from Metadata '/Game/HorrorAssets/Blueprints/FlashlightFPS.PackageMetaData'
[2015.05.01-13.25.01:857][241]LogMetaData: Removing '/Game/MacabreAssets/Blueprints/FlashlightFPS.FlashlightFPS:Check Inventory.K2Node_FunctionEntry_374' ref from Metadata '/Game/HorrorAssets/Blueprints/FlashlightFPS.PackageMetaData'
[2015.05.01-13.25.01:857][241]LogMetaData: Removing '/Game/MacabreAssets/Blueprints/FlashlightFPS.SKEL_FlashlightFPS_C' ref from Metadata '/Game/HorrorAssets/Blueprints/FlashlightFPS.PackageMetaData'
[2015.05.01-13.25.02:041][241]LogMetaData: Removing '/Game/MacabreAssets/Blueprints/CopLight.CopLight:UserConstructionScript.K2Node_FunctionEntry_220' ref from Metadata '/Game/HorrorAssets/Blueprints/CopLight.PackageMetaData'
[2015.05.01-13.25.02:041][241]LogMetaData: Removing '/Game/MacabreAssets/Blueprints/CopLight.CopLight_C' ref from Metadata '/Game/HorrorAssets/Blueprints/CopLight.PackageMetaData'
[2015.05.01-13.25.02:041][241]LogMetaData: Removing '/Game/MacabreAssets/Blueprints/CopLight.SKEL_CopLight_C' ref from Metadata '/Game/HorrorAssets/Blueprints/CopLight.PackageMetaData'
[2015.05.01-13.25.02:196][241]LogMetaData: Removing '/Game/MacabreAssets/Blueprints/FiretruckLight.FiretruckLight_C' ref from Metadata '/Game/HorrorAssets/Blueprints/FiretruckLight.PackageMetaData'
[2015.05.01-13.25.02:196][241]LogMetaData: Removing '/Game/MacabreAssets/Blueprints/FiretruckLight.SKEL_FiretruckLight_C' ref from Metadata '/Game/HorrorAssets/Blueprints/FiretruckLight.PackageMetaData'
[2015.05.01-13.25.02:559][241]LogMetaData: Removing '/Game/MacabreAssets/Blueprints/Door.Door:UserConstructionScript.K2Node_FunctionEntry_252' ref from Metadata '/Game/HorrorAssets/Blueprints/Door.PackageMetaData'
[2015.05.01-13.25.02:559][241]LogMetaData: Removing '/Game/MacabreAssets/Blueprints/Door.Door:EventGraph.K2Node_Event_190' ref from Metadata '/Game/HorrorAssets/Blueprints/Door.PackageMetaData'
[2015.05.01-13.25.02:559][241]LogMetaData: Removing '/Game/MacabreAssets/Blueprints/Door.Door_C' ref from Metadata '/Game/HorrorAssets/Blueprints/Door.PackageMetaData'
[2015.05.01-13.25.02:559][241]LogMetaData: Removing '/Game/MacabreAssets/Blueprints/Door.Door:EventGraph.K2Node_Event_189' ref from Metadata '/Game/HorrorAssets/Blueprints/Door.PackageMetaData'
[2015.05.01-13.25.02:559][241]LogMetaData: Removing '/Game/MacabreAssets/Blueprints/Door.Door:EventGraph.K2Node_Event_191' ref from Metadata '/Game/HorrorAssets/Blueprints/Door.PackageMetaData'
[2015.05.01-13.25.02:559][241]LogMetaData: Removing '/Game/MacabreAssets/Blueprints/Door.SKEL_Door_C' ref from Metadata '/Game/HorrorAssets/Blueprints/Door.PackageMetaData'
[2015.05.01-13.25.02:672][241]LogMetaData: Removing '/Game/MacabreAssets/Blueprints/Pickup.Pickup:UserConstructionScript.K2Node_FunctionEntry_250' ref from Metadata '/Game/HorrorAssets/Blueprints/Pickup.PackageMetaData'
[2015.05.01-13.25.02:672][241]LogMetaData: Removing '/Game/MacabreAssets/Blueprints/Pickup.Pickup:EventGraph.K2Node_Event_175' ref from Metadata '/Game/HorrorAssets/Blueprints/Pickup.PackageMetaData'
[2015.05.01-13.25.02:672][241]LogMetaData: Removing '/Game/MacabreAssets/Blueprints/Pickup.Pickup_C' ref from Metadata '/Game/HorrorAssets/Blueprints/Pickup.PackageMetaData'
[2015.05.01-13.25.02:672][241]LogMetaData: Removing '/Game/MacabreAssets/Blueprints/Pickup.Pickup:EventGraph.K2Node_Event_174' ref from Metadata '/Game/HorrorAssets/Blueprints/Pickup.PackageMetaData'
[2015.05.01-13.25.02:672][241]LogMetaData: Removing '/Game/MacabreAssets/Blueprints/Pickup.Pickup:EventGraph.K2Node_Event_176' ref from Metadata '/Game/HorrorAssets/Blueprints/Pickup.PackageMetaData'
[2015.05.01-13.25.02:672][241]LogMetaData: Removing '/Game/MacabreAssets/Blueprints/Pickup.SKEL_Pickup_C' ref from Metadata '/Game/HorrorAssets/Blueprints/Pickup.PackageMetaData'
[2015.05.01-13.25.03:003][241]Cmd: OBJ SAVEPACKAGE PACKAGE="/Game/MacabreAssets/Blueprints/InventoryInterface" FILE="D:/HorrorBase/Content/MacabreAssets/Blueprints/InventoryInterface.uasset" SILENT=true
[2015.05.01-13.25.03:031][241]LogSavePackage: Save=26.255781ms
[2015.05.01-13.25.03:031][241]LogSavePackage: Moving 'D:/HorrorBase/Saved/InventoryInterface2F50C932467C4D0247E5E680640B15D2.tmp' to 'D:/HorrorBase/Content/MacabreAssets/Blueprints/InventoryInterface.uasset'
[2015.05.01-13.25.03:060][241]Cmd: OBJ SAVEPACKAGE PACKAGE="/Game/MacabreAssets/Textures/Flashlight_Cookie_T" FILE="D:/HorrorBase/Content/MacabreAssets/Textures/Flashlight_Cookie_T.uasset" SILENT=true
[2015.05.01-13.25.03:167][241]LogSavePackage: Save=105.337479ms
[2015.05.01-13.25.03:167][241]LogSavePackage: Moving 'D:/HorrorBase/Saved/Flashlight_Cookie_T175E13354B987D5174DAE0B9A296E5A5.tmp' to 'D:/HorrorBase/Content/MacabreAssets/Textures/Flashlight_Cookie_T.uasset'
[2015.05.01-13.25.03:198][241]Cmd: OBJ SAVEPACKAGE PACKAGE="/Game/MacabreAssets/Materials/Flashlight_Cookie" FILE="D:/HorrorBase/Content/MacabreAssets/Materials/Flashlight_Cookie.uasset" SILENT=true
[2015.05.01-13.25.03:499][241]LogSavePackage: Save=300.064392ms
[2015.05.01-13.25.03:500][241]LogSavePackage: Moving 'D:/HorrorBase/Saved/Flashlight_CookieE34BFC694FB6EE5C1E3B9999BA2C1547.tmp' to 'D:/HorrorBase/Content/MacabreAssets/Materials/Flashlight_Cookie.uasset'
[2015.05.01-13.25.03:551][241]Cmd: OBJ SAVEPACKAGE PACKAGE="/Game/MacabreAssets/Blueprints/FlashlightFPS" FILE="D:/HorrorBase/Content/MacabreAssets/Blueprints/FlashlightFPS.uasset" SILENT=true
[2015.05.01-13.25.03:914][241]LogSavePackage: Save=362.223694ms
[2015.05.01-13.25.03:915][241]LogSavePackage: Moving 'D:/HorrorBase/Saved/FlashlightFPSE3755C6A49148AFE4CE7CA802A4BE21D.tmp' to 'D:/HorrorBase/Content/MacabreAssets/Blueprints/FlashlightFPS.uasset'
[2015.05.01-13.25.03:944][241]Cmd: OBJ SAVEPACKAGE PACKAGE="/Game/MacabreAssets/Blueprints/CopLight" FILE="D:/HorrorBase/Content/MacabreAssets/Blueprints/CopLight.uasset" SILENT=true
[2015.05.01-13.25.04:306][241]LogSavePackage: Save=350.983643ms
[2015.05.01-13.25.04:306][241]LogSavePackage: Moving 'D:/HorrorBase/Saved/CopLight44655F924F4B365EC52EECB9F8D4F4A1.tmp' to 'D:/HorrorBase/Content/MacabreAssets/Blueprints/CopLight.uasset'
[2015.05.01-13.25.04:329][241]Cmd: OBJ SAVEPACKAGE PACKAGE="/Game/MacabreAssets/Blueprints/FiretruckLight" FILE="D:/HorrorBase/Content/MacabreAssets/Blueprints/FiretruckLight.uasset" SILENT=true
[2015.05.01-13.25.04:668][241]LogSavePackage: Save=338.295502ms
[2015.05.01-13.25.04:668][241]LogSavePackage: Moving 'D:/HorrorBase/Saved/FiretruckLight503377A3413F9994D5877684364BD6DB.tmp' to 'D:/HorrorBase/Content/MacabreAssets/Blueprints/FiretruckLight.uasset'
[2015.05.01-13.25.04:700][241]Cmd: OBJ SAVEPACKAGE PACKAGE="/Game/MacabreAssets/Materials/M_TV_Screen" FILE="D:/HorrorBase/Content/MacabreAssets/Materials/M_TV_Screen.uasset" SILENT=true
[2015.05.01-13.25.05:043][241]LogSavePackage: Save=341.184845ms
[2015.05.01-13.25.05:043][241]LogSavePackage: Moving 'D:/HorrorBase/Saved/M_TV_Screen5AE6F3D94426FBFA7BC976B9B422FF4E.tmp' to 'D:/HorrorBase/Content/MacabreAssets/Materials/M_TV_Screen.uasset'
[2015.05.01-13.25.05:069][241]Cmd: OBJ SAVEPACKAGE PACKAGE="/Game/MacabreAssets/Materials/M_Water_Blood" FILE="D:/HorrorBase/Content/MacabreAssets/Materials/M_Water_Blood.uasset" SILENT=true
[2015.05.01-13.25.05:273][241]LogSavePackage: Save=202.453796ms
[2015.05.01-13.25.05:273][241]LogSavePackage: Moving 'D:/HorrorBase/Saved/M_Water_Blood98318FBA48EA9E78E0BC19B2E2486D63.tmp' to 'D:/HorrorBase/Content/MacabreAssets/Materials/M_Water_Blood.uasset'
[2015.05.01-13.25.05:298][241]Cmd: OBJ SAVEPACKAGE PACKAGE="/Game/MacabreAssets/Import/fence/vinyl_fence" FILE="D:/HorrorBase/Content/MacabreAssets/Import/fence/vinyl_fence.uasset" SILENT=true
[2015.05.01-13.25.05:688][241]LogSavePackage: Save=389.138489ms
[2015.05.01-13.25.05:688][241]LogSavePackage: Moving 'D:/HorrorBase/Saved/vinyl_fence6AF3AD094EE92CB54618DE83E550AC75.tmp' to 'D:/HorrorBase/Content/MacabreAssets/Import/fence/vinyl_fence.uasset'
[2015.05.01-13.25.05:713][241]Cmd: OBJ SAVEPACKAGE PACKAGE="/Game/MacabreAssets/Import/fence/vinyl_fence_DEFAULT_" FILE="D:/HorrorBase/Content/MacabreAssets/Import/fence/vinyl_fence_DEFAULT_.uasset" SILENT=true
[2015.05.01-13.25.06:014][241]LogSavePackage: Save=299.835602ms
[2015.05.01-13.25.06:014][241]LogSavePackage: Moving 'D:/HorrorBase/Saved/vinyl_fence_DEFAULT_FFAFFDB7432922C73344ABB7C932835E.tmp' to 'D:/HorrorBase/Content/MacabreAssets/Import/fence/vinyl_fence_DEFAULT_.uasset'
[2015.05.01-13.25.06:037][241]Cmd: OBJ SAVEPACKAGE PACKAGE="/Game/MacabreAssets/Props/lambert1" FILE="D:/HorrorBase/Content/MacabreAssets/Props/lambert1.uasset" SILENT=true
[2015.05.01-13.25.06:399][241]LogSavePackage: Save=360.865082ms
[2015.05.01-13.25.06:399][241]LogSavePackage: Moving 'D:/HorrorBase/Saved/lambert1B27C110E494C3767A6E20A8452EC814B.tmp' to 'D:/HorrorBase/Content/MacabreAssets/Props/lambert1.uasset'
[2015.05.01-13.25.06:422][241]Cmd: OBJ SAVEPACKAGE PACKAGE="/Game/MacabreAssets/Props/m_head" FILE="D:/HorrorBase/Content/MacabreAssets/Props/m_head.uasset" SILENT=true
[2015.05.01-13.25.06:712][241]LogSavePackage: Save=289.106934ms
[2015.05.01-13.25.06:712][241]LogSavePackage: Moving 'D:/HorrorBase/Saved/m_headDC24CE0340F304F1B7456B920B1417BA.tmp' to 'D:/HorrorBase/Content/MacabreAssets/Props/m_head.uasset'
[2015.05.01-13.25.06:735][241]Cmd: OBJ SAVEPACKAGE PACKAGE="/Game/MacabreAssets/Props/m_left_arm" FILE="D:/HorrorBase/Content/MacabreAssets/Props/m_left_arm.uasset" SILENT=true
[2015.05.01-13.25.07:018][241]LogSavePackage: Save=282.092346ms
[2015.05.01-13.25.07:018][241]LogSavePackage: Moving 'D:/HorrorBase/Saved/m_left_arm3338A97D45566761239E57A6481E65DB.tmp' to 'D:/HorrorBase/Content/MacabreAssets/Props/m_left_arm.uasset'
[2015.05.01-13.25.07:040][241]Cmd: OBJ SAVEPACKAGE PACKAGE="/Game/MacabreAssets/Props/m_left_leg" FILE="D:/HorrorBase/Content/MacabreAssets/Props/m_left_leg.uasset" SILENT=true
[2015.05.01-13.25.07:333][241]LogSavePackage: Save=291.588043ms
[2015.05.01-13.25.07:333][241]LogSavePackage: Moving 'D:/HorrorBase/Saved/m_left_leg997BC61F4BCC440ACC452886EA9797D1.tmp' to 'D:/HorrorBase/Content/MacabreAssets/Props/m_left_leg.uasset'
[2015.05.01-13.25.07:355][241]Cmd: OBJ SAVEPACKAGE PACKAGE="/Game/MacabreAssets/Props/m_right_arm" FILE="D:/HorrorBase/Content/MacabreAssets/Props/m_right_arm.uasset" SILENT=true
[2015.05.01-13.25.07:636][241]LogSavePackage: Save=279.237244ms
[2015.05.01-13.25.07:636][241]LogSavePackage: Moving 'D:/HorrorBase/Saved/m_right_arm7371FADB47550B5126AFC1917016644D.tmp' to 'D:/HorrorBase/Content/MacabreAssets/Props/m_right_arm.uasset'
[2015.05.01-13.25.07:658][241]Cmd: OBJ SAVEPACKAGE PACKAGE="/Game/MacabreAssets/Props/m_right_leg" FILE="D:/HorrorBase/Content/MacabreAssets/Props/m_right_leg.uasset" SILENT=true
[2015.05.01-13.25.07:945][241]LogSavePackage: Save=286.099274ms
[2015.05.01-13.25.07:945][241]LogSavePackage: Moving 'D:/HorrorBase/Saved/m_right_legB097C017496A6F8604A1F6A7722676DC.tmp' to 'D:/HorrorBase/Content/MacabreAssets/Props/m_right_leg.uasset'
[2015.05.01-13.25.07:969][241]Cmd: OBJ SAVEPACKAGE PACKAGE="/Game/MacabreAssets/Props/m_torso" FILE="D:/HorrorBase/Content/MacabreAssets/Props/m_torso.uasset" SILENT=true
[2015.05.01-13.25.08:260][241]LogSavePackage: Save=289.988403ms
[2015.05.01-13.25.08:260][241]LogSavePackage: Moving 'D:/HorrorBase/Saved/m_torsoD361FF7B434F2C0A96D91D8FDABF8D9B.tmp' to 'D:/HorrorBase/Content/MacabreAssets/Props/m_torso.uasset'
[2015.05.01-13.25.08:358][241]Cmd: OBJ SAVEPACKAGE PACKAGE="/Game/MacabreAssets/Maps/House" FILE="D:/HorrorBase/Content/MacabreAssets/Maps/House.umap" SILENT=true AUTOSAVING=false KEEPDIRTY=false
[2015.05.01-13.25.08:359][241]LogActorComponent: UnregisterComponent: (/Engine/Transient.CharMoveComp) Not registered. Aborting.
[2015.05.01-13.25.09:794][241]LogSavePackage: Save=1379.866089ms
[2015.05.01-13.25.09:794][241]LogSavePackage: Moving 'D:/HorrorBase/Saved/House8CCA975C476DDABA7D5CA99F76050DFC.tmp' to 'D:/HorrorBase/Content/MacabreAssets/Maps/House.umap'
[2015.05.01-13.25.09:818][241]LogFileHelpers: Saving map 'House' took 1.555
[2015.05.01-13.25.09:844][241]Cmd: OBJ SAVEPACKAGE PACKAGE="/Game/MacabreAssets/Blueprints/Door" FILE="D:/HorrorBase/Content/MacabreAssets/Blueprints/Door.uasset" SILENT=true
[2015.05.01-13.25.10:177][241]LogSavePackage: Save=331.838257ms
[2015.05.01-13.25.10:177][241]LogSavePackage: Moving 'D:/HorrorBase/Saved/DoorD8751010411EA35A4B3301B8EC113DAD.tmp' to 'D:/HorrorBase/Content/MacabreAssets/Blueprints/Door.uasset'
[2015.05.01-13.25.10:182][241]Cmd: OBJ SAVEPACKAGE PACKAGE="/Game/MacabreAssets/Blueprints/Default__FirstPersonCharacter_C" FILE="D:/HorrorBase/Content/MacabreAssets/Blueprints/Default__FirstPersonCharacter_C.uasset" SILENT=true
[2015.05.01-13.25.10:196][241]LogSavePackage: Save=13.114935ms
[2015.05.01-13.25.10:196][241]LogSavePackage: Moving 'D:/HorrorBase/Saved/Default__FirstPersonCharacter_C7B823BE34B3299B66FAF10AE3B242691.tmp' to 'D:/HorrorBase/Content/MacabreAssets/Blueprints/Default__FirstPersonCharacter_C.uasset'
[2015.05.01-13.25.10:201][241]Cmd: OBJ SAVEPACKAGE PACKAGE="/Game/MacabreAssets/Blueprints/FirstPersonCharacter" FILE="D:/HorrorBase/Content/MacabreAssets/Blueprints/FirstPersonCharacter.uasset" SILENT=true
[2015.05.01-13.25.10:205][241]LogSavePackage: Save=2.775423ms
[2015.05.01-13.25.10:205][241]LogSavePackage: Moving 'D:/HorrorBase/Saved/FirstPersonCharacter305654834EE0B12AC9B0CB8AAE41DB3C.tmp' to 'D:/HorrorBase/Content/MacabreAssets/Blueprints/FirstPersonCharacter.uasset'
[2015.05.01-13.25.10:210][241]Cmd: OBJ SAVEPACKAGE PACKAGE="/Game/MacabreAssets/Blueprints/FirstPersonCharacter_C" FILE="D:/HorrorBase/Content/MacabreAssets/Blueprints/FirstPersonCharacter_C.uasset" SILENT=true
[2015.05.01-13.25.10:225][241]LogSavePackage: Save=13.977335ms
[2015.05.01-13.25.10:225][241]LogSavePackage: Moving 'D:/HorrorBase/Saved/FirstPersonCharacter_C05B8392342725271299561B2FD80B744.tmp' to 'D:/HorrorBase/Content/MacabreAssets/Blueprints/FirstPersonCharacter_C.uasset'
[2015.05.01-13.25.10:253][241]Cmd: OBJ SAVEPACKAGE PACKAGE="/Game/MacabreAssets/Blueprints/Pickup" FILE="D:/HorrorBase/Content/MacabreAssets/Blueprints/Pickup.uasset" SILENT=true
[2015.05.01-13.25.10:478][241]LogSavePackage: Save=224.328644ms
[2015.05.01-13.25.10:478][241]LogSavePackage: Moving 'D:/HorrorBase/Saved/PickupB7423D96450C70E0723C028315A578A0.tmp' to 'D:/HorrorBase/Content/MacabreAssets/Blueprints/Pickup.uasset'
[2015.05.01-13.25.10:496][241]Cmd: OBJ SAVEPACKAGE PACKAGE="/Game/MacabreAssets/Import/fence/preview01" FILE="D:/HorrorBase/Content/MacabreAssets/Import/fence/preview01.uasset" SILENT=true
[2015.05.01-13.25.10:614][241]LogSavePackage: Save=116.115036ms
[2015.05.01-13.25.10:614][241]LogSavePackage: Moving 'D:/HorrorBase/Saved/preview01E21B46AF407EEEC59B886995373FFB66.tmp' to 'D:/HorrorBase/Content/MacabreAssets/Import/fence/preview01.uasset'
[2015.05.01-13.25.10:628][241]Cmd: OBJ SAVEPACKAGE PACKAGE="/Game/MacabreAssets/Import/fence/preview02" FILE="D:/HorrorBase/Content/MacabreAssets/Import/fence/preview02.uasset" SILENT=true
[2015.05.01-13.25.10:737][241]LogSavePackage: Save=108.196991ms
[2015.05.01-13.25.10:737][241]LogSavePackage: Moving 'D:/HorrorBase/Saved/preview0206AAD4884BF650C6AAD0779B84798195.tmp' to 'D:/HorrorBase/Content/MacabreAssets/Import/fence/preview02.uasset'
[2015.05.01-13.25.10:750][241]Cmd: OBJ SAVEPACKAGE PACKAGE="/Game/MacabreAssets/Import/fence/preview03" FILE="D:/HorrorBase/Content/MacabreAssets/Import/fence/preview03.uasset" SILENT=true
[2015.05.01-13.25.10:851][241]LogSavePackage: Save=99.204369ms
[2015.05.01-13.25.10:851][241]LogSavePackage: Moving 'D:/HorrorBase/Saved/preview03D197114B41D9E23CA02526949EE6ACD3.tmp' to 'D:/HorrorBase/Content/MacabreAssets/Import/fence/preview03.uasset'
[2015.05.01-13.25.10:865][241]Cmd: OBJ SAVEPACKAGE PACKAGE="/Game/MacabreAssets/Import/fence/preview04" FILE="D:/HorrorBase/Content/MacabreAssets/Import/fence/preview04.uasset" SILENT=true
[2015.05.01-13.25.11:002][241]LogSavePackage: Save=136.217667ms
[2015.05.01-13.25.11:002][241]LogSavePackage: Moving 'D:/HorrorBase/Saved/preview0424F1D43447AAADA0236B40A4BC72E78D.tmp' to 'D:/HorrorBase/Content/MacabreAssets/Import/fence/preview04.uasset'
[2015.05.01-13.25.11:024][241]Cmd: OBJ SAVEPACKAGE PACKAGE="/Game/MacabreAssets/Import/fence/vinyl_fence_BLENDER_" FILE="D:/HorrorBase/Content/MacabreAssets/Import/fence/vinyl_fence_BLENDER_.uasset" SILENT=true
[2015.05.01-13.25.11:313][241]LogSavePackage: Save=288.169739ms
[2015.05.01-13.25.11:313][241]LogSavePackage: Moving 'D:/HorrorBase/Saved/vinyl_fence_BLENDER_2DA9C864424F39A49FA4D0983338BD86.tmp' to 'D:/HorrorBase/Content/MacabreAssets/Import/fence/vinyl_fence_BLENDER_.uasset'
[2015.05.01-13.25.11:335][241]Cmd: OBJ SAVEPACKAGE PACKAGE="/Game/MacabreAssets/Import/fence/vinyl_fence_POSER_" FILE="D:/HorrorBase/Content/MacabreAssets/Import/fence/vinyl_fence_POSER_.uasset" SILENT=true
[2015.05.01-13.25.11:623][241]LogSavePackage: Save=286.614075ms
[2015.05.01-13.25.11:623][241]LogSavePackage: Moving 'D:/HorrorBase/Saved/vinyl_fence_POSER_33E0BE7345B378E830BBF78CA58B9B71.tmp' to 'D:/HorrorBase/Content/MacabreAssets/Import/fence/vinyl_fence_POSER_.uasset'
[2015.05.01-13.25.11:639][241]Cmd: OBJ SAVEPACKAGE PACKAGE="/Game/MacabreAssets/Import/fence/wireframe01" FILE="D:/HorrorBase/Content/MacabreAssets/Import/fence/wireframe01.uasset" SILENT=true
[2015.05.01-13.25.11:694][241]LogSavePackage: Save=53.763607ms
[2015.05.01-13.25.11:694][241]LogSavePackage: Moving 'D:/HorrorBase/Saved/wireframe012AE1DC88407E8676D651F58534EF9C49.tmp' to 'D:/HorrorBase/Content/MacabreAssets/Import/fence/wireframe01.uasset'
[2015.05.01-13.25.11:708][241]Cmd: OBJ SAVEPACKAGE PACKAGE="/Game/MacabreAssets/Import/fence/wireframe02" FILE="D:/HorrorBase/Content/MacabreAssets/Import/fence/wireframe02.uasset" SILENT=true
[2015.05.01-13.25.11:763][241]LogSavePackage: Save=53.893650ms
[2015.05.01-13.25.11:763][241]LogSavePackage: Moving 'D:/HorrorBase/Saved/wireframe0213BE6365419B8E64689D038107228489.tmp' to 'D:/HorrorBase/Content/MacabreAssets/Import/fence/wireframe02.uasset'
[2015.05.01-13.25.11:777][241]Cmd: OBJ SAVEPACKAGE PACKAGE="/Game/MacabreAssets/Import/fence/wireframe03" FILE="D:/HorrorBase/Content/MacabreAssets/Import/fence/wireframe03.uasset" SILENT=true
[2015.05.01-13.25.11:833][241]LogSavePackage: Save=55.330498ms
[2015.05.01-13.25.11:833][241]LogSavePackage: Moving 'D:/HorrorBase/Saved/wireframe033FD89586442189C40541E89DC7CEB5D0.tmp' to 'D:/HorrorBase/Content/MacabreAssets/Import/fence/wireframe03.uasset'
[2015.05.01-13.25.11:847][241]Cmd: OBJ SAVEPACKAGE PACKAGE="/Game/MacabreAssets/Import/fence/wireframe04" FILE="D:/HorrorBase/Content/MacabreAssets/Import/fence/wireframe04.uasset" SILENT=true
[2015.05.01-13.25.11:897][241]LogSavePackage: Save=47.707249ms
[2015.05.01-13.25.11:897][241]LogSavePackage: Moving 'D:/HorrorBase/Saved/wireframe0464BD0A9A47F34EC341C42987407A6421.tmp' to 'D:/HorrorBase/Content/MacabreAssets/Import/fence/wireframe04.uasset'
[2015.05.01-13.25.11:912][241]Cmd: OBJ SAVEPACKAGE PACKAGE="/Game/MacabreAssets/Import/fence/maps/vinyl_fence_bump" FILE="D:/HorrorBase/Content/MacabreAssets/Import/fence/maps/vinyl_fence_bump.uasset" SILENT=true
[2015.05.01-13.25.12:044][241]LogSavePackage: Save=130.763123ms
[2015.05.01-13.25.12:044][241]LogSavePackage: Moving 'D:/HorrorBase/Saved/vinyl_fence_bump4A0F825C4CB256CDDE2C6788A4805E53.tmp' to 'D:/HorrorBase/Content/MacabreAssets/Import/fence/maps/vinyl_fence_bump.uasset'
[2015.05.01-13.25.12:151][241]Cmd: OBJ SAVEPACKAGE PACKAGE="/Game/MacabreAssets/Maps/KeyTest" FILE="D:/HorrorBase/Content/MacabreAssets/Maps/KeyTest.umap" SILENT=true AUTOSAVING=false KEEPDIRTY=false
[2015.05.01-13.25.12:333][241]LogSavePackage: Save=156.170685ms
[2015.05.01-13.25.12:333][241]LogSavePackage: Moving 'D:/HorrorBase/Saved/KeyTestFD8719D44114F015AEED32B2C6B2ECE3.tmp' to 'D:/HorrorBase/Content/MacabreAssets/Maps/KeyTest.umap'
[2015.05.01-13.25.12:335][241]LogFileHelpers: Saving map 'KeyTest' took 0.286
[2015.05.01-13.25.14:185][241]Cmd: OBJ SAVEPACKAGE PACKAGE="/Game/FirstPersonBP/Blueprints/FirstPersonGameMode" FILE="D:/HorrorBase/Content/FirstPersonBP/Blueprints/FirstPersonGameMode.uasset" SILENT=true
[2015.05.01-13.25.14:205][241]LogSavePackage: Save=11.773424ms
[2015.05.01-13.25.14:205][241]LogSavePackage: Moving 'D:/HorrorBase/Saved/FirstPersonGameModeBDEBCFBD484350353A4C699C0A90B921.tmp' to 'D:/HorrorBase/Content/FirstPersonBP/Blueprints/FirstPersonGameMode.uasset'
[2015.05.01-13.28.39:072][653]LogContentBrowser:Verbose: The content browser source was changed by the sources view to '/Game/FirstPersonBP'
[2015.05.01-13.28.42:152][ 18]LogContentBrowser:Verbose: The content browser source was changed by the sources view to '/Game/FirstPersonBP/Blueprints'
[2015.05.01-13.28.51:738][135]LogContentBrowser:Verbose: The content browser source was changed by the sources view to '/Game/HorrorAssets/Blueprints'
[2015.05.01-13.28.53:704][370]LogContentBrowser:Verbose: The content browser source was changed by the sources view to '/Game/HorrorAssets/Import'
[2015.05.01-13.28.55:116][539]LogContentBrowser:Verbose: The content browser source was changed by the sources view to '/Game/HorrorAssets/Maps'
[2015.05.01-13.28.55:926][636]LogContentBrowser:Verbose: The content browser source was changed by the sources view to '/Game/HorrorAssets/Materials'
[2015.05.01-13.28.56:285][679]LogContentBrowser:Verbose: The content browser source was changed by the sources view to '/Game/HorrorAssets/Props'
[2015.05.01-13.28.56:604][717]LogContentBrowser:Verbose: The content browser source was changed by the sources view to '/Game/HorrorAssets/Textures'
[2015.05.01-13.28.58:068][892]LogContentBrowser:Verbose: The content browser source was changed by the sources view to 'None'
[2015.05.01-13.29.00:832][204]LogContentBrowser:Verbose: The content browser source was changed by the sources view to '/Game/MacabreAssets'
[2015.05.01-13.29.01:667][302]LogContentBrowser:Verbose: The content browser source was changed by the sources view to '/Game/HorrorAssets/Blueprints'
[2015.05.01-13.29.18:173][761]LogActorComponent: UnregisterComponent: (/Engine/Transient.ProjectileMovementComponent_40__A6522401) Not registered. Aborting.
[2015.05.01-13.29.18:698][762]Cmd: QUIT_EDITOR
[2015.05.01-13.29.18:996][762]LogExit: Preparing to exit.
[2015.05.01-13.29.20:013][762]LogExit: Editor shut down
[2015.05.01-13.29.20:014][762]LogExit: Transaction tracking system shut down
[2015.05.01-13.29.20:017][762]LogParticles: Destroying 0 GPU particle simulations for FXSystem 0x0000009E224A40E0
[2015.05.01-13.29.20:018][762]LogParticles: Destroying 0 GPU particle simulations for FXSystem 0x0000009E24EE8900
[2015.05.01-13.29.20:018][762]LogParticles: Destroying 0 GPU particle simulations for FXSystem 0x0000009E2349EC00
[2015.05.01-13.29.20:019][762]LogParticles: Destroying 0 GPU particle simulations for FXSystem 0x0000009E27DDEAC0
[2015.05.01-13.29.20:019][762]LogParticles: Destroying 0 GPU particle simulations for FXSystem 0x0000009E1923ECA0
[2015.05.01-13.29.20:279][762]LogExit: Object subsystem successfully closed.
[2015.05.01-13.29.20:500][762]LogModuleManager: Shutting down and abandoning module SynthBenchmark (178)
[2015.05.01-13.29.20:500][762]LogModuleManager: Shutting down and abandoning module CrashTracker (177)
[2015.05.01-13.29.20:500][762]LogModuleManager: Shutting down and abandoning module SuperSearch (176)
[2015.05.01-13.29.20:500][762]LogModuleManager: Shutting down and abandoning module SceneOutliner (175)
[2015.05.01-13.29.20:500][762]LogModuleManager: Shutting down and abandoning module EditorWidgets (174)
[2015.05.01-13.29.20:500][762]LogModuleManager: Shutting down and abandoning module CollectionManager (173)
[2015.05.01-13.29.20:512][762]LogModuleManager: Shutting down and abandoning module StatsViewer (172)
[2015.05.01-13.29.20:520][762]LogModuleManager: Shutting down and abandoning module FoliageEdit (171)
[2015.05.01-13.29.20:520][762]LogModuleManager: Shutting down and abandoning module LandscapeEditor (170)
[2015.05.01-13.29.20:526][762]LogModuleManager: Shutting down and abandoning module MeshPaint (169)
[2015.05.01-13.29.20:526][762]LogModuleManager: Shutting down and abandoning module ActorPickerMode (168)
[2015.05.01-13.29.20:526][762]LogModuleManager: Shutting down and abandoning module GeometryMode (167)
[2015.05.01-13.29.20:526][762]LogModuleManager: Shutting down and abandoning module TextureAlignMode (166)
[2015.05.01-13.29.20:526][762]LogModuleManager: Shutting down and abandoning module BspMode (165)
[2015.05.01-13.29.20:526][762]LogModuleManager: Shutting down and abandoning module PlacementMode (164)
[2015.05.01-13.29.20:526][762]LogModuleManager: Shutting down and abandoning module AutomationWorker (163)
[2015.05.01-13.29.20:526][762]LogModuleManager: Shutting down and abandoning module CharacterAI (162)
[2015.05.01-13.29.20:526][762]LogModuleManager: Shutting down and abandoning module SmartSnapping (161)
[2015.05.01-13.29.20:526][762]LogModuleManager: Shutting down and abandoning module ViewportSnapping (160)
[2015.05.01-13.29.20:526][762]LogModuleManager: Shutting down and abandoning module LogVisualizer (159)
[2015.05.01-13.29.20:526][762]LogModuleManager: Shutting down and abandoning module GameProjectGeneration (158)
[2015.05.01-13.29.20:539][762]LogModuleManager: Shutting down and abandoning module IntroTutorials (157)
[2015.05.01-13.29.20:554][762]LogModuleManager: Shutting down and abandoning module EditorLiveStreaming (156)
[2015.05.01-13.29.20:554][762]LogModuleManager: Shutting down and abandoning module HardwareTargeting (155)
[2015.05.01-13.29.20:554][762]LogModuleManager: Shutting down and abandoning module DeviceProfileEditor (154)
[2015.05.01-13.29.20:554][762]LogModuleManager: Shutting down and abandoning module UndoHistory (153)
[2015.05.01-13.29.20:554][762]LogModuleManager: Shutting down and abandoning module GameplayTagsEditor (152)
[2015.05.01-13.29.20:554][762]LogModuleManager: Shutting down and abandoning module UserFeedback (151)
[2015.05.01-13.29.20:554][762]LogModuleManager: Shutting down and abandoning module XmlParser (150)
[2015.05.01-13.29.20:554][762]LogModuleManager: Shutting down and abandoning module Blutility (149)
[2015.05.01-13.29.20:554][762]LogModuleManager: Shutting down and abandoning module IOSPlatformEditor (148)
[2015.05.01-13.29.20:554][762]LogModuleManager: Shutting down and abandoning module IOSRuntimeSettings (147)
[2015.05.01-13.29.20:554][762]LogModuleManager: Shutting down and abandoning module AndroidDeviceDetection (146)
[2015.05.01-13.29.21:271][762]LogModuleManager: Shutting down and abandoning module AndroidPlatformEditor (145)
[2015.05.01-13.29.21:271][762]LogModuleManager: Shutting down and abandoning module AndroidRuntimeSettings (144)
[2015.05.01-13.29.21:271][762]LogModuleManager: Shutting down and abandoning module ProjectTargetPlatformEditor (143)
[2015.05.01-13.29.21:271][762]LogModuleManager: Shutting down and abandoning module ProjectSettingsViewer (142)
[2015.05.01-13.29.21:271][762]LogModuleManager: Shutting down and abandoning module InputBindingEditor (141)
[2015.05.01-13.29.21:284][762]LogModuleManager: Shutting down and abandoning module EditorSettingsViewer (140)
[2015.05.01-13.29.21:284][762]LogModuleManager: Shutting down and abandoning module SettingsEditor (139)
[2015.05.01-13.29.21:300][762]LogModuleManager: Shutting down and abandoning module ProjectLauncher (138)
[2015.05.01-13.29.21:301][762]LogModuleManager: Shutting down and abandoning module SessionFrontend (137)
[2015.05.01-13.29.21:301][762]LogModuleManager: Shutting down and abandoning module ProfilerClient (136)
[2015.05.01-13.29.21:306][762]LogModuleManager: Shutting down and abandoning module TargetDeviceServices (135)
[2015.05.01-13.29.21:306][762]LogModuleManager: Shutting down and abandoning module DeviceManager (134)
[2015.05.01-13.29.21:306][762]LogModuleManager: Shutting down and abandoning module AutomationController (133)
[2015.05.01-13.29.21:306][762]LogModuleManager: Shutting down and abandoning module AutomationWindow (132)
[2015.05.01-13.29.21:310][762]LogModuleManager: Shutting down and abandoning module Layers (131)
[2015.05.01-13.29.21:335][762]LogModuleManager: Shutting down and abandoning module ComponentVisualizers (130)
[2015.05.01-13.29.21:335][762]LogModuleManager: Shutting down and abandoning module DetailCustomizations (129)
[2015.05.01-13.29.21:335][762]LogModuleManager: Shutting down and abandoning module PackagesDialog (128)
[2015.05.01-13.29.21:335][762]LogModuleManager: Shutting down and abandoning module AssetRegistry (127)
[2015.05.01-13.29.21:375][762]LogModuleManager: Shutting down and abandoning module Persona (126)
[2015.05.01-13.29.21:388][762]LogModuleManager: Shutting down and abandoning module SlateReflector (125)
[2015.05.01-13.29.21:401][762]LogModuleManager: Shutting down and abandoning module LevelEditor (124)
[2015.05.01-13.29.21:402][762]LogModuleManager: Shutting down and abandoning module Kismet (123)
[2015.05.01-13.29.21:402][762]LogModuleManager: Shutting down and abandoning module GraphEditor (122)
[2015.05.01-13.29.21:428][762]LogModuleManager: Shutting down and abandoning module ClassViewer (121)
[2015.05.01-13.29.21:428][762]LogModuleManager: Shutting down and abandoning module Toolbox (120)
[2015.05.01-13.29.21:428][762]LogModuleManager: Shutting down and abandoning module ModuleUI (119)
[2015.05.01-13.29.21:441][762]LogModuleManager: Shutting down and abandoning module MovieSceneTools (118)
[2015.05.01-13.29.21:455][762]LogModuleManager: Shutting down and abandoning module OutputLog (117)
[2015.05.01-13.29.21:455][762]LogModuleManager: Shutting down and abandoning module GammaUI (116)
[2015.05.01-13.29.21:461][762]LogModuleManager: Shutting down and abandoning module Documentation (115)
[2015.05.01-13.29.21:461][762]LogModuleManager: Shutting down and abandoning module GameLiveStreaming (114)
[2015.05.01-13.29.21:461][762]LogModuleManager: Shutting down and abandoning module StreamingPauseRendering (113)
[2015.05.01-13.29.21:461][762]LogModuleManager: Shutting down and abandoning module HTTP (112)
[2015.05.01-13.29.21:461][762]LogModuleManager: Shutting down and abandoning module AnalyticsET (111)
[2015.05.01-13.29.21:461][762]LogModuleManager: Shutting down and abandoning module Analytics (110)
[2015.05.01-13.29.21:461][762]LogModuleManager: Shutting down and abandoning module AITestSuite (109)
[2015.05.01-13.29.21:461][762]LogModuleManager: Shutting down and abandoning module GameplayDebugger (108)
[2015.05.01-13.29.21:461][762]LogModuleManager: Shutting down and abandoning module AIModule (107)
[2015.05.01-13.29.21:461][762]LogModuleManager: Shutting down and abandoning module ProfilerService (106)
[2015.05.01-13.29.21:632][762]LogModuleManager: Shutting down and abandoning module TaskGraph (105)
[2015.05.01-13.29.21:640][762]LogModuleManager: Shutting down and abandoning module SlateRemote (104)
[2015.05.01-13.29.21:640][762]LogModuleManager: Shutting down and abandoning module ScriptEditorPlugin (103)
[2015.05.01-13.29.21:640][762]LogModuleManager: Shutting down and abandoning module CustomMeshComponent (102)
[2015.05.01-13.29.21:640][762]LogModuleManager: Shutting down and abandoning module CableComponent (101)
[2015.05.01-13.29.21:640][762]LogModuleManager: Shutting down and abandoning module MessagingDebugger (100)
[2015.05.01-13.29.21:653][762]LogModuleManager: Shutting down and abandoning module MediaPlayerEditor (99)
[2015.05.01-13.29.21:661][762]LogModuleManager: Shutting down and abandoning module SpeedTreeImporter (98)
[2015.05.01-13.29.21:661][762]LogModuleManager: Shutting down and abandoning module PluginsEditor (97)
[2015.05.01-13.29.21:661][762]LogModuleManager: Shutting down and abandoning module MainFrame (96)
[2015.05.01-13.29.21:661][762]LogModuleManager: Shutting down and abandoning module EpicSurvey (95)
[2015.05.01-13.29.21:661][762]LogModuleManager: Shutting down and abandoning module DesktopPlatform (94)
[2015.05.01-13.29.21:661][762]LogModuleManager: Shutting down and abandoning module DirectoryWatcher (93)
[2015.05.01-13.29.21:661][762]LogModuleManager: Shutting down and abandoning module HotReload (92)
[2015.05.01-13.29.21:661][762]LogModuleManager: Shutting down and abandoning module VisualStudioSourceCodeAccess (91)
[2015.05.01-13.29.21:661][762]LogModuleManager: Shutting down and abandoning module UObjectPlugin (90)
[2015.05.01-13.29.21:661][762]LogModuleManager: Shutting down and abandoning module SubversionSourceControl (89)
[2015.05.01-13.29.21:662][762]LogModuleManager: Shutting down and abandoning module PerforceSourceControl (88)
[2015.05.01-13.29.21:669][762]LogModuleManager: Shutting down and abandoning module SourceControl (87)
[2015.05.01-13.29.21:669][762]LogModuleManager: Shutting down and abandoning module GitSourceControl (86)
[2015.05.01-13.29.21:669][762]LogModuleManager: Shutting down and abandoning module BlankPlugin (85)
[2015.05.01-13.29.21:669][762]LogModuleManager: Shutting down and abandoning module PaperTiledImporter (84)
[2015.05.01-13.29.21:669][762]LogModuleManager: Shutting down and abandoning module PaperJsonImporter (83)
[2015.05.01-13.29.21:669][762]LogModuleManager: Shutting down and abandoning module ContentBrowser (82)
[2015.05.01-13.29.21:670][762]LogModuleManager: Shutting down and abandoning module Paper2DEditor (81)
[2015.05.01-13.29.21:670][762]LogModuleManager: Shutting down and abandoning module ScriptPlugin (80)
[2015.05.01-13.29.21:670][762]LogModuleManager: Shutting down and abandoning module UdpMessaging (79)
[2015.05.01-13.29.21:771][762]LogModuleManager: Shutting down and abandoning module Paper2D (78)
[2015.05.01-13.29.21:771][762]LogModuleManager: Shutting down and abandoning module WindowsMoviePlayer (77)
[2015.05.01-13.29.21:774][762]LogModuleManager: Shutting down and abandoning module Media (76)
[2015.05.01-13.29.21:774][762]LogModuleManager: Shutting down and abandoning module WmfMedia (75)
[2015.05.01-13.29.21:774][762]LogModuleManager: Shutting down and abandoning module OnlineBlueprintSupport (74)
[2015.05.01-13.29.21:774][762]LogModuleManager: Shutting down and abandoning module PropertyEditor (73)
[2015.05.01-13.29.21:774][762]LogModuleManager: Shutting down and abandoning module BehaviorTreeEditor (72)
[2015.05.01-13.29.21:814][762]LogModuleManager: Shutting down and abandoning module FunctionalTesting (71)
[2015.05.01-13.29.21:815][762]LogModuleManager: Shutting down and abandoning module CollisionAnalyzer (70)
[2015.05.01-13.29.21:833][762]LogModuleManager: Shutting down and abandoning module WorkspaceMenuStructure (69)
[2015.05.01-13.29.21:833][762]LogModuleManager: Shutting down and abandoning module MessageLog (68)
[2015.05.01-13.29.21:833][762]LogModuleManager: Shutting down and abandoning module Sequencer (67)
[2015.05.01-13.29.21:849][762]LogModuleManager: Shutting down and abandoning module AssetTools (66)
[2015.05.01-13.29.21:861][762]LogModuleManager: Shutting down and abandoning module UMGEditor (65)
[2015.05.01-13.29.21:869][762]LogModuleManager: Shutting down and abandoning module UMG (64)
[2015.05.01-13.29.21:877][762]LogModuleManager: Shutting down and abandoning module Slate (63)
[2015.05.01-13.29.21:877][762]LogModuleManager: Shutting down and abandoning module EditorStyle (62)
[2015.05.01-13.29.21:880][762]LogModuleManager: Shutting down and abandoning module SessionServices (61)
[2015.05.01-13.29.21:880][762]LogModuleManager: Shutting down and abandoning module SourceCodeAccess (60)
[2015.05.01-13.29.21:880][762]LogModuleManager: Shutting down and abandoning module HeadMountedDisplay (59)
[2015.05.01-13.29.21:880][762]LogModuleManager: Shutting down and abandoning module XAudio2 (58)
[2015.05.01-13.29.21:880][762]LogModuleManager: Shutting down and abandoning module Networking (56)
[2015.05.01-13.29.21:880][762]LogModuleManager: Shutting down and abandoning module Core (55)
[2015.05.01-13.29.21:880][762]LogModuleManager: Shutting down and abandoning module KismetCompiler (54)
[2015.05.01-13.29.21:880][762]LogModuleManager: Shutting down and abandoning module PhysXFormats (53)
[2015.05.01-13.29.21:880][762]LogModuleManager: Shutting down and abandoning module MeshUtilities (52)
[2015.05.01-13.29.21:880][762]LogModuleManager: Shutting down and abandoning module DerivedDataCache (51)
[2015.05.01-13.29.21:915][762]LogDerivedDataCache: Shutdown
[2015.05.01-13.29.21:915][762]LogModuleManager: Shutting down and abandoning module ShaderFormatOpenGL (50)
[2015.05.01-13.29.21:923][762]LogModuleManager: Shutting down and abandoning module ShaderFormatD3D (49)
[2015.05.01-13.29.21:923][762]LogModuleManager: Shutting down and abandoning module MetalShaderFormat (48)
[2015.05.01-13.29.21:934][762]LogModuleManager: Shutting down and abandoning module TextureFormatUncompressed (47)
[2015.05.01-13.29.21:934][762]LogModuleManager: Shutting down and abandoning module TextureFormatPVR (46)
[2015.05.01-13.29.21:934][762]LogModuleManager: Shutting down and abandoning module TextureFormatIntelISPCTexComp (45)
[2015.05.01-13.29.21:934][762]LogModuleManager: Shutting down and abandoning module TextureFormatDXT (44)
[2015.05.01-13.29.21:934][762]LogModuleManager: Shutting down and abandoning module ImageWrapper (43)
[2015.05.01-13.29.21:934][762]LogModuleManager: Shutting down and abandoning module TextureFormatASTC (42)
[2015.05.01-13.29.21:934][762]LogModuleManager: Shutting down and abandoning module TextureFormatAndroid (41)
[2015.05.01-13.29.21:934][762]LogModuleManager: Shutting down and abandoning module AudioFormatOpus (40)
[2015.05.01-13.29.21:934][762]LogModuleManager: Shutting down and abandoning module AudioFormatOgg (39)
[2015.05.01-13.29.21:934][762]LogModuleManager: Shutting down and abandoning module AudioFormatADPCM (38)
[2015.05.01-13.29.21:934][762]LogModuleManager: Shutting down and abandoning module LinuxTargetPlatform (37)
[2015.05.01-13.29.21:934][762]LogModuleManager: Shutting down and abandoning module LinuxServerTargetPlatform (36)
[2015.05.01-13.29.21:934][762]LogModuleManager: Shutting down and abandoning module LinuxNoEditorTargetPlatform (35)
[2015.05.01-13.29.21:934][762]LogModuleManager: Shutting down and abandoning module Messaging (34)
[2015.05.01-13.29.21:934][762]LogModuleManager: Shutting down and abandoning module IOSTargetPlatform (33)
[2015.05.01-13.29.21:934][762]LogModuleManager: Shutting down and abandoning module HTML5TargetPlatform (32)
[2015.05.01-13.29.21:934][762]LogModuleManager: Shutting down and abandoning module Android_PVRTCTargetPlatform (31)
[2015.05.01-13.29.21:934][762]LogModuleManager: Shutting down and abandoning module Android_ETC2TargetPlatform (30)
[2015.05.01-13.29.21:934][762]LogModuleManager: Shutting down and abandoning module Android_ETC1TargetPlatform (29)
[2015.05.01-13.29.21:934][762]LogModuleManager: Shutting down and abandoning module Android_ES31TargetPlatform (28)
[2015.05.01-13.29.21:934][762]LogModuleManager: Shutting down and abandoning module Android_DXTTargetPlatform (27)
[2015.05.01-13.29.21:934][762]LogModuleManager: Shutting down and abandoning module Android_ATCTargetPlatform (26)
[2015.05.01-13.29.21:934][762]LogModuleManager: Shutting down and abandoning module AndroidTargetPlatform (25)
[2015.05.01-13.29.21:934][762]LogModuleManager: Shutting down and abandoning module WindowsTargetPlatform (24)
[2015.05.01-13.29.21:935][762]LogModuleManager: Shutting down and abandoning module WindowsServerTargetPlatform (23)
[2015.05.01-13.29.21:935][762]LogModuleManager: Shutting down and abandoning module WindowsNoEditorTargetPlatform (22)
[2015.05.01-13.29.21:935][762]LogModuleManager: Shutting down and abandoning module WindowsClientTargetPlatform (21)
[2015.05.01-13.29.21:935][762]LogModuleManager: Shutting down and abandoning module TargetPlatform (20)
[2015.05.01-13.29.21:935][762]LogModuleManager: Shutting down and abandoning module InputCore (19)
[2015.05.01-13.29.21:935][762]LogModuleManager: Shutting down and abandoning module Settings (18)
[2015.05.01-13.29.21:935][762]LogModuleManager: Shutting down and abandoning module OnlineSubsystem (16)
[2015.05.01-13.29.21:935][762]LogModuleManager: Shutting down and abandoning module OculusRift (15)
[2015.05.01-13.29.21:935][762]LogModuleManager: Shutting down and abandoning module ExampleDeviceProfileSelector (14)
[2015.05.01-13.29.21:935][762]LogModuleManager: Shutting down and abandoning module TextureCompressor (13)
[2015.05.01-13.29.21:935][762]LogModuleManager: Shutting down and abandoning module ShaderCore (12)
[2015.05.01-13.29.21:935][762]LogModuleManager: Shutting down and abandoning module Landscape (11)
[2015.05.01-13.29.21:935][762]LogModuleManager: Shutting down and abandoning module SlateRHIRenderer (10)
[2015.05.01-13.29.21:938][762]LogModuleManager: Shutting down and abandoning module OpenGLDrv (9)
[2015.05.01-13.29.21:938][762]LogModuleManager: Shutting down and abandoning module D3D11RHI (8)
[2015.05.01-13.29.21:938][762]LogModuleManager: Shutting down and abandoning module Renderer (7)
[2015.05.01-13.29.21:938][762]LogModuleManager: Shutting down and abandoning module Engine (6)
[2015.05.01-13.29.21:938][762]LogModuleManager: Shutting down and abandoning module CoreUObject (5)
[2015.05.01-13.29.21:938][762]LogModuleManager: Shutting down and abandoning module NetworkFile (4)
[2015.05.01-13.29.21:950][762]LogModuleManager: Shutting down and abandoning module StreamingFile (3)
[2015.05.01-13.29.21:950][762]LogModuleManager: Shutting down and abandoning module SandboxFile (2)
[2015.05.01-13.29.21:950][762]LogModuleManager: Shutting down and abandoning module PakFile (1)
[2015.05.01-13.29.21:964][762]LogExit: Exiting.
[2015.05.01-13.29.21:982][762]Log file closed, 05/01/15 09:29:21
