Log file open, 04/26/15 17:49:01
LogInit:Display: Running engine for game: HorrorBase
LogInit: Version: 4.7.6-2513093+++depot+UE4-Releases+4.7
LogInit: API Version: 2455222
LogInit: Compiled (64-bit): Apr 15 2015 12:09:54
LogInit: Compiled with Visual C++: 18.00.21005.01
LogInit: Build Configuration: Development
LogInit: Branch Name: ++depot+UE4-Releases+4.7
LogInit: Command line:  /Temp/Autosaves/Game/HorrorAssets/Maps/UEDPCHouse -game -PIEVIACONSOLE -ResX=1280 -ResY=720  -Multiprocess 
LogInit: Base directory: F:/Program Files/Epic Games/4.7/Engine/Binaries/Win64/
LogInit: Rocket: 1
[2015.04.26-21.49.01:166][  0]LogTaskGraph: Started task graph with 3 named threads and 4 total threads.
[2015.04.26-21.49.01:203][  0]LogOnline:Warning: No default platform service specified for OnlineSubsystem
[2015.04.26-21.49.01:220][  0]LogInit: Presizing for 0 objects not considered by GC, pre-allocating 0 bytes.
[2015.04.26-21.49.01:230][  0]LogInit: Object subsystem initialized
[2015.04.26-21.49.01:232][  0]LogConsoleResponse:Warning: Skipping Unknown console variable: 'TranslucentSortAxis = (X=0.000000,Y=-1.000000,Z=0.000000)'
[2015.04.26-21.49.01:232][  0]LogConsoleResponse:Warning:   Found in ini file 'D:/Unreal Projects/HorrorBase/Saved/Config/Windows/Engine.ini', in section '[/Script/Engine.RendererSettings]'
[2015.04.26-21.49.01:232][  0]LogConsoleResponse:Warning: Skipping Unknown console variable: 'UIScaleRule = ShortestSide'
[2015.04.26-21.49.01:232][  0]LogConsoleResponse:Warning:   Found in ini file 'D:/Unreal Projects/HorrorBase/Saved/Config/Windows/Engine.ini', in section '[/Script/Engine.RendererSettings]'
[2015.04.26-21.49.01:232][  0]LogConsoleResponse:Warning: Skipping Unknown console variable: 'UIScaleCurve = (EditorCurveData=(Keys=),ExternalCurve=None)'
[2015.04.26-21.49.01:232][  0]LogConsoleResponse:Warning:   Found in ini file 'D:/Unreal Projects/HorrorBase/Saved/Config/Windows/Engine.ini', in section '[/Script/Engine.RendererSettings]'
[2015.04.26-21.49.01:232][  0]LogInit: Selected Device Profile: [Windows]
[2015.04.26-21.49.01:232][  0]LogInit: Applying CVar settings loaded from the selected device profile: [Windows]
[2015.04.26-21.49.01:237][  0]LogInit: Computer: MORDOR
[2015.04.26-21.49.01:237][  0]LogInit: User: Mordor
[2015.04.26-21.49.01:237][  0]LogInit: CPU Page size=4096, Cores=2
[2015.04.26-21.49.01:237][  0]LogInit: High frequency timer resolution =14.318180 MHz
[2015.04.26-21.49.01:237][  0]LogMemory: Memory total: Physical=15.9GB (16GB approx) Virtual=131072.0GB
[2015.04.26-21.49.01:237][  0]LogMemory: Platform Memory Stats for Windows
[2015.04.26-21.49.01:237][  0]LogMemory: Process Physical Memory: 45.75 MB used, 45.75 MB peak
[2015.04.26-21.49.01:237][  0]LogMemory: Process Virtual Memory: 26.34 MB used, 26.35 MB peak
[2015.04.26-21.49.01:237][  0]LogMemory: Physical Memory: 4309.51 MB used, 16285.57 MB total
[2015.04.26-21.49.01:237][  0]LogMemory: Virtual Memory: 291.85 MB used, 134217728.00 MB total
[2015.04.26-21.49.01:264][  0]LogD3D11RHI: Found D3D11 adapter 0: AMD Radeon HD 7800 Series (Feature Level 11_0)
[2015.04.26-21.49.01:264][  0]LogD3D11RHI: Adapter has 2022MB of dedicated video memory, 0MB of dedicated system memory, and 7936MB of shared system memory, 2 output[s]
[2015.04.26-21.49.01:265][  0]LogD3D11RHI: Found D3D11 adapter 1: Microsoft Basic Render Driver (Feature Level 11_0)
[2015.04.26-21.49.01:265][  0]LogD3D11RHI: Adapter has 0MB of dedicated video memory, 0MB of dedicated system memory, and 256MB of shared system memory, 0 output[s]
[2015.04.26-21.49.01:265][  0]LogD3D11RHI: Chosen D3D11 Adapter Id = 0
[2015.04.26-21.49.01:270][  0]LogRHI: Texture pool is 1361 MB (70% of 1945 MB)
[2015.04.26-21.49.01:275][  0]LogD3D11RHI: Async texture creation disabled: no driver support
[2015.04.26-21.49.01:334][  0]LogTextLocalizationManager: The requested culture ('en_US') has no localization data; parent culture's ('en') localization data will be used.
[2015.04.26-21.49.01:401][  0]LogTextLocalizationManager:Warning: Loading localization resources contain conflicting entries for (Namespace:UICommands, Key:Save_ToolTip):
Resource: (F:/Program Files/Epic Games/4.7/Engine/Content/Localization/Editor/en/Editor.locres) Hash: (-29098895) String: (Saves the current level to disk)
Resource: (F:/Program Files/Epic Games/4.7/Engine/Content/Localization/Engine/en/Engine.locres) Hash: (-1280300587) String: (Save selected data to vlog file)
[2015.04.26-21.49.01:401][  0]LogTextLocalizationManager:Warning: Loading localization resources contain conflicting entries for (Namespace:ContentBrowser, Key:ImportAssetToolTip):
Resource: (F:/Program Files/Epic Games/4.7/Engine/Content/Localization/Editor/en/Editor.locres) Hash: (-630476809) String: (Import to {0}...)
Resource: (F:/Program Files/Epic Games/4.7/Engine/Content/Localization/Editor/en/Editor.locres) Hash: (1271782899) String: (Imports an asset from file to this folder.)
[2015.04.26-21.49.01:492][  0]LogContentStreaming: Texture pool size is 1000.000000MB
[2015.04.26-21.49.03:488][  0]LogTargetPlatformManager:Display: Building Assets For Windows
[2015.04.26-21.49.04:021][  0]LogTargetPlatformManager:Display: Building Assets For Windows
[2015.04.26-21.49.04:079][  0]LogDerivedDataCache:Display: Max Cache Size: 512 MB
[2015.04.26-21.49.04:137][  0]LogDerivedDataCache: Loaded boot cache 0.06s 39MB C:/Users/jth70_000/AppData/Local/UnrealEngine/4.7/DerivedDataCache/Boot.ddc.
[2015.04.26-21.49.04:137][  0]LogDerivedDataCache:Display: Loaded Boot cache: C:/Users/jth70_000/AppData/Local/UnrealEngine/4.7/DerivedDataCache/Boot.ddc
[2015.04.26-21.49.04:137][  0]LogDerivedDataCache: FDerivedDataBackendGraph:  Pak pak cache file D:/Unreal Projects/HorrorBase/DerivedDataCache/DDC.ddp not found, will not use a pak cache.
[2015.04.26-21.49.04:137][  0]LogDerivedDataCache: Unable to find inner node Pak for hierarchical cache Hierarchy.
[2015.04.26-21.49.04:243][  0]LogDerivedDataCache:Display: Pak cache opened for reading ../../../Engine/DerivedDataCache/Compressed.ddp.
[2015.04.26-21.49.04:256][  0]LogDerivedDataCache: Using Local data cache path C:/Users/jth70_000/AppData/Local/UnrealEngine/Common/DerivedDataCache: Writable
[2015.04.26-21.49.04:522][  0]LogMeshUtilities: No automatic mesh reduction module available
[2015.04.26-21.49.04:522][  0]LogMeshUtilities: No automatic mesh merging module available
[2015.04.26-21.49.04:850][  0]LogInit: WinSock: version 1.1 (2.2), MaxSocks=32767, MaxUdp=65467
[2015.04.26-21.49.05:294][  0]LogWindowsMoviePlayer: Unable to load movie: D:/Unreal Projects/HorrorBase/Content/Movies/Default_Startup.mp4
[2015.04.26-21.49.05:444][  0]LogSourceControl: RunCommandInternalRaw: 'git version'
[2015.04.26-21.49.05:445][  0]LogSourceControl: RunCommandInternalRaw: ExecProcess ReturnCode=2 OutResults=''
[2015.04.26-21.49.05:472][  0]SourceControl: Info Source control is disabled
[2015.04.26-21.49.05:472][  0]SourceControl: Info Source control is disabled
[2015.04.26-21.49.05:472][  0]SourceControl: Info Source control is disabled
[2015.04.26-21.49.05:481][  0]SourceControl: Info Source control is disabled
[2015.04.26-21.49.05:572][  0]LogObj: 23971 objects as part of root set at end of initial load.
[2015.04.26-21.49.05:572][  0]LogUObjectAllocator: 4988928 out of 0 bytes used by permanent object pool.
[2015.04.26-21.49.05:648][  0]LogAutomationTest:Warning: ERR: Transient text cannot be serialized "Testing Transient serialization detection".
[2015.04.26-21.49.05:649][  0]LogEngine: Initializing Engine...
[2015.04.26-21.49.07:827][  0]LogInit: XAudio2 using '1 - LC-19G77A (AMD High Definition Audio Device)' : 2 channels at 48 kHz using 16 bits per sample (channel mask 0x3)
[2015.04.26-21.49.07:839][  0]LogInit: FAudioDevice initialized.
[2015.04.26-21.49.07:847][  0]LogInit: Texture streaming: Enabled
[2015.04.26-21.49.07:918][  0]LogAnalytics: Creating configured Analytics provider AnalyticsET
[2015.04.26-21.49.07:919][  0]LogAnalytics: ET APIKey = Rocket.Release. APIServer = http://et2.epicgames.com/ET2/. AppVersion = 4.7.6-2513093+++depot+UE4-Releases+4.7
[2015.04.26-21.49.07:919][  0]LogAnalytics: ET APIKey = Rocket.Release. DataRouterUploadURL = https://datarouter-public-service-gamedev.ol.epicgames.net/datarouter/api/v1/public/data. AppVersion = 4.7.6-2513093+++depot+UE4-Releases+4.7
[2015.04.26-21.49.07:919][  0]LogAnalytics: SetUserId e5ecb0694b1793998411e0afa308c2dc|76f5d0457a0c47cfa4e62c1627123b6f|49db0f56-0a03-4ef8-a6b5-aa0624e6ca8a
[2015.04.26-21.49.07:919][  0]LogAnalytics: AnalyticsET::StartSession [Rocket.Release]
[2015.04.26-21.49.07:945][  0]LogNet: Browse: /Temp/Autosaves/Game/HorrorAssets/Maps/UEDPCHouse?Name=Player
[2015.04.26-21.49.07:963][  0]LogLoad: LoadMap: /Temp/Autosaves/Game/HorrorAssets/Maps/UEDPCHouse?Name=Player
[2015.04.26-21.49.08:014][  0]LogMemory: Platform Memory Stats for Windows
[2015.04.26-21.49.08:014][  0]LogMemory: Process Physical Memory: 275.25 MB used, 277.34 MB peak
[2015.04.26-21.49.08:014][  0]LogMemory: Process Virtual Memory: 211.85 MB used, 214.96 MB peak
[2015.04.26-21.49.08:014][  0]LogMemory: Physical Memory: 4485.51 MB used, 16285.57 MB total
[2015.04.26-21.49.08:014][  0]LogMemory: Virtual Memory: 648.90 MB used, 134217728.00 MB total
[2015.04.26-21.49.08:014][  0]LogMemory: 
[2015.04.26-21.49.08:014][  0]Allocator Stats for TBB: (not implemented)
[2015.04.26-21.49.08:722][  0]LogLinker:Warning: Asset '../../../Engine/Content/EngineMeshes/Humanoid.uasset' has been saved with empty engine version. The asset will be loaded but may be incompatible.
[2015.04.26-21.49.08:905][  0]LogWorld: Game class is 'FirstPersonGameMode_C'
[2015.04.26-21.49.09:176][  0]LogAIModule: Creating AISystem for world House
[2015.04.26-21.49.09:194][  0]LogWorld: Bringing World /Temp/Autosaves/Game/HorrorAssets/Maps/UEDPCHouse.House up for play (max tick rate 0) at 2015.04.26-17.49.09
[2015.04.26-21.49.09:210][  0]LogWorld: Bringing up level for play took: 0.033470
[2015.04.26-21.49.09:274][  0]LogInit:Display: Game Engine Initialized.
[2015.04.26-21.49.09:524][  0]LogLoad: Full Startup: 10.32 seconds (BP compile: 0.22 seconds)
[2015.04.26-21.49.09:673][  2]LogRenderer:Warning: Reallocating scene render targets to support 1280x720 (Frame:2).
[2015.04.26-21.50.40:216][727]LogEngine: All Windows Closed
[2015.04.26-21.50.40:216][727]LogWindows: FPlatformMisc::RequestExit(0)
[2015.04.26-21.50.40:223][728]LogExit: Preparing to exit.
[2015.04.26-21.50.40:444][728]LogParticles: Destroying 0 GPU particle simulations for FXSystem 0x0000008BFC535800
[2015.04.26-21.50.40:444][728]LogExit: Game engine shut down
[2015.04.26-21.50.40:677][728]LogExit: Object subsystem successfully closed.
[2015.04.26-21.50.40:809][728]LogModuleManager: Shutting down and abandoning module AndroidDeviceDetection (106)
[2015.04.26-21.50.41:606][728]LogModuleManager: Shutting down and abandoning module AutomationWorker (105)
[2015.04.26-21.50.41:606][728]LogModuleManager: Shutting down and abandoning module CharacterAI (104)
[2015.04.26-21.50.41:606][728]LogModuleManager: Shutting down and abandoning module AITestSuite (103)
[2015.04.26-21.50.41:606][728]LogModuleManager: Shutting down and abandoning module GameplayDebugger (102)
[2015.04.26-21.50.41:606][728]LogModuleManager: Shutting down and abandoning module AIModule (101)
[2015.04.26-21.50.41:606][728]LogModuleManager: Shutting down and abandoning module GameLiveStreaming (100)
[2015.04.26-21.50.41:606][728]LogModuleManager: Shutting down and abandoning module StreamingPauseRendering (99)
[2015.04.26-21.50.41:606][728]LogModuleManager: Shutting down and abandoning module HTTP (98)
[2015.04.26-21.50.41:606][728]LogModuleManager: Shutting down and abandoning module AnalyticsET (97)
[2015.04.26-21.50.41:606][728]LogModuleManager: Shutting down and abandoning module Analytics (96)
[2015.04.26-21.50.41:606][728]LogModuleManager: Shutting down and abandoning module ProfilerService (95)
[2015.04.26-21.50.41:637][728]LogModuleManager: Shutting down and abandoning module TaskGraph (94)
[2015.04.26-21.50.41:651][728]LogModuleManager: Shutting down and abandoning module SlateRemote (93)
[2015.04.26-21.50.41:651][728]LogModuleManager: Shutting down and abandoning module CustomMeshComponent (92)
[2015.04.26-21.50.41:651][728]LogModuleManager: Shutting down and abandoning module CableComponent (91)
[2015.04.26-21.50.41:651][728]LogModuleManager: Shutting down and abandoning module DesktopPlatform (90)
[2015.04.26-21.50.41:651][728]LogModuleManager: Shutting down and abandoning module DirectoryWatcher (89)
[2015.04.26-21.50.41:652][728]LogModuleManager: Shutting down and abandoning module HotReload (88)
[2015.04.26-21.50.41:652][728]LogModuleManager: Shutting down and abandoning module VisualStudioSourceCodeAccess (87)
[2015.04.26-21.50.41:652][728]LogModuleManager: Shutting down and abandoning module UObjectPlugin (86)
[2015.04.26-21.50.41:652][728]LogModuleManager: Shutting down and abandoning module SubversionSourceControl (85)
[2015.04.26-21.50.41:652][728]LogModuleManager: Shutting down and abandoning module GitSourceControl (84)
[2015.04.26-21.50.41:652][728]LogModuleManager: Shutting down and abandoning module SourceControl (83)
[2015.04.26-21.50.41:652][728]LogModuleManager: Shutting down and abandoning module PerforceSourceControl (82)
[2015.04.26-21.50.41:664][728]LogModuleManager: Shutting down and abandoning module BlankPlugin (81)
[2015.04.26-21.50.41:664][728]LogModuleManager: Shutting down and abandoning module ScriptPlugin (80)
[2015.04.26-21.50.41:665][728]LogModuleManager: Shutting down and abandoning module UdpMessaging (79)
[2015.04.26-21.50.41:665][728]LogModuleManager: Shutting down and abandoning module Paper2D (78)
[2015.04.26-21.50.41:665][728]LogModuleManager: Shutting down and abandoning module WindowsMoviePlayer (77)
[2015.04.26-21.50.41:670][728]LogModuleManager: Shutting down and abandoning module Media (76)
[2015.04.26-21.50.41:670][728]LogModuleManager: Shutting down and abandoning module WmfMedia (75)
[2015.04.26-21.50.41:672][728]LogModuleManager: Shutting down and abandoning module OnlineBlueprintSupport (74)
[2015.04.26-21.50.41:672][728]LogModuleManager: Shutting down and abandoning module PropertyEditor (73)
[2015.04.26-21.50.41:672][728]LogModuleManager: Shutting down and abandoning module BehaviorTreeEditor (72)
[2015.04.26-21.50.41:693][728]LogModuleManager: Shutting down and abandoning module FunctionalTesting (71)
[2015.04.26-21.50.41:693][728]LogModuleManager: Shutting down and abandoning module CollisionAnalyzer (70)
[2015.04.26-21.50.41:711][728]LogModuleManager: Shutting down and abandoning module WorkspaceMenuStructure (69)
[2015.04.26-21.50.41:711][728]LogModuleManager: Shutting down and abandoning module MessageLog (68)
[2015.04.26-21.50.41:711][728]LogModuleManager: Shutting down and abandoning module Sequencer (67)
[2015.04.26-21.50.41:711][728]LogModuleManager: Shutting down and abandoning module AssetTools (66)
[2015.04.26-21.50.41:731][728]LogModuleManager: Shutting down and abandoning module UMGEditor (65)
[2015.04.26-21.50.41:739][728]LogModuleManager: Shutting down and abandoning module UMG (64)
[2015.04.26-21.50.41:740][728]LogModuleManager: Shutting down and abandoning module Slate (63)
[2015.04.26-21.50.41:740][728]LogModuleManager: Shutting down and abandoning module EditorStyle (62)
[2015.04.26-21.50.41:743][728]LogModuleManager: Shutting down and abandoning module SessionServices (61)
[2015.04.26-21.50.41:743][728]LogModuleManager: Shutting down and abandoning module SourceCodeAccess (60)
[2015.04.26-21.50.41:743][728]LogModuleManager: Shutting down and abandoning module HeadMountedDisplay (59)
[2015.04.26-21.50.41:743][728]LogModuleManager: Shutting down and abandoning module XAudio2 (58)
[2015.04.26-21.50.41:743][728]LogModuleManager: Shutting down and abandoning module Networking (56)
[2015.04.26-21.50.41:743][728]LogModuleManager: Shutting down and abandoning module Core (55)
[2015.04.26-21.50.41:743][728]LogModuleManager: Shutting down and abandoning module KismetCompiler (54)
[2015.04.26-21.50.41:743][728]LogModuleManager: Shutting down and abandoning module PhysXFormats (53)
[2015.04.26-21.50.41:743][728]LogModuleManager: Shutting down and abandoning module MeshUtilities (52)
[2015.04.26-21.50.41:749][728]LogModuleManager: Shutting down and abandoning module DerivedDataCache (51)
[2015.04.26-21.50.41:851][728]LogDerivedDataCache: Shutdown
[2015.04.26-21.50.41:851][728]LogModuleManager: Shutting down and abandoning module ShaderFormatOpenGL (50)
[2015.04.26-21.50.41:860][728]LogModuleManager: Shutting down and abandoning module ShaderFormatD3D (49)
[2015.04.26-21.50.41:860][728]LogModuleManager: Shutting down and abandoning module MetalShaderFormat (48)
[2015.04.26-21.50.41:879][728]LogModuleManager: Shutting down and abandoning module TextureFormatUncompressed (47)
[2015.04.26-21.50.41:879][728]LogModuleManager: Shutting down and abandoning module TextureFormatPVR (46)
[2015.04.26-21.50.41:879][728]LogModuleManager: Shutting down and abandoning module TextureFormatIntelISPCTexComp (45)
[2015.04.26-21.50.41:879][728]LogModuleManager: Shutting down and abandoning module TextureFormatDXT (44)
[2015.04.26-21.50.41:879][728]LogModuleManager: Shutting down and abandoning module ImageWrapper (43)
[2015.04.26-21.50.41:879][728]LogModuleManager: Shutting down and abandoning module TextureFormatASTC (42)
[2015.04.26-21.50.41:879][728]LogModuleManager: Shutting down and abandoning module TextureFormatAndroid (41)
[2015.04.26-21.50.41:879][728]LogModuleManager: Shutting down and abandoning module AudioFormatOpus (40)
[2015.04.26-21.50.41:879][728]LogModuleManager: Shutting down and abandoning module AudioFormatOgg (39)
[2015.04.26-21.50.41:879][728]LogModuleManager: Shutting down and abandoning module AudioFormatADPCM (38)
[2015.04.26-21.50.41:879][728]LogModuleManager: Shutting down and abandoning module LinuxTargetPlatform (37)
[2015.04.26-21.50.41:879][728]LogModuleManager: Shutting down and abandoning module LinuxServerTargetPlatform (36)
[2015.04.26-21.50.41:879][728]LogModuleManager: Shutting down and abandoning module LinuxNoEditorTargetPlatform (35)
[2015.04.26-21.50.41:879][728]LogModuleManager: Shutting down and abandoning module Messaging (34)
[2015.04.26-21.50.41:879][728]LogModuleManager: Shutting down and abandoning module IOSTargetPlatform (33)
[2015.04.26-21.50.41:879][728]LogModuleManager: Shutting down and abandoning module HTML5TargetPlatform (32)
[2015.04.26-21.50.41:879][728]LogModuleManager: Shutting down and abandoning module Android_PVRTCTargetPlatform (31)
[2015.04.26-21.50.41:879][728]LogModuleManager: Shutting down and abandoning module Android_ETC2TargetPlatform (30)
[2015.04.26-21.50.41:879][728]LogModuleManager: Shutting down and abandoning module Android_ETC1TargetPlatform (29)
[2015.04.26-21.50.41:879][728]LogModuleManager: Shutting down and abandoning module Android_ES31TargetPlatform (28)
[2015.04.26-21.50.41:879][728]LogModuleManager: Shutting down and abandoning module Android_DXTTargetPlatform (27)
[2015.04.26-21.50.41:879][728]LogModuleManager: Shutting down and abandoning module Android_ATCTargetPlatform (26)
[2015.04.26-21.50.41:879][728]LogModuleManager: Shutting down and abandoning module AndroidTargetPlatform (25)
[2015.04.26-21.50.41:879][728]LogModuleManager: Shutting down and abandoning module WindowsTargetPlatform (24)
[2015.04.26-21.50.41:879][728]LogModuleManager: Shutting down and abandoning module WindowsServerTargetPlatform (23)
[2015.04.26-21.50.41:879][728]LogModuleManager: Shutting down and abandoning module WindowsNoEditorTargetPlatform (22)
[2015.04.26-21.50.41:879][728]LogModuleManager: Shutting down and abandoning module WindowsClientTargetPlatform (21)
[2015.04.26-21.50.41:879][728]LogModuleManager: Shutting down and abandoning module TargetPlatform (20)
[2015.04.26-21.50.41:879][728]LogModuleManager: Shutting down and abandoning module InputCore (19)
[2015.04.26-21.50.41:879][728]LogModuleManager: Shutting down and abandoning module Settings (18)
[2015.04.26-21.50.41:879][728]LogModuleManager: Shutting down and abandoning module OnlineSubsystem (16)
[2015.04.26-21.50.41:879][728]LogModuleManager: Shutting down and abandoning module OculusRift (15)
[2015.04.26-21.50.41:879][728]LogModuleManager: Shutting down and abandoning module ExampleDeviceProfileSelector (14)
[2015.04.26-21.50.41:879][728]LogModuleManager: Shutting down and abandoning module TextureCompressor (13)
[2015.04.26-21.50.41:879][728]LogModuleManager: Shutting down and abandoning module ShaderCore (12)
[2015.04.26-21.50.41:879][728]LogModuleManager: Shutting down and abandoning module Landscape (11)
[2015.04.26-21.50.41:879][728]LogModuleManager: Shutting down and abandoning module SlateRHIRenderer (10)
[2015.04.26-21.50.41:879][728]LogModuleManager: Shutting down and abandoning module OpenGLDrv (9)
[2015.04.26-21.50.41:879][728]LogModuleManager: Shutting down and abandoning module D3D11RHI (8)
[2015.04.26-21.50.41:879][728]LogModuleManager: Shutting down and abandoning module Renderer (7)
[2015.04.26-21.50.41:879][728]LogModuleManager: Shutting down and abandoning module Engine (6)
[2015.04.26-21.50.41:879][728]LogModuleManager: Shutting down and abandoning module CoreUObject (5)
[2015.04.26-21.50.41:879][728]LogModuleManager: Shutting down and abandoning module NetworkFile (4)
[2015.04.26-21.50.41:887][728]LogModuleManager: Shutting down and abandoning module StreamingFile (3)
[2015.04.26-21.50.41:887][728]LogModuleManager: Shutting down and abandoning module SandboxFile (2)
[2015.04.26-21.50.41:887][728]LogModuleManager: Shutting down and abandoning module PakFile (1)
[2015.04.26-21.50.41:892][728]LogExit: Exiting.
[2015.04.26-21.50.41:894][728]Log file closed, 04/26/15 17:50:41
