Log file open, 04/28/15 22:09:29
LogInit:Display: Running engine for game: HorrorBase
LogInit: Version: 4.7.6-2513093+++depot+UE4-Releases+4.7
LogInit: API Version: 2455222
LogInit: Compiled (64-bit): Apr 15 2015 12:09:54
LogInit: Compiled with Visual C++: 18.00.21005.01
LogInit: Build Configuration: Development
LogInit: Branch Name: ++depot+UE4-Releases+4.7
LogInit: Command line:  
LogInit: Base directory: F:/Program Files/Epic Games/4.7/Engine/Binaries/Win64/
LogInit: Rocket: 1
[2015.04.29-02.09.29:079][  0]LogTaskGraph: Started task graph with 3 named threads and 4 total threads.
[2015.04.29-02.09.29:130][  0]LogOnline:Warning: No default platform service specified for OnlineSubsystem
[2015.04.29-02.09.29:146][  0]LogInit: Presizing for 0 objects not considered by GC, pre-allocating 0 bytes.
[2015.04.29-02.09.29:156][  0]LogInit: Object subsystem initialized
[2015.04.29-02.09.29:158][  0]LogConsoleResponse:Warning: Skipping Unknown console variable: 'TranslucentSortAxis = (X=0.000000,Y=-1.000000,Z=0.000000)'
[2015.04.29-02.09.29:158][  0]LogConsoleResponse:Warning:   Found in ini file 'D:/Unreal Projects/HorrorBase/Saved/Config/Windows/Engine.ini', in section '[/Script/Engine.RendererSettings]'
[2015.04.29-02.09.29:158][  0]LogConsoleResponse:Warning: Skipping Unknown console variable: 'UIScaleRule = ShortestSide'
[2015.04.29-02.09.29:158][  0]LogConsoleResponse:Warning:   Found in ini file 'D:/Unreal Projects/HorrorBase/Saved/Config/Windows/Engine.ini', in section '[/Script/Engine.RendererSettings]'
[2015.04.29-02.09.29:158][  0]LogConsoleResponse:Warning: Skipping Unknown console variable: 'UIScaleCurve = (EditorCurveData=(Keys=),ExternalCurve=None)'
[2015.04.29-02.09.29:158][  0]LogConsoleResponse:Warning:   Found in ini file 'D:/Unreal Projects/HorrorBase/Saved/Config/Windows/Engine.ini', in section '[/Script/Engine.RendererSettings]'
[2015.04.29-02.09.29:158][  0]LogInit: Selected Device Profile: [Windows]
[2015.04.29-02.09.29:158][  0]LogInit: Applying CVar settings loaded from the selected device profile: [Windows]
[2015.04.29-02.09.29:162][  0]LogInit: Computer: MORDOR
[2015.04.29-02.09.29:162][  0]LogInit: User: Mordor
[2015.04.29-02.09.29:162][  0]LogInit: CPU Page size=4096, Cores=2
[2015.04.29-02.09.29:162][  0]LogInit: High frequency timer resolution =14.318180 MHz
[2015.04.29-02.09.29:162][  0]LogMemory: Memory total: Physical=15.9GB (16GB approx) Virtual=131072.0GB
[2015.04.29-02.09.29:163][  0]LogMemory: Platform Memory Stats for Windows
[2015.04.29-02.09.29:163][  0]LogMemory: Process Physical Memory: 45.97 MB used, 45.97 MB peak
[2015.04.29-02.09.29:163][  0]LogMemory: Process Virtual Memory: 26.32 MB used, 26.33 MB peak
[2015.04.29-02.09.29:163][  0]LogMemory: Physical Memory: 3324.29 MB used, 16285.57 MB total
[2015.04.29-02.09.29:163][  0]LogMemory: Virtual Memory: 291.85 MB used, 134217728.00 MB total
[2015.04.29-02.09.29:177][  0]LogD3D11RHI: Found D3D11 adapter 0: AMD Radeon HD 7800 Series (Feature Level 11_0)
[2015.04.29-02.09.29:177][  0]LogD3D11RHI: Adapter has 2022MB of dedicated video memory, 0MB of dedicated system memory, and 7936MB of shared system memory, 2 output[s]
[2015.04.29-02.09.29:178][  0]LogD3D11RHI: Found D3D11 adapter 1: Microsoft Basic Render Driver (Feature Level 11_0)
[2015.04.29-02.09.29:178][  0]LogD3D11RHI: Adapter has 0MB of dedicated video memory, 0MB of dedicated system memory, and 256MB of shared system memory, 0 output[s]
[2015.04.29-02.09.29:178][  0]LogD3D11RHI: Chosen D3D11 Adapter Id = 0
[2015.04.29-02.09.29:181][  0]LogRHI: Texture pool is 1361 MB (70% of 1945 MB)
[2015.04.29-02.09.29:186][  0]LogD3D11RHI: Async texture creation disabled: no driver support
[2015.04.29-02.09.29:262][  0]LogTextLocalizationManager: The requested culture ('en_US') has no localization data; parent culture's ('en') localization data will be used.
[2015.04.29-02.09.29:320][  0]LogTextLocalizationManager:Warning: Loading localization resources contain conflicting entries for (Namespace:UICommands, Key:Save_ToolTip):
Resource: (F:/Program Files/Epic Games/4.7/Engine/Content/Localization/Editor/en/Editor.locres) Hash: (-29098895) String: (Saves the current level to disk)
Resource: (F:/Program Files/Epic Games/4.7/Engine/Content/Localization/Engine/en/Engine.locres) Hash: (-1280300587) String: (Save selected data to vlog file)
[2015.04.29-02.09.29:320][  0]LogTextLocalizationManager:Warning: Loading localization resources contain conflicting entries for (Namespace:ContentBrowser, Key:ImportAssetToolTip):
Resource: (F:/Program Files/Epic Games/4.7/Engine/Content/Localization/Editor/en/Editor.locres) Hash: (-630476809) String: (Import to {0}...)
Resource: (F:/Program Files/Epic Games/4.7/Engine/Content/Localization/Editor/en/Editor.locres) Hash: (1271782899) String: (Imports an asset from file to this folder.)
[2015.04.29-02.09.29:391][  0]LogContentStreaming: Texture pool size is 0.000000MB
[2015.04.29-02.09.31:356][  0]LogTargetPlatformManager:Display: Building Assets For Windows
[2015.04.29-02.09.31:880][  0]LogTargetPlatformManager:Display: Building Assets For Windows
[2015.04.29-02.09.31:938][  0]LogDerivedDataCache:Display: Max Cache Size: 512 MB
[2015.04.29-02.09.31:994][  0]LogDerivedDataCache: Loaded boot cache 0.06s 39MB C:/Users/jth70_000/AppData/Local/UnrealEngine/4.7/DerivedDataCache/Boot.ddc.
[2015.04.29-02.09.31:995][  0]LogDerivedDataCache:Display: Loaded Boot cache: C:/Users/jth70_000/AppData/Local/UnrealEngine/4.7/DerivedDataCache/Boot.ddc
[2015.04.29-02.09.31:995][  0]LogDerivedDataCache: FDerivedDataBackendGraph:  Pak pak cache file D:/Unreal Projects/HorrorBase/DerivedDataCache/DDC.ddp not found, will not use a pak cache.
[2015.04.29-02.09.31:995][  0]LogDerivedDataCache: Unable to find inner node Pak for hierarchical cache Hierarchy.
[2015.04.29-02.09.32:090][  0]LogDerivedDataCache:Display: Pak cache opened for reading ../../../Engine/DerivedDataCache/Compressed.ddp.
[2015.04.29-02.09.32:102][  0]LogDerivedDataCache: Using Local data cache path C:/Users/jth70_000/AppData/Local/UnrealEngine/Common/DerivedDataCache: Writable
[2015.04.29-02.09.32:392][  0]LogMeshUtilities: No automatic mesh reduction module available
[2015.04.29-02.09.32:392][  0]LogMeshUtilities: No automatic mesh merging module available
[2015.04.29-02.09.32:787][  0]LogInit: WinSock: version 1.1 (2.2), MaxSocks=32767, MaxUdp=65467
[2015.04.29-02.09.32:861][  0]LogSlate:Warning: Failed to load font data from '../../../Engine/Content/Slate/Fonts/Roboto-Italic.ttf'
[2015.04.29-02.09.33:611][  0]UdpMessaging: Initializing bridge on interface 0.0.0.0:0 to multicast group 230.0.0.1:6666.
[2015.04.29-02.09.33:838][  0]SourceControl: Info Source control is disabled
[2015.04.29-02.09.33:838][  0]SourceControl: Info Source control is disabled
[2015.04.29-02.09.33:838][  0]SourceControl: Info Source control is disabled
[2015.04.29-02.09.33:838][  0]LogSourceControl: RunCommandInternalRaw: 'git version'
[2015.04.29-02.09.33:838][  0]LogSourceControl: RunCommandInternalRaw: ExecProcess ReturnCode=2 OutResults=''
[2015.04.29-02.09.33:847][  0]LogSourceControl: RunCommandInternalRaw: 'git version'
[2015.04.29-02.09.33:847][  0]LogSourceControl: RunCommandInternalRaw: ExecProcess ReturnCode=2 OutResults=''
[2015.04.29-02.09.34:024][  0]LogObj: 24232 objects as part of root set at end of initial load.
[2015.04.29-02.09.34:024][  0]LogUObjectAllocator: 5137176 out of 0 bytes used by permanent object pool.
[2015.04.29-02.09.34:109][  0]LogEngine: Initializing Engine...
[2015.04.29-02.09.37:295][  0]LogInit: XAudio2 using '1 - LC-19G77A (AMD High Definition Audio Device)' : 2 channels at 48 kHz using 16 bits per sample (channel mask 0x3)
[2015.04.29-02.09.37:316][  0]LogInit: FAudioDevice initialized.
[2015.04.29-02.09.37:352][  0]LogAIModule: Creating AISystem for world NewWorld
[2015.04.29-02.09.37:382][  0]LogDerivedDataCache: Saved boot cache 0.03s 39MB C:/Users/jth70_000/AppData/Local/UnrealEngine/4.7/DerivedDataCache/Boot.ddc.
[2015.04.29-02.09.37:391][  0]LogInit: Texture streaming: Enabled
[2015.04.29-02.09.37:484][  0]LogAnalytics: Creating configured Analytics provider AnalyticsET
[2015.04.29-02.09.37:484][  0]LogAnalytics: ET APIKey = Rocket.Release. APIServer = http://et2.epicgames.com/ET2/. AppVersion = 4.7.6-2513093+++depot+UE4-Releases+4.7
[2015.04.29-02.09.37:484][  0]LogAnalytics: ET APIKey = Rocket.Release. DataRouterUploadURL = https://datarouter-public-service-gamedev.ol.epicgames.net/datarouter/api/v1/public/data. AppVersion = 4.7.6-2513093+++depot+UE4-Releases+4.7
[2015.04.29-02.09.37:484][  0]LogAnalytics: SetUserId e5ecb0694b1793998411e0afa308c2dc|76f5d0457a0c47cfa4e62c1627123b6f|49db0f56-0a03-4ef8-a6b5-aa0624e6ca8a
[2015.04.29-02.09.37:484][  0]LogAnalytics: AnalyticsET::StartSession [Rocket.Release]
[2015.04.29-02.09.37:511][  0]LogInit: Transaction tracking system initialized
[2015.04.29-02.09.37:677][  0]BlueprintLog: New page: Editor Load
[2015.04.29-02.09.37:711][  0]LogAssetRegistry: FAssetRegistry took 0.0106 seconds to start up
[2015.04.29-02.09.37:711][  0]LogDirectoryWatcher:Warning: Failed to begin reading directory changes for ../../../Engine/Plugins/Experimental/CharacterAI/Content/. Error: 0
[2015.04.29-02.09.38:301][  0]LogTargetPlatformManager:Display: Building Assets For Windows
[2015.04.29-02.09.38:662][  0]LogTargetPlatformManager:Display: Building Assets For Windows
[2015.04.29-02.09.38:916][  0]LogSlate:Warning: Failed to load font data from '../../../Engine/Content/Editor/Slate/Fonts/Roboto-Regular.ttf'
[2015.04.29-02.09.38:916][  0]LogSlate:Warning: Failed to load font data from '../../../Engine/Content/Editor/Slate/Fonts/Roboto-Bold.ttf'
[2015.04.29-02.09.38:920][  0]LogConsoleResponse:Display: 
[2015.04.29-02.09.39:066][  0]LogCook:Display: Done creating registry. It took  0.00s.
[2015.04.29-02.09.39:208][  0]LogSourceControl: RunCommandInternalRaw: 'git version'
[2015.04.29-02.09.39:209][  0]LogSourceControl: RunCommandInternalRaw: ExecProcess ReturnCode=2 OutResults=''
[2015.04.29-02.09.39:209][  0]Cmd: MAP LOAD FILE="D:/Unreal Projects/HorrorBase/Content/HorrorAssets/Maps/House.umap" TEMPLATE=0 SHOWPROGRESS=1 FEATURELEVEL=3
[2015.04.29-02.09.39:211][  0]LightingResults: New page: Lighting Build
[2015.04.29-02.09.39:223][  0]MapCheck: New page: Map Check
[2015.04.29-02.09.39:223][  0]LightingResults: New page: Lighting Build
[2015.04.29-02.09.39:237][  0]LogParticles: Destroying 0 GPU particle simulations for FXSystem 0x0000002E2FF32520
[2015.04.29-02.09.39:812][  0]LogLinker:Warning: Asset '../../../Engine/Content/EngineMeshes/Humanoid.uasset' has been saved with empty engine version. The asset will be loaded but may be incompatible.
[2015.04.29-02.09.41:804][  0]LogEditorServer: Finished looking for orphan Actors (0.000 secs)
[2015.04.29-02.09.41:933][  0]LogAIModule: Creating AISystem for world House
[2015.04.29-02.09.41:934][  0]Cmd: MAP CHECKDEP
[2015.04.29-02.09.41:934][  0]MapCheck: New page: House - Apr 28, 2015, 6:09:41 PM
[2015.04.29-02.09.42:030][  0]MapCheck: Info Map check complete: 0 Error(s), 0 Warning(s), took 96.156ms to complete.
[2015.04.29-02.09.42:030][  0]LogFileHelpers: Loading map 'House' took 2.821
[2015.04.29-02.09.42:204][  0]LogCollectionManager: Loaded 0 collections in 0.001664 seconds
[2015.04.29-02.09.42:214][  0]LogContentBrowser: Native class hierarchy populated in 0.0101 seconds. Added 1696 classes and 261 folders.
[2015.04.29-02.09.42:252][  0]LogContentBrowser: Native class hierarchy updated for 'SceneOutliner' in 0.0014 seconds. Added 1 classes and 2 folders.
[2015.04.29-02.09.42:338][  0]LogCrashTracker: Crashtracker disabled due to settings.
[2015.04.29-02.09.42:339][  0]LogSlate:Warning: Failed to load font data from 'Veranda'
[2015.04.29-02.09.42:346][  0]LogUObjectGlobals:Warning: Failed to find object 'Class None.'
[2015.04.29-02.09.42:377][  0]LogLoad: Full Startup: 15.02 seconds (BP compile: 0.76 seconds)
[2015.04.29-02.09.42:770][  0]LogContentBrowser:Verbose: The content browser source was changed by the sources view to '/Game/HorrorAssets/Blueprints'
[2015.04.29-02.09.42:910][  0]LogRenderer:Warning: Reallocating scene render targets to support 32x32 (Frame:2).
[2015.04.29-02.09.43:039][  0]LogRenderer:Warning: Reallocating scene render targets to support 824x464 (Frame:16).
[2015.04.29-02.09.45:524][  8]LogAssetRegistry: Asset discovery search completed in 7.8240 seconds
[2015.04.29-02.10.01:115][319]LogActorComponent: UnregisterComponent: (/Engine/Transient.CharMoveComp) Not registered. Aborting.
[2015.04.29-02.10.01:434][320]Cmd: QUIT_EDITOR
[2015.04.29-02.10.01:625][320]LogExit: Preparing to exit.
[2015.04.29-02.10.02:661][320]LogExit: Editor shut down
[2015.04.29-02.10.02:661][320]LogExit: Transaction tracking system shut down
[2015.04.29-02.10.02:663][320]LogParticles: Destroying 0 GPU particle simulations for FXSystem 0x0000002E3DB0A020
[2015.04.29-02.10.02:712][320]LogParticles: Destroying 0 GPU particle simulations for FXSystem 0x0000002E49FFEFC0
[2015.04.29-02.10.02:712][320]LogParticles: Destroying 0 GPU particle simulations for FXSystem 0x0000002E4B5DD620
[2015.04.29-02.10.02:712][320]LogParticles: Destroying 0 GPU particle simulations for FXSystem 0x0000002E4B5DD3A0
[2015.04.29-02.10.02:712][320]LogParticles: Destroying 0 GPU particle simulations for FXSystem 0x0000002E42A496C0
[2015.04.29-02.10.02:712][320]LogExit: Object subsystem successfully closed.
[2015.04.29-02.10.02:756][320]LogModuleManager: Shutting down and abandoning module CrashTracker (177)
[2015.04.29-02.10.02:756][320]LogModuleManager: Shutting down and abandoning module SuperSearch (176)
[2015.04.29-02.10.02:756][320]LogModuleManager: Shutting down and abandoning module SceneOutliner (175)
[2015.04.29-02.10.02:756][320]LogModuleManager: Shutting down and abandoning module EditorWidgets (174)
[2015.04.29-02.10.02:756][320]LogModuleManager: Shutting down and abandoning module CollectionManager (173)
[2015.04.29-02.10.02:756][320]LogModuleManager: Shutting down and abandoning module StatsViewer (172)
[2015.04.29-02.10.02:756][320]LogModuleManager: Shutting down and abandoning module FoliageEdit (171)
[2015.04.29-02.10.02:756][320]LogModuleManager: Shutting down and abandoning module LandscapeEditor (170)
[2015.04.29-02.10.02:756][320]LogModuleManager: Shutting down and abandoning module MeshPaint (169)
[2015.04.29-02.10.02:756][320]LogModuleManager: Shutting down and abandoning module ActorPickerMode (168)
[2015.04.29-02.10.02:756][320]LogModuleManager: Shutting down and abandoning module GeometryMode (167)
[2015.04.29-02.10.02:756][320]LogModuleManager: Shutting down and abandoning module TextureAlignMode (166)
[2015.04.29-02.10.02:756][320]LogModuleManager: Shutting down and abandoning module BspMode (165)
[2015.04.29-02.10.02:756][320]LogModuleManager: Shutting down and abandoning module PlacementMode (164)
[2015.04.29-02.10.02:756][320]LogModuleManager: Shutting down and abandoning module AutomationWorker (163)
[2015.04.29-02.10.02:756][320]LogModuleManager: Shutting down and abandoning module CharacterAI (162)
[2015.04.29-02.10.02:756][320]LogModuleManager: Shutting down and abandoning module SmartSnapping (161)
[2015.04.29-02.10.02:756][320]LogModuleManager: Shutting down and abandoning module ViewportSnapping (160)
[2015.04.29-02.10.02:756][320]LogModuleManager: Shutting down and abandoning module LogVisualizer (159)
[2015.04.29-02.10.02:756][320]LogModuleManager: Shutting down and abandoning module GameProjectGeneration (158)
[2015.04.29-02.10.02:756][320]LogModuleManager: Shutting down and abandoning module IntroTutorials (157)
[2015.04.29-02.10.02:756][320]LogModuleManager: Shutting down and abandoning module EditorLiveStreaming (156)
[2015.04.29-02.10.02:756][320]LogModuleManager: Shutting down and abandoning module HardwareTargeting (155)
[2015.04.29-02.10.02:756][320]LogModuleManager: Shutting down and abandoning module DeviceProfileEditor (154)
[2015.04.29-02.10.02:756][320]LogModuleManager: Shutting down and abandoning module UndoHistory (153)
[2015.04.29-02.10.02:756][320]LogModuleManager: Shutting down and abandoning module GameplayTagsEditor (152)
[2015.04.29-02.10.02:756][320]LogModuleManager: Shutting down and abandoning module UserFeedback (151)
[2015.04.29-02.10.02:756][320]LogModuleManager: Shutting down and abandoning module XmlParser (150)
[2015.04.29-02.10.02:756][320]LogModuleManager: Shutting down and abandoning module Blutility (149)
[2015.04.29-02.10.02:756][320]LogModuleManager: Shutting down and abandoning module IOSPlatformEditor (148)
[2015.04.29-02.10.02:756][320]LogModuleManager: Shutting down and abandoning module IOSRuntimeSettings (147)
[2015.04.29-02.10.02:756][320]LogModuleManager: Shutting down and abandoning module AndroidDeviceDetection (146)
[2015.04.29-02.10.02:774][320]LogModuleManager: Shutting down and abandoning module AndroidPlatformEditor (145)
[2015.04.29-02.10.02:774][320]LogModuleManager: Shutting down and abandoning module AndroidRuntimeSettings (144)
[2015.04.29-02.10.02:774][320]LogModuleManager: Shutting down and abandoning module ProjectTargetPlatformEditor (143)
[2015.04.29-02.10.02:774][320]LogModuleManager: Shutting down and abandoning module ProjectSettingsViewer (142)
[2015.04.29-02.10.02:774][320]LogModuleManager: Shutting down and abandoning module InputBindingEditor (141)
[2015.04.29-02.10.02:774][320]LogModuleManager: Shutting down and abandoning module EditorSettingsViewer (140)
[2015.04.29-02.10.02:774][320]LogModuleManager: Shutting down and abandoning module SettingsEditor (139)
[2015.04.29-02.10.02:774][320]LogModuleManager: Shutting down and abandoning module ProjectLauncher (138)
[2015.04.29-02.10.02:774][320]LogModuleManager: Shutting down and abandoning module SessionFrontend (137)
[2015.04.29-02.10.02:774][320]LogModuleManager: Shutting down and abandoning module ProfilerClient (136)
[2015.04.29-02.10.02:774][320]LogModuleManager: Shutting down and abandoning module TargetDeviceServices (135)
[2015.04.29-02.10.02:774][320]LogModuleManager: Shutting down and abandoning module DeviceManager (134)
[2015.04.29-02.10.02:774][320]LogModuleManager: Shutting down and abandoning module AutomationController (133)
[2015.04.29-02.10.02:774][320]LogModuleManager: Shutting down and abandoning module AutomationWindow (132)
[2015.04.29-02.10.02:774][320]LogModuleManager: Shutting down and abandoning module Layers (131)
[2015.04.29-02.10.02:774][320]LogModuleManager: Shutting down and abandoning module ComponentVisualizers (130)
[2015.04.29-02.10.02:774][320]LogModuleManager: Shutting down and abandoning module DetailCustomizations (129)
[2015.04.29-02.10.02:774][320]LogModuleManager: Shutting down and abandoning module PackagesDialog (128)
[2015.04.29-02.10.02:774][320]LogModuleManager: Shutting down and abandoning module AssetRegistry (127)
[2015.04.29-02.10.02:891][320]LogModuleManager: Shutting down and abandoning module Persona (126)
[2015.04.29-02.10.02:891][320]LogModuleManager: Shutting down and abandoning module SlateReflector (125)
[2015.04.29-02.10.02:891][320]LogModuleManager: Shutting down and abandoning module LevelEditor (124)
[2015.04.29-02.10.02:891][320]LogModuleManager: Shutting down and abandoning module Kismet (123)
[2015.04.29-02.10.02:892][320]LogModuleManager: Shutting down and abandoning module GraphEditor (122)
[2015.04.29-02.10.02:892][320]LogModuleManager: Shutting down and abandoning module ClassViewer (121)
[2015.04.29-02.10.02:892][320]LogModuleManager: Shutting down and abandoning module Toolbox (120)
[2015.04.29-02.10.02:892][320]LogModuleManager: Shutting down and abandoning module ModuleUI (119)
[2015.04.29-02.10.02:892][320]LogModuleManager: Shutting down and abandoning module MovieSceneTools (118)
[2015.04.29-02.10.02:892][320]LogModuleManager: Shutting down and abandoning module OutputLog (117)
[2015.04.29-02.10.02:892][320]LogModuleManager: Shutting down and abandoning module GammaUI (116)
[2015.04.29-02.10.02:892][320]LogModuleManager: Shutting down and abandoning module Documentation (115)
[2015.04.29-02.10.02:892][320]LogModuleManager: Shutting down and abandoning module GameLiveStreaming (114)
[2015.04.29-02.10.02:892][320]LogModuleManager: Shutting down and abandoning module StreamingPauseRendering (113)
[2015.04.29-02.10.02:892][320]LogModuleManager: Shutting down and abandoning module HTTP (112)
[2015.04.29-02.10.02:892][320]LogModuleManager: Shutting down and abandoning module AnalyticsET (111)
[2015.04.29-02.10.02:892][320]LogModuleManager: Shutting down and abandoning module Analytics (110)
[2015.04.29-02.10.02:892][320]LogModuleManager: Shutting down and abandoning module AITestSuite (109)
[2015.04.29-02.10.02:892][320]LogModuleManager: Shutting down and abandoning module GameplayDebugger (108)
[2015.04.29-02.10.02:892][320]LogModuleManager: Shutting down and abandoning module AIModule (107)
[2015.04.29-02.10.02:892][320]LogModuleManager: Shutting down and abandoning module ProfilerService (106)
[2015.04.29-02.10.03:096][320]LogModuleManager: Shutting down and abandoning module TaskGraph (105)
[2015.04.29-02.10.03:096][320]LogModuleManager: Shutting down and abandoning module SlateRemote (104)
[2015.04.29-02.10.03:096][320]LogModuleManager: Shutting down and abandoning module ScriptEditorPlugin (103)
[2015.04.29-02.10.03:096][320]LogModuleManager: Shutting down and abandoning module CustomMeshComponent (102)
[2015.04.29-02.10.03:096][320]LogModuleManager: Shutting down and abandoning module CableComponent (101)
[2015.04.29-02.10.03:096][320]LogModuleManager: Shutting down and abandoning module MessagingDebugger (100)
[2015.04.29-02.10.03:096][320]LogModuleManager: Shutting down and abandoning module MediaPlayerEditor (99)
[2015.04.29-02.10.03:096][320]LogModuleManager: Shutting down and abandoning module SpeedTreeImporter (98)
[2015.04.29-02.10.03:096][320]LogModuleManager: Shutting down and abandoning module PluginsEditor (97)
[2015.04.29-02.10.03:096][320]LogModuleManager: Shutting down and abandoning module MainFrame (96)
[2015.04.29-02.10.03:096][320]LogModuleManager: Shutting down and abandoning module EpicSurvey (95)
[2015.04.29-02.10.03:096][320]LogModuleManager: Shutting down and abandoning module DesktopPlatform (94)
[2015.04.29-02.10.03:097][320]LogModuleManager: Shutting down and abandoning module DirectoryWatcher (93)
[2015.04.29-02.10.03:097][320]LogModuleManager: Shutting down and abandoning module HotReload (92)
[2015.04.29-02.10.03:097][320]LogModuleManager: Shutting down and abandoning module VisualStudioSourceCodeAccess (91)
[2015.04.29-02.10.03:097][320]LogModuleManager: Shutting down and abandoning module UObjectPlugin (90)
[2015.04.29-02.10.03:097][320]LogModuleManager: Shutting down and abandoning module SubversionSourceControl (89)
[2015.04.29-02.10.03:097][320]LogModuleManager: Shutting down and abandoning module PerforceSourceControl (88)
[2015.04.29-02.10.03:098][320]LogModuleManager: Shutting down and abandoning module SourceControl (87)
[2015.04.29-02.10.03:098][320]LogModuleManager: Shutting down and abandoning module GitSourceControl (86)
[2015.04.29-02.10.03:098][320]LogModuleManager: Shutting down and abandoning module BlankPlugin (85)
[2015.04.29-02.10.03:098][320]LogModuleManager: Shutting down and abandoning module PaperTiledImporter (84)
[2015.04.29-02.10.03:098][320]LogModuleManager: Shutting down and abandoning module PaperJsonImporter (83)
[2015.04.29-02.10.03:098][320]LogModuleManager: Shutting down and abandoning module ContentBrowser (82)
[2015.04.29-02.10.03:099][320]LogModuleManager: Shutting down and abandoning module Paper2DEditor (81)
[2015.04.29-02.10.03:099][320]LogModuleManager: Shutting down and abandoning module ScriptPlugin (80)
[2015.04.29-02.10.03:099][320]LogModuleManager: Shutting down and abandoning module UdpMessaging (79)
[2015.04.29-02.10.03:200][320]LogModuleManager: Shutting down and abandoning module Paper2D (78)
[2015.04.29-02.10.03:200][320]LogModuleManager: Shutting down and abandoning module WindowsMoviePlayer (77)
[2015.04.29-02.10.03:207][320]LogModuleManager: Shutting down and abandoning module Media (76)
[2015.04.29-02.10.03:208][320]LogModuleManager: Shutting down and abandoning module WmfMedia (75)
[2015.04.29-02.10.03:208][320]LogModuleManager: Shutting down and abandoning module OnlineBlueprintSupport (74)
[2015.04.29-02.10.03:208][320]LogModuleManager: Shutting down and abandoning module PropertyEditor (73)
[2015.04.29-02.10.03:208][320]LogModuleManager: Shutting down and abandoning module BehaviorTreeEditor (72)
[2015.04.29-02.10.03:208][320]LogModuleManager: Shutting down and abandoning module FunctionalTesting (71)
[2015.04.29-02.10.03:208][320]LogModuleManager: Shutting down and abandoning module CollisionAnalyzer (70)
[2015.04.29-02.10.03:208][320]LogModuleManager: Shutting down and abandoning module WorkspaceMenuStructure (69)
[2015.04.29-02.10.03:208][320]LogModuleManager: Shutting down and abandoning module MessageLog (68)
[2015.04.29-02.10.03:208][320]LogModuleManager: Shutting down and abandoning module Sequencer (67)
[2015.04.29-02.10.03:208][320]LogModuleManager: Shutting down and abandoning module AssetTools (66)
[2015.04.29-02.10.03:208][320]LogModuleManager: Shutting down and abandoning module UMGEditor (65)
[2015.04.29-02.10.03:208][320]LogModuleManager: Shutting down and abandoning module UMG (64)
[2015.04.29-02.10.03:208][320]LogModuleManager: Shutting down and abandoning module Slate (63)
[2015.04.29-02.10.03:209][320]LogModuleManager: Shutting down and abandoning module EditorStyle (62)
[2015.04.29-02.10.03:217][320]LogModuleManager: Shutting down and abandoning module SessionServices (61)
[2015.04.29-02.10.03:217][320]LogModuleManager: Shutting down and abandoning module SourceCodeAccess (60)
[2015.04.29-02.10.03:217][320]LogModuleManager: Shutting down and abandoning module HeadMountedDisplay (59)
[2015.04.29-02.10.03:217][320]LogModuleManager: Shutting down and abandoning module XAudio2 (58)
[2015.04.29-02.10.03:217][320]LogModuleManager: Shutting down and abandoning module Networking (56)
[2015.04.29-02.10.03:217][320]LogModuleManager: Shutting down and abandoning module Core (55)
[2015.04.29-02.10.03:217][320]LogModuleManager: Shutting down and abandoning module KismetCompiler (54)
[2015.04.29-02.10.03:217][320]LogModuleManager: Shutting down and abandoning module PhysXFormats (53)
[2015.04.29-02.10.03:217][320]LogModuleManager: Shutting down and abandoning module MeshUtilities (52)
[2015.04.29-02.10.03:217][320]LogModuleManager: Shutting down and abandoning module DerivedDataCache (51)
[2015.04.29-02.10.03:667][320]LogDerivedDataCache: Shutdown
[2015.04.29-02.10.03:668][320]LogModuleManager: Shutting down and abandoning module ShaderFormatOpenGL (50)
[2015.04.29-02.10.03:668][320]LogModuleManager: Shutting down and abandoning module ShaderFormatD3D (49)
[2015.04.29-02.10.03:668][320]LogModuleManager: Shutting down and abandoning module MetalShaderFormat (48)
[2015.04.29-02.10.03:668][320]LogModuleManager: Shutting down and abandoning module TextureFormatUncompressed (47)
[2015.04.29-02.10.03:668][320]LogModuleManager: Shutting down and abandoning module TextureFormatPVR (46)
[2015.04.29-02.10.03:668][320]LogModuleManager: Shutting down and abandoning module TextureFormatIntelISPCTexComp (45)
[2015.04.29-02.10.03:668][320]LogModuleManager: Shutting down and abandoning module TextureFormatDXT (44)
[2015.04.29-02.10.03:668][320]LogModuleManager: Shutting down and abandoning module ImageWrapper (43)
[2015.04.29-02.10.03:668][320]LogModuleManager: Shutting down and abandoning module TextureFormatASTC (42)
[2015.04.29-02.10.03:668][320]LogModuleManager: Shutting down and abandoning module TextureFormatAndroid (41)
[2015.04.29-02.10.03:668][320]LogModuleManager: Shutting down and abandoning module AudioFormatOpus (40)
[2015.04.29-02.10.03:668][320]LogModuleManager: Shutting down and abandoning module AudioFormatOgg (39)
[2015.04.29-02.10.03:668][320]LogModuleManager: Shutting down and abandoning module AudioFormatADPCM (38)
[2015.04.29-02.10.03:668][320]LogModuleManager: Shutting down and abandoning module LinuxTargetPlatform (37)
[2015.04.29-02.10.03:668][320]LogModuleManager: Shutting down and abandoning module LinuxServerTargetPlatform (36)
[2015.04.29-02.10.03:668][320]LogModuleManager: Shutting down and abandoning module LinuxNoEditorTargetPlatform (35)
[2015.04.29-02.10.03:668][320]LogModuleManager: Shutting down and abandoning module Messaging (34)
[2015.04.29-02.10.03:668][320]LogModuleManager: Shutting down and abandoning module IOSTargetPlatform (33)
[2015.04.29-02.10.03:668][320]LogModuleManager: Shutting down and abandoning module HTML5TargetPlatform (32)
[2015.04.29-02.10.03:668][320]LogModuleManager: Shutting down and abandoning module Android_PVRTCTargetPlatform (31)
[2015.04.29-02.10.03:668][320]LogModuleManager: Shutting down and abandoning module Android_ETC2TargetPlatform (30)
[2015.04.29-02.10.03:668][320]LogModuleManager: Shutting down and abandoning module Android_ETC1TargetPlatform (29)
[2015.04.29-02.10.03:668][320]LogModuleManager: Shutting down and abandoning module Android_ES31TargetPlatform (28)
[2015.04.29-02.10.03:668][320]LogModuleManager: Shutting down and abandoning module Android_DXTTargetPlatform (27)
[2015.04.29-02.10.03:668][320]LogModuleManager: Shutting down and abandoning module Android_ATCTargetPlatform (26)
[2015.04.29-02.10.03:668][320]LogModuleManager: Shutting down and abandoning module AndroidTargetPlatform (25)
[2015.04.29-02.10.03:668][320]LogModuleManager: Shutting down and abandoning module WindowsTargetPlatform (24)
[2015.04.29-02.10.03:668][320]LogModuleManager: Shutting down and abandoning module WindowsServerTargetPlatform (23)
[2015.04.29-02.10.03:668][320]LogModuleManager: Shutting down and abandoning module WindowsNoEditorTargetPlatform (22)
[2015.04.29-02.10.03:668][320]LogModuleManager: Shutting down and abandoning module WindowsClientTargetPlatform (21)
[2015.04.29-02.10.03:668][320]LogModuleManager: Shutting down and abandoning module TargetPlatform (20)
[2015.04.29-02.10.03:668][320]LogModuleManager: Shutting down and abandoning module InputCore (19)
[2015.04.29-02.10.03:669][320]LogModuleManager: Shutting down and abandoning module Settings (18)
[2015.04.29-02.10.03:669][320]LogModuleManager: Shutting down and abandoning module OnlineSubsystem (16)
[2015.04.29-02.10.03:669][320]LogModuleManager: Shutting down and abandoning module OculusRift (15)
[2015.04.29-02.10.03:669][320]LogModuleManager: Shutting down and abandoning module ExampleDeviceProfileSelector (14)
[2015.04.29-02.10.03:669][320]LogModuleManager: Shutting down and abandoning module TextureCompressor (13)
[2015.04.29-02.10.03:669][320]LogModuleManager: Shutting down and abandoning module ShaderCore (12)
[2015.04.29-02.10.03:669][320]LogModuleManager: Shutting down and abandoning module Landscape (11)
[2015.04.29-02.10.03:669][320]LogModuleManager: Shutting down and abandoning module SlateRHIRenderer (10)
[2015.04.29-02.10.03:672][320]LogModuleManager: Shutting down and abandoning module OpenGLDrv (9)
[2015.04.29-02.10.03:672][320]LogModuleManager: Shutting down and abandoning module D3D11RHI (8)
[2015.04.29-02.10.03:672][320]LogModuleManager: Shutting down and abandoning module Renderer (7)
[2015.04.29-02.10.03:672][320]LogModuleManager: Shutting down and abandoning module Engine (6)
[2015.04.29-02.10.03:672][320]LogModuleManager: Shutting down and abandoning module CoreUObject (5)
[2015.04.29-02.10.03:672][320]LogModuleManager: Shutting down and abandoning module NetworkFile (4)
[2015.04.29-02.10.03:672][320]LogModuleManager: Shutting down and abandoning module StreamingFile (3)
[2015.04.29-02.10.03:672][320]LogModuleManager: Shutting down and abandoning module SandboxFile (2)
[2015.04.29-02.10.03:672][320]LogModuleManager: Shutting down and abandoning module PakFile (1)
[2015.04.29-02.10.03:673][320]LogExit: Exiting.
[2015.04.29-02.10.03:682][320]Log file closed, 04/28/15 22:10:03
