Log file open, 04/30/15 15:40:13
LogInit:Display: Running engine for game: HorrorBase
LogInit: Version: 4.7.6-2513093+++depot+UE4-Releases+4.7
LogInit: API Version: 2455222
LogInit: Compiled (64-bit): Apr 15 2015 12:09:54
LogInit: Compiled with Visual C++: 18.00.21005.01
LogInit: Build Configuration: Development
LogInit: Branch Name: ++depot+UE4-Releases+4.7
LogInit: Command line:  
LogInit: Base directory: C:/Program Files/Unreal Engine/4.7/Engine/Binaries/Win64/
LogInit: Rocket: 1
[2015.04.30-19.40.14:002][  0]LogTaskGraph: Started task graph with 3 named threads and 4 total threads.
[2015.04.30-19.40.14:035][  0]LogOnline:Warning: No default platform service specified for OnlineSubsystem
[2015.04.30-19.40.14:048][  0]LogInit: Presizing for 0 objects not considered by GC, pre-allocating 0 bytes.
[2015.04.30-19.40.14:058][  0]LogInit: Object subsystem initialized
[2015.04.30-19.40.14:059][  0]LogConsoleResponse:Warning: Skipping Unknown console variable: 'TranslucentSortAxis = (X=0.000000,Y=-1.000000,Z=0.000000)'
[2015.04.30-19.40.14:059][  0]LogConsoleResponse:Warning:   Found in ini file 'J:/HorrorBase/Saved/Config/Windows/Engine.ini', in section '[/Script/Engine.RendererSettings]'
[2015.04.30-19.40.14:059][  0]LogConsoleResponse:Warning: Skipping Unknown console variable: 'UIScaleRule = ShortestSide'
[2015.04.30-19.40.14:059][  0]LogConsoleResponse:Warning:   Found in ini file 'J:/HorrorBase/Saved/Config/Windows/Engine.ini', in section '[/Script/Engine.RendererSettings]'
[2015.04.30-19.40.14:059][  0]LogConsoleResponse:Warning: Skipping Unknown console variable: 'UIScaleCurve = (EditorCurveData=(Keys=),ExternalCurve=None)'
[2015.04.30-19.40.14:059][  0]LogConsoleResponse:Warning:   Found in ini file 'J:/HorrorBase/Saved/Config/Windows/Engine.ini', in section '[/Script/Engine.RendererSettings]'
[2015.04.30-19.40.14:060][  0]LogInit: Selected Device Profile: [Windows]
[2015.04.30-19.40.14:060][  0]LogInit: Applying CVar settings loaded from the selected device profile: [Windows]
[2015.04.30-19.40.14:115][  0]LogInit: Computer: OH1380-11
[2015.04.30-19.40.14:115][  0]LogInit: User: jth7036
[2015.04.30-19.40.14:115][  0]LogInit: CPU Page size=4096, Cores=2
[2015.04.30-19.40.14:115][  0]LogInit: High frequency timer resolution =3.515632 MHz
[2015.04.30-19.40.14:115][  0]LogMemory: Memory total: Physical=16.0GB (16GB approx) Virtual=131072.0GB
[2015.04.30-19.40.14:115][  0]LogMemory: Platform Memory Stats for Windows
[2015.04.30-19.40.14:115][  0]LogMemory: Process Physical Memory: 45.74 MB used, 45.74 MB peak
[2015.04.30-19.40.14:115][  0]LogMemory: Process Virtual Memory: 26.22 MB used, 26.22 MB peak
[2015.04.30-19.40.14:115][  0]LogMemory: Physical Memory: 3015.51 MB used, 16336.19 MB total
[2015.04.30-19.40.14:115][  0]LogMemory: Virtual Memory: 285.36 MB used, 134217728.00 MB total
[2015.04.30-19.40.14:147][  0]LogD3D11RHI: Found D3D11 adapter 0: NVIDIA GeForce GTX 680 (Feature Level 11_0)
[2015.04.30-19.40.14:147][  0]LogD3D11RHI: Adapter has 1985MB of dedicated video memory, 0MB of dedicated system memory, and 2048MB of shared system memory, 2 output[s]
[2015.04.30-19.40.14:148][  0]LogD3D11RHI: Found D3D11 adapter 1: Microsoft Basic Render Driver (Feature Level 11_0)
[2015.04.30-19.40.14:148][  0]LogD3D11RHI: Adapter has 0MB of dedicated video memory, 0MB of dedicated system memory, and 256MB of shared system memory, 0 output[s]
[2015.04.30-19.40.14:148][  0]LogD3D11RHI: Chosen D3D11 Adapter Id = 0
[2015.04.30-19.40.14:151][  0]LogRHI: Texture pool is 1361 MB (70% of 1945 MB)
[2015.04.30-19.40.14:160][  0]LogD3D11RHI: Async texture creation enabled
[2015.04.30-19.40.14:230][  0]LogTextLocalizationManager: The requested culture ('en_US') has no localization data; parent culture's ('en') localization data will be used.
[2015.04.30-19.40.14:284][  0]LogTextLocalizationManager:Warning: Loading localization resources contain conflicting entries for (Namespace:UICommands, Key:Save_ToolTip):
Resource: (C:/Program Files/Unreal Engine/4.7/Engine/Content/Localization/Editor/en/Editor.locres) Hash: (-29098895) String: (Saves the current level to disk)
Resource: (C:/Program Files/Unreal Engine/4.7/Engine/Content/Localization/Engine/en/Engine.locres) Hash: (-1280300587) String: (Save selected data to vlog file)
[2015.04.30-19.40.14:284][  0]LogTextLocalizationManager:Warning: Loading localization resources contain conflicting entries for (Namespace:ContentBrowser, Key:ImportAssetToolTip):
Resource: (C:/Program Files/Unreal Engine/4.7/Engine/Content/Localization/Editor/en/Editor.locres) Hash: (-630476809) String: (Import to {0}...)
Resource: (C:/Program Files/Unreal Engine/4.7/Engine/Content/Localization/Editor/en/Editor.locres) Hash: (1271782899) String: (Imports an asset from file to this folder.)
[2015.04.30-19.40.14:356][  0]LogContentStreaming: Texture pool size is 0.000000MB
[2015.04.30-19.40.17:128][  0]LogTargetPlatformManager:Display: Building Assets For Windows
[2015.04.30-19.40.17:919][  0]LogTargetPlatformManager:Display: Building Assets For Windows
[2015.04.30-19.40.17:981][  0]LogDerivedDataCache:Display: Max Cache Size: 512 MB
[2015.04.30-19.40.18:085][  0]LogDerivedDataCache: Loaded boot cache 0.10s 39MB D:/Users/jth7036.MAIN.001/AppData/Local/UnrealEngine/4.7/DerivedDataCache/Boot.ddc.
[2015.04.30-19.40.18:085][  0]LogDerivedDataCache:Display: Loaded Boot cache: D:/Users/jth7036.MAIN.001/AppData/Local/UnrealEngine/4.7/DerivedDataCache/Boot.ddc
[2015.04.30-19.40.18:085][  0]LogDerivedDataCache: FDerivedDataBackendGraph:  Pak pak cache file J:/HorrorBase/DerivedDataCache/DDC.ddp not found, will not use a pak cache.
[2015.04.30-19.40.18:085][  0]LogDerivedDataCache: Unable to find inner node Pak for hierarchical cache Hierarchy.
[2015.04.30-19.40.18:197][  0]LogDerivedDataCache:Display: Pak cache opened for reading ../../../Engine/DerivedDataCache/Compressed.ddp.
[2015.04.30-19.40.18:209][  0]LogDerivedDataCache: Using Local data cache path D:/Users/jth7036.MAIN.001/AppData/Local/UnrealEngine/Common/DerivedDataCache: Writable
[2015.04.30-19.40.18:498][  0]LogMeshUtilities: No automatic mesh reduction module available
[2015.04.30-19.40.18:498][  0]LogMeshUtilities: No automatic mesh merging module available
[2015.04.30-19.40.18:865][  0]LogInit: WinSock: version 1.1 (2.2), MaxSocks=32767, MaxUdp=65467
[2015.04.30-19.40.18:950][  0]LogSlate:Warning: Failed to load font data from '../../../Engine/Content/Slate/Fonts/Roboto-Italic.ttf'
[2015.04.30-19.40.19:745][  0]UdpMessaging: Initializing bridge on interface 0.0.0.0:0 to multicast group 230.0.0.1:6666.
[2015.04.30-19.40.19:993][  0]SourceControl: Info Source control is disabled
[2015.04.30-19.40.19:993][  0]SourceControl: Info Source control is disabled
[2015.04.30-19.40.19:993][  0]SourceControl: Info Source control is disabled
[2015.04.30-19.40.19:993][  0]LogSourceControl: RunCommandInternalRaw: 'git version'
[2015.04.30-19.40.19:993][  0]LogSourceControl: RunCommandInternalRaw: ExecProcess ReturnCode=2 OutResults=''
[2015.04.30-19.40.20:003][  0]LogSourceControl: RunCommandInternalRaw: 'git version'
[2015.04.30-19.40.20:129][  0]LogSourceControl: RunCommandInternalRaw: ExecProcess ReturnCode=0 OutResults='git version 1.9.4.msysgit.1
'
[2015.04.30-19.40.20:333][  0]LogObj: 24232 objects as part of root set at end of initial load.
[2015.04.30-19.40.20:333][  0]LogUObjectAllocator: 5137176 out of 0 bytes used by permanent object pool.
[2015.04.30-19.40.20:420][  0]LogEngine: Initializing Engine...
[2015.04.30-19.40.22:573][  0]LogInit: XAudio2 using 'Realtek Digital Output (Realtek High Definition Audio)' : 2 channels at 48 kHz using 16 bits per sample (channel mask 0x3)
[2015.04.30-19.40.22:592][  0]LogInit: FAudioDevice initialized.
[2015.04.30-19.40.22:633][  0]LogAIModule: Creating AISystem for world NewWorld
[2015.04.30-19.40.22:651][  0]LogDerivedDataCache: Saved boot cache 0.02s 39MB D:/Users/jth7036.MAIN.001/AppData/Local/UnrealEngine/4.7/DerivedDataCache/Boot.ddc.
[2015.04.30-19.40.22:657][  0]LogInit: Texture streaming: Enabled
[2015.04.30-19.40.22:748][  0]LogAnalytics: Creating configured Analytics provider AnalyticsET
[2015.04.30-19.40.22:749][  0]LogAnalytics: ET APIKey = Rocket.Release. APIServer = http://et2.epicgames.com/ET2/. AppVersion = 4.7.6-2513093+++depot+UE4-Releases+4.7
[2015.04.30-19.40.22:749][  0]LogAnalytics: ET APIKey = Rocket.Release. DataRouterUploadURL = https://datarouter-public-service-gamedev.ol.epicgames.net/datarouter/api/v1/public/data. AppVersion = 4.7.6-2513093+++depot+UE4-Releases+4.7
[2015.04.30-19.40.22:749][  0]LogAnalytics: SetUserId 593fc67642b971ecd262c8a532266618|76f5d0457a0c47cfa4e62c1627123b6f|3361363f-9ac8-4dd0-8d7c-f16ac9e9cf3e
[2015.04.30-19.40.22:750][  0]LogAnalytics: AnalyticsET::StartSession [Rocket.Release]
[2015.04.30-19.40.22:789][  0]LogInit: Transaction tracking system initialized
[2015.04.30-19.40.22:975][  0]BlueprintLog: New page: Editor Load
[2015.04.30-19.40.23:013][  0]LogAssetRegistry: FAssetRegistry took 0.0105 seconds to start up
[2015.04.30-19.40.23:041][  0]LogDirectoryWatcher:Warning: Failed to begin reading directory changes for ../../../Engine/Plugins/Experimental/CharacterAI/Content/. Error: 0
[2015.04.30-19.40.23:983][  0]LogTargetPlatformManager:Display: Building Assets For Windows
[2015.04.30-19.40.24:625][  0]LogTargetPlatformManager:Display: Building Assets For Windows
[2015.04.30-19.40.24:961][  0]LogSlate:Warning: Failed to load font data from '../../../Engine/Content/Editor/Slate/Fonts/Roboto-Regular.ttf'
[2015.04.30-19.40.24:963][  0]LogSlate:Warning: Failed to load font data from '../../../Engine/Content/Editor/Slate/Fonts/Roboto-Bold.ttf'
[2015.04.30-19.40.24:972][  0]LogConsoleResponse:Display: 
[2015.04.30-19.40.25:166][  0]LogCook:Display: Done creating registry. It took  0.00s.
[2015.04.30-19.40.25:332][  0]LogSourceControl: RunCommandInternalRaw: 'git version'
[2015.04.30-19.40.25:440][  0]LogSourceControl: RunCommandInternalRaw: ExecProcess ReturnCode=0 OutResults='git version 1.9.4.msysgit.1
'
[2015.04.30-19.40.25:440][  0]Cmd: MAP LOAD FILE="J:/HorrorBase/Content/HorrorAssets/Maps/House.umap" TEMPLATE=0 SHOWPROGRESS=1 FEATURELEVEL=3
[2015.04.30-19.40.25:441][  0]LightingResults: New page: Lighting Build
[2015.04.30-19.40.25:456][  0]MapCheck: New page: Map Check
[2015.04.30-19.40.25:456][  0]LightingResults: New page: Lighting Build
[2015.04.30-19.40.25:470][  0]LogParticles: Destroying 0 GPU particle simulations for FXSystem 0x000000348713F380
[2015.04.30-19.40.26:569][  0]LogLinker:Warning: Asset '../../../Engine/Content/EngineMeshes/Humanoid.uasset' has been saved with empty engine version. The asset will be loaded but may be incompatible.
[2015.04.30-19.40.29:251][  0]LogTexture:Display: Building textures: HQ_Lightmap0_1 (AutoDXT)
[2015.04.30-19.40.29:967][  0]LogTexture:Display: Building textures: HQ_Lightmap0_2 (AutoDXT)
[2015.04.30-19.40.31:026][  0]LogTexture:Display: Building textures: HQ_Lightmap0_6 (AutoDXT)
[2015.04.30-19.40.31:052][  0]LogTexture:Display: Building textures: HQ_Lightmap1_3 (AutoDXT)
[2015.04.30-19.40.31:368][  0]LogTexture:Display: Building textures: HQ_Lightmap1_4 (AutoDXT)
[2015.04.30-19.40.31:612][  0]LogTexture:Display: Building textures: HQ_Lightmap1_5 (AutoDXT)
[2015.04.30-19.40.31:887][  0]LogTexture:Display: Building textures: LQ_Lightmap_0_1 (DXT1)
[2015.04.30-19.40.32:239][  0]LogTexture:Display: Building textures: LQ_Lightmap_0_2 (DXT1)
[2015.04.30-19.40.32:880][  0]LogTexture:Display: Building textures: LQ_Lightmap_0_3 (DXT1)
[2015.04.30-19.40.33:059][  0]LogTexture:Display: Building textures: LQ_Lightmap_0_6 (DXT1)
[2015.04.30-19.40.33:071][  0]LogTexture:Display: Building textures: LQ_Lightmap_1_4 (DXT1)
[2015.04.30-19.40.33:158][  0]LogTexture:Display: Building textures: LQ_Lightmap_1_5 (DXT1)
[2015.04.30-19.40.33:296][  0]LogTexture:Display: Building textures: ShadowMapTexture2D_6 (BGRA8)
[2015.04.30-19.40.33:334][  0]LogTexture:Display: Building textures: ShadowMapTexture2D_7 (BGRA8)
[2015.04.30-19.40.33:361][  0]LogTexture:Display: Building textures: ShadowMapTexture2D_8 (BGRA8)
[2015.04.30-19.40.33:698][  0]LogEditorServer: Finished looking for orphan Actors (0.000 secs)
[2015.04.30-19.40.33:705][  0]LogAIModule: Creating AISystem for world House
[2015.04.30-19.40.33:705][  0]Cmd: MAP CHECKDEP
[2015.04.30-19.40.33:705][  0]MapCheck: New page: House - Apr 30, 2015, 11:40:33 AM
[2015.04.30-19.40.33:841][  0]MapCheck: Info Map check complete: 0 Error(s), 0 Warning(s), took 135.868ms to complete.
[2015.04.30-19.40.33:841][  0]LogFileHelpers: Loading map 'House' took 8.400
[2015.04.30-19.40.33:984][  0]LogCollectionManager: Loaded 0 collections in 0.001964 seconds
[2015.04.30-19.40.33:992][  0]LogContentBrowser: Native class hierarchy populated in 0.0084 seconds. Added 1696 classes and 261 folders.
[2015.04.30-19.40.34:030][  0]LogContentBrowser: Native class hierarchy updated for 'SceneOutliner' in 0.0025 seconds. Added 1 classes and 2 folders.
[2015.04.30-19.40.34:108][  0]LogCrashTracker: Crashtracker disabled due to settings.
[2015.04.30-19.40.34:109][  0]LogSlate:Warning: Failed to load font data from 'Veranda'
[2015.04.30-19.40.34:115][  0]LogUObjectGlobals:Warning: Failed to find object 'Class None.'
[2015.04.30-19.40.34:142][  0]LogLoad: Full Startup: 24.82 seconds (BP compile: 1.63 seconds)
[2015.04.30-19.40.34:596][  0]LogContentBrowser:Verbose: The content browser source was changed by the sources view to '/Game/HorrorAssets/Blueprints'
[2015.04.30-19.40.34:652][  0]SourceControl:Error: Error You should check out a working copy into your project directory.
[2015.04.30-19.40.34:725][  0]LogRenderer:Warning: Reallocating scene render targets to support 32x32 (Frame:2).
[2015.04.30-19.40.34:817][  0]LogRenderer:Warning: Reallocating scene render targets to support 856x456 (Frame:16).
[2015.04.30-19.40.35:902][  4]LogAssetRegistry: Asset discovery search completed in 12.8996 seconds
[2015.04.30-19.40.37:616][ 10]LogSourceControl: RunCommandInternalRaw: 'git status --porcelain --ignored "J:/HorrorBase/Content/HorrorAssets/Blueprints/CopLight.uasset" "J:/HorrorBase/Content/HorrorAssets/Blueprints/FiretruckLight.uasset" "J:/HorrorBase/Content/HorrorAssets/Blueprints/FlashlightFPS.uasset" "J:/HorrorBase/Content/HorrorAssets/Blueprints/InventoryInterface.uasset"'
[2015.04.30-19.40.37:887][ 10]LogSourceControl: RunCommandInternalRaw: ExecProcess ReturnCode=128 OutResults=''
[2015.04.30-19.40.37:887][ 10]LogSourceControl:Error: RunCommandInternalRaw: ExecProcess ReturnCode=128 OutErrors='fatal: Not a git repository (or any of the parent directories): .git
'
[2015.04.30-19.40.37:887][ 10]SourceControl:Error: Error fatal: Not a git repository (or any of the parent directories): .git
[2015.04.30-19.40.41:896][ 23]LogSourceControl: RunCommandInternalRaw: 'git status --porcelain --ignored "J:/HorrorBase/Content/HorrorAssets/Blueprints/Door.uasset" "J:/HorrorBase/Content/HorrorAssets/Blueprints/Pickup.uasset"'
[2015.04.30-19.40.42:220][ 23]LogSourceControl: RunCommandInternalRaw: ExecProcess ReturnCode=128 OutResults=''
[2015.04.30-19.40.42:220][ 23]LogSourceControl:Error: RunCommandInternalRaw: ExecProcess ReturnCode=128 OutErrors='fatal: Not a git repository (or any of the parent directories): .git
'
[2015.04.30-19.40.42:220][ 23]SourceControl:Error: Error fatal: Not a git repository (or any of the parent directories): .git
[2015.04.30-19.40.44:772][ 28]LogRenderer:Warning: Reallocating scene render targets to support 1104x584 (Frame:45).
[2015.04.30-19.40.55:164][258]LogEditorViewport: Clicking on Actor (LMB): Brush (Linear Stair Brush2)
[2015.04.30-19.48.56:888][825]AssetReimport: New page: Outstanding source content changes 11:48:56 AM
[2015.04.30-19.48.56:889][825]LogFactory: FactoryCreateBinary: Texture with ReimportTextureFactory (0 0 J:/HorrorBase/Content/HorrorAssets/Plank_Fence_Geo_Piskas/OBJ/Map__11_Normal_Bump.tga)
[2015.04.30-19.48.56:894][825]0.000016 seconds to analyze Texture2D /Game/HorrorAssets/Plank_Fence_Geo_Piskas/OBJ/Map__11_Normal_Bump.Map__11_Normal_Bump

[2015.04.30-19.48.56:993][825]LogFactory: FactoryCreateBinary: Texture with ReimportTextureFactory (0 0 J:/HorrorBase/Content/HorrorAssets/Plank_Fence_Geo_Piskas/OBJ/Map__8_Normal_Bump.tga)
[2015.04.30-19.48.56:999][825]0.000017 seconds to analyze Texture2D /Game/HorrorAssets/Plank_Fence_Geo_Piskas/OBJ/Map__8_Normal_Bump.Map__8_Normal_Bump

[2015.04.30-19.48.57:232][826]LogFactory: FactoryCreateBinary: SkeletalMesh with ReimportFbxSkeletalMeshFactory (0 0 J:/HorrorBase/Content/HorrorAssets/Plank_Fence_Geo_Piskas/OBJ/plank_fence_without_proxy.obj)
[2015.04.30-19.49.06:413][827]LogSourceControl: RunCommandInternalRaw: 'git status --porcelain --ignored "J:/HorrorBase/Content/HorrorAssets/Plank_Fence_Geo_Piskas/OBJ/Map__11_Normal_Bump.uasset" "J:/HorrorBase/Content/HorrorAssets/Plank_Fence_Geo_Piskas/OBJ/Map__8_Normal_Bump.uasset"'
[2015.04.30-19.49.06:529][827]LogSourceControl: RunCommandInternalRaw: ExecProcess ReturnCode=128 OutResults=''
[2015.04.30-19.49.06:529][827]LogSourceControl:Error: RunCommandInternalRaw: ExecProcess ReturnCode=128 OutErrors='fatal: Not a git repository (or any of the parent directories): .git
'
[2015.04.30-19.49.06:529][827]SourceControl:Error: Error fatal: Not a git repository (or any of the parent directories): .git
[2015.04.30-19.49.06:605][827]Cmd: OBJ SAVEPACKAGE PACKAGE="/Game/HorrorAssets/Plank_Fence_Geo_Piskas/OBJ/Map__11_Normal_Bump" FILE="J:/HorrorBase/Content/HorrorAssets/Plank_Fence_Geo_Piskas/OBJ/Map__11_Normal_Bump.uasset" SILENT=true
[2015.04.30-19.49.09:336][827]LogSavePackage: Save=2696.570801ms
[2015.04.30-19.49.09:336][827]LogSavePackage: Moving 'J:/HorrorBase/Saved/Map__11_Normal_BumpE62496D6495592EBCFB438834BCE9775.tmp' to 'J:/HorrorBase/Content/HorrorAssets/Plank_Fence_Geo_Piskas/OBJ/Map__11_Normal_Bump.uasset'
[2015.04.30-19.49.09:417][827]LogSourceControl: RunCommandInternalRaw: 'git add "J:/HorrorBase/Content/HorrorAssets/Plank_Fence_Geo_Piskas/OBJ/Map__11_Normal_Bump.uasset"'
[2015.04.30-19.49.09:529][827]LogSourceControl: RunCommandInternalRaw: ExecProcess ReturnCode=128 OutResults=''
[2015.04.30-19.49.09:529][827]LogSourceControl:Error: RunCommandInternalRaw: ExecProcess ReturnCode=128 OutErrors='fatal: Not a git repository (or any of the parent directories): .git
'
[2015.04.30-19.49.09:529][827]LogSourceControl: RunCommandInternalRaw: 'git status --porcelain --ignored "J:/HorrorBase/Content/HorrorAssets/Plank_Fence_Geo_Piskas/OBJ/Map__11_Normal_Bump.uasset"'
[2015.04.30-19.49.09:738][827]LogSourceControl: RunCommandInternalRaw: ExecProcess ReturnCode=128 OutResults=''
[2015.04.30-19.49.09:738][827]LogSourceControl:Error: RunCommandInternalRaw: ExecProcess ReturnCode=128 OutErrors='fatal: Not a git repository (or any of the parent directories): .git
'
[2015.04.30-19.49.09:738][827]SourceControl:Error: Error fatal: Not a git repository (or any of the parent directories): .git
[2015.04.30-19.49.09:738][827]SourceControl:Error: Error fatal: Not a git repository (or any of the parent directories): .git
[2015.04.30-19.49.09:802][827]Cmd: OBJ SAVEPACKAGE PACKAGE="/Game/HorrorAssets/Plank_Fence_Geo_Piskas/OBJ/Map__8_Normal_Bump" FILE="J:/HorrorBase/Content/HorrorAssets/Plank_Fence_Geo_Piskas/OBJ/Map__8_Normal_Bump.uasset" SILENT=true
[2015.04.30-19.49.10:417][827]LogSavePackage: Save=579.956299ms
[2015.04.30-19.49.10:417][827]LogSavePackage: Moving 'J:/HorrorBase/Saved/Map__8_Normal_Bump883B7AFF4028F2C3085C88B8AD0B24F8.tmp' to 'J:/HorrorBase/Content/HorrorAssets/Plank_Fence_Geo_Piskas/OBJ/Map__8_Normal_Bump.uasset'
[2015.04.30-19.49.10:494][827]LogSourceControl: RunCommandInternalRaw: 'git add "J:/HorrorBase/Content/HorrorAssets/Plank_Fence_Geo_Piskas/OBJ/Map__8_Normal_Bump.uasset"'
[2015.04.30-19.49.10:607][827]LogSourceControl: RunCommandInternalRaw: ExecProcess ReturnCode=128 OutResults=''
[2015.04.30-19.49.10:607][827]LogSourceControl:Error: RunCommandInternalRaw: ExecProcess ReturnCode=128 OutErrors='fatal: Not a git repository (or any of the parent directories): .git
'
[2015.04.30-19.49.10:607][827]LogSourceControl: RunCommandInternalRaw: 'git status --porcelain --ignored "J:/HorrorBase/Content/HorrorAssets/Plank_Fence_Geo_Piskas/OBJ/Map__8_Normal_Bump.uasset"'
[2015.04.30-19.49.10:717][827]LogSourceControl: RunCommandInternalRaw: ExecProcess ReturnCode=128 OutResults=''
[2015.04.30-19.49.10:717][827]LogSourceControl:Error: RunCommandInternalRaw: ExecProcess ReturnCode=128 OutErrors='fatal: Not a git repository (or any of the parent directories): .git
'
[2015.04.30-19.49.10:718][827]SourceControl:Error: Error fatal: Not a git repository (or any of the parent directories): .git
[2015.04.30-19.49.10:718][827]SourceControl:Error: Error fatal: Not a git repository (or any of the parent directories): .git
[2015.04.30-19.49.10:751][828]LogSourceControl: RunCommandInternalRaw: 'git status --porcelain --ignored "J:/HorrorBase/Content/HorrorAssets/Plank_Fence_Geo_Piskas/OBJ/Map__11_Normal_Bump.uasset" "J:/HorrorBase/Content/HorrorAssets/Plank_Fence_Geo_Piskas/OBJ/Map__8_Normal_Bump.uasset"'
[2015.04.30-19.49.10:751][828]AssetReimport: Info Creating new asset /Game/HorrorAssets/Plank_Fence_Geo_Piskas/OBJ/Map__11_Normal_Bump.
[2015.04.30-19.49.10:752][828]AssetReimport: Info Creating new asset /Game/HorrorAssets/Plank_Fence_Geo_Piskas/OBJ/Map__8_Normal_Bump.
[2015.04.30-19.49.10:752][828]AssetReimport: Info Creating new asset /Game/HorrorAssets/Plank_Fence_Geo_Piskas/OBJ/plank_fence_without_proxy.
[2015.04.30-19.49.10:953][850]LogSourceControl: RunCommandInternalRaw: ExecProcess ReturnCode=128 OutResults=''
[2015.04.30-19.49.10:953][850]LogSourceControl:Error: RunCommandInternalRaw: ExecProcess ReturnCode=128 OutErrors='fatal: Not a git repository (or any of the parent directories): .git
'
[2015.04.30-19.49.10:953][850]SourceControl:Error: Error fatal: Not a git repository (or any of the parent directories): .git
[2015.04.30-19.49.36:198][237]AssetReimport: New page: Outstanding source content changes 11:49:36 AM
[2015.04.30-19.49.36:199][237]LogFactory: FactoryCreateBinary: SkeletalMesh with ReimportFbxSkeletalMeshFactory (0 0 J:/HorrorBase/Content/HorrorAssets/Plank_Fence_Geo_Piskas/plank_fence_with_proxy.obj)
[2015.04.30-19.50.17:175][237]LogActorComponent: UnregisterComponent: (/Engine/Transient.CharMoveComp) Not registered. Aborting.
[2015.04.30-19.50.17:251][237]LogFactory: FactoryCreateBinary: SkeletalMesh with ReimportFbxSkeletalMeshFactory (0 0 J:/HorrorBase/Content/HorrorAssets/Plank_Fence_Geo_Piskas/plank_fence_without_proxy.obj)
[2015.04.30-19.50.17:360][238]AssetReimport: Info Creating new asset /Game/HorrorAssets/Plank_Fence_Geo_Piskas/plank_fence_with_proxy.
[2015.04.30-19.50.17:360][238]AssetReimport:Error: Error Failed to import file J:/HorrorBase/Content/HorrorAssets/Plank_Fence_Geo_Piskas/plank_fence_with_proxy.obj.
[2015.04.30-19.50.17:360][238]AssetReimport: Info Creating new asset /Game/HorrorAssets/Plank_Fence_Geo_Piskas/plank_fence_without_proxy.
[2015.04.30-19.50.17:360][238]AssetReimport:Error: Error Failed to import file J:/HorrorBase/Content/HorrorAssets/Plank_Fence_Geo_Piskas/plank_fence_without_proxy.obj.
[2015.04.30-19.50.17:951][251]AssetReimport: New page: Outstanding source content changes 11:50:17 AM
[2015.04.30-19.50.17:952][251]LogFactory: FactoryCreateBinary: SkeletalMesh with ReimportFbxSkeletalMeshFactory (0 0 J:/HorrorBase/Content/HorrorAssets/Props/plank_fence_without_proxy.obj)
[2015.04.30-19.50.22:324][251]LogFbx: Loading FBX Scene from J:/HorrorBase/Content/HorrorAssets/Props/plank_fence_without_proxy.obj
[2015.04.30-19.50.22:556][251]LogFbx: FBX Scene Loaded Succesfully
[2015.04.30-19.50.22:601][251]LogMaterial: Missing cached shader map for material plank_fence_aMat, compiling. 
[2015.04.30-19.50.25:042][251]LogMaterial: Missing cached shader map for material plank_fence_a_col_lMat, compiling. 
[2015.04.30-19.50.25:241][251]LogMaterial: Missing cached shader map for material plank_fence_a_col_rMat, compiling. 
[2015.04.30-19.50.25:428][251]LogMaterial: Missing cached shader map for material plank_fence_a_corner_inMat, compiling. 
[2015.04.30-19.50.25:716][251]LogMaterial: Missing cached shader map for material plank_fence_a_corner_in_nocolMat, compiling. 
[2015.04.30-19.50.25:991][251]LogMaterial: Missing cached shader map for material plank_fence_a_corner_outMat, compiling. 
[2015.04.30-19.50.28:418][251]LogMaterial: Missing cached shader map for material plank_fence_a_corner_out_nocolMat, compiling. 
[2015.04.30-19.50.28:681][251]LogMaterial: Missing cached shader map for material plank_fence_a_nocolMat, compiling. 
[2015.04.30-19.50.28:854][251]LogMaterial: Missing cached shader map for material plank_fence_bMat, compiling. 
[2015.04.30-19.50.29:048][251]LogMaterial: Missing cached shader map for material plank_fence_b_col_lMat, compiling. 
[2015.04.30-19.50.29:277][251]LogMaterial: Missing cached shader map for material plank_fence_b_col_rMat, compiling. 
[2015.04.30-19.50.29:474][251]LogMaterial: Missing cached shader map for material plank_fence_b_corner_inMat, compiling. 
[2015.04.30-19.50.29:780][251]LogMaterial: Missing cached shader map for material plank_fence_b_corner_in_nocolMat, compiling. 
[2015.04.30-19.50.30:070][251]LogMaterial: Missing cached shader map for material plank_fence_b_corner_outMat, compiling. 
[2015.04.30-19.50.30:406][251]LogMaterial: Missing cached shader map for material plank_fence_b_corner_out_nocolMat, compiling. 
[2015.04.30-19.50.33:012][251]LogMaterial: Missing cached shader map for material plank_fence_b_nocolMat, compiling. 
[2015.04.30-19.50.33:213][251]LogMaterial: Missing cached shader map for material plank_fence_cMat, compiling. 
[2015.04.30-19.50.33:429][251]LogMaterial: Missing cached shader map for material plank_fence_c_col_lMat, compiling. 
[2015.04.30-19.50.33:638][251]LogMaterial: Missing cached shader map for material plank_fence_c_col_rMat, compiling. 
[2015.04.30-19.50.33:847][251]LogMaterial: Missing cached shader map for material plank_fence_c_cornerMat, compiling. 
[2015.04.30-19.50.34:219][251]LogMaterial: Missing cached shader map for material plank_fence_c_corner_nocolMat, compiling. 
[2015.04.30-19.50.34:542][251]LogMaterial: Missing cached shader map for material plank_fence_c_nocolMat, compiling. 
[2015.04.30-19.50.34:744][251]LogMaterial: Missing cached shader map for material plank_fence_columnMat, compiling. 
[2015.04.30-19.50.34:792][251]LogFbx: == Initial material list:
[2015.04.30-19.50.34:792][251]LogFbx: 0: plank_fence_aMat
[2015.04.30-19.50.34:792][251]LogFbx: 1: plank_fence_a_col_lMat
[2015.04.30-19.50.34:792][251]LogFbx: 2: plank_fence_a_col_rMat
[2015.04.30-19.50.34:792][251]LogFbx: 3: plank_fence_a_corner_inMat
[2015.04.30-19.50.34:792][251]LogFbx: 4: plank_fence_a_corner_in_nocolMat
[2015.04.30-19.50.34:792][251]LogFbx: 5: plank_fence_a_corner_outMat
[2015.04.30-19.50.34:792][251]LogFbx: 6: plank_fence_a_corner_out_nocolMat
[2015.04.30-19.50.34:792][251]LogFbx: 7: plank_fence_a_nocolMat
[2015.04.30-19.50.34:792][251]LogFbx: 8: plank_fence_bMat
[2015.04.30-19.50.34:792][251]LogFbx: 9: plank_fence_b_col_lMat
[2015.04.30-19.50.34:792][251]LogFbx: 10: plank_fence_b_col_rMat
[2015.04.30-19.50.34:792][251]LogFbx: 11: plank_fence_b_corner_inMat
[2015.04.30-19.50.34:792][251]LogFbx: 12: plank_fence_b_corner_in_nocolMat
[2015.04.30-19.50.34:792][251]LogFbx: 13: plank_fence_b_corner_outMat
[2015.04.30-19.50.34:792][251]LogFbx: 14: plank_fence_b_corner_out_nocolMat
[2015.04.30-19.50.34:792][251]LogFbx: 15: plank_fence_b_nocolMat
[2015.04.30-19.50.34:792][251]LogFbx: 16: plank_fence_cMat
[2015.04.30-19.50.34:792][251]LogFbx: 17: plank_fence_c_col_lMat
[2015.04.30-19.50.34:792][251]LogFbx: 18: plank_fence_c_col_rMat
[2015.04.30-19.50.34:792][251]LogFbx: 19: plank_fence_c_cornerMat
[2015.04.30-19.50.34:792][251]LogFbx: 20: plank_fence_c_corner_nocolMat
[2015.04.30-19.50.34:792][251]LogFbx: 21: plank_fence_c_nocolMat
[2015.04.30-19.50.34:793][251]LogFbx: 22: plank_fence_columnMat
[2015.04.30-19.50.34:793][251]LogFbx: == After sorting:
[2015.04.30-19.50.34:793][251]LogFbx: 0: plank_fence_aMat
[2015.04.30-19.50.34:793][251]LogFbx: 1: plank_fence_a_col_lMat
[2015.04.30-19.50.34:793][251]LogFbx: 2: plank_fence_a_col_rMat
[2015.04.30-19.50.34:793][251]LogFbx: 3: plank_fence_a_corner_inMat
[2015.04.30-19.50.34:793][251]LogFbx: 4: plank_fence_a_corner_in_nocolMat
[2015.04.30-19.50.34:793][251]LogFbx: 5: plank_fence_a_corner_outMat
[2015.04.30-19.50.34:793][251]LogFbx: 6: plank_fence_a_corner_out_nocolMat
[2015.04.30-19.50.34:793][251]LogFbx: 7: plank_fence_a_nocolMat
[2015.04.30-19.50.34:793][251]LogFbx: 8: plank_fence_bMat
[2015.04.30-19.50.34:793][251]LogFbx: 9: plank_fence_b_col_lMat
[2015.04.30-19.50.34:793][251]LogFbx: 10: plank_fence_b_col_rMat
[2015.04.30-19.50.34:793][251]LogFbx: 11: plank_fence_b_corner_inMat
[2015.04.30-19.50.34:793][251]LogFbx: 12: plank_fence_b_corner_in_nocolMat
[2015.04.30-19.50.34:793][251]LogFbx: 13: plank_fence_b_corner_outMat
[2015.04.30-19.50.34:793][251]LogFbx: 14: plank_fence_b_corner_out_nocolMat
[2015.04.30-19.50.34:793][251]LogFbx: 15: plank_fence_b_nocolMat
[2015.04.30-19.50.34:793][251]LogFbx: 16: plank_fence_cMat
[2015.04.30-19.50.34:793][251]LogFbx: 17: plank_fence_c_col_lMat
[2015.04.30-19.50.34:793][251]LogFbx: 18: plank_fence_c_col_rMat
[2015.04.30-19.50.34:793][251]LogFbx: 19: plank_fence_c_cornerMat
[2015.04.30-19.50.34:793][251]LogFbx: 20: plank_fence_c_corner_nocolMat
[2015.04.30-19.50.34:793][251]LogFbx: 21: plank_fence_c_nocolMat
[2015.04.30-19.50.34:793][251]LogFbx: 22: plank_fence_columnMat
[2015.04.30-19.50.34:793][251]LogFbx: == Mapping table:
[2015.04.30-19.50.34:793][251]LogFbx:   sort 0 -> 0
[2015.04.30-19.50.34:794][251]LogFbx:   sort 1 -> 1
[2015.04.30-19.50.34:794][251]LogFbx:   sort 2 -> 2
[2015.04.30-19.50.34:794][251]LogFbx:   sort 3 -> 3
[2015.04.30-19.50.34:794][251]LogFbx:   sort 4 -> 4
[2015.04.30-19.50.34:794][251]LogFbx:   sort 5 -> 5
[2015.04.30-19.50.34:794][251]LogFbx:   sort 6 -> 6
[2015.04.30-19.50.34:794][251]LogFbx:   sort 7 -> 7
[2015.04.30-19.50.34:794][251]LogFbx:   sort 8 -> 8
[2015.04.30-19.50.34:794][251]LogFbx:   sort 9 -> 9
[2015.04.30-19.50.34:794][251]LogFbx:   sort 10 -> 10
[2015.04.30-19.50.34:794][251]LogFbx:   sort 11 -> 11
[2015.04.30-19.50.34:794][251]LogFbx:   sort 12 -> 12
[2015.04.30-19.50.34:794][251]LogFbx:   sort 13 -> 13
[2015.04.30-19.50.34:794][251]LogFbx:   sort 14 -> 14
[2015.04.30-19.50.34:794][251]LogFbx:   sort 15 -> 15
[2015.04.30-19.50.34:794][251]LogFbx:   sort 16 -> 16
[2015.04.30-19.50.34:794][251]LogFbx:   sort 17 -> 17
[2015.04.30-19.50.34:794][251]LogFbx:   sort 18 -> 18
[2015.04.30-19.50.34:794][251]LogFbx:   sort 19 -> 19
[2015.04.30-19.50.34:794][251]LogFbx:   sort 20 -> 20
[2015.04.30-19.50.34:794][251]LogFbx:   sort 21 -> 21
[2015.04.30-19.50.34:794][251]LogFbx:   sort 22 -> 22
[2015.04.30-19.50.34:815][251]LogStaticMesh: Building static mesh plank_fence_without_proxy...
[2015.04.30-19.50.35:437][251]LogStaticMesh: Built static mesh [621.191284ms] /Game/HorrorAssets/Props/plank_fence_without_proxy.plank_fence_without_proxy
[2015.04.30-19.50.42:063][252]LogFactory: FactoryCreateBinary: SkeletalMesh with ReimportFbxSkeletalMeshFactory (0 0 J:/HorrorBase/Content/HorrorAssets/Props/plank_fence_with_proxy.obj)
[2015.04.30-19.50.43:639][252]LogFbx: Loading FBX Scene from J:/HorrorBase/Content/HorrorAssets/Props/plank_fence_with_proxy.obj
[2015.04.30-19.50.44:062][252]LogFbx: FBX Scene Loaded Succesfully
[2015.04.30-19.50.48:016][252]LogFbx: == Initial material list:
[2015.04.30-19.50.48:016][252]LogFbx: 0: plank_fence_aMat
[2015.04.30-19.50.48:016][252]LogFbx: 1: plank_fence_a_col_lMat
[2015.04.30-19.50.48:016][252]LogFbx: 2: plank_fence_a_col_rMat
[2015.04.30-19.50.48:016][252]LogFbx: 3: plank_fence_a_corner_inMat
[2015.04.30-19.50.48:016][252]LogFbx: 4: plank_fence_a_corner_in_nocolMat
[2015.04.30-19.50.48:016][252]LogFbx: 5: plank_fence_a_corner_outMat
[2015.04.30-19.50.48:016][252]LogFbx: 6: plank_fence_a_corner_out_nocolMat
[2015.04.30-19.50.48:016][252]LogFbx: 7: plank_fence_a_nocolMat
[2015.04.30-19.50.48:016][252]LogFbx: 8: plank_fence_bMat
[2015.04.30-19.50.48:016][252]LogFbx: 9: plank_fence_b_col_lMat
[2015.04.30-19.50.48:016][252]LogFbx: 10: plank_fence_b_col_rMat
[2015.04.30-19.50.48:016][252]LogFbx: 11: plank_fence_b_corner_inMat
[2015.04.30-19.50.48:016][252]LogFbx: 12: plank_fence_b_corner_in_nocolMat
[2015.04.30-19.50.48:017][252]LogFbx: 13: plank_fence_b_corner_outMat
[2015.04.30-19.50.48:017][252]LogFbx: 14: plank_fence_b_corner_out_nocolMat
[2015.04.30-19.50.48:017][252]LogFbx: 15: plank_fence_b_nocolMat
[2015.04.30-19.50.48:017][252]LogFbx: 16: plank_fence_cMat
[2015.04.30-19.50.48:017][252]LogFbx: 17: plank_fence_c_col_lMat
[2015.04.30-19.50.48:017][252]LogFbx: 18: plank_fence_c_col_rMat
[2015.04.30-19.50.48:017][252]LogFbx: 19: plank_fence_c_cornerMat
[2015.04.30-19.50.48:017][252]LogFbx: 20: plank_fence_c_corner_nocolMat
[2015.04.30-19.50.48:017][252]LogFbx: 21: plank_fence_c_nocolMat
[2015.04.30-19.50.48:017][252]LogFbx: 22: plank_fence_columnMat
[2015.04.30-19.50.48:017][252]LogFbx: == After sorting:
[2015.04.30-19.50.48:017][252]LogFbx: 0: plank_fence_aMat
[2015.04.30-19.50.48:017][252]LogFbx: 1: plank_fence_a_col_lMat
[2015.04.30-19.50.48:017][252]LogFbx: 2: plank_fence_a_col_rMat
[2015.04.30-19.50.48:017][252]LogFbx: 3: plank_fence_a_corner_inMat
[2015.04.30-19.50.48:017][252]LogFbx: 4: plank_fence_a_corner_in_nocolMat
[2015.04.30-19.50.48:017][252]LogFbx: 5: plank_fence_a_corner_outMat
[2015.04.30-19.50.48:018][252]LogFbx: 6: plank_fence_a_corner_out_nocolMat
[2015.04.30-19.50.48:018][252]LogFbx: 7: plank_fence_a_nocolMat
[2015.04.30-19.50.48:018][252]LogFbx: 8: plank_fence_bMat
[2015.04.30-19.50.48:018][252]LogFbx: 9: plank_fence_b_col_lMat
[2015.04.30-19.50.48:018][252]LogFbx: 10: plank_fence_b_col_rMat
[2015.04.30-19.50.48:018][252]LogFbx: 11: plank_fence_b_corner_inMat
[2015.04.30-19.50.48:018][252]LogFbx: 12: plank_fence_b_corner_in_nocolMat
[2015.04.30-19.50.48:018][252]LogFbx: 13: plank_fence_b_corner_outMat
[2015.04.30-19.50.48:018][252]LogFbx: 14: plank_fence_b_corner_out_nocolMat
[2015.04.30-19.50.48:018][252]LogFbx: 15: plank_fence_b_nocolMat
[2015.04.30-19.50.48:018][252]LogFbx: 16: plank_fence_cMat
[2015.04.30-19.50.48:018][252]LogFbx: 17: plank_fence_c_col_lMat
[2015.04.30-19.50.48:018][252]LogFbx: 18: plank_fence_c_col_rMat
[2015.04.30-19.50.48:018][252]LogFbx: 19: plank_fence_c_cornerMat
[2015.04.30-19.50.48:018][252]LogFbx: 20: plank_fence_c_corner_nocolMat
[2015.04.30-19.50.48:018][252]LogFbx: 21: plank_fence_c_nocolMat
[2015.04.30-19.50.48:018][252]LogFbx: 22: plank_fence_columnMat
[2015.04.30-19.50.48:018][252]LogFbx: == Mapping table:
[2015.04.30-19.50.48:018][252]LogFbx:   sort 0 -> 0
[2015.04.30-19.50.48:018][252]LogFbx:   sort 1 -> 1
[2015.04.30-19.50.48:018][252]LogFbx:   sort 2 -> 2
[2015.04.30-19.50.48:018][252]LogFbx:   sort 3 -> 3
[2015.04.30-19.50.48:018][252]LogFbx:   sort 4 -> 4
[2015.04.30-19.50.48:018][252]LogFbx:   sort 5 -> 5
[2015.04.30-19.50.48:018][252]LogFbx:   sort 6 -> 6
[2015.04.30-19.50.48:018][252]LogFbx:   sort 7 -> 7
[2015.04.30-19.50.48:018][252]LogFbx:   sort 8 -> 8
[2015.04.30-19.50.48:018][252]LogFbx:   sort 9 -> 9
[2015.04.30-19.50.48:018][252]LogFbx:   sort 10 -> 10
[2015.04.30-19.50.48:018][252]LogFbx:   sort 11 -> 11
[2015.04.30-19.50.48:018][252]LogFbx:   sort 12 -> 12
[2015.04.30-19.50.48:018][252]LogFbx:   sort 13 -> 13
[2015.04.30-19.50.48:018][252]LogFbx:   sort 14 -> 14
[2015.04.30-19.50.48:018][252]LogFbx:   sort 15 -> 15
[2015.04.30-19.50.48:018][252]LogFbx:   sort 16 -> 16
[2015.04.30-19.50.48:018][252]LogFbx:   sort 17 -> 17
[2015.04.30-19.50.48:018][252]LogFbx:   sort 18 -> 18
[2015.04.30-19.50.48:018][252]LogFbx:   sort 19 -> 19
[2015.04.30-19.50.48:018][252]LogFbx:   sort 20 -> 20
[2015.04.30-19.50.48:018][252]LogFbx:   sort 21 -> 21
[2015.04.30-19.50.48:018][252]LogFbx:   sort 22 -> 22
[2015.04.30-19.50.48:032][252]LogStaticMesh: Building static mesh plank_fence_with_proxy...
[2015.04.30-19.50.49:344][252]LogStaticMesh: Built static mesh [1313.001221ms] /Game/HorrorAssets/Props/plank_fence_with_proxy.plank_fence_with_proxy
[2015.04.30-19.50.51:753][253]LogFactory: FactoryCreateBinary: Texture with ReimportTextureFactory (0 0 J:/HorrorBase/Content/HorrorAssets/Textures/planks.jpg)
[2015.04.30-19.50.51:826][253]0.000036 seconds to analyze Texture2D /Game/HorrorAssets/Textures/planks.planks

[2015.04.30-19.50.58:625][254]LogSourceControl: RunCommandInternalRaw: 'git status --porcelain --ignored "J:/HorrorBase/Content/HorrorAssets/Props/plank_fence_without_proxy.uasset" "J:/HorrorBase/Content/HorrorAssets/Props/plank_fence_with_proxy.uasset"'
[2015.04.30-19.50.58:895][254]LogSourceControl: RunCommandInternalRaw: ExecProcess ReturnCode=128 OutResults=''
[2015.04.30-19.50.58:895][254]LogSourceControl:Error: RunCommandInternalRaw: ExecProcess ReturnCode=128 OutErrors='fatal: Not a git repository (or any of the parent directories): .git
'
[2015.04.30-19.50.58:896][254]LogSourceControl: RunCommandInternalRaw: 'git status --porcelain --ignored "J:/HorrorBase/Content/HorrorAssets/Textures/planks.uasset"'
[2015.04.30-19.50.59:009][254]LogSourceControl: RunCommandInternalRaw: ExecProcess ReturnCode=128 OutResults=''
[2015.04.30-19.50.59:009][254]LogSourceControl:Error: RunCommandInternalRaw: ExecProcess ReturnCode=128 OutErrors='fatal: Not a git repository (or any of the parent directories): .git
'
[2015.04.30-19.50.59:020][254]SourceControl:Error: Error fatal: Not a git repository (or any of the parent directories): .git
[2015.04.30-19.50.59:020][254]SourceControl:Error: Error fatal: Not a git repository (or any of the parent directories): .git
[2015.04.30-19.50.59:136][254]Cmd: OBJ SAVEPACKAGE PACKAGE="/Game/HorrorAssets/Props/plank_fence_without_proxy" FILE="J:/HorrorBase/Content/HorrorAssets/Props/plank_fence_without_proxy.uasset" SILENT=true
[2015.04.30-19.51.02:009][254]LogSavePackage: Save=2834.583252ms
[2015.04.30-19.51.02:011][254]LogSavePackage: Moving 'J:/HorrorBase/Saved/plank_fence_without_proxy4043E5544154D554D481E793F623271C.tmp' to 'J:/HorrorBase/Content/HorrorAssets/Props/plank_fence_without_proxy.uasset'
[2015.04.30-19.51.02:212][254]LogSourceControl: RunCommandInternalRaw: 'git add "J:/HorrorBase/Content/HorrorAssets/Props/plank_fence_without_proxy.uasset"'
[2015.04.30-19.51.02:331][254]LogSourceControl: RunCommandInternalRaw: ExecProcess ReturnCode=128 OutResults=''
[2015.04.30-19.51.02:331][254]LogSourceControl:Error: RunCommandInternalRaw: ExecProcess ReturnCode=128 OutErrors='fatal: Not a git repository (or any of the parent directories): .git
'
[2015.04.30-19.51.02:331][254]LogSourceControl: RunCommandInternalRaw: 'git status --porcelain --ignored "J:/HorrorBase/Content/HorrorAssets/Props/plank_fence_without_proxy.uasset"'
[2015.04.30-19.51.02:536][254]LogSourceControl: RunCommandInternalRaw: ExecProcess ReturnCode=128 OutResults=''
[2015.04.30-19.51.02:536][254]LogSourceControl:Error: RunCommandInternalRaw: ExecProcess ReturnCode=128 OutErrors='fatal: Not a git repository (or any of the parent directories): .git
'
[2015.04.30-19.51.02:548][254]SourceControl:Error: Error fatal: Not a git repository (or any of the parent directories): .git
[2015.04.30-19.51.02:548][254]SourceControl:Error: Error fatal: Not a git repository (or any of the parent directories): .git
[2015.04.30-19.51.02:601][254]Cmd: OBJ SAVEPACKAGE PACKAGE="/Game/HorrorAssets/Props/plank_fence_with_proxy" FILE="J:/HorrorBase/Content/HorrorAssets/Props/plank_fence_with_proxy.uasset" SILENT=true
[2015.04.30-19.51.03:199][254]LogSavePackage: Save=563.473938ms
[2015.04.30-19.51.03:199][254]LogSavePackage: Moving 'J:/HorrorBase/Saved/plank_fence_with_proxy60A5B35D483CB3B7E2A67A9101885C16.tmp' to 'J:/HorrorBase/Content/HorrorAssets/Props/plank_fence_with_proxy.uasset'
[2015.04.30-19.51.03:295][254]LogSourceControl: RunCommandInternalRaw: 'git add "J:/HorrorBase/Content/HorrorAssets/Props/plank_fence_with_proxy.uasset"'
[2015.04.30-19.51.03:414][254]LogSourceControl: RunCommandInternalRaw: ExecProcess ReturnCode=128 OutResults=''
[2015.04.30-19.51.03:414][254]LogSourceControl:Error: RunCommandInternalRaw: ExecProcess ReturnCode=128 OutErrors='fatal: Not a git repository (or any of the parent directories): .git
'
[2015.04.30-19.51.03:414][254]LogSourceControl: RunCommandInternalRaw: 'git status --porcelain --ignored "J:/HorrorBase/Content/HorrorAssets/Props/plank_fence_with_proxy.uasset"'
[2015.04.30-19.51.03:628][254]LogSourceControl: RunCommandInternalRaw: ExecProcess ReturnCode=128 OutResults=''
[2015.04.30-19.51.03:659][254]LogSourceControl:Error: RunCommandInternalRaw: ExecProcess ReturnCode=128 OutErrors='fatal: Not a git repository (or any of the parent directories): .git
'
[2015.04.30-19.51.03:659][254]SourceControl:Error: Error fatal: Not a git repository (or any of the parent directories): .git
[2015.04.30-19.51.03:659][254]SourceControl:Error: Error fatal: Not a git repository (or any of the parent directories): .git
[2015.04.30-19.51.03:697][254]Cmd: OBJ SAVEPACKAGE PACKAGE="/Game/HorrorAssets/Textures/planks" FILE="J:/HorrorBase/Content/HorrorAssets/Textures/planks.uasset" SILENT=true
[2015.04.30-19.51.06:465][254]LogSavePackage: Save=2675.080322ms
[2015.04.30-19.51.06:465][254]LogSavePackage: Moving 'J:/HorrorBase/Saved/planks511949BF45154B10D4025F9F674B633A.tmp' to 'J:/HorrorBase/Content/HorrorAssets/Textures/planks.uasset'
[2015.04.30-19.51.06:555][254]LogSourceControl: RunCommandInternalRaw: 'git add "J:/HorrorBase/Content/HorrorAssets/Textures/planks.uasset"'
[2015.04.30-19.51.06:667][254]LogSourceControl: RunCommandInternalRaw: ExecProcess ReturnCode=128 OutResults=''
[2015.04.30-19.51.06:667][254]LogSourceControl:Error: RunCommandInternalRaw: ExecProcess ReturnCode=128 OutErrors='fatal: Not a git repository (or any of the parent directories): .git
'
[2015.04.30-19.51.06:667][254]LogSourceControl: RunCommandInternalRaw: 'git status --porcelain --ignored "J:/HorrorBase/Content/HorrorAssets/Textures/planks.uasset"'
[2015.04.30-19.51.06:882][254]LogSourceControl: RunCommandInternalRaw: ExecProcess ReturnCode=128 OutResults=''
[2015.04.30-19.51.06:882][254]LogSourceControl:Error: RunCommandInternalRaw: ExecProcess ReturnCode=128 OutErrors='fatal: Not a git repository (or any of the parent directories): .git
'
[2015.04.30-19.51.06:882][254]SourceControl:Error: Error fatal: Not a git repository (or any of the parent directories): .git
[2015.04.30-19.51.06:882][254]SourceControl:Error: Error fatal: Not a git repository (or any of the parent directories): .git
[2015.04.30-19.51.06:918][255]LogSourceControl: RunCommandInternalRaw: 'git status --porcelain --ignored "J:/HorrorBase/Content/HorrorAssets/Props/plank_fence_without_proxy.uasset" "J:/HorrorBase/Content/HorrorAssets/Props/plank_fence_with_proxy.uasset"'
[2015.04.30-19.51.06:919][255]AssetReimport: Info Creating new asset /Game/HorrorAssets/Props/plank_fence_without_proxy.
[2015.04.30-19.51.06:919][255]AssetReimport: Info Creating new asset /Game/HorrorAssets/Props/plank_fence_with_proxy.
[2015.04.30-19.51.06:919][255]AssetReimport: Info Creating new asset /Game/HorrorAssets/Textures/planks.
[2015.04.30-19.51.09:482][255]LogSourceControl: RunCommandInternalRaw: ExecProcess ReturnCode=128 OutResults=''
[2015.04.30-19.51.09:482][255]LogSourceControl:Error: RunCommandInternalRaw: ExecProcess ReturnCode=128 OutErrors='fatal: Not a git repository (or any of the parent directories): .git
'
[2015.04.30-19.51.09:482][255]LogSourceControl: RunCommandInternalRaw: 'git status --porcelain --ignored "J:/HorrorBase/Content/HorrorAssets/Textures/planks.uasset"'
[2015.04.30-19.51.09:482][255]LogSourceControl: RunCommandInternalRaw: ExecProcess ReturnCode=128 OutResults=''
[2015.04.30-19.51.09:482][255]LogSourceControl:Error: RunCommandInternalRaw: ExecProcess ReturnCode=128 OutErrors='fatal: Not a git repository (or any of the parent directories): .git
'
[2015.04.30-19.51.09:482][255]LogActorComponent: UnregisterComponent: (/Engine/Transient.CharMoveComp) Not registered. Aborting.
[2015.04.30-19.51.09:685][255]Cmd: OBJ SAVEPACKAGE PACKAGE="/Game/HorrorAssets/Maps/House" FILE="J:/HorrorBase/Saved/Autosaves/Game/HorrorAssets/Maps/House_Auto1.umap" SILENT=true AUTOSAVING=true KEEPDIRTY=false
[2015.04.30-19.53.13:201][255]LogSavePackage: Save=113226.929688ms
[2015.04.30-19.53.13:201][255]LogSavePackage: Moving 'J:/HorrorBase/Saved/House_Auto1ABEAC78642D3239BAF1AB3AA28E2CFD1.tmp' to 'J:/HorrorBase/Saved/Autosaves/Game/HorrorAssets/Maps/House_Auto1.umap'
[2015.04.30-19.53.15:437][255]LogFileHelpers: Editor autosave (incl. sublevels) for '/Game/HorrorAssets/Maps/House' took 125.952
[2015.04.30-19.53.15:437][255]LogFileHelpers: Editor autosave (incl. sublevels) for all levels took 125.952
[2015.04.30-19.53.15:481][255]OBJ SavePackage: Generating thumbnails for [1] asset(s) in package [/Game/HorrorAssets/Props/plank_fence_aMat] ([1] browsable assets)...
[2015.04.30-19.53.15:517][255]OBJ SavePackage:     Rendered thumbnail for [Material /Game/HorrorAssets/Props/plank_fence_aMat.plank_fence_aMat]
[2015.04.30-19.53.15:517][255]OBJ SavePackage: Finished generating thumbnails for package [/Game/HorrorAssets/Props/plank_fence_aMat]
[2015.04.30-19.53.15:519][255]Cmd: OBJ SAVEPACKAGE PACKAGE="/Game/HorrorAssets/Props/plank_fence_aMat" FILE="J:/HorrorBase/Saved/Autosaves/Game/HorrorAssets/Props/plank_fence_aMat_Auto1.uasset" SILENT=false AUTOSAVING=true
[2015.04.30-19.53.18:139][255]LogSavePackage: Save=425.601990ms
[2015.04.30-19.53.18:140][255]LogSavePackage: Moving 'J:/HorrorBase/Saved/plank_fence_aMat_Auto1FE4F9E28448A4202D06C6F93BED695E0.tmp' to 'J:/HorrorBase/Saved/Autosaves/Game/HorrorAssets/Props/plank_fence_aMat_Auto1.uasset'
[2015.04.30-19.53.20:369][255]OBJ SavePackage: Generating thumbnails for [1] asset(s) in package [/Game/HorrorAssets/Props/plank_fence_a_col_lMat] ([1] browsable assets)...
[2015.04.30-19.53.20:410][255]OBJ SavePackage:     Rendered thumbnail for [Material /Game/HorrorAssets/Props/plank_fence_a_col_lMat.plank_fence_a_col_lMat]
[2015.04.30-19.53.20:410][255]OBJ SavePackage: Finished generating thumbnails for package [/Game/HorrorAssets/Props/plank_fence_a_col_lMat]
[2015.04.30-19.53.20:412][255]Cmd: OBJ SAVEPACKAGE PACKAGE="/Game/HorrorAssets/Props/plank_fence_a_col_lMat" FILE="J:/HorrorBase/Saved/Autosaves/Game/HorrorAssets/Props/plank_fence_a_col_lMat_Auto1.uasset" SILENT=false AUTOSAVING=true
[2015.04.30-19.53.20:907][255]LogSavePackage: Save=462.821198ms
[2015.04.30-19.53.20:907][255]LogSavePackage: Moving 'J:/HorrorBase/Saved/plank_fence_a_col_lMat_Auto1D30D089A4072A265661F8A94E8941EA1.tmp' to 'J:/HorrorBase/Saved/Autosaves/Game/HorrorAssets/Props/plank_fence_a_col_lMat_Auto1.uasset'
[2015.04.30-19.53.20:961][255]OBJ SavePackage: Generating thumbnails for [1] asset(s) in package [/Game/HorrorAssets/Props/plank_fence_a_col_rMat] ([1] browsable assets)...
[2015.04.30-19.53.21:008][255]OBJ SavePackage:     Rendered thumbnail for [Material /Game/HorrorAssets/Props/plank_fence_a_col_rMat.plank_fence_a_col_rMat]
[2015.04.30-19.53.21:008][255]OBJ SavePackage: Finished generating thumbnails for package [/Game/HorrorAssets/Props/plank_fence_a_col_rMat]
[2015.04.30-19.53.21:010][255]Cmd: OBJ SAVEPACKAGE PACKAGE="/Game/HorrorAssets/Props/plank_fence_a_col_rMat" FILE="J:/HorrorBase/Saved/Autosaves/Game/HorrorAssets/Props/plank_fence_a_col_rMat_Auto1.uasset" SILENT=false AUTOSAVING=true
[2015.04.30-19.53.23:644][255]LogSavePackage: Save=2602.682861ms
[2015.04.30-19.53.23:645][255]LogSavePackage: Moving 'J:/HorrorBase/Saved/plank_fence_a_col_rMat_Auto1DB6BF8F44EC990954005ABB77B3049CF.tmp' to 'J:/HorrorBase/Saved/Autosaves/Game/HorrorAssets/Props/plank_fence_a_col_rMat_Auto1.uasset'
[2015.04.30-19.53.23:737][255]OBJ SavePackage: Generating thumbnails for [1] asset(s) in package [/Game/HorrorAssets/Props/plank_fence_a_corner_inMat] ([1] browsable assets)...
[2015.04.30-19.53.23:774][255]OBJ SavePackage:     Rendered thumbnail for [Material /Game/HorrorAssets/Props/plank_fence_a_corner_inMat.plank_fence_a_corner_inMat]
[2015.04.30-19.53.23:774][255]OBJ SavePackage: Finished generating thumbnails for package [/Game/HorrorAssets/Props/plank_fence_a_corner_inMat]
[2015.04.30-19.53.24:275][255]LogSavePackage: Save=467.490631ms
[2015.04.30-19.53.24:275][255]LogSavePackage: Moving 'J:/HorrorBase/Saved/plank_fence_a_corner_inMat_Auto1B98154C043C30B303E626EB8E6CFB8D1.tmp' to 'J:/HorrorBase/Saved/Autosaves/Game/HorrorAssets/Props/plank_fence_a_corner_inMat_Auto1.uasset'
[2015.04.30-19.53.24:326][255]OBJ SavePackage: Generating thumbnails for [1] asset(s) in package [/Game/HorrorAssets/Props/plank_fence_a_corner_in_nocolMat] ([1] browsable assets)...
[2015.04.30-19.53.26:517][255]OBJ SavePackage:     Rendered thumbnail for [Material /Game/HorrorAssets/Props/plank_fence_a_corner_in_nocolMat.plank_fence_a_corner_in_nocolMat]
[2015.04.30-19.53.26:517][255]OBJ SavePackage: Finished generating thumbnails for package [/Game/HorrorAssets/Props/plank_fence_a_corner_in_nocolMat]
[2015.04.30-19.53.26:997][255]LogSavePackage: Save=447.648376ms
[2015.04.30-19.53.26:998][255]LogSavePackage: Moving 'J:/HorrorBase/Saved/plank_fence_a_corner_in_nocolMat_Auto1D7E5674E49BBFD1416F50DB6677365F4.tmp' to 'J:/HorrorBase/Saved/Autosaves/Game/HorrorAssets/Props/plank_fence_a_corner_in_nocolMat_Auto1.uasset'
[2015.04.30-19.53.27:055][255]OBJ SavePackage: Generating thumbnails for [1] asset(s) in package [/Game/HorrorAssets/Props/plank_fence_a_corner_outMat] ([1] browsable assets)...
[2015.04.30-19.53.27:092][255]OBJ SavePackage:     Rendered thumbnail for [Material /Game/HorrorAssets/Props/plank_fence_a_corner_outMat.plank_fence_a_corner_outMat]
[2015.04.30-19.53.27:092][255]OBJ SavePackage: Finished generating thumbnails for package [/Game/HorrorAssets/Props/plank_fence_a_corner_outMat]
[2015.04.30-19.53.27:580][255]LogSavePackage: Save=454.634613ms
[2015.04.30-19.53.27:581][255]LogSavePackage: Moving 'J:/HorrorBase/Saved/plank_fence_a_corner_outMat_Auto14ADDEA0245F3B2F3C205F8BAF69F4FFD.tmp' to 'J:/HorrorBase/Saved/Autosaves/Game/HorrorAssets/Props/plank_fence_a_corner_outMat_Auto1.uasset'
[2015.04.30-19.53.27:635][255]OBJ SavePackage: Generating thumbnails for [1] asset(s) in package [/Game/HorrorAssets/Props/plank_fence_a_corner_out_nocolMat] ([1] browsable assets)...
[2015.04.30-19.53.27:674][255]OBJ SavePackage:     Rendered thumbnail for [Material /Game/HorrorAssets/Props/plank_fence_a_corner_out_nocolMat.plank_fence_a_corner_out_nocolMat]
[2015.04.30-19.53.27:674][255]OBJ SavePackage: Finished generating thumbnails for package [/Game/HorrorAssets/Props/plank_fence_a_corner_out_nocolMat]
[2015.04.30-19.53.28:161][255]LogSavePackage: Save=454.815247ms
[2015.04.30-19.53.28:162][255]LogSavePackage: Moving 'J:/HorrorBase/Saved/plank_fence_a_corner_out_nocolMat_Auto1BDC29A424486A183748D6BAD99F750D7.tmp' to 'J:/HorrorBase/Saved/Autosaves/Game/HorrorAssets/Props/plank_fence_a_corner_out_nocolMat_Auto1.uasset'
[2015.04.30-19.53.28:217][255]OBJ SavePackage: Generating thumbnails for [1] asset(s) in package [/Game/HorrorAssets/Props/plank_fence_a_nocolMat] ([1] browsable assets)...
[2015.04.30-19.53.28:269][255]OBJ SavePackage:     Rendered thumbnail for [Material /Game/HorrorAssets/Props/plank_fence_a_nocolMat.plank_fence_a_nocolMat]
[2015.04.30-19.53.28:269][255]OBJ SavePackage: Finished generating thumbnails for package [/Game/HorrorAssets/Props/plank_fence_a_nocolMat]
[2015.04.30-19.53.28:271][255]Cmd: OBJ SAVEPACKAGE PACKAGE="/Game/HorrorAssets/Props/plank_fence_a_nocolMat" FILE="J:/HorrorBase/Saved/Autosaves/Game/HorrorAssets/Props/plank_fence_a_nocolMat_Auto1.uasset" SILENT=false AUTOSAVING=true
[2015.04.30-19.53.28:747][255]LogSavePackage: Save=444.803680ms
[2015.04.30-19.53.28:747][255]LogSavePackage: Moving 'J:/HorrorBase/Saved/plank_fence_a_nocolMat_Auto10862914E44A9343B3FD267B6B24E9DD8.tmp' to 'J:/HorrorBase/Saved/Autosaves/Game/HorrorAssets/Props/plank_fence_a_nocolMat_Auto1.uasset'
[2015.04.30-19.53.28:801][255]OBJ SavePackage: Generating thumbnails for [1] asset(s) in package [/Game/HorrorAssets/Props/plank_fence_bMat] ([1] browsable assets)...
[2015.04.30-19.53.28:841][255]OBJ SavePackage:     Rendered thumbnail for [Material /Game/HorrorAssets/Props/plank_fence_bMat.plank_fence_bMat]
[2015.04.30-19.53.28:841][255]OBJ SavePackage: Finished generating thumbnails for package [/Game/HorrorAssets/Props/plank_fence_bMat]
[2015.04.30-19.53.28:842][255]Cmd: OBJ SAVEPACKAGE PACKAGE="/Game/HorrorAssets/Props/plank_fence_bMat" FILE="J:/HorrorBase/Saved/Autosaves/Game/HorrorAssets/Props/plank_fence_bMat_Auto1.uasset" SILENT=false AUTOSAVING=true
[2015.04.30-19.53.29:351][255]LogSavePackage: Save=473.722778ms
[2015.04.30-19.53.29:352][255]LogSavePackage: Moving 'J:/HorrorBase/Saved/plank_fence_bMat_Auto1DECAEB094FDBD9B96394D1A2048D623B.tmp' to 'J:/HorrorBase/Saved/Autosaves/Game/HorrorAssets/Props/plank_fence_bMat_Auto1.uasset'
[2015.04.30-19.53.29:409][255]OBJ SavePackage: Generating thumbnails for [1] asset(s) in package [/Game/HorrorAssets/Props/plank_fence_b_col_lMat] ([1] browsable assets)...
[2015.04.30-19.53.29:457][255]OBJ SavePackage:     Rendered thumbnail for [Material /Game/HorrorAssets/Props/plank_fence_b_col_lMat.plank_fence_b_col_lMat]
[2015.04.30-19.53.29:457][255]OBJ SavePackage: Finished generating thumbnails for package [/Game/HorrorAssets/Props/plank_fence_b_col_lMat]
[2015.04.30-19.53.29:459][255]Cmd: OBJ SAVEPACKAGE PACKAGE="/Game/HorrorAssets/Props/plank_fence_b_col_lMat" FILE="J:/HorrorBase/Saved/Autosaves/Game/HorrorAssets/Props/plank_fence_b_col_lMat_Auto1.uasset" SILENT=false AUTOSAVING=true
[2015.04.30-19.53.29:945][255]LogSavePackage: Save=453.842163ms
[2015.04.30-19.53.29:946][255]LogSavePackage: Moving 'J:/HorrorBase/Saved/plank_fence_b_col_lMat_Auto18B829FB442DA7FDAC15B208259B3C9A7.tmp' to 'J:/HorrorBase/Saved/Autosaves/Game/HorrorAssets/Props/plank_fence_b_col_lMat_Auto1.uasset'
[2015.04.30-19.53.29:998][255]OBJ SavePackage: Generating thumbnails for [1] asset(s) in package [/Game/HorrorAssets/Props/plank_fence_b_col_rMat] ([1] browsable assets)...
[2015.04.30-19.53.30:041][255]OBJ SavePackage:     Rendered thumbnail for [Material /Game/HorrorAssets/Props/plank_fence_b_col_rMat.plank_fence_b_col_rMat]
[2015.04.30-19.53.30:041][255]OBJ SavePackage: Finished generating thumbnails for package [/Game/HorrorAssets/Props/plank_fence_b_col_rMat]
[2015.04.30-19.53.30:042][255]Cmd: OBJ SAVEPACKAGE PACKAGE="/Game/HorrorAssets/Props/plank_fence_b_col_rMat" FILE="J:/HorrorBase/Saved/Autosaves/Game/HorrorAssets/Props/plank_fence_b_col_rMat_Auto1.uasset" SILENT=false AUTOSAVING=true
[2015.04.30-19.53.30:560][255]LogSavePackage: Save=487.240417ms
[2015.04.30-19.53.30:561][255]LogSavePackage: Moving 'J:/HorrorBase/Saved/plank_fence_b_col_rMat_Auto19C8440A34AEBC147DC65CD88724B5AFA.tmp' to 'J:/HorrorBase/Saved/Autosaves/Game/HorrorAssets/Props/plank_fence_b_col_rMat_Auto1.uasset'
[2015.04.30-19.53.30:616][255]OBJ SavePackage: Generating thumbnails for [1] asset(s) in package [/Game/HorrorAssets/Props/plank_fence_b_corner_inMat] ([1] browsable assets)...
[2015.04.30-19.53.30:657][255]OBJ SavePackage:     Rendered thumbnail for [Material /Game/HorrorAssets/Props/plank_fence_b_corner_inMat.plank_fence_b_corner_inMat]
[2015.04.30-19.53.30:657][255]OBJ SavePackage: Finished generating thumbnails for package [/Game/HorrorAssets/Props/plank_fence_b_corner_inMat]
[2015.04.30-19.53.31:134][255]LogSavePackage: Save=443.542999ms
[2015.04.30-19.53.31:134][255]LogSavePackage: Moving 'J:/HorrorBase/Saved/plank_fence_b_corner_inMat_Auto15F44D5B3460E6D707893EA935019B144.tmp' to 'J:/HorrorBase/Saved/Autosaves/Game/HorrorAssets/Props/plank_fence_b_corner_inMat_Auto1.uasset'
[2015.04.30-19.53.31:189][255]OBJ SavePackage: Generating thumbnails for [1] asset(s) in package [/Game/HorrorAssets/Props/plank_fence_b_corner_in_nocolMat] ([1] browsable assets)...
[2015.04.30-19.53.31:224][255]OBJ SavePackage:     Rendered thumbnail for [Material /Game/HorrorAssets/Props/plank_fence_b_corner_in_nocolMat.plank_fence_b_corner_in_nocolMat]
[2015.04.30-19.53.31:224][255]OBJ SavePackage: Finished generating thumbnails for package [/Game/HorrorAssets/Props/plank_fence_b_corner_in_nocolMat]
[2015.04.30-19.53.31:713][255]LogSavePackage: Save=455.921143ms
[2015.04.30-19.53.31:714][255]LogSavePackage: Moving 'J:/HorrorBase/Saved/plank_fence_b_corner_in_nocolMat_Auto1C40FFE0E4A1A3A55AD53418CE7909E01.tmp' to 'J:/HorrorBase/Saved/Autosaves/Game/HorrorAssets/Props/plank_fence_b_corner_in_nocolMat_Auto1.uasset'
[2015.04.30-19.53.31:770][255]OBJ SavePackage: Generating thumbnails for [1] asset(s) in package [/Game/HorrorAssets/Props/plank_fence_b_corner_outMat] ([1] browsable assets)...
[2015.04.30-19.53.31:808][255]OBJ SavePackage:     Rendered thumbnail for [Material /Game/HorrorAssets/Props/plank_fence_b_corner_outMat.plank_fence_b_corner_outMat]
[2015.04.30-19.53.31:808][255]OBJ SavePackage: Finished generating thumbnails for package [/Game/HorrorAssets/Props/plank_fence_b_corner_outMat]
[2015.04.30-19.53.32:305][255]LogSavePackage: Save=464.038605ms
[2015.04.30-19.53.32:305][255]LogSavePackage: Moving 'J:/HorrorBase/Saved/plank_fence_b_corner_outMat_Auto1FB68B3B94A20DE40C5F43DAC3234098C.tmp' to 'J:/HorrorBase/Saved/Autosaves/Game/HorrorAssets/Props/plank_fence_b_corner_outMat_Auto1.uasset'
[2015.04.30-19.53.32:358][255]OBJ SavePackage: Generating thumbnails for [1] asset(s) in package [/Game/HorrorAssets/Props/plank_fence_b_corner_out_nocolMat] ([1] browsable assets)...
[2015.04.30-19.53.32:391][255]OBJ SavePackage:     Rendered thumbnail for [Material /Game/HorrorAssets/Props/plank_fence_b_corner_out_nocolMat.plank_fence_b_corner_out_nocolMat]
[2015.04.30-19.53.32:391][255]OBJ SavePackage: Finished generating thumbnails for package [/Game/HorrorAssets/Props/plank_fence_b_corner_out_nocolMat]
[2015.04.30-19.53.32:864][255]LogSavePackage: Save=440.416687ms
[2015.04.30-19.53.32:865][255]LogSavePackage: Moving 'J:/HorrorBase/Saved/plank_fence_b_corner_out_nocolMat_Auto11835F0A4414EBF5DDF6437AA26E62513.tmp' to 'J:/HorrorBase/Saved/Autosaves/Game/HorrorAssets/Props/plank_fence_b_corner_out_nocolMat_Auto1.uasset'
[2015.04.30-19.53.32:918][255]OBJ SavePackage: Generating thumbnails for [1] asset(s) in package [/Game/HorrorAssets/Props/plank_fence_b_nocolMat] ([1] browsable assets)...
[2015.04.30-19.53.32:958][255]OBJ SavePackage:     Rendered thumbnail for [Material /Game/HorrorAssets/Props/plank_fence_b_nocolMat.plank_fence_b_nocolMat]
[2015.04.30-19.53.32:958][255]OBJ SavePackage: Finished generating thumbnails for package [/Game/HorrorAssets/Props/plank_fence_b_nocolMat]
[2015.04.30-19.53.32:959][255]Cmd: OBJ SAVEPACKAGE PACKAGE="/Game/HorrorAssets/Props/plank_fence_b_nocolMat" FILE="J:/HorrorBase/Saved/Autosaves/Game/HorrorAssets/Props/plank_fence_b_nocolMat_Auto1.uasset" SILENT=false AUTOSAVING=true
[2015.04.30-19.53.33:523][255]LogSavePackage: Save=532.728394ms
[2015.04.30-19.53.33:524][255]LogSavePackage: Moving 'J:/HorrorBase/Saved/plank_fence_b_nocolMat_Auto174C7BA70412CDE82B8CD88822C43E9CD.tmp' to 'J:/HorrorBase/Saved/Autosaves/Game/HorrorAssets/Props/plank_fence_b_nocolMat_Auto1.uasset'
[2015.04.30-19.53.33:626][255]OBJ SavePackage: Generating thumbnails for [1] asset(s) in package [/Game/HorrorAssets/Props/plank_fence_cMat] ([1] browsable assets)...
[2015.04.30-19.53.33:684][255]OBJ SavePackage:     Rendered thumbnail for [Material /Game/HorrorAssets/Props/plank_fence_cMat.plank_fence_cMat]
[2015.04.30-19.53.33:684][255]OBJ SavePackage: Finished generating thumbnails for package [/Game/HorrorAssets/Props/plank_fence_cMat]
[2015.04.30-19.53.33:685][255]Cmd: OBJ SAVEPACKAGE PACKAGE="/Game/HorrorAssets/Props/plank_fence_cMat" FILE="J:/HorrorBase/Saved/Autosaves/Game/HorrorAssets/Props/plank_fence_cMat_Auto1.uasset" SILENT=false AUTOSAVING=true
[2015.04.30-19.53.36:149][255]LogSavePackage: Save=2432.483887ms
[2015.04.30-19.53.36:150][255]LogSavePackage: Moving 'J:/HorrorBase/Saved/plank_fence_cMat_Auto1431AC06148605B0C1A9965A6741A9BFB.tmp' to 'J:/HorrorBase/Saved/Autosaves/Game/HorrorAssets/Props/plank_fence_cMat_Auto1.uasset'
[2015.04.30-19.53.36:214][255]OBJ SavePackage: Generating thumbnails for [1] asset(s) in package [/Game/HorrorAssets/Props/plank_fence_c_col_lMat] ([1] browsable assets)...
[2015.04.30-19.53.36:251][255]OBJ SavePackage:     Rendered thumbnail for [Material /Game/HorrorAssets/Props/plank_fence_c_col_lMat.plank_fence_c_col_lMat]
[2015.04.30-19.53.36:251][255]OBJ SavePackage: Finished generating thumbnails for package [/Game/HorrorAssets/Props/plank_fence_c_col_lMat]
[2015.04.30-19.53.36:252][255]Cmd: OBJ SAVEPACKAGE PACKAGE="/Game/HorrorAssets/Props/plank_fence_c_col_lMat" FILE="J:/HorrorBase/Saved/Autosaves/Game/HorrorAssets/Prop