Log file open, 04/28/15 09:04:39
LogInit:Display: Running engine for game: HorrorBase
LogInit: Version: 4.7.6-2513093+++depot+UE4-Releases+4.7
LogInit: API Version: 2455222
LogInit: Compiled (64-bit): Apr 15 2015 12:09:54
LogInit: Compiled with Visual C++: 18.00.21005.01
LogInit: Build Configuration: Development
LogInit: Branch Name: ++depot+UE4-Releases+4.7
LogInit: Command line:  
LogInit: Base directory: F:/Program Files/Epic Games/4.7/Engine/Binaries/Win64/
LogInit: Rocket: 1
[2015.04.28-13.04.39:207][  0]LogTaskGraph: Started task graph with 3 named threads and 4 total threads.
[2015.04.28-13.04.39:259][  0]LogOnline:Warning: No default platform service specified for OnlineSubsystem
[2015.04.28-13.04.39:342][  0]LogInit: Presizing for 0 objects not considered by GC, pre-allocating 0 bytes.
[2015.04.28-13.04.39:470][  0]LogInit: Object subsystem initialized
[2015.04.28-13.04.39:551][  0]LogConsoleResponse:Warning: Skipping Unknown console variable: 'TranslucentSortAxis = (X=0.000000,Y=-1.000000,Z=0.000000)'
[2015.04.28-13.04.39:551][  0]LogConsoleResponse:Warning:   Found in ini file 'D:/Unreal Projects/HorrorBase/Saved/Config/Windows/Engine.ini', in section '[/Script/Engine.RendererSettings]'
[2015.04.28-13.04.39:551][  0]LogConsoleResponse:Warning: Skipping Unknown console variable: 'UIScaleRule = ShortestSide'
[2015.04.28-13.04.39:551][  0]LogConsoleResponse:Warning:   Found in ini file 'D:/Unreal Projects/HorrorBase/Saved/Config/Windows/Engine.ini', in section '[/Script/Engine.RendererSettings]'
[2015.04.28-13.04.39:551][  0]LogConsoleResponse:Warning: Skipping Unknown console variable: 'UIScaleCurve = (EditorCurveData=(Keys=),ExternalCurve=None)'
[2015.04.28-13.04.39:551][  0]LogConsoleResponse:Warning:   Found in ini file 'D:/Unreal Projects/HorrorBase/Saved/Config/Windows/Engine.ini', in section '[/Script/Engine.RendererSettings]'
[2015.04.28-13.04.39:591][  0]LogInit: Selected Device Profile: [Windows]
[2015.04.28-13.04.39:591][  0]LogInit: Applying CVar settings loaded from the selected device profile: [Windows]
[2015.04.28-13.04.39:721][  0]LogInit: Computer: MORDOR
[2015.04.28-13.04.39:721][  0]LogInit: User: Mordor
[2015.04.28-13.04.39:721][  0]LogInit: CPU Page size=4096, Cores=2
[2015.04.28-13.04.39:721][  0]LogInit: High frequency timer resolution =14.318180 MHz
[2015.04.28-13.04.39:721][  0]LogMemory: Memory total: Physical=15.9GB (16GB approx) Virtual=131072.0GB
[2015.04.28-13.04.39:722][  0]LogMemory: Platform Memory Stats for Windows
[2015.04.28-13.04.39:722][  0]LogMemory: Process Physical Memory: 45.91 MB used, 45.91 MB peak
[2015.04.28-13.04.39:722][  0]LogMemory: Process Virtual Memory: 26.31 MB used, 26.31 MB peak
[2015.04.28-13.04.39:722][  0]LogMemory: Physical Memory: 2737.97 MB used, 16285.57 MB total
[2015.04.28-13.04.39:722][  0]LogMemory: Virtual Memory: 291.85 MB used, 134217728.00 MB total
[2015.04.28-13.04.39:798][  0]LogD3D11RHI: Found D3D11 adapter 0: AMD Radeon HD 7800 Series (Feature Level 11_0)
[2015.04.28-13.04.39:798][  0]LogD3D11RHI: Adapter has 2022MB of dedicated video memory, 0MB of dedicated system memory, and 7936MB of shared system memory, 2 output[s]
[2015.04.28-13.04.39:800][  0]LogD3D11RHI: Found D3D11 adapter 1: Microsoft Basic Render Driver (Feature Level 11_0)
[2015.04.28-13.04.39:800][  0]LogD3D11RHI: Adapter has 0MB of dedicated video memory, 0MB of dedicated system memory, and 256MB of shared system memory, 0 output[s]
[2015.04.28-13.04.39:800][  0]LogD3D11RHI: Chosen D3D11 Adapter Id = 0
[2015.04.28-13.04.39:811][  0]LogRHI: Texture pool is 1361 MB (70% of 1945 MB)
[2015.04.28-13.04.39:823][  0]LogD3D11RHI: Async texture creation disabled: no driver support
[2015.04.28-13.04.41:401][  0]LogTextLocalizationManager: The requested culture ('en_US') has no localization data; parent culture's ('en') localization data will be used.
[2015.04.28-13.04.41:553][  0]LogTextLocalizationManager:Warning: Loading localization resources contain conflicting entries for (Namespace:UICommands, Key:Save_ToolTip):
Resource: (F:/Program Files/Epic Games/4.7/Engine/Content/Localization/Editor/en/Editor.locres) Hash: (-29098895) String: (Saves the current level to disk)
Resource: (F:/Program Files/Epic Games/4.7/Engine/Content/Localization/Engine/en/Engine.locres) Hash: (-1280300587) String: (Save selected data to vlog file)
[2015.04.28-13.04.41:553][  0]LogTextLocalizationManager:Warning: Loading localization resources contain conflicting entries for (Namespace:ContentBrowser, Key:ImportAssetToolTip):
Resource: (F:/Program Files/Epic Games/4.7/Engine/Content/Localization/Editor/en/Editor.locres) Hash: (-630476809) String: (Import to {0}...)
Resource: (F:/Program Files/Epic Games/4.7/Engine/Content/Localization/Editor/en/Editor.locres) Hash: (1271782899) String: (Imports an asset from file to this folder.)
[2015.04.28-13.04.41:649][  0]LogContentStreaming: Texture pool size is 0.000000MB
[2015.04.28-13.04.45:783][  0]LogTargetPlatformManager:Display: Building Assets For Windows
[2015.04.28-13.04.46:876][  0]LogTargetPlatformManager:Display: Building Assets For Windows
[2015.04.28-13.04.46:975][  0]LogDerivedDataCache:Display: Max Cache Size: 512 MB
[2015.04.28-13.04.47:154][  0]LogDerivedDataCache: Loaded boot cache 0.18s 39MB C:/Users/jth70_000/AppData/Local/UnrealEngine/4.7/DerivedDataCache/Boot.ddc.
[2015.04.28-13.04.47:154][  0]LogDerivedDataCache:Display: Loaded Boot cache: C:/Users/jth70_000/AppData/Local/UnrealEngine/4.7/DerivedDataCache/Boot.ddc
[2015.04.28-13.04.47:154][  0]LogDerivedDataCache: FDerivedDataBackendGraph:  Pak pak cache file D:/Unreal Projects/HorrorBase/DerivedDataCache/DDC.ddp not found, will not use a pak cache.
[2015.04.28-13.04.47:154][  0]LogDerivedDataCache: Unable to find inner node Pak for hierarchical cache Hierarchy.
[2015.04.28-13.04.47:336][  0]LogDerivedDataCache:Display: Pak cache opened for reading ../../../Engine/DerivedDataCache/Compressed.ddp.
[2015.04.28-13.04.47:349][  0]LogDerivedDataCache: Using Local data cache path C:/Users/jth70_000/AppData/Local/UnrealEngine/Common/DerivedDataCache: Writable
[2015.04.28-13.04.52:510][  0]LogMeshUtilities: No automatic mesh reduction module available
[2015.04.28-13.04.52:510][  0]LogMeshUtilities: No automatic mesh merging module available
[2015.04.28-13.04.55:255][  0]LogInit: WinSock: version 1.1 (2.2), MaxSocks=32767, MaxUdp=65467
[2015.04.28-13.04.55:591][  0]LogSlate:Warning: Failed to load font data from '../../../Engine/Content/Slate/Fonts/Roboto-Italic.ttf'
[2015.04.28-13.05.04:550][  0]UdpMessaging: Initializing bridge on interface 0.0.0.0:0 to multicast group 230.0.0.1:6666.
[2015.04.28-13.05.05:446][  0]SourceControl: Info Source control is disabled
[2015.04.28-13.05.05:456][  0]SourceControl: Info Source control is disabled
[2015.04.28-13.05.05:456][  0]SourceControl: Info Source control is disabled
[2015.04.28-13.05.05:456][  0]LogSourceControl: RunCommandInternalRaw: 'git version'
[2015.04.28-13.05.05:456][  0]LogSourceControl: RunCommandInternalRaw: ExecProcess ReturnCode=2 OutResults=''
[2015.04.28-13.05.05:470][  0]SourceControl: Info Source control is disabled
[2015.04.28-13.05.06:375][  0]LogObj: 24232 objects as part of root set at end of initial load.
[2015.04.28-13.05.06:375][  0]LogUObjectAllocator: 5137176 out of 0 bytes used by permanent object pool.
[2015.04.28-13.05.07:015][  0]LogEngine: Initializing Engine...
[2015.04.28-13.05.09:686][  0]LogInit: XAudio2 using '1 - LC-19G77A (AMD High Definition Audio Device)' : 2 channels at 48 kHz using 16 bits per sample (channel mask 0x3)
[2015.04.28-13.05.09:720][  0]LogInit: FAudioDevice initialized.
[2015.04.28-13.05.10:170][  0]LogAIModule: Creating AISystem for world NewWorld
[2015.04.28-13.05.10:303][  0]LogDerivedDataCache: Saved boot cache 0.05s 39MB C:/Users/jth70_000/AppData/Local/UnrealEngine/4.7/DerivedDataCache/Boot.ddc.
[2015.04.28-13.05.10:313][  0]LogInit: Texture streaming: Enabled
[2015.04.28-13.05.10:716][  0]LogAnalytics: Creating configured Analytics provider AnalyticsET
[2015.04.28-13.05.10:716][  0]LogAnalytics: ET APIKey = Rocket.Release. APIServer = http://et2.epicgames.com/ET2/. AppVersion = 4.7.6-2513093+++depot+UE4-Releases+4.7
[2015.04.28-13.05.10:716][  0]LogAnalytics: ET APIKey = Rocket.Release. DataRouterUploadURL = https://datarouter-public-service-gamedev.ol.epicgames.net/datarouter/api/v1/public/data. AppVersion = 4.7.6-2513093+++depot+UE4-Releases+4.7
[2015.04.28-13.05.10:717][  0]LogAnalytics: SetUserId e5ecb0694b1793998411e0afa308c2dc|76f5d0457a0c47cfa4e62c1627123b6f|49db0f56-0a03-4ef8-a6b5-aa0624e6ca8a
[2015.04.28-13.05.10:733][  0]LogAnalytics: AnalyticsET::StartSession [Rocket.Release]
[2015.04.28-13.05.10:836][  0]LogInit: Transaction tracking system initialized
[2015.04.28-13.05.11:990][  0]BlueprintLog: New page: Editor Load
[2015.04.28-13.05.12:135][  0]LogAssetRegistry: FAssetRegistry took 0.0134 seconds to start up
[2015.04.28-13.05.12:135][  0]LogDirectoryWatcher:Warning: Failed to begin reading directory changes for ../../../Engine/Plugins/Experimental/CharacterAI/Content/. Error: 0
[2015.04.28-13.05.15:956][  0]LogTargetPlatformManager:Display: Building Assets For Windows
[2015.04.28-13.05.16:353][  0]LogTargetPlatformManager:Display: Building Assets For Windows
[2015.04.28-13.05.17:530][  0]LogSlate:Warning: Failed to load font data from '../../../Engine/Content/Editor/Slate/Fonts/Roboto-Regular.ttf'
[2015.04.28-13.05.17:531][  0]LogSlate:Warning: Failed to load font data from '../../../Engine/Content/Editor/Slate/Fonts/Roboto-Bold.ttf'
[2015.04.28-13.05.17:575][  0]LogConsoleResponse:Display: 
[2015.04.28-13.05.19:580][  0]LogCook:Display: Done creating registry. It took  0.00s.
[2015.04.28-13.05.21:280][  0]SourceControl: Info Source control is disabled
[2015.04.28-13.05.21:325][  0]Cmd: MAP LOAD FILE="D:/Unreal Projects/HorrorBase/Content/FirstPersonBP/Maps/FirstPersonExampleMap.umap" TEMPLATE=0 SHOWPROGRESS=1 FEATURELEVEL=3
[2015.04.28-13.05.21:359][  0]LightingResults: New page: Lighting Build
[2015.04.28-13.05.21:517][  0]MapCheck: New page: Map Check
[2015.04.28-13.05.21:517][  0]LightingResults: New page: Lighting Build
[2015.04.28-13.05.21:690][  0]LogParticles: Destroying 0 GPU particle simulations for FXSystem 0x000000BE7CEBE520
[2015.04.28-13.05.21:856][  0]LogLinker:Warning: Asset '../../../Engine/Content/EngineMeshes/Humanoid.uasset' has been saved with empty engine version. The asset will be loaded but may be incompatible.
[2015.04.28-13.05.24:525][  0]LogEditorServer: Finished looking for orphan Actors (0.000 secs)
[2015.04.28-13.05.24:944][  0]LogAIModule: Creating AISystem for world FirstPersonExampleMap
[2015.04.28-13.05.24:960][  0]Cmd: MAP CHECKDEP
[2015.04.28-13.05.24:970][  0]MapCheck: New page: FirstPersonExampleMap - Apr 28, 2015, 5:05:24 AM
[2015.04.28-13.05.25:061][  0]MapCheck: Info Map check complete: 0 Error(s), 0 Warning(s), took 101.609ms to complete.
[2015.04.28-13.05.25:061][  0]LogFileHelpers: Loading map 'FirstPersonExampleMap' took 3.762
[2015.04.28-13.05.26:326][  0]LogCollectionManager: Loaded 0 collections in 0.001894 seconds
[2015.04.28-13.05.26:337][  0]LogContentBrowser: Native class hierarchy populated in 0.0108 seconds. Added 1696 classes and 261 folders.
[2015.04.28-13.05.26:471][  0]LogContentBrowser: Native class hierarchy updated for 'SceneOutliner' in 0.0017 seconds. Added 1 classes and 2 folders.
[2015.04.28-13.05.27:460][  0]LogCrashTracker: Crashtracker disabled due to settings.
[2015.04.28-13.05.27:517][  0]LogSlate:Warning: Failed to load font data from 'Veranda'
[2015.04.28-13.05.27:566][  0]LogUObjectGlobals:Warning: Failed to find object 'Class None.'
[2015.04.28-13.05.27:633][  0]LogLoad: Full Startup: 55.58 seconds (BP compile: 0.79 seconds)
[2015.04.28-13.05.28:070][  0]LogContentBrowser:Verbose: The content browser source was changed by the sources view to '/Game/HorrorAssets/Maps'
[2015.04.28-13.05.28:522][  0]LogRenderer:Warning: Reallocating scene render targets to support 32x32 (Frame:2).
[2015.04.28-13.05.28:746][  0]LogRenderer:Warning: Reallocating scene render targets to support 824x464 (Frame:3).
[2015.04.28-13.05.29:780][  6]LogAssetRegistry: Asset discovery search completed in 17.6591 seconds
[2015.04.28-13.05.31:159][129]LogContentBrowser:Verbose: The content browser source was changed by the sources view to '/Game/HorrorAssets'
[2015.04.28-13.05.45:170][270]LogSourceControl: RunCommandInternalRaw: 'git version'
[2015.04.28-13.05.45:171][270]LogSourceControl: RunCommandInternalRaw: ExecProcess ReturnCode=2 OutResults=''
[2015.04.28-13.05.51:020][941]SourceControl: Info Source control is disabled
[2015.04.28-13.05.54:092][293]LogSourceControl: RunCommandInternalRaw: 'git version'
[2015.04.28-13.05.54:092][293]LogSourceControl: RunCommandInternalRaw: ExecProcess ReturnCode=2 OutResults=''
[2015.04.28-13.06.15:837][169]Cmd: QUIT_EDITOR
[2015.04.28-13.06.16:178][169]LogExit: Preparing to exit.
[2015.04.28-13.06.16:834][169]LogExit: Editor shut down
[2015.04.28-13.06.16:835][169]LogExit: Transaction tracking system shut down
[2015.04.28-13.06.16:836][169]LogParticles: Destroying 0 GPU particle simulations for FXSystem 0x000000BE76FBFE20
[2015.04.28-13.06.17:147][169]LogParticles: Destroying 0 GPU particle simulations for FXSystem 0x000000BE13536840
[2015.04.28-13.06.17:147][169]LogParticles: Destroying 0 GPU particle simulations for FXSystem 0x000000BE138FEAC0
[2015.04.28-13.06.17:147][169]LogExit: Object subsystem successfully closed.
[2015.04.28-13.06.17:293][169]LogModuleManager: Shutting down and abandoning module CrashTracker (177)
[2015.04.28-13.06.17:293][169]LogModuleManager: Shutting down and abandoning module SuperSearch (176)
[2015.04.28-13.06.17:293][169]LogModuleManager: Shutting down and abandoning module SceneOutliner (175)
[2015.04.28-13.06.17:300][169]LogModuleManager: Shutting down and abandoning module EditorWidgets (174)
[2015.04.28-13.06.17:300][169]LogModuleManager: Shutting down and abandoning module CollectionManager (173)
[2015.04.28-13.06.17:305][169]LogModuleManager: Shutting down and abandoning module StatsViewer (172)
[2015.04.28-13.06.17:314][169]LogModuleManager: Shutting down and abandoning module FoliageEdit (171)
[2015.04.28-13.06.17:314][169]LogModuleManager: Shutting down and abandoning module LandscapeEditor (170)
[2015.04.28-13.06.17:318][169]LogModuleManager: Shutting down and abandoning module MeshPaint (169)
[2015.04.28-13.06.17:318][169]LogModuleManager: Shutting down and abandoning module ActorPickerMode (168)
[2015.04.28-13.06.17:318][169]LogModuleManager: Shutting down and abandoning module GeometryMode (167)
[2015.04.28-13.06.17:318][169]LogModuleManager: Shutting down and abandoning module TextureAlignMode (166)
[2015.04.28-13.06.17:318][169]LogModuleManager: Shutting down and abandoning module BspMode (165)
[2015.04.28-13.06.17:318][169]LogModuleManager: Shutting down and abandoning module PlacementMode (164)
[2015.04.28-13.06.17:318][169]LogModuleManager: Shutting down and abandoning module AutomationWorker (163)
[2015.04.28-13.06.17:318][169]LogModuleManager: Shutting down and abandoning module CharacterAI (162)
[2015.04.28-13.06.17:318][169]LogModuleManager: Shutting down and abandoning module SmartSnapping (161)
[2015.04.28-13.06.17:318][169]LogModuleManager: Shutting down and abandoning module ViewportSnapping (160)
[2015.04.28-13.06.17:318][169]LogModuleManager: Shutting down and abandoning module LogVisualizer (159)
[2015.04.28-13.06.17:318][169]LogModuleManager: Shutting down and abandoning module GameProjectGeneration (158)
[2015.04.28-13.06.17:332][169]LogModuleManager: Shutting down and abandoning module IntroTutorials (157)
[2015.04.28-13.06.17:351][169]LogModuleManager: Shutting down and abandoning module EditorLiveStreaming (156)
[2015.04.28-13.06.17:351][169]LogModuleManager: Shutting down and abandoning module HardwareTargeting (155)
[2015.04.28-13.06.17:351][169]LogModuleManager: Shutting down and abandoning module DeviceProfileEditor (154)
[2015.04.28-13.06.17:351][169]LogModuleManager: Shutting down and abandoning module UndoHistory (153)
[2015.04.28-13.06.17:351][169]LogModuleManager: Shutting down and abandoning module GameplayTagsEditor (152)
[2015.04.28-13.06.17:351][169]LogModuleManager: Shutting down and abandoning module UserFeedback (151)
[2015.04.28-13.06.17:351][169]LogModuleManager: Shutting down and abandoning module XmlParser (150)
[2015.04.28-13.06.17:351][169]LogModuleManager: Shutting down and abandoning module Blutility (149)
[2015.04.28-13.06.17:351][169]LogModuleManager: Shutting down and abandoning module IOSPlatformEditor (148)
[2015.04.28-13.06.17:351][169]LogModuleManager: Shutting down and abandoning module IOSRuntimeSettings (147)
[2015.04.28-13.06.17:351][169]LogModuleManager: Shutting down and abandoning module AndroidDeviceDetection (146)
[2015.04.28-13.06.17:540][169]LogModuleManager: Shutting down and abandoning module AndroidPlatformEditor (145)
[2015.04.28-13.06.17:540][169]LogModuleManager: Shutting down and abandoning module AndroidRuntimeSettings (144)
[2015.04.28-13.06.17:540][169]LogModuleManager: Shutting down and abandoning module ProjectTargetPlatformEditor (143)
[2015.04.28-13.06.17:540][169]LogModuleManager: Shutting down and abandoning module ProjectSettingsViewer (142)
[2015.04.28-13.06.17:540][169]LogModuleManager: Shutting down and abandoning module InputBindingEditor (141)
[2015.04.28-13.06.17:541][169]LogModuleManager: Shutting down and abandoning module EditorSettingsViewer (140)
[2015.04.28-13.06.17:541][169]LogModuleManager: Shutting down and abandoning module SettingsEditor (139)
[2015.04.28-13.06.17:553][169]LogModuleManager: Shutting down and abandoning module ProjectLauncher (138)
[2015.04.28-13.06.17:553][169]LogModuleManager: Shutting down and abandoning module SessionFrontend (137)
[2015.04.28-13.06.17:553][169]LogModuleManager: Shutting down and abandoning module ProfilerClient (136)
[2015.04.28-13.06.17:558][169]LogModuleManager: Shutting down and abandoning module TargetDeviceServices (135)
[2015.04.28-13.06.17:558][169]LogModuleManager: Shutting down and abandoning module DeviceManager (134)
[2015.04.28-13.06.17:558][169]LogModuleManager: Shutting down and abandoning module AutomationController (133)
[2015.04.28-13.06.17:558][169]LogModuleManager: Shutting down and abandoning module AutomationWindow (132)
[2015.04.28-13.06.17:562][169]LogModuleManager: Shutting down and abandoning module Layers (131)
[2015.04.28-13.06.17:588][169]LogModuleManager: Shutting down and abandoning module ComponentVisualizers (130)
[2015.04.28-13.06.17:588][169]LogModuleManager: Shutting down and abandoning module DetailCustomizations (129)
[2015.04.28-13.06.17:588][169]LogModuleManager: Shutting down and abandoning module PackagesDialog (128)
[2015.04.28-13.06.17:603][169]LogModuleManager: Shutting down and abandoning module AssetRegistry (127)
[2015.04.28-13.06.17:666][169]LogModuleManager: Shutting down and abandoning module Persona (126)
[2015.04.28-13.06.17:681][169]LogModuleManager: Shutting down and abandoning module SlateReflector (125)
[2015.04.28-13.06.17:694][169]LogModuleManager: Shutting down and abandoning module LevelEditor (124)
[2015.04.28-13.06.17:695][169]LogModuleManager: Shutting down and abandoning module Kismet (123)
[2015.04.28-13.06.17:695][169]LogModuleManager: Shutting down and abandoning module GraphEditor (122)
[2015.04.28-13.06.17:723][169]LogModuleManager: Shutting down and abandoning module ClassViewer (121)
[2015.04.28-13.06.17:723][169]LogModuleManager: Shutting down and abandoning module Toolbox (120)
[2015.04.28-13.06.17:723][169]LogModuleManager: Shutting down and abandoning module ModuleUI (119)
[2015.04.28-13.06.17:734][169]LogModuleManager: Shutting down and abandoning module MovieSceneTools (118)
[2015.04.28-13.06.17:749][169]LogModuleManager: Shutting down and abandoning module OutputLog (117)
[2015.04.28-13.06.17:749][169]LogModuleManager: Shutting down and abandoning module GammaUI (116)
[2015.04.28-13.06.17:754][169]LogModuleManager: Shutting down and abandoning module Documentation (115)
[2015.04.28-13.06.17:754][169]LogModuleManager: Shutting down and abandoning module GameLiveStreaming (114)
[2015.04.28-13.06.17:754][169]LogModuleManager: Shutting down and abandoning module StreamingPauseRendering (113)
[2015.04.28-13.06.17:754][169]LogModuleManager: Shutting down and abandoning module HTTP (112)
[2015.04.28-13.06.17:754][169]LogModuleManager: Shutting down and abandoning module AnalyticsET (111)
[2015.04.28-13.06.17:754][169]LogModuleManager: Shutting down and abandoning module Analytics (110)
[2015.04.28-13.06.17:754][169]LogModuleManager: Shutting down and abandoning module AITestSuite (109)
[2015.04.28-13.06.17:754][169]LogModuleManager: Shutting down and abandoning module GameplayDebugger (108)
[2015.04.28-13.06.17:754][169]LogModuleManager: Shutting down and abandoning module AIModule (107)
[2015.04.28-13.06.17:754][169]LogModuleManager: Shutting down and abandoning module ProfilerService (106)
[2015.04.28-13.06.17:941][169]LogModuleManager: Shutting down and abandoning module TaskGraph (105)
[2015.04.28-13.06.17:949][169]LogModuleManager: Shutting down and abandoning module SlateRemote (104)
[2015.04.28-13.06.17:949][169]LogModuleManager: Shutting down and abandoning module ScriptEditorPlugin (103)
[2015.04.28-13.06.17:949][169]LogModuleManager: Shutting down and abandoning module CustomMeshComponent (102)
[2015.04.28-13.06.17:949][169]LogModuleManager: Shutting down and abandoning module CableComponent (101)
[2015.04.28-13.06.17:949][169]LogModuleManager: Shutting down and abandoning module MessagingDebugger (100)
[2015.04.28-13.06.17:963][169]LogModuleManager: Shutting down and abandoning module MediaPlayerEditor (99)
[2015.04.28-13.06.17:971][169]LogModuleManager: Shutting down and abandoning module SpeedTreeImporter (98)
[2015.04.28-13.06.17:971][169]LogModuleManager: Shutting down and abandoning module PluginsEditor (97)
[2015.04.28-13.06.17:971][169]LogModuleManager: Shutting down and abandoning module MainFrame (96)
[2015.04.28-13.06.17:971][169]LogModuleManager: Shutting down and abandoning module EpicSurvey (95)
[2015.04.28-13.06.17:971][169]LogModuleManager: Shutting down and abandoning module DesktopPlatform (94)
[2015.04.28-13.06.17:971][169]LogModuleManager: Shutting down and abandoning module DirectoryWatcher (93)
[2015.04.28-13.06.17:971][169]LogModuleManager: Shutting down and abandoning module HotReload (92)
[2015.04.28-13.06.17:971][169]LogModuleManager: Shutting down and abandoning module VisualStudioSourceCodeAccess (91)
[2015.04.28-13.06.17:971][169]LogModuleManager: Shutting down and abandoning module UObjectPlugin (90)
[2015.04.28-13.06.17:971][169]LogModuleManager: Shutting down and abandoning module SubversionSourceControl (89)
[2015.04.28-13.06.17:971][169]LogModuleManager: Shutting down and abandoning module PerforceSourceControl (88)
[2015.04.28-13.06.17:979][169]LogModuleManager: Shutting down and abandoning module SourceControl (87)
[2015.04.28-13.06.17:979][169]LogModuleManager: Shutting down and abandoning module GitSourceControl (86)
[2015.04.28-13.06.17:979][169]LogModuleManager: Shutting down and abandoning module BlankPlugin (85)
[2015.04.28-13.06.17:979][169]LogModuleManager: Shutting down and abandoning module PaperTiledImporter (84)
[2015.04.28-13.06.17:979][169]LogModuleManager: Shutting down and abandoning module PaperJsonImporter (83)
[2015.04.28-13.06.17:979][169]LogModuleManager: Shutting down and abandoning module ContentBrowser (82)
[2015.04.28-13.06.17:979][169]LogModuleManager: Shutting down and abandoning module Paper2DEditor (81)
[2015.04.28-13.06.17:979][169]LogModuleManager: Shutting down and abandoning module ScriptPlugin (80)
[2015.04.28-13.06.17:980][169]LogModuleManager: Shutting down and abandoning module UdpMessaging (79)
[2015.04.28-13.06.18:081][169]LogModuleManager: Shutting down and abandoning module Paper2D (78)
[2015.04.28-13.06.18:081][169]LogModuleManager: Shutting down and abandoning module WindowsMoviePlayer (77)
[2015.04.28-13.06.18:084][169]LogModuleManager: Shutting down and abandoning module Media (76)
[2015.04.28-13.06.18:084][169]LogModuleManager: Shutting down and abandoning module WmfMedia (75)
[2015.04.28-13.06.18:084][169]LogModuleManager: Shutting down and abandoning module OnlineBlueprintSupport (74)
[2015.04.28-13.06.18:084][169]LogModuleManager: Shutting down and abandoning module PropertyEditor (73)
[2015.04.28-13.06.18:084][169]LogModuleManager: Shutting down and abandoning module BehaviorTreeEditor (72)
[2015.04.28-13.06.18:099][169]LogModuleManager: Shutting down and abandoning module FunctionalTesting (71)
[2015.04.28-13.06.18:099][169]LogModuleManager: Shutting down and abandoning module CollisionAnalyzer (70)
[2015.04.28-13.06.18:117][169]LogModuleManager: Shutting down and abandoning module WorkspaceMenuStructure (69)
[2015.04.28-13.06.18:117][169]LogModuleManager: Shutting down and abandoning module MessageLog (68)
[2015.04.28-13.06.18:117][169]LogModuleManager: Shutting down and abandoning module Sequencer (67)
[2015.04.28-13.06.18:125][169]LogModuleManager: Shutting down and abandoning module AssetTools (66)
[2015.04.28-13.06.18:146][169]LogModuleManager: Shutting down and abandoning module UMGEditor (65)
[2015.04.28-13.06.18:154][169]LogModuleManager: Shutting down and abandoning module UMG (64)
[2015.04.28-13.06.18:162][169]LogModuleManager: Shutting down and abandoning module Slate (63)
[2015.04.28-13.06.18:162][169]LogModuleManager: Shutting down and abandoning module EditorStyle (62)
[2015.04.28-13.06.18:165][169]LogModuleManager: Shutting down and abandoning module SessionServices (61)
[2015.04.28-13.06.18:165][169]LogModuleManager: Shutting down and abandoning module SourceCodeAccess (60)
[2015.04.28-13.06.18:165][169]LogModuleManager: Shutting down and abandoning module HeadMountedDisplay (59)
[2015.04.28-13.06.18:165][169]LogModuleManager: Shutting down and abandoning module XAudio2 (58)
[2015.04.28-13.06.18:165][169]LogModuleManager: Shutting down and abandoning module Networking (56)
[2015.04.28-13.06.18:165][169]LogModuleManager: Shutting down and abandoning module Core (55)
[2015.04.28-13.06.18:165][169]LogModuleManager: Shutting down and abandoning module KismetCompiler (54)
[2015.04.28-13.06.18:165][169]LogModuleManager: Shutting down and abandoning module PhysXFormats (53)
[2015.04.28-13.06.18:165][169]LogModuleManager: Shutting down and abandoning module MeshUtilities (52)
[2015.04.28-13.06.18:172][169]LogModuleManager: Shutting down and abandoning module DerivedDataCache (51)
[2015.04.28-13.06.18:500][169]LogDerivedDataCache: Shutdown
[2015.04.28-13.06.18:500][169]LogModuleManager: Shutting down and abandoning module ShaderFormatOpenGL (50)
[2015.04.28-13.06.18:508][169]LogModuleManager: Shutting down and abandoning module ShaderFormatD3D (49)
[2015.04.28-13.06.18:508][169]LogModuleManager: Shutting down and abandoning module MetalShaderFormat (48)
[2015.04.28-13.06.18:526][169]LogModuleManager: Shutting down and abandoning module TextureFormatUncompressed (47)
[2015.04.28-13.06.18:526][169]LogModuleManager: Shutting down and abandoning module TextureFormatPVR (46)
[2015.04.28-13.06.18:526][169]LogModuleManager: Shutting down and abandoning module TextureFormatIntelISPCTexComp (45)
[2015.04.28-13.06.18:527][169]LogModuleManager: Shutting down and abandoning module TextureFormatDXT (44)
[2015.04.28-13.06.18:527][169]LogModuleManager: Shutting down and abandoning module ImageWrapper (43)
[2015.04.28-13.06.18:527][169]LogModuleManager: Shutting down and abandoning module TextureFormatASTC (42)
[2015.04.28-13.06.18:527][169]LogModuleManager: Shutting down and abandoning module TextureFormatAndroid (41)
[2015.04.28-13.06.18:527][169]LogModuleManager: Shutting down and abandoning module AudioFormatOpus (40)
[2015.04.28-13.06.18:527][169]LogModuleManager: Shutting down and abandoning module AudioFormatOgg (39)
[2015.04.28-13.06.18:527][169]LogModuleManager: Shutting down and abandoning module AudioFormatADPCM (38)
[2015.04.28-13.06.18:527][169]LogModuleManager: Shutting down and abandoning module LinuxTargetPlatform (37)
[2015.04.28-13.06.18:527][169]LogModuleManager: Shutting down and abandoning module LinuxServerTargetPlatform (36)
[2015.04.28-13.06.18:527][169]LogModuleManager: Shutting down and abandoning module LinuxNoEditorTargetPlatform (35)
[2015.04.28-13.06.18:527][169]LogModuleManager: Shutting down and abandoning module Messaging (34)
[2015.04.28-13.06.18:527][169]LogModuleManager: Shutting down and abandoning module IOSTargetPlatform (33)
[2015.04.28-13.06.18:527][169]LogModuleManager: Shutting down and abandoning module HTML5TargetPlatform (32)
[2015.04.28-13.06.18:527][169]LogModuleManager: Shutting down and abandoning module Android_PVRTCTargetPlatform (31)
[2015.04.28-13.06.18:527][169]LogModuleManager: Shutting down and abandoning module Android_ETC2TargetPlatform (30)
[2015.04.28-13.06.18:527][169]LogModuleManager: Shutting down and abandoning module Android_ETC1TargetPlatform (29)
[2015.04.28-13.06.18:527][169]LogModuleManager: Shutting down and abandoning module Android_ES31TargetPlatform (28)
[2015.04.28-13.06.18:527][169]LogModuleManager: Shutting down and abandoning module Android_DXTTargetPlatform (27)
[2015.04.28-13.06.18:527][169]LogModuleManager: Shutting down and abandoning module Android_ATCTargetPlatform (26)
[2015.04.28-13.06.18:527][169]LogModuleManager: Shutting down and abandoning module AndroidTargetPlatform (25)
[2015.04.28-13.06.18:527][169]LogModuleManager: Shutting down and abandoning module WindowsTargetPlatform (24)
[2015.04.28-13.06.18:527][169]LogModuleManager: Shutting down and abandoning module WindowsServerTargetPlatform (23)
[2015.04.28-13.06.18:527][169]LogModuleManager: Shutting down and abandoning module WindowsNoEditorTargetPlatform (22)
[2015.04.28-13.06.18:527][169]LogModuleManager: Shutting down and abandoning module WindowsClientTargetPlatform (21)
[2015.04.28-13.06.18:527][169]LogModuleManager: Shutting down and abandoning module TargetPlatform (20)
[2015.04.28-13.06.18:527][169]LogModuleManager: Shutting down and abandoning module InputCore (19)
[2015.04.28-13.06.18:527][169]LogModuleManager: Shutting down and abandoning module Settings (18)
[2015.04.28-13.06.18:527][169]LogModuleManager: Shutting down and abandoning module OnlineSubsystem (16)
[2015.04.28-13.06.18:528][169]LogModuleManager: Shutting down and abandoning module OculusRift (15)
[2015.04.28-13.06.18:528][169]LogModuleManager: Shutting down and abandoning module ExampleDeviceProfileSelector (14)
[2015.04.28-13.06.18:528][169]LogModuleManager: Shutting down and abandoning module TextureCompressor (13)
[2015.04.28-13.06.18:528][169]LogModuleManager: Shutting down and abandoning module ShaderCore (12)
[2015.04.28-13.06.18:528][169]LogModuleManager: Shutting down and abandoning module Landscape (11)
[2015.04.28-13.06.18:528][169]LogModuleManager: Shutting down and abandoning module SlateRHIRenderer (10)
[2015.04.28-13.06.18:542][169]LogModuleManager: Shutting down and abandoning module OpenGLDrv (9)
[2015.04.28-13.06.18:542][169]LogModuleManager: Shutting down and abandoning module D3D11RHI (8)
[2015.04.28-13.06.18:542][169]LogModuleManager: Shutting down and abandoning module Renderer (7)
[2015.04.28-13.06.18:542][169]LogModuleManager: Shutting down and abandoning module Engine (6)
[2015.04.28-13.06.18:542][169]LogModuleManager: Shutting down and abandoning module CoreUObject (5)
[2015.04.28-13.06.18:542][169]LogModuleManager: Shutting down and abandoning module NetworkFile (4)
[2015.04.28-13.06.18:542][169]LogModuleManager: Shutting down and abandoning module StreamingFile (3)
[2015.04.28-13.06.18:542][169]LogModuleManager: Shutting down and abandoning module SandboxFile (2)
[2015.04.28-13.06.18:542][169]LogModuleManager: Shutting down and abandoning module PakFile (1)
[2015.04.28-13.06.18:548][169]LogExit: Exiting.
[2015.04.28-13.06.18:556][169]Log file closed, 04/28/15 09:06:18
