Log file open, 04/28/15 22:10:30
LogInit:Display: Running engine for game: HorrorBase
LogInit: Version: 4.7.6-2513093+++depot+UE4-Releases+4.7
LogInit: API Version: 2455222
LogInit: Compiled (64-bit): Apr 15 2015 12:09:54
LogInit: Compiled with Visual C++: 18.00.21005.01
LogInit: Build Configuration: Development
LogInit: Branch Name: ++depot+UE4-Releases+4.7
LogInit: Command line:  
LogInit: Base directory: F:/Program Files/Epic Games/4.7/Engine/Binaries/Win64/
LogInit: Rocket: 1
[2015.04.29-02.10.30:742][  0]LogTaskGraph: Started task graph with 3 named threads and 4 total threads.
[2015.04.29-02.10.30:792][  0]LogOnline:Warning: No default platform service specified for OnlineSubsystem
[2015.04.29-02.10.30:810][  0]LogInit: Presizing for 0 objects not considered by GC, pre-allocating 0 bytes.
[2015.04.29-02.10.30:821][  0]LogInit: Object subsystem initialized
[2015.04.29-02.10.30:823][  0]LogConsoleResponse:Warning: Skipping Unknown console variable: 'TranslucentSortAxis = (X=0.000000,Y=-1.000000,Z=0.000000)'
[2015.04.29-02.10.30:823][  0]LogConsoleResponse:Warning:   Found in ini file 'D:/Unreal Projects/HorrorBase/Saved/Config/Windows/Engine.ini', in section '[/Script/Engine.RendererSettings]'
[2015.04.29-02.10.30:823][  0]LogConsoleResponse:Warning: Skipping Unknown console variable: 'UIScaleRule = ShortestSide'
[2015.04.29-02.10.30:823][  0]LogConsoleResponse:Warning:   Found in ini file 'D:/Unreal Projects/HorrorBase/Saved/Config/Windows/Engine.ini', in section '[/Script/Engine.RendererSettings]'
[2015.04.29-02.10.30:823][  0]LogConsoleResponse:Warning: Skipping Unknown console variable: 'UIScaleCurve = (EditorCurveData=(Keys=),ExternalCurve=None)'
[2015.04.29-02.10.30:823][  0]LogConsoleResponse:Warning:   Found in ini file 'D:/Unreal Projects/HorrorBase/Saved/Config/Windows/Engine.ini', in section '[/Script/Engine.RendererSettings]'
[2015.04.29-02.10.30:823][  0]LogInit: Selected Device Profile: [Windows]
[2015.04.29-02.10.30:823][  0]LogInit: Applying CVar settings loaded from the selected device profile: [Windows]
[2015.04.29-02.10.30:827][  0]LogInit: Computer: MORDOR
[2015.04.29-02.10.30:827][  0]LogInit: User: Mordor
[2015.04.29-02.10.30:827][  0]LogInit: CPU Page size=4096, Cores=2
[2015.04.29-02.10.30:827][  0]LogInit: High frequency timer resolution =14.318180 MHz
[2015.04.29-02.10.30:827][  0]LogMemory: Memory total: Physical=15.9GB (16GB approx) Virtual=131072.0GB
[2015.04.29-02.10.30:828][  0]LogMemory: Platform Memory Stats for Windows
[2015.04.29-02.10.30:828][  0]LogMemory: Process Physical Memory: 45.94 MB used, 45.94 MB peak
[2015.04.29-02.10.30:828][  0]LogMemory: Process Virtual Memory: 26.32 MB used, 26.32 MB peak
[2015.04.29-02.10.30:828][  0]LogMemory: Physical Memory: 3260.64 MB used, 16285.57 MB total
[2015.04.29-02.10.30:828][  0]LogMemory: Virtual Memory: 291.85 MB used, 134217728.00 MB total
[2015.04.29-02.10.30:841][  0]LogD3D11RHI: Found D3D11 adapter 0: AMD Radeon HD 7800 Series (Feature Level 11_0)
[2015.04.29-02.10.30:841][  0]LogD3D11RHI: Adapter has 2022MB of dedicated video memory, 0MB of dedicated system memory, and 7936MB of shared system memory, 2 output[s]
[2015.04.29-02.10.30:842][  0]LogD3D11RHI: Found D3D11 adapter 1: Microsoft Basic Render Driver (Feature Level 11_0)
[2015.04.29-02.10.30:842][  0]LogD3D11RHI: Adapter has 0MB of dedicated video memory, 0MB of dedicated system memory, and 256MB of shared system memory, 0 output[s]
[2015.04.29-02.10.30:842][  0]LogD3D11RHI: Chosen D3D11 Adapter Id = 0
[2015.04.29-02.10.30:846][  0]LogRHI: Texture pool is 1361 MB (70% of 1945 MB)
[2015.04.29-02.10.30:850][  0]LogD3D11RHI: Async texture creation disabled: no driver support
[2015.04.29-02.10.30:904][  0]LogTextLocalizationManager: The requested culture ('en_US') has no localization data; parent culture's ('en') localization data will be used.
[2015.04.29-02.10.30:958][  0]LogTextLocalizationManager:Warning: Loading localization resources contain conflicting entries for (Namespace:UICommands, Key:Save_ToolTip):
Resource: (F:/Program Files/Epic Games/4.7/Engine/Content/Localization/Editor/en/Editor.locres) Hash: (-29098895) String: (Saves the current level to disk)
Resource: (F:/Program Files/Epic Games/4.7/Engine/Content/Localization/Engine/en/Engine.locres) Hash: (-1280300587) String: (Save selected data to vlog file)
[2015.04.29-02.10.30:958][  0]LogTextLocalizationManager:Warning: Loading localization resources contain conflicting entries for (Namespace:ContentBrowser, Key:ImportAssetToolTip):
Resource: (F:/Program Files/Epic Games/4.7/Engine/Content/Localization/Editor/en/Editor.locres) Hash: (-630476809) String: (Import to {0}...)
Resource: (F:/Program Files/Epic Games/4.7/Engine/Content/Localization/Editor/en/Editor.locres) Hash: (1271782899) String: (Imports an asset from file to this folder.)
[2015.04.29-02.10.31:029][  0]LogContentStreaming: Texture pool size is 0.000000MB
[2015.04.29-02.10.33:254][  0]LogTargetPlatformManager:Display: Building Assets For Windows
[2015.04.29-02.10.33:765][  0]LogTargetPlatformManager:Display: Building Assets For Windows
[2015.04.29-02.10.33:823][  0]LogDerivedDataCache:Display: Max Cache Size: 512 MB
[2015.04.29-02.10.33:878][  0]LogDerivedDataCache: Loaded boot cache 0.05s 39MB C:/Users/jth70_000/AppData/Local/UnrealEngine/4.7/DerivedDataCache/Boot.ddc.
[2015.04.29-02.10.33:878][  0]LogDerivedDataCache:Display: Loaded Boot cache: C:/Users/jth70_000/AppData/Local/UnrealEngine/4.7/DerivedDataCache/Boot.ddc
[2015.04.29-02.10.33:878][  0]LogDerivedDataCache: FDerivedDataBackendGraph:  Pak pak cache file D:/Unreal Projects/HorrorBase/DerivedDataCache/DDC.ddp not found, will not use a pak cache.
[2015.04.29-02.10.33:878][  0]LogDerivedDataCache: Unable to find inner node Pak for hierarchical cache Hierarchy.
[2015.04.29-02.10.33:971][  0]LogDerivedDataCache:Display: Pak cache opened for reading ../../../Engine/DerivedDataCache/Compressed.ddp.
[2015.04.29-02.10.33:983][  0]LogDerivedDataCache: Using Local data cache path C:/Users/jth70_000/AppData/Local/UnrealEngine/Common/DerivedDataCache: Writable
[2015.04.29-02.10.34:273][  0]LogMeshUtilities: No automatic mesh reduction module available
[2015.04.29-02.10.34:273][  0]LogMeshUtilities: No automatic mesh merging module available
[2015.04.29-02.10.34:667][  0]LogInit: WinSock: version 1.1 (2.2), MaxSocks=32767, MaxUdp=65467
[2015.04.29-02.10.34:740][  0]LogSlate:Warning: Failed to load font data from '../../../Engine/Content/Slate/Fonts/Roboto-Italic.ttf'
[2015.04.29-02.10.35:489][  0]UdpMessaging: Initializing bridge on interface 0.0.0.0:0 to multicast group 230.0.0.1:6666.
[2015.04.29-02.10.35:719][  0]SourceControl: Info Source control is disabled
[2015.04.29-02.10.35:719][  0]SourceControl: Info Source control is disabled
[2015.04.29-02.10.35:719][  0]SourceControl: Info Source control is disabled
[2015.04.29-02.10.35:719][  0]LogSourceControl: RunCommandInternalRaw: 'git version'
[2015.04.29-02.10.35:719][  0]LogSourceControl: RunCommandInternalRaw: ExecProcess ReturnCode=2 OutResults=''
[2015.04.29-02.10.35:728][  0]LogSourceControl: RunCommandInternalRaw: 'git version'
[2015.04.29-02.10.35:728][  0]LogSourceControl: RunCommandInternalRaw: ExecProcess ReturnCode=2 OutResults=''
[2015.04.29-02.10.35:902][  0]LogObj: 24232 objects as part of root set at end of initial load.
[2015.04.29-02.10.35:902][  0]LogUObjectAllocator: 5137176 out of 0 bytes used by permanent object pool.
[2015.04.29-02.10.35:987][  0]LogEngine: Initializing Engine...
[2015.04.29-02.10.38:173][  0]LogInit: XAudio2 using '1 - LC-19G77A (AMD High Definition Audio Device)' : 2 channels at 48 kHz using 16 bits per sample (channel mask 0x3)
[2015.04.29-02.10.38:194][  0]LogInit: FAudioDevice initialized.
[2015.04.29-02.10.38:230][  0]LogAIModule: Creating AISystem for world NewWorld
[2015.04.29-02.10.38:261][  0]LogDerivedDataCache: Saved boot cache 0.03s 39MB C:/Users/jth70_000/AppData/Local/UnrealEngine/4.7/DerivedDataCache/Boot.ddc.
[2015.04.29-02.10.38:270][  0]LogInit: Texture streaming: Enabled
[2015.04.29-02.10.38:359][  0]LogAnalytics: Creating configured Analytics provider AnalyticsET
[2015.04.29-02.10.38:359][  0]LogAnalytics: ET APIKey = Rocket.Release. APIServer = http://et2.epicgames.com/ET2/. AppVersion = 4.7.6-2513093+++depot+UE4-Releases+4.7
[2015.04.29-02.10.38:359][  0]LogAnalytics: ET APIKey = Rocket.Release. DataRouterUploadURL = https://datarouter-public-service-gamedev.ol.epicgames.net/datarouter/api/v1/public/data. AppVersion = 4.7.6-2513093+++depot+UE4-Releases+4.7
[2015.04.29-02.10.38:359][  0]LogAnalytics: SetUserId e5ecb0694b1793998411e0afa308c2dc|76f5d0457a0c47cfa4e62c1627123b6f|49db0f56-0a03-4ef8-a6b5-aa0624e6ca8a
[2015.04.29-02.10.38:359][  0]LogAnalytics: AnalyticsET::StartSession [Rocket.Release]
[2015.04.29-02.10.38:379][  0]LogInit: Transaction tracking system initialized
[2015.04.29-02.10.38:545][  0]BlueprintLog: New page: Editor Load
[2015.04.29-02.10.38:579][  0]LogAssetRegistry: FAssetRegistry took 0.0111 seconds to start up
[2015.04.29-02.10.38:579][  0]LogDirectoryWatcher:Warning: Failed to begin reading directory changes for ../../../Engine/Plugins/Experimental/CharacterAI/Content/. Error: 0
[2015.04.29-02.10.39:147][  0]LogTargetPlatformManager:Display: Building Assets For Windows
[2015.04.29-02.10.39:516][  0]LogTargetPlatformManager:Display: Building Assets For Windows
[2015.04.29-02.10.39:795][  0]LogSlate:Warning: Failed to load font data from '../../../Engine/Content/Editor/Slate/Fonts/Roboto-Regular.ttf'
[2015.04.29-02.10.39:795][  0]LogSlate:Warning: Failed to load font data from '../../../Engine/Content/Editor/Slate/Fonts/Roboto-Bold.ttf'
[2015.04.29-02.10.39:799][  0]LogConsoleResponse:Display: 
[2015.04.29-02.10.39:939][  0]LogCook:Display: Done creating registry. It took  0.00s.
[2015.04.29-02.10.40:077][  0]LogSourceControl: RunCommandInternalRaw: 'git version'
[2015.04.29-02.10.40:077][  0]LogSourceControl: RunCommandInternalRaw: ExecProcess ReturnCode=2 OutResults=''
[2015.04.29-02.10.40:078][  0]Cmd: MAP LOAD FILE="D:/Unreal Projects/HorrorBase/Content/HorrorAssets/Maps/House.umap" TEMPLATE=0 SHOWPROGRESS=1 FEATURELEVEL=3
[2015.04.29-02.10.40:078][  0]LightingResults: New page: Lighting Build
[2015.04.29-02.10.40:090][  0]MapCheck: New page: Map Check
[2015.04.29-02.10.40:090][  0]LightingResults: New page: Lighting Build
[2015.04.29-02.10.40:103][  0]LogParticles: Destroying 0 GPU particle simulations for FXSystem 0x00000089C7C4E520
[2015.04.29-02.10.40:566][  0]LogLinker:Warning: Can't find file '/Game/FirstPersonBP/Blueprints/FirstPersonGameMode'
[2015.04.29-02.10.40:566][  0]LogLinker:Warning: Can't find file for asset '/Game/FirstPersonBP/Blueprints/FirstPersonGameMode' while loading D:/Unreal Projects/HorrorBase/Content/HorrorAssets/Maps/House.umap.
[2015.04.29-02.10.40:566][  0]LoadErrors:Error: Error /Game/HorrorAssets/Maps/House : Can't find file for asset. /Game/FirstPersonBP/Blueprints/FirstPersonGameMode
[2015.04.29-02.10.40:907][  0]LogLinker:Warning: Can't find file '/Game/FirstPersonBP/Blueprints/FirstPersonGameMode'
[2015.04.29-02.10.40:907][  0]LogLinker:Warning: Can't find file for asset '/Game/FirstPersonBP/Blueprints/FirstPersonGameMode' while loading D:/Unreal Projects/HorrorBase/Content/HorrorAssets/Maps/House.umap.
[2015.04.29-02.10.40:907][  0]LoadErrors:Error: Error /Game/HorrorAssets/Maps/House : Can't find file for asset. /Game/FirstPersonBP/Blueprints/FirstPersonGameMode
[2015.04.29-02.10.41:115][  0]LogLinker:Warning: Can't find file '/Game/FirstPersonBP/Blueprints/FirstPersonGameMode'
[2015.04.29-02.10.41:115][  0]LoadErrors: Info Failed to load /Game/FirstPersonBP/Blueprints/FirstPersonGameMode.FirstPersonGameMode_C Referenced by WorldSettings_1
[2015.04.29-02.10.41:115][  0]LogLinker:Warning: Can't find file for asset '/Game/FirstPersonBP/Blueprints/FirstPersonGameMode' while loading NULL.
[2015.04.29-02.10.41:115][  0]LoadErrors: Info Failed to load /Game/FirstPersonBP/Blueprints/FirstPersonGameMode.FirstPersonGameMode_C Referenced by WorldSettings_1
[2015.04.29-02.10.41:517][  0]LogEditorServer: Finished looking for orphan Actors (0.000 secs)
[2015.04.29-02.10.41:629][  0]LogAIModule: Creating AISystem for world House
[2015.04.29-02.10.41:629][  0]Cmd: MAP CHECKDEP
[2015.04.29-02.10.41:629][  0]MapCheck: New page: House - Apr 28, 2015, 6:10:41 PM
[2015.04.29-02.10.41:703][  0]MapCheck: Info Map check complete: 0 Error(s), 0 Warning(s), took 73.519ms to complete.
[2015.04.29-02.10.41:703][  0]LogFileHelpers: Loading map 'House' took 1.626
[2015.04.29-02.10.41:866][  0]LogCollectionManager: Loaded 0 collections in 0.001608 seconds
[2015.04.29-02.10.41:876][  0]LogContentBrowser: Native class hierarchy populated in 0.0097 seconds. Added 1696 classes and 261 folders.
[2015.04.29-02.10.41:912][  0]LogContentBrowser: Native class hierarchy updated for 'SceneOutliner' in 0.0014 seconds. Added 1 classes and 2 folders.
[2015.04.29-02.10.41:980][  0]LogCrashTracker: Crashtracker disabled due to settings.
[2015.04.29-02.10.41:981][  0]LogSlate:Warning: Failed to load font data from 'Veranda'
[2015.04.29-02.10.41:986][  0]LogUObjectGlobals:Warning: Failed to find object 'Class None.'
[2015.04.29-02.10.42:014][  0]LogLoad: Full Startup: 12.97 seconds (BP compile: 0.21 seconds)
[2015.04.29-02.10.42:402][  0]LogContentBrowser:Verbose: The content browser source was changed by the sources view to '/Game/HorrorAssets/Blueprints'
[2015.04.29-02.10.42:576][  0]LogRenderer:Warning: Reallocating scene render targets to support 32x32 (Frame:2).
[2015.04.29-02.10.42:686][  0]LogRenderer:Warning: Reallocating scene render targets to support 824x464 (Frame:16).
[2015.04.29-02.10.45:503][  9]LogAssetRegistry: Asset discovery search completed in 6.9345 seconds
[2015.04.29-02.10.58:298][392]LogSlate:Warning: Prevented a slow task dialog from being summoned while a context menu was open
[2015.04.29-02.10.58:299][392]LogLinker:Warning: Can't find file '/Game/FirstPersonBP/Blueprints/FirstPersonHUD'
[2015.04.29-02.10.58:299][392]LogLinker:Warning: Can't find file for asset '/Game/FirstPersonBP/Blueprints/FirstPersonHUD' while loading D:/Unreal Projects/HorrorBase/Content/HorrorAssets/Blueprints/FirstPersonGameMode.uasset.
[2015.04.29-02.10.58:300][392]LoadErrors:Error: Error /Game/HorrorAssets/Blueprints/FirstPersonGameMode : Can't find file for asset. /Game/FirstPersonBP/Blueprints/FirstPersonHUD
[2015.04.29-02.10.58:302][392]LogLinker:Warning: Can't find file '/Game/FirstPersonBP/Character/FirstPerson_AnimBlueprint'
[2015.04.29-02.10.58:302][392]LogLinker:Warning: Can't find file for asset '/Game/FirstPersonBP/Character/FirstPerson_AnimBlueprint' while loading D:/Unreal Projects/HorrorBase/Content/HorrorAssets/Blueprints/FlashlightFPS.uasset.
[2015.04.29-02.10.58:302][392]LoadErrors:Error: Error /Game/HorrorAssets/Blueprints/FlashlightFPS : Can't find file for asset. /Game/FirstPersonBP/Character/FirstPerson_AnimBlueprint
[2015.04.29-02.10.58:303][392]LogLinker:Warning: Can't find file '/Game/FirstPersonBP/Animations/FirstPerson_Fire_Montage'
[2015.04.29-02.10.58:303][392]LogLinker:Warning: Can't find file for asset '/Game/FirstPersonBP/Animations/FirstPerson_Fire_Montage' while loading D:/Unreal Projects/HorrorBase/Content/HorrorAssets/Blueprints/FlashlightFPS.uasset.
[2015.04.29-02.10.58:303][392]LoadErrors:Error: Error /Game/HorrorAssets/Blueprints/FlashlightFPS : Can't find file for asset. /Game/FirstPersonBP/Animations/FirstPerson_Fire_Montage
[2015.04.29-02.10.58:303][392]LogLinker:Warning: Can't find file '/Game/FirstPersonBP/Blueprints/FirstPersonProjectile'
[2015.04.29-02.10.58:303][392]LogLinker:Warning: Can't find file for asset '/Game/FirstPersonBP/Blueprints/FirstPersonProjectile' while loading D:/Unreal Projects/HorrorBase/Content/HorrorAssets/Blueprints/FlashlightFPS.uasset.
[2015.04.29-02.10.58:303][392]LoadErrors:Error: Error /Game/HorrorAssets/Blueprints/FlashlightFPS : Can't find file for asset. /Game/FirstPersonBP/Blueprints/FirstPersonProjectile
[2015.04.29-02.10.58:323][392]LogLinker:Warning: Can't find file '/Game/FirstPersonBP/Animations/FirstPerson_Fire_Montage'
[2015.04.29-02.10.58:323][392]LogLinker:Warning: Can't find file for asset '/Game/FirstPersonBP/Animations/FirstPerson_Fire_Montage' while loading D:/Unreal Projects/HorrorBase/Content/HorrorAssets/Blueprints/FlashlightFPS.uasset.
[2015.04.29-02.10.58:323][392]LogLinker:Warning: Can't find file '/Game/FirstPersonBP/Audio/FirstPerson_WeaponFire'
[2015.04.29-02.10.58:323][392]LogLinker:Warning: Can't find file for asset '/Game/FirstPersonBP/Audio/FirstPerson_WeaponFire' while loading D:/Unreal Projects/HorrorBase/Content/HorrorAssets/Blueprints/FlashlightFPS.uasset.
[2015.04.29-02.10.58:324][392]LoadErrors:Error: Error /Game/HorrorAssets/Blueprints/FlashlightFPS : Can't find file for asset. /Game/FirstPersonBP/Audio/FirstPerson_WeaponFire
[2015.04.29-02.10.58:324][392]LogLinker:Warning: Can't find file '/Game/FirstPersonBP/Blueprints/FirstPersonProjectile'
[2015.04.29-02.10.58:324][392]LogLinker:Warning: Can't find file for asset '/Game/FirstPersonBP/Blueprints/FirstPersonProjectile' while loading D:/Unreal Projects/HorrorBase/Content/HorrorAssets/Blueprints/FlashlightFPS.uasset.
[2015.04.29-02.10.58:324][392]LogLinker:Warning: Can't find file '/Game/FirstPersonBP/Character/FirstPerson_AnimBlueprint'
[2015.04.29-02.10.58:324][392]LogLinker:Warning: Can't find file for asset '/Game/FirstPersonBP/Character/FirstPerson_AnimBlueprint' while loading D:/Unreal Projects/HorrorBase/Content/HorrorAssets/Blueprints/FlashlightFPS.uasset.
[2015.04.29-02.10.58:324][392]LogLinker:Warning: Can't find file '/Game/FirstPersonBP/Character/FirstPerson_SkelMesh'
[2015.04.29-02.10.58:324][392]LogLinker:Warning: Can't find file for asset '/Game/FirstPersonBP/Character/FirstPerson_SkelMesh' while loading D:/Unreal Projects/HorrorBase/Content/HorrorAssets/Blueprints/FlashlightFPS.uasset.
[2015.04.29-02.10.58:325][392]LoadErrors:Error: Error /Game/HorrorAssets/Blueprints/FlashlightFPS : Can't find file for asset. /Game/FirstPersonBP/Character/FirstPerson_SkelMesh
[2015.04.29-02.10.58:326][392]LogLinker:Warning: Can't find file '/Game/FirstPersonBP/Character/FirstPerson_SkelMesh'
[2015.04.29-02.10.58:326][392]LogLinker:Warning: Can't find file for asset '/Game/FirstPersonBP/Character/FirstPerson_SkelMesh' while loading D:/Unreal Projects/HorrorBase/Content/HorrorAssets/Blueprints/FlashlightFPS.uasset.
[2015.04.29-02.10.58:326][392]LogLinker:Warning: Can't find file '/Game/FirstPersonBP/Audio/FirstPerson_WeaponFire'
[2015.04.29-02.10.58:327][392]LogLinker:Warning: Can't find file for asset '/Game/FirstPersonBP/Audio/FirstPerson_WeaponFire' while loading D:/Unreal Projects/HorrorBase/Content/HorrorAssets/Blueprints/FlashlightFPS.uasset.
[2015.04.29-02.10.58:328][392]LogLinker:Warning: Can't find file '/Game/FirstPersonBP/Blueprints/FirstPersonProjectile'
[2015.04.29-02.10.58:328][392]LogLinker:Warning: Can't find file for asset '/Game/FirstPersonBP/Blueprints/FirstPersonProjectile' while loading D:/Unreal Projects/HorrorBase/Content/HorrorAssets/Blueprints/FirstPersonGameMode.uasset.
[2015.04.29-02.10.58:328][392]LoadErrors:Error: Error /Game/HorrorAssets/Blueprints/FirstPersonGameMode : Can't find file for asset. /Game/FirstPersonBP/Blueprints/FirstPersonProjectile
[2015.04.29-02.10.58:328][392]LogLinker:Warning: Can't find file '/Game/FirstPersonBP/Character/FirstPerson_AnimBlueprint'
[2015.04.29-02.10.58:329][392]LogLinker:Warning: Can't find file for asset '/Game/FirstPersonBP/Character/FirstPerson_AnimBlueprint' while loading D:/Unreal Projects/HorrorBase/Content/HorrorAssets/Blueprints/FirstPersonGameMode.uasset.
[2015.04.29-02.10.58:329][392]LoadErrors:Error: Error /Game/HorrorAssets/Blueprints/FirstPersonGameMode : Can't find file for asset. /Game/FirstPersonBP/Character/FirstPerson_AnimBlueprint
[2015.04.29-02.10.58:329][392]LogLinker:Warning: Can't find file '/Game/FirstPersonBP/Animations/FirstPerson_Fire_Montage'
[2015.04.29-02.10.58:329][392]LogLinker:Warning: Can't find file for asset '/Game/FirstPersonBP/Animations/FirstPerson_Fire_Montage' while loading D:/Unreal Projects/HorrorBase/Content/HorrorAssets/Blueprints/FirstPersonGameMode.uasset.
[2015.04.29-02.10.58:329][392]LoadErrors:Error: Error /Game/HorrorAssets/Blueprints/FirstPersonGameMode : Can't find file for asset. /Game/FirstPersonBP/Animations/FirstPerson_Fire_Montage
[2015.04.29-02.10.58:329][392]LogLinker:Warning: Can't find file '/Game/FirstPersonBP/Blueprints/FirstPersonProjectile'
[2015.04.29-02.10.58:330][392]LogLinker:Warning: Can't find file for asset '/Game/FirstPersonBP/Blueprints/FirstPersonProjectile' while loading D:/Unreal Projects/HorrorBase/Content/HorrorAssets/Blueprints/FirstPersonGameMode.uasset.
[2015.04.29-02.10.58:330][392]LogLinker:Warning: Can't find file '/Game/FirstPersonBP/Animations/FirstPerson_Fire_Montage'
[2015.04.29-02.10.58:330][392]LogLinker:Warning: Can't find file for asset '/Game/FirstPersonBP/Animations/FirstPerson_Fire_Montage' while loading D:/Unreal Projects/HorrorBase/Content/HorrorAssets/Blueprints/FirstPersonGameMode.uasset.
[2015.04.29-02.10.58:330][392]LogLinker:Warning: Can't find file '/Game/FirstPersonBP/Audio/FirstPerson_WeaponFire'
[2015.04.29-02.10.58:330][392]LogLinker:Warning: Can't find file for asset '/Game/FirstPersonBP/Audio/FirstPerson_WeaponFire' while loading D:/Unreal Projects/HorrorBase/Content/HorrorAssets/Blueprints/FirstPersonGameMode.uasset.
[2015.04.29-02.10.58:330][392]LoadErrors:Error: Error /Game/HorrorAssets/Blueprints/FirstPersonGameMode : Can't find file for asset. /Game/FirstPersonBP/Audio/FirstPerson_WeaponFire
[2015.04.29-02.10.58:330][392]LogLinker:Warning: Can't find file '/Game/FirstPersonBP/Blueprints/FirstPersonProjectile'
[2015.04.29-02.10.58:331][392]LogLinker:Warning: Can't find file for asset '/Game/FirstPersonBP/Blueprints/FirstPersonProjectile' while loading D:/Unreal Projects/HorrorBase/Content/HorrorAssets/Blueprints/FirstPersonGameMode.uasset.
[2015.04.29-02.10.58:331][392]LogLinker:Warning: Can't find file '/Game/FirstPersonBP/Character/FirstPerson_AnimBlueprint'
[2015.04.29-02.10.58:331][392]LogLinker:Warning: Can't find file for asset '/Game/FirstPersonBP/Character/FirstPerson_AnimBlueprint' while loading D:/Unreal Projects/HorrorBase/Content/HorrorAssets/Blueprints/FirstPersonGameMode.uasset.
[2015.04.29-02.10.58:331][392]LogLinker:Warning: Can't find file '/Game/FirstPersonBP/Character/FirstPerson_SkelMesh'
[2015.04.29-02.10.58:331][392]LogLinker:Warning: Can't find file for asset '/Game/FirstPersonBP/Character/FirstPerson_SkelMesh' while loading D:/Unreal Projects/HorrorBase/Content/HorrorAssets/Blueprints/FirstPersonGameMode.uasset.
[2015.04.29-02.10.58:331][392]LoadErrors:Error: Error /Game/HorrorAssets/Blueprints/FirstPersonGameMode : Can't find file for asset. /Game/FirstPersonBP/Character/FirstPerson_SkelMesh
[2015.04.29-02.10.58:332][392]LogLinker:Warning: Can't find file '/Game/FirstPersonBP/Character/FirstPerson_SkelMesh'
[2015.04.29-02.10.58:332][392]LogLinker:Warning: Can't find file for asset '/Game/FirstPersonBP/Character/FirstPerson_SkelMesh' while loading D:/Unreal Projects/HorrorBase/Content/HorrorAssets/Blueprints/FirstPersonGameMode.uasset.
[2015.04.29-02.10.58:332][392]LogLinker:Warning: Can't find file '/Game/FirstPersonBP/Audio/FirstPerson_WeaponFire'
[2015.04.29-02.10.58:332][392]LogLinker:Warning: Can't find file for asset '/Game/FirstPersonBP/Audio/FirstPerson_WeaponFire' while loading D:/Unreal Projects/HorrorBase/Content/HorrorAssets/Blueprints/FirstPersonGameMode.uasset.
[2015.04.29-02.10.58:345][392]LogLinker:Warning: Can't find file '/Game/FirstPersonBP/Blueprints/FirstPersonProjectile'
[2015.04.29-02.10.58:345][392]LoadErrors: Info Failed to load /Game/FirstPersonBP/Blueprints/FirstPersonProjectile.FirstPersonProjectile_C Referenced by EdGraphPin_5908
[2015.04.29-02.10.58:345][392]LogLinker:Warning: Can't find file for asset '/Game/FirstPersonBP/Blueprints/FirstPersonProjectile' while loading D:/Unreal Projects/HorrorBase/Content/HorrorAssets/Blueprints/FirstPersonGameMode.uasset.
[2015.04.29-02.10.58:345][392]LogLinker:Warning: Can't find file '/Game/FirstPersonBP/Blueprints/FirstPersonProjectile'
[2015.04.29-02.10.58:345][392]LoadErrors: Info Failed to load /Game/FirstPersonBP/Blueprints/FirstPersonProjectile.FirstPersonProjectile_C Referenced by EdGraphPin_5911
[2015.04.29-02.10.58:346][392]LogLinker:Warning: Can't find file for asset '/Game/FirstPersonBP/Blueprints/FirstPersonProjectile' while loading D:/Unreal Projects/HorrorBase/Content/HorrorAssets/Blueprints/FirstPersonGameMode.uasset.
[2015.04.29-02.10.58:348][392]LogLinker:Warning: Can't find file '/Game/FirstPersonBP/Audio/FirstPerson_WeaponFire'
[2015.04.29-02.10.58:348][392]LoadErrors: Info Failed to load /Game/FirstPersonBP/Audio/FirstPerson_WeaponFire.FirstPerson_WeaponFire Referenced by EdGraphPin_5435
[2015.04.29-02.10.58:348][392]LogLinker:Warning: Can't find file for asset '/Game/FirstPersonBP/Audio/FirstPerson_WeaponFire' while loading D:/Unreal Projects/HorrorBase/Content/HorrorAssets/Blueprints/FirstPersonGameMode.uasset.
[2015.04.29-02.10.58:353][392]LogLinker:Warning: Can't find file '/Game/FirstPersonBP/Animations/FirstPerson_Fire_Montage'
[2015.04.29-02.10.58:353][392]LoadErrors: Info Failed to load /Game/FirstPersonBP/Animations/FirstPerson_Fire_Montage.FirstPerson_Fire_Montage Referenced by EdGraphPin_5542
[2015.04.29-02.10.58:353][392]LogLinker:Warning: Can't find file for asset '/Game/FirstPersonBP/Animations/FirstPerson_Fire_Montage' while loading D:/Unreal Projects/HorrorBase/Content/HorrorAssets/Blueprints/FirstPersonGameMode.uasset.
[2015.04.29-02.10.58:358][392]LogLinker:Warning: Can't find file '/Game/FirstPersonBP/Character/FirstPerson_AnimBlueprint'
[2015.04.29-02.10.58:358][392]LoadErrors: Info Failed to load /Game/FirstPersonBP/Character/FirstPerson_AnimBlueprint.FirstPerson_AnimBlueprint_C Referenced by SkeletalMeshComponent_8__FC42DFE8
[2015.04.29-02.10.58:358][392]LogLinker:Warning: Can't find file for asset '/Game/FirstPersonBP/Character/FirstPerson_AnimBlueprint' while loading D:/Unreal Projects/HorrorBase/Content/HorrorAssets/Blueprints/FirstPersonGameMode.uasset.
[2015.04.29-02.10.58:358][392]LogLinker:Warning: Can't find file '/Game/FirstPersonBP/Character/FirstPerson_SkelMesh'
[2015.04.29-02.10.58:359][392]LoadErrors: Info Failed to load /Game/FirstPersonBP/Character/FirstPerson_SkelMesh.FirstPerson_SkelMesh Referenced by SkeletalMeshComponent_8__FC42DFE8
[2015.04.29-02.10.58:359][392]LogLinker:Warning: Can't find file for asset '/Game/FirstPersonBP/Character/FirstPerson_SkelMesh' while loading D:/Unreal Projects/HorrorBase/Content/HorrorAssets/Blueprints/FirstPersonGameMode.uasset.
[2015.04.29-02.10.58:469][392]LogBlueprint:Error: [compiler] Error Spawn node  SpawnActor NONE  must have a class specified.
[2015.04.29-02.10.58:506][392]LogBlueprint:Warning: [compiler] Warning [0029.46] Compile of FlashlightFPS failed. 1 Fatal Issue(s) 0 Warning(s) [in 72 ms]
[2015.04.29-02.10.58:506][392]LogBlueprint:Warning: [compiler] Warning [0029.46] Compile of FlashlightFPS failed. 1 Fatal Issue(s) 1 Warning(s) [in 0 ms]
[2015.04.29-02.10.58:506][392]LogBlueprint:Warning: [compiler] Warning [0029.46] Compile of FlashlightFPS failed. 1 Fatal Issue(s) 2 Warning(s) [in 0 ms]
[2015.04.29-02.10.58:506][392]LogBlueprint:Warning: [compiler] Warning [0029.46] Compile of FlashlightFPS failed. 1 Fatal Issue(s) 3 Warning(s) [in 0 ms]
[2015.04.29-02.10.58:509][392]LogLinker:Warning: Can't find file '/Game/FirstPersonBP/Blueprints/FirstPersonHUD'
[2015.04.29-02.10.58:509][392]LogLinker:Warning: Can't find file for asset '/Game/FirstPersonBP/Blueprints/FirstPersonHUD' while loading D:/Unreal Projects/HorrorBase/Content/HorrorAssets/Blueprints/FirstPersonGameMode.uasset.
[2015.04.29-02.10.58:510][392]LogLinker:Warning: Can't find file '/Game/FirstPersonBP/Blueprints/FirstPersonHUD'
[2015.04.29-02.10.58:510][392]LogLinker:Warning: Can't find file for asset '/Game/FirstPersonBP/Blueprints/FirstPersonHUD' while loading NULL.
[2015.04.29-02.10.58:511][392]LogLinker:Warning: Can't find file '/Game/FirstPersonBP/Blueprints/FirstPersonHUD'
[2015.04.29-02.10.58:511][392]LogLinker:Warning: Can't find file for asset '/Game/FirstPersonBP/Blueprints/FirstPersonHUD' while loading NULL.
[2015.04.29-02.10.58:511][392]LogLinker:Warning: Can't find file '/Game/FirstPersonBP/Blueprints/FirstPersonHUD'
[2015.04.29-02.10.58:511][392]LogLinker:Warning: Can't find file for asset '/Game/FirstPersonBP/Blueprints/FirstPersonHUD' while loading NULL.
[2015.04.29-02.11.01:374][631]LogSlate:Warning: Prevented a slow task dialog from being summoned while a context menu was open
[2015.04.29-02.11.07:946][402]LogPlayLevel: PIE:  No blueprints needed recompiling
[2015.04.29-02.11.12:595][552]BlueprintLog: New page: Compile FlashlightFPS
[2015.04.29-02.11.12:641][552]LogBlueprint:Error: [compiler] Error Spawn node  SpawnActor NONE  must have a class specified.
[2015.04.29-02.11.12:833][552]LogBlueprint:Warning: [compiler] Warning [0043.79] Compile of FlashlightFPS failed. 1 Fatal Issue(s) 0 Warning(s) [in 237 ms]
[2015.04.29-02.11.12:833][552]BlueprintEditorCompileResults:Error: Error Spawn node  SpawnActor NONE  must have a class specified.
[2015.04.29-02.11.12:833][552]BlueprintEditorCompileResults:Warning: Warning [0043.79] Compile of FlashlightFPS failed. 1 Fatal Issue(s) 0 Warning(s) [in 237 ms]
[2015.04.29-02.11.14:211][662]BlueprintLog: New page: Compile FlashlightFPS
[2015.04.29-02.11.14:255][662]LogBlueprint:Error: [compiler] Error Spawn node  SpawnActor NONE  must have a class specified.
[2015.04.29-02.11.14:401][662]LogBlueprint:Warning: [compiler] Warning [0045.36] Compile of FlashlightFPS failed. 1 Fatal Issue(s) 0 Warning(s) [in 189 ms]
[2015.04.29-02.11.14:401][662]BlueprintEditorCompileResults:Error: Error Spawn node  SpawnActor NONE  must have a class specified.
[2015.04.29-02.11.14:401][662]BlueprintEditorCompileResults:Warning: Warning [0045.36] Compile of FlashlightFPS failed. 1 Fatal Issue(s) 0 Warning(s) [in 189 ms]
[2015.04.29-02.11.21:711][219]LogContentBrowser:Verbose: The content browser source was changed by the sources view to 'None'
[2015.04.29-02.11.21:711][219]LogContentBrowser:Verbose: The content browser source was changed by the sources view to '/Game/HorrorAssets/Blueprints'
[2015.04.29-02.11.24:700][482]LogSlate:Warning: Prevented a slow task dialog from being summoned while a context menu was open
[2015.04.29-02.11.32:999][186]LogRenderer:Warning: Reallocating scene render targets to support 840x464 (Frame:126).
[2015.04.29-02.11.33:953][296]LogParticles: Destroying 0 GPU particle simulations for FXSystem 0x00000089D2D71080
[2015.04.29-02.11.34:268][297]Cmd: QUIT_EDITOR
[2015.04.29-02.11.34:477][297]LogExit: Preparing to exit.
[2015.04.29-02.11.35:647][297]LogExit: Editor shut down
[2015.04.29-02.11.35:647][297]LogExit: Transaction tracking system shut down
[2015.04.29-02.11.35:648][297]LogParticles: Destroying 0 GPU particle simulations for FXSystem 0x00000089CBC45940
[2015.04.29-02.11.35:650][297]LogParticles: Destroying 0 GPU particle simulations for FXSystem 0x00000089D2B63240
[2015.04.29-02.11.35:650][297]LogParticles: Destroying 0 GPU particle simulations for FXSystem 0x00000089D42D93A0
[2015.04.29-02.11.35:650][297]LogParticles: Destroying 0 GPU particle simulations for FXSystem 0x00000089D42D9120
[2015.04.29-02.11.35:650][297]LogParticles: Destroying 0 GPU particle simulations for FXSystem 0x00000089D3FF1A80
[2015.04.29-02.11.35:725][297]LogExit: Object subsystem successfully closed.
[2015.04.29-02.11.35:769][297]LogModuleManager: Shutting down and abandoning module ExternalImagePicker (178)
[2015.04.29-02.11.35:769][297]LogModuleManager: Shutting down and abandoning module CrashTracker (177)
[2015.04.29-02.11.35:769][297]LogModuleManager: Shutting down and abandoning module SuperSearch (176)
[2015.04.29-02.11.35:769][297]LogModuleManager: Shutting down and abandoning module SceneOutliner (175)
[2015.04.29-02.11.35:769][297]LogModuleManager: Shutting down and abandoning module EditorWidgets (174)
[2015.04.29-02.11.35:769][297]LogModuleManager: Shutting down and abandoning module CollectionManager (173)
[2015.04.29-02.11.35:769][297]LogModuleManager: Shutting down and abandoning module StatsViewer (172)
[2015.04.29-02.11.35:769][297]LogModuleManager: Shutting down and abandoning module FoliageEdit (171)
[2015.04.29-02.11.35:769][297]LogModuleManager: Shutting down and abandoning module LandscapeEditor (170)
[2015.04.29-02.11.35:769][297]LogModuleManager: Shutting down and abandoning module MeshPaint (169)
[2015.04.29-02.11.35:769][297]LogModuleManager: Shutting down and abandoning module ActorPickerMode (168)
[2015.04.29-02.11.35:769][297]LogModuleManager: Shutting down and abandoning module GeometryMode (167)
[2015.04.29-02.11.35:769][297]LogModuleManager: Shutting down and abandoning module TextureAlignMode (166)
[2015.04.29-02.11.35:769][297]LogModuleManager: Shutting down and abandoning module BspMode (165)
[2015.04.29-02.11.35:770][297]LogModuleManager: Shutting down and abandoning module PlacementMode (164)
[2015.04.29-02.11.35:770][297]LogModuleManager: Shutting down and abandoning module AutomationWorker (163)
[2015.04.29-02.11.35:770][297]LogModuleManager: Shutting down and abandoning module CharacterAI (162)
[2015.04.29-02.11.35:770][297]LogModuleManager: Shutting down and abandoning module SmartSnapping (161)
[2015.04.29-02.11.35:770][297]LogModuleManager: Shutting down and abandoning module ViewportSnapping (160)
[2015.04.29-02.11.35:770][297]LogModuleManager: Shutting down and abandoning module LogVisualizer (159)
[2015.04.29-02.11.35:770][297]LogModuleManager: Shutting down and abandoning module GameProjectGeneration (158)
[2015.04.29-02.11.35:770][297]LogModuleManager: Shutting down and abandoning module IntroTutorials (157)
[2015.04.29-02.11.35:770][297]LogModuleManager: Shutting down and abandoning module EditorLiveStreaming (156)
[2015.04.29-02.11.35:770][297]LogModuleManager: Shutting down and abandoning module HardwareTargeting (155)
[2015.04.29-02.11.35:770][297]LogModuleManager: Shutting down and abandoning module DeviceProfileEditor (154)
[2015.04.29-02.11.35:770][297]LogModuleManager: Shutting down and abandoning module UndoHistory (153)
[2015.04.29-02.11.35:770][297]LogModuleManager: Shutting down and abandoning module GameplayTagsEditor (152)
[2015.04.29-02.11.35:770][297]LogModuleManager: Shutting down and abandoning module UserFeedback (151)
[2015.04.29-02.11.35:770][297]LogModuleManager: Shutting down and abandoning module XmlParser (150)
[2015.04.29-02.11.35:770][297]LogModuleManager: Shutting down and abandoning module Blutility (149)
[2015.04.29-02.11.35:770][297]LogModuleManager: Shutting down and abandoning module IOSPlatformEditor (148)
[2015.04.29-02.11.35:770][297]LogModuleManager: Shutting down and abandoning module IOSRuntimeSettings (147)
[2015.04.29-02.11.35:770][297]LogModuleManager: Shutting down and abandoning module AndroidDeviceDetection (146)
[2015.04.29-02.11.36:603][297]LogModuleManager: Shutting down and abandoning module AndroidPlatformEditor (145)
[2015.04.29-02.11.36:603][297]LogModuleManager: Shutting down and abandoning module AndroidRuntimeSettings (144)
[2015.04.29-02.11.36:603][297]LogModuleManager: Shutting down and abandoning module ProjectTargetPlatformEditor (143)
[2015.04.29-02.11.36:603][297]LogModuleManager: Shutting down and abandoning module ProjectSettingsViewer (142)
[2015.04.29-02.11.36:603][297]LogModuleManager: Shutting down and abandoning module InputBindingEditor (141)
[2015.04.29-02.11.36:604][297]LogModuleManager: Shutting down and abandoning module EditorSettingsViewer (140)
[2015.04.29-02.11.36:604][297]LogModuleManager: Shutting down and abandoning module SettingsEditor (139)
[2015.04.29-02.11.36:604][297]LogModuleManager: Shutting down and abandoning module ProjectLauncher (138)
[2015.04.29-02.11.36:604][297]LogModuleManager: Shutting down and abandoning module SessionFrontend (137)
[2015.04.29-02.11.36:604][297]LogModuleManager: Shutting down and abandoning module ProfilerClient (136)
[2015.04.29-02.11.36:604][297]LogModuleManager: Shutting down and abandoning module TargetDeviceServices (135)
[2015.04.29-02.11.36:604][297]LogModuleManager: Shutting down and abandoning module DeviceManager (134)
[2015.04.29-02.11.36:604][297]LogModuleManager: Shutting down and abandoning module AutomationController (133)
[2015.04.29-02.11.36:604][297]LogModuleManager: Shutting down and abandoning module AutomationWindow (132)
[2015.04.29-02.11.36:604][297]LogModuleManager: Shutting down and abandoning module Layers (131)
[2015.04.29-02.11.36:604][297]LogModuleManager: Shutting down and abandoning module ComponentVisualizers (130)
[2015.04.29-02.11.36:605][297]LogModuleManager: Shutting down and abandoning module DetailCustomizations (129)
[2015.04.29-02.11.36:605][297]LogModuleManager: Shutting down and abandoning module PackagesDialog (128)
[2015.04.29-02.11.36:605][297]LogModuleManager: Shutting down and abandoning module AssetRegistry (127)
[2015.04.29-02.11.36:739][297]LogModuleManager: Shutting down and abandoning module Persona (126)
[2015.04.29-02.11.36:739][297]LogModuleManager: Shutting down and abandoning module SlateReflector (125)
[2015.04.29-02.11.36:739][297]LogModuleManager: Shutting down and abandoning module LevelEditor (124)
[2015.04.29-02.11.36:740][297]LogModuleManager: Shutting down and abandoning module Kismet (123)
[2015.04.29-02.11.36:740][297]LogModuleManager: Shutting down and abandoning module GraphEditor (122)
[2015.04.29-02.11.36:741][297]LogModuleManager: Shutting down and abandoning module ClassViewer (121)
[2015.04.29-02.11.36:741][297]LogModuleManager: Shutting down and abandoning module Toolbox (120)
[2015.04.29-02.11.36:741][297]LogModuleManager: Shutting down and abandoning module ModuleUI (119)
[2015.04.29-02.11.36:741][297]LogModuleManager: Shutting down and abandoning module MovieSceneTools (118)
[2015.04.29-02.11.36:741][297]LogModuleManager: Shutting down and abandoning module OutputLog (117)
[2015.04.29-02.11.36:741][297]LogModuleManager: Shutting down and abandoning module GammaUI (116)
[2015.04.29-02.11.36:741][297]LogModuleManager: Shutting down and abandoning module Documentation (115)
[2015.04.29-02.11.36:741][297]LogModuleManager: Shutting down and abandoning module GameLiveStreaming (114)
[2015.04.29-02.11.36:741][297]LogModuleManager: Shutting down and abandoning module StreamingPauseRendering (113)
[2015.04.29-02.11.36:741][297]LogModuleManager: Shutting down and abandoning module HTTP (112)
[2015.04.29-02.11.36:741][297]LogModuleManager: Shutting down and abandoning module AnalyticsET (111)
[2015.04.29-02.11.36:741][297]LogModuleManager: Shutting down and abandoning module Analytics (110)
[2015.04.29-02.11.36:741][297]LogModuleManager: Shutting down and abandoning module AITestSuite (109)
[2015.04.29-02.11.36:741][297]LogModuleManager: Shutting down and abandoning module GameplayDebugger (108)
[2015.04.29-02.11.36:741][297]LogModuleManager: Shutting down and abandoning module AIModule (107)
[2015.04.29-02.11.36:741][297]LogModuleManager: Shutting down and abandoning module ProfilerService (106)
[2015.04.29-02.11.36:976][297]LogModuleManager: Shutting down and abandoning module TaskGraph (105)
[2015.04.29-02.11.36:976][297]LogModuleManager: Shutting down and abandoning module SlateRemote (104)
[2015.04.29-02.11.36:976][297]LogModuleManager: Shutting down and abandoning module ScriptEditorPlugin (103)
[2015.04.29-02.11.36:976][297]LogModuleManager: Shutting down and abandoning module CustomMeshComponent (102)
[2015.04.29-02.11.36:976][297]LogModuleManager: Shutting down and abandoning module CableComponent (101)
[2015.04.29-02.11.36:976][297]LogModuleManager: Shutting down and abandoning module MessagingDebugger (100)
[2015.04.29-02.11.36:976][297]LogModuleManager: Shutting down and abandoning module MediaPlayerEditor (99)
[2015.04.29-02.11.36:976][297]LogModuleManager: Shutting down and abandoning module SpeedTreeImporter (98)
[2015.04.29-02.11.36:976][297]LogModuleManager: Shutting down and abandoning module PluginsEditor (97)
[2015.04.29-02.11.36:976][297]LogModuleManager: Shutting down and abandoning module MainFrame (96)
[2015.04.29-02.11.36:976][297]LogModuleManager: Shutting down and abandoning module EpicSurvey (95)
[2015.04.29-02.11.36:977][297]LogModuleManager: Shutting down and abandoning module DesktopPlatform (94)
[2015.04.29-02.11.36:977][297]LogModuleManager: Shutting down and abandoning module DirectoryWatcher (93)
[2015.04.29-02.11.36:977][297]LogModuleManager: Shutting down and abandoning module HotReload (92)
[2015.04.29-02.11.36:977][297]LogModuleManager: Shutting down and abandoning module VisualStudioSourceCodeAccess (91)
[2015.04.29-02.11.36:977][297]LogModuleManager: Shutting down and abandoning module UObjectPlugin (90)
[2015.04.29-02.11.36:977][297]LogModuleManager: Shutting down and abandoning module SubversionSourceControl (89)
[2015.04.29-02.11.36:977][297]LogModuleManager: Shutting down and abandoning module PerforceSourceControl (88)
[2015.04.29-02.11.36:977][297]LogModuleManager: Shutting down and abandoning module SourceControl (87)
[2015.04.29-02.11.36:977][297]LogModuleManager: Shutting down and abandoning module GitSourceControl (86)
[2015.04.29-02.11.36:977][297]LogModuleManager: Shutting down and abandoning module BlankPlugin (85)
[2015.04.29-02.11.36:977][297]LogModuleManager: Shutting down and abandoning module PaperTiledImporter (84)
[2015.04.29-02.11.36:977][297]LogModuleManager: Shutting down and abandoning module PaperJsonImporter (83)
[2015.04.29-02.11.36:977][297]LogModuleManager: Shutting down and abandoning module ContentBrowser (82)
[2015.04.29-02.11.36:979][297]LogModuleManager: Shutting down and abandoning module Paper2DEditor (81)
[2015.04.29-02.11.36:980][297]LogModuleManager: Shutting down and abandoning module ScriptPlugin (80)
[2015.04.29-02.11.36:980][297]LogModuleManager: Shutting down and abandoning module UdpMessaging (79)
[2015.04.29-02.11.37:081][297]LogModuleManager: Shutting down and abandoning module Paper2D (78)
[2015.04.29-02.11.37:081][297]LogModuleManager: Shutting down and abandoning module WindowsMoviePlayer (77)
[2015.04.29-02.11.37:088][297]LogModuleManager: Shutting down and abandoning module Media (76)
[2015.04.29-02.11.37:088][297]LogModuleManager: Shutting down and abandoning module WmfMedia (75)
[2015.04.29-02.11.37:089][297]LogModuleManager: Shutting down and abandoning module OnlineBlueprintSupport (74)
[2015.04.29-02.11.37:089][297]LogModuleManager: Shutting down and abandoning module PropertyEditor (73)
[2015.04.29-02.11.37:089][297]LogModuleManager: Shutting down and abandoning module BehaviorTreeEditor (72)
[2015.04.29-02.11.37:089][297]LogModuleManager: Shutting down and abandoning module FunctionalTesting (71)
[2015.04.29-02.11.37:089][297]LogModuleManager: Shutting down and abandoning module CollisionAnalyzer (70)
[2015.04.29-02.11.37:089][297]LogModuleManager: Shutting down and abandoning module WorkspaceMenuStructure (69)
[2015.04.29-02.11.37:089][297]LogModuleManager: Shutting down and abandoning module MessageLog (68)
[2015.04.29-02.11.37:089][297]LogModuleManager: Shutting down and abandoning module Sequencer (67)
[2015.04.29-02.11.37:089][297]LogModuleManager: Shutting down and abandoning module AssetTools (66)
[2015.04.29-02.11.37:089][297]LogModuleManager: Shutting down and abandoning module UMGEditor (65)
[2015.04.29-02.11.37:089][297]LogModuleManager: Shutting down and abandoning module UMG (64)
[2015.04.29-02.11.37:089][297]LogModuleManager: Shutting down and abandoning module Slate (63)
[2015.04.29-02.11.37:089][297]LogModuleManager: Shutting down and abandoning module EditorStyle (62)
[2015.04.29-02.11.37:098][297]LogModuleManager: Shutting down and abandoning module SessionServices (61)
[2015.04.29-02.11.37:098][297]LogModuleManager: Shutting down and abandoning module SourceCodeAccess (60)
[2015.04.29-02.11.37:098][297]LogModuleManager: Shutting down and abandoning module HeadMountedDisplay (59)
[2015.04.29-02.11.37:098][297]LogModuleManager: Shutting down and abandoning module XAudio2 (58)
[2015.04.29-02.11.37:098][297]LogModuleManager: Shutting down and abandoning module Networking (56)
[2015.04.29-02.11.37:098][297]LogModuleManager: Shutting down and abandoning module Core (55)
[2015.04.29-02.11.37:098][297]LogModuleManager: Shutting down and abandoning module KismetCompiler (54)
[2015.04.29-02.11.37:098][297]LogModuleManager: Shutting down and abandoning module PhysXFormats (53)
[2015.04.29-02.11.37:098][297]LogModuleManager: Shutting down and abandoning module MeshUtilities (52)
[2015.04.29-02.11.37:098][297]LogModuleManager: Shutting down and abandoning module DerivedDataCache (51)
[2015.04.29-02.11.37:556][297]LogDerivedDataCache: Shutdown
[2015.04.29-02.11.37:556][297]LogModuleManager: Shutting down and abandoning module ShaderFormatOpenGL (50)
[2015.04.29-02.11.37:556][297]LogModuleManager: Shutting down and abandoning module ShaderFormatD3D (49)
[2015.04.29-02.11.37:556][297]LogModuleManager: Shutting down and abandoning module MetalShaderFormat (48)
[2015.04.29-02.11.37:556][297]LogModuleManager: Shutting down and abandoning module TextureFormatUncompressed (47)
[2015.04.29-02.11.37:556][297]LogModuleManager: Shutting down and abandoning module TextureFormatPVR (46)
[2015.04.29-02.11.37:556][297]LogModuleManager: Shutting down and abandoning module TextureFormatIntelISPCTexComp (45)
[2015.04.29-02.11.37:556][297]LogModuleManager: Shutting down and abandoning module TextureFormatDXT (44)
[2015.04.29-02.11.37:556][297]LogModuleManager: Shutting down and abandoning module ImageWrapper (43)
[2015.04.29-02.11.37:556][297]LogModuleManager: Shutting down and abandoning module TextureFormatASTC (42)
[2015.04.29-02.11.37:556][297]LogModuleManager: Shutting down and abandoning module TextureFormatAndroid (41)
[2015.04.29-02.11.37:557][297]LogModuleManager: Shutting down and abandoning module AudioFormatOpus (40)
[2015.04.29-02.11.37:557][297]LogModuleManager: Shutting down and abandoning module AudioFormatOgg (39)
[2015.04.29-02.11.37:557][297]LogModuleManager: Shutting down and abandoning module AudioFormatADPCM (38)
[2015.04.29-02.11.37:557][297]LogModuleManager: Shutting down and abandoning module LinuxTargetPlatform (37)
[2015.04.29-02.11.37:557][297]LogModuleManager: Shutting down and abandoning module LinuxServerTargetPlatform (36)
[2015.04.29-02.11.37:557][297]LogModuleManager: Shutting down and abandoning module LinuxNoEditorTargetPlatform (35)
[2015.04.29-02.11.37:557][297]LogModuleManager: Shutting down and abandoning module Messaging (34)
[2015.04.29-02.11.37:557][297]LogModuleManager: Shutting down and abandoning module IOSTargetPlatform (33)
[2015.04.29-02.11.37:557][297]LogModuleManager: Shutting down and abandoning module HTML5TargetPlatform (32)
[2015.04.29-02.11.37:557][297]LogModuleManager: Shutting down and abandoning module Android_PVRTCTargetPlatform (31)
[2015.04.29-02.11.37:557][297]LogModuleManager: Shutting down and abandoning module Android_ETC2TargetPlatform (30)
[2015.04.29-02.11.37:557][297]LogModuleManager: Shutting down and abandoning module Android_ETC1TargetPlatform (29)
[2015.04.29-02.11.37:557][297]LogModuleManager: Shutting down and abandoning module Android_ES31TargetPlatform (28)
[2015.04.29-02.11.37:557][297]LogModuleManager: Shutting down and abandoning module Android_DXTTargetPlatform (27)
[2015.04.29-02.11.37:557][297]LogModuleManager: Shutting down and abandoning module Android_ATCTargetPlatform (26)
[2015.04.29-02.11.37:557][297]LogModuleManager: Shutting down and abandoning module AndroidTargetPlatform (25)
[2015.04.29-02.11.37:557][297]LogModuleManager: Shutting down and abandoning module WindowsTargetPlatform (24)
[2015.04.29-02.11.37:557][297]LogModuleManager: Shutting down and abandoning module WindowsServerTargetPlatform (23)
[2015.04.29-02.11.37:557][297]LogModuleManager: Shutting down and abandoning module WindowsNoEditorTargetPlatform (22)
[2015.04.29-02.11.37:557][297]LogModuleManager: Shutting down and abandoning module WindowsClientTargetPlatform (21)
[2015.04.29-02.11.37:557][297]LogModuleManager: Shutting down and abandoning module TargetPlatform (20)
[2015.04.29-02.11.37:557][297]LogModuleManager: Shutting down and abandoning module InputCore (19)
[2015.04.29-02.11.37:557][297]LogModuleManager: Shutting down and abandoning module Settings (18)
[2015.04.29-02.11.37:557][297]LogModuleManager: Shutting down and abandoning module OnlineSubsystem (16)
[2015.04.29-02.11.37:557][297]LogModuleManager: Shutting down and abandoning module OculusRift (15)
[2015.04.29-02.11.37:557][297]LogModuleManager: Shutting down and abandoning module ExampleDeviceProfileSelector (14)
[2015.04.29-02.11.37:557][297]LogModuleManager: Shutting down and abandoning module TextureCompressor (13)
[2015.04.29-02.11.37:558][297]LogModuleManager: Shutting down and abandoning module ShaderCore (12)
[2015.04.29-02.11.37:558][297]LogModuleManager: Shutting down and abandoning module Landscape (11)
[2015.04.29-02.11.37:558][297]LogModuleManager: Shutting down and abandoning module SlateRHIRenderer (10)
[2015.04.29-02.11.37:565][297]LogModuleManager: Shutting down and abandoning module OpenGLDrv (9)
[2015.04.29-02.11.37:565][297]LogModuleManager: Shutting down and abandoning module D3D11RHI (8)
[2015.04.29-02.11.37:565][297]LogModuleManager: Shutting down and abandoning module Renderer (7)
[2015.04.29-02.11.37:565][297]LogModuleManager: Shutting down and abandoning module Engine (6)
[2015.04.29-02.11.37:565][297]LogModuleManager: Shutting down and abandoning module CoreUObject (5)
[2015.04.29-02.11.37:565][297]LogModuleManager: Shutting down and abandoning module NetworkFile (4)
[2015.04.29-02.11.37:565][297]LogModuleManager: Shutting down and abandoning module StreamingFile (3)
[2015.04.29-02.11.37:565][297]LogModuleManager: Shutting down and abandoning module SandboxFile (2)
[2015.04.29-02.11.37:565][297]LogModuleManager: Shutting down and abandoning module PakFile (1)
[2015.04.29-02.11.37:566][297]LogExit: Exiting.
[2015.04.29-02.11.37:599][297]Log file closed, 04/28/15 22:11:37
