Log file open, 04/24/15 18:38:35
LogInit:Display: Running engine for game: HorrorBase
LogInit: Version: 4.7.6-2513093+++depot+UE4-Releases+4.7
LogInit: API Version: 2455222
LogInit: Compiled (64-bit): Apr 15 2015 12:09:54
LogInit: Compiled with Visual C++: 18.00.21005.01
LogInit: Build Configuration: Development
LogInit: Branch Name: ++depot+UE4-Releases+4.7
LogInit: Command line:  
LogInit: Base directory: F:/Program Files/Epic Games/4.7/Engine/Binaries/Win64/
LogInit: Rocket: 1
[2015.04.24-22.38.35:190][  0]LogTaskGraph: Started task graph with 3 named threads and 4 total threads.
[2015.04.24-22.38.35:280][  0]LogOnline:Warning: No default platform service specified for OnlineSubsystem
[2015.04.24-22.38.35:423][  0]LogInit: Presizing for 0 objects not considered by GC, pre-allocating 0 bytes.
[2015.04.24-22.38.35:641][  0]LogInit: Object subsystem initialized
[2015.04.24-22.38.35:765][  0]LogConsoleResponse:Warning: Skipping Unknown console variable: 'TranslucentSortAxis = (X=0.000000,Y=-1.000000,Z=0.000000)'
[2015.04.24-22.38.35:765][  0]LogConsoleResponse:Warning:   Found in ini file 'D:/Unreal Projects/HorrorBase/Saved/Config/Windows/Engine.ini', in section '[/Script/Engine.RendererSettings]'
[2015.04.24-22.38.35:765][  0]LogConsoleResponse:Warning: Skipping Unknown console variable: 'UIScaleRule = ShortestSide'
[2015.04.24-22.38.35:765][  0]LogConsoleResponse:Warning:   Found in ini file 'D:/Unreal Projects/HorrorBase/Saved/Config/Windows/Engine.ini', in section '[/Script/Engine.RendererSettings]'
[2015.04.24-22.38.35:765][  0]LogConsoleResponse:Warning: Skipping Unknown console variable: 'UIScaleCurve = (EditorCurveData=(Keys=),ExternalCurve=None)'
[2015.04.24-22.38.35:765][  0]LogConsoleResponse:Warning:   Found in ini file 'D:/Unreal Projects/HorrorBase/Saved/Config/Windows/Engine.ini', in section '[/Script/Engine.RendererSettings]'
[2015.04.24-22.38.35:806][  0]LogInit: Selected Device Profile: [Windows]
[2015.04.24-22.38.35:806][  0]LogInit: Applying CVar settings loaded from the selected device profile: [Windows]
[2015.04.24-22.38.35:911][  0]LogInit: Computer: MORDOR
[2015.04.24-22.38.35:911][  0]LogInit: User: Mordor
[2015.04.24-22.38.35:911][  0]LogInit: CPU Page size=4096, Cores=2
[2015.04.24-22.38.35:911][  0]LogInit: High frequency timer resolution =14.318180 MHz
[2015.04.24-22.38.35:911][  0]LogMemory: Memory total: Physical=15.9GB (16GB approx) Virtual=131072.0GB
[2015.04.24-22.38.35:912][  0]LogMemory: Platform Memory Stats for Windows
[2015.04.24-22.38.35:912][  0]LogMemory: Process Physical Memory: 45.95 MB used, 45.95 MB peak
[2015.04.24-22.38.35:912][  0]LogMemory: Process Virtual Memory: 26.33 MB used, 26.33 MB peak
[2015.04.24-22.38.35:912][  0]LogMemory: Physical Memory: 4221.15 MB used, 16285.57 MB total
[2015.04.24-22.38.35:912][  0]LogMemory: Virtual Memory: 291.85 MB used, 134217728.00 MB total
[2015.04.24-22.38.36:145][  0]LogD3D11RHI: Found D3D11 adapter 0: AMD Radeon HD 7800 Series (Feature Level 11_0)
[2015.04.24-22.38.36:145][  0]LogD3D11RHI: Adapter has 2022MB of dedicated video memory, 0MB of dedicated system memory, and 7936MB of shared system memory, 2 output[s]
[2015.04.24-22.38.36:149][  0]LogD3D11RHI: Found D3D11 adapter 1: Microsoft Basic Render Driver (Feature Level 11_0)
[2015.04.24-22.38.36:149][  0]LogD3D11RHI: Adapter has 0MB of dedicated video memory, 0MB of dedicated system memory, and 256MB of shared system memory, 0 output[s]
[2015.04.24-22.38.36:149][  0]LogD3D11RHI: Chosen D3D11 Adapter Id = 0
[2015.04.24-22.38.36:174][  0]LogRHI: Texture pool is 1361 MB (70% of 1945 MB)
[2015.04.24-22.38.36:183][  0]LogD3D11RHI: Async texture creation disabled: no driver support
[2015.04.24-22.38.37:805][  0]LogTextLocalizationManager: The requested culture ('en_US') has no localization data; parent culture's ('en') localization data will be used.
[2015.04.24-22.38.38:010][  0]LogTextLocalizationManager:Warning: Loading localization resources contain conflicting entries for (Namespace:UICommands, Key:Save_ToolTip):
Resource: (F:/Program Files/Epic Games/4.7/Engine/Content/Localization/Editor/en/Editor.locres) Hash: (-29098895) String: (Saves the current level to disk)
Resource: (F:/Program Files/Epic Games/4.7/Engine/Content/Localization/Engine/en/Engine.locres) Hash: (-1280300587) String: (Save selected data to vlog file)
[2015.04.24-22.38.38:010][  0]LogTextLocalizationManager:Warning: Loading localization resources contain conflicting entries for (Namespace:ContentBrowser, Key:ImportAssetToolTip):
Resource: (F:/Program Files/Epic Games/4.7/Engine/Content/Localization/Editor/en/Editor.locres) Hash: (-630476809) String: (Import to {0}...)
Resource: (F:/Program Files/Epic Games/4.7/Engine/Content/Localization/Editor/en/Editor.locres) Hash: (1271782899) String: (Imports an asset from file to this folder.)
[2015.04.24-22.38.38:382][  0]LogContentStreaming: Texture pool size is 0.000000MB
[2015.04.24-22.38.44:642][  0]LogTargetPlatformManager:Display: Building Assets For Windows
[2015.04.24-22.38.45:926][  0]LogTargetPlatformManager:Display: Building Assets For Windows
[2015.04.24-22.38.46:144][  0]LogDerivedDataCache:Display: Max Cache Size: 512 MB
[2015.04.24-22.38.46:339][  0]LogDerivedDataCache: Loaded boot cache 0.19s 39MB C:/Users/jth70_000/AppData/Local/UnrealEngine/4.7/DerivedDataCache/Boot.ddc.
[2015.04.24-22.38.46:339][  0]LogDerivedDataCache:Display: Loaded Boot cache: C:/Users/jth70_000/AppData/Local/UnrealEngine/4.7/DerivedDataCache/Boot.ddc
[2015.04.24-22.38.46:340][  0]LogDerivedDataCache: FDerivedDataBackendGraph:  Pak pak cache file D:/Unreal Projects/HorrorBase/DerivedDataCache/DDC.ddp not found, will not use a pak cache.
[2015.04.24-22.38.46:340][  0]LogDerivedDataCache: Unable to find inner node Pak for hierarchical cache Hierarchy.
[2015.04.24-22.38.46:623][  0]LogDerivedDataCache:Display: Pak cache opened for reading ../../../Engine/DerivedDataCache/Compressed.ddp.
[2015.04.24-22.38.46:637][  0]LogDerivedDataCache: Using Local data cache path C:/Users/jth70_000/AppData/Local/UnrealEngine/Common/DerivedDataCache: Writable
[2015.04.24-22.38.58:732][  0]LogMeshUtilities: No automatic mesh reduction module available
[2015.04.24-22.38.58:732][  0]LogMeshUtilities: No automatic mesh merging module available
[2015.04.24-22.39.02:838][  0]LogInit: WinSock: version 1.1 (2.2), MaxSocks=32767, MaxUdp=65467
[2015.04.24-22.39.03:143][  0]LogSlate:Warning: Failed to load font data from '../../../Engine/Content/Slate/Fonts/Roboto-Italic.ttf'
[2015.04.24-22.39.16:303][  0]UdpMessaging: Initializing bridge on interface 0.0.0.0:0 to multicast group 230.0.0.1:6666.
[2015.04.24-22.39.17:315][  0]SourceControl: Info Source control is disabled
[2015.04.24-22.39.17:446][  0]SourceControl: Info Source control is disabled
[2015.04.24-22.39.17:446][  0]SourceControl: Info Source control is disabled
[2015.04.24-22.39.17:446][  0]LogSourceControl: RunCommandInternalRaw: 'git version'
[2015.04.24-22.39.17:446][  0]LogSourceControl: RunCommandInternalRaw: ExecProcess ReturnCode=2 OutResults=''
[2015.04.24-22.39.17:458][  0]SourceControl: Info Source control is disabled
[2015.04.24-22.39.18:701][  0]LogObj: 24232 objects as part of root set at end of initial load.
[2015.04.24-22.39.18:701][  0]LogUObjectAllocator: 5137176 out of 0 bytes used by permanent object pool.
[2015.04.24-22.39.19:421][  0]LogEngine: Initializing Engine...
[2015.04.24-22.39.23:207][  0]LogInit: XAudio2 using '1 - LC-19G77A (AMD High Definition Audio Device)' : 2 channels at 48 kHz using 16 bits per sample (channel mask 0x3)
[2015.04.24-22.39.23:311][  0]LogInit: FAudioDevice initialized.
[2015.04.24-22.39.24:104][  0]LogAIModule: Creating AISystem for world NewWorld
[2015.04.24-22.39.24:244][  0]LogDerivedDataCache: Saved boot cache 0.04s 39MB C:/Users/jth70_000/AppData/Local/UnrealEngine/4.7/DerivedDataCache/Boot.ddc.
[2015.04.24-22.39.24:254][  0]LogInit: Texture streaming: Enabled
[2015.04.24-22.39.24:731][  0]LogAnalytics: Creating configured Analytics provider AnalyticsET
[2015.04.24-22.39.24:731][  0]LogAnalytics: ET APIKey = Rocket.Release. APIServer = http://et2.epicgames.com/ET2/. AppVersion = 4.7.6-2513093+++depot+UE4-Releases+4.7
[2015.04.24-22.39.24:731][  0]LogAnalytics: ET APIKey = Rocket.Release. DataRouterUploadURL = https://datarouter-public-service-gamedev.ol.epicgames.net/datarouter/api/v1/public/data. AppVersion = 4.7.6-2513093+++depot+UE4-Releases+4.7
[2015.04.24-22.39.24:731][  0]LogAnalytics: SetUserId e5ecb0694b1793998411e0afa308c2dc|76f5d0457a0c47cfa4e62c1627123b6f|49db0f56-0a03-4ef8-a6b5-aa0624e6ca8a
[2015.04.24-22.39.24:749][  0]LogAnalytics: AnalyticsET::StartSession [Rocket.Release]
[2015.04.24-22.39.25:131][  0]LogInit: Transaction tracking system initialized
[2015.04.24-22.39.26:413][  0]BlueprintLog: New page: Editor Load
[2015.04.24-22.39.26:882][  0]LogAssetRegistry: FAssetRegistry took 0.0129 seconds to start up
[2015.04.24-22.39.26:882][  0]LogDirectoryWatcher:Warning: Failed to begin reading directory changes for ../../../Engine/Plugins/Experimental/CharacterAI/Content/. Error: 0
[2015.04.24-22.39.33:150][  0]LogTargetPlatformManager:Display: Building Assets For Windows
[2015.04.24-22.39.33:682][  0]LogTargetPlatformManager:Display: Building Assets For Windows
[2015.04.24-22.39.35:185][  0]LogSlate:Warning: Failed to load font data from '../../../Engine/Content/Editor/Slate/Fonts/Roboto-Regular.ttf'
[2015.04.24-22.39.35:185][  0]LogSlate:Warning: Failed to load font data from '../../../Engine/Content/Editor/Slate/Fonts/Roboto-Bold.ttf'
[2015.04.24-22.39.35:275][  0]LogConsoleResponse:Display: 
[2015.04.24-22.39.38:663][  0]LogCook:Display: Done creating registry. It took  0.00s.
[2015.04.24-22.39.41:210][  0]SourceControl: Info Source control is disabled
[2015.04.24-22.39.41:257][  0]Cmd: MAP LOAD FILE="D:/Unreal Projects/HorrorBase/Content/FirstPersonBP/Maps/FirstPersonExampleMap.umap" TEMPLATE=0 SHOWPROGRESS=1 FEATURELEVEL=3
[2015.04.24-22.39.41:323][  0]LightingResults: New page: Lighting Build
[2015.04.24-22.39.41:629][  0]MapCheck: New page: Map Check
[2015.04.24-22.39.41:629][  0]LightingResults: New page: Lighting Build
[2015.04.24-22.39.42:066][  0]LogParticles: Destroying 0 GPU particle simulations for FXSystem 0x000000DF4CB72520
[2015.04.24-22.39.42:409][  0]LogLinker:Warning: Asset '../../../Engine/Content/EngineMeshes/Humanoid.uasset' has been saved with empty engine version. The asset will be loaded but may be incompatible.
[2015.04.24-22.39.46:975][  0]LogEditorServer: Finished looking for orphan Actors (0.000 secs)
[2015.04.24-22.39.47:547][  0]LogAIModule: Creating AISystem for world FirstPersonExampleMap
[2015.04.24-22.39.47:617][  0]Cmd: MAP CHECKDEP
[2015.04.24-22.39.47:626][  0]MapCheck: New page: FirstPersonExampleMap - Apr 24, 2015, 2:39:47 PM
[2015.04.24-22.39.47:760][  0]MapCheck: Info Map check complete: 0 Error(s), 0 Warning(s), took 142.642ms to complete.
[2015.04.24-22.39.47:770][  0]LogFileHelpers: Loading map 'FirstPersonExampleMap' took 6.526
[2015.04.24-22.39.50:420][  0]LogCollectionManager: Loaded 0 collections in 0.001700 seconds
[2015.04.24-22.39.50:433][  0]LogContentBrowser: Native class hierarchy populated in 0.0128 seconds. Added 1696 classes and 261 folders.
[2015.04.24-22.39.50:684][  0]LogContentBrowser: Native class hierarchy updated for 'SceneOutliner' in 0.0015 seconds. Added 1 classes and 2 folders.
[2015.04.24-22.39.51:807][  0]LogCrashTracker: Crashtracker disabled due to settings.
[2015.04.24-22.39.51:893][  0]LogSlate:Warning: Failed to load font data from 'Veranda'
[2015.04.24-22.39.52:130][  0]LogUObjectGlobals:Warning: Failed to find object 'Class None.'
[2015.04.24-22.39.52:214][  0]LogLoad: Full Startup: 87.59 seconds (BP compile: 1.49 seconds)
[2015.04.24-22.39.52:789][  0]LogContentBrowser:Verbose: The content browser source was changed by the sources view to '/Game/HorrorAssets/Maps'
[2015.04.24-22.39.54:253][  0]LogRenderer:Warning: Reallocating scene render targets to support 32x32 (Frame:2).
[2015.04.24-22.39.54:952][  0]LogRenderer:Warning: Reallocating scene render targets to support 824x464 (Frame:3).
[2015.04.24-22.39.57:249][  6]LogAssetRegistry: Asset discovery search completed in 30.3806 seconds
[2015.04.24-22.40.03:999][213]LogTexture:Display: Building textures: HQ_Lightmap0_4 (AutoDXT)
[2015.04.24-22.40.04:079][213]LogTexture:Display: Building textures: HQ_Lightmap0_5 (AutoDXT)
[2015.04.24-22.40.05:080][213]Cmd: MAP LOAD FILE="D:/Unreal Projects/HorrorBase/Content/HorrorAssets/Maps/House.umap" TEMPLATE=0 SHOWPROGRESS=1 FEATURELEVEL=3
[2015.04.24-22.40.05:081][213]LightingResults: New page: Lighting Build
[2015.04.24-22.40.05:141][213]LoadErrors: New page: Loading map: House.umap
[2015.04.24-22.40.05:171][213]MapCheck: New page: Map Check
[2015.04.24-22.40.05:171][213]LightingResults: New page: Lighting Build
[2015.04.24-22.40.05:255][213]LogParticles: Destroying 0 GPU particle simulations for FXSystem 0x000000DF54E7BBA0
[2015.04.24-22.40.05:660][213]LogEditorServer: Finished looking for orphan Actors (0.000 secs)
[2015.04.24-22.40.05:841][213]LogAIModule: Creating AISystem for world House
[2015.04.24-22.40.05:891][213]Cmd: MAP CHECKDEP
[2015.04.24-22.40.05:891][213]MapCheck: New page: House - Apr 24, 2015, 2:40:05 PM
[2015.04.24-22.40.05:980][213]MapCheck: Info Map check complete: 0 Error(s), 0 Warning(s), took 88.877ms to complete.
[2015.04.24-22.40.05:980][213]LogFileHelpers: Loading map 'House' took 0.971
[2015.04.24-22.40.34:410][471]MapCheck: New page: Map Check
[2015.04.24-22.40.34:493][471]Cmd: MAP REBUILD ALLVISIBLE
[2015.04.24-22.40.34:498][471]LogEditorServer: Rebuildmap Clear paths rebuilt
[2015.04.24-22.40.35:853][471]LightingResults: New page: Lighting Build - Apr 24, 2015, 2:40:35 PM
[2015.04.24-22.40.40:631][471]LogStaticLightingSystem: Running Lightmass w/ ImmediateImport mode ENABLED
[2015.04.24-22.40.40:632][471]LogStaticLightingSystem: Running Lightmass w/ ImmediateProcess mode ENABLED
[2015.04.24-22.40.40:632][471]LogStaticLightingSystem: Running Lightmass w/ Sorting mode ENABLED
[2015.04.24-22.40.40:632][471]LogStaticLightingSystem: Running Lightmass w/ Mapping paddings ENABLED
[2015.04.24-22.40.40:632][471]LogStaticLightingSystem: Running Lightmass w/ Mapping debug paddings DISABLED
[2015.04.24-22.40.40:994][471]LogEditorBuildUtils: Build time 0:00:06
[2015.04.24-22.41.22:625][287]Job has failed! Job is closed while Tasks are still PENDING
[2015.04.24-22.41.28:705][972]MapCheck: New page: Map Check
[2015.04.24-22.41.28:738][972]Cmd: MAP REBUILD ALLVISIBLE
[2015.04.24-22.41.28:738][972]LogEditorServer: Rebuildmap Clear paths rebuilt
[2015.04.24-22.41.29:752][972]LightingResults: New page: Lighting Build - Apr 24, 2015, 2:41:29 PM
[2015.04.24-22.41.34:363][972]LogStaticLightingSystem: Running Lightmass w/ ImmediateImport mode ENABLED
[2015.04.24-22.41.34:363][972]LogStaticLightingSystem: Running Lightmass w/ ImmediateProcess mode ENABLED
[2015.04.24-22.41.34:363][972]LogStaticLightingSystem: Running Lightmass w/ Sorting mode ENABLED
[2015.04.24-22.41.34:363][972]LogStaticLightingSystem: Running Lightmass w/ Mapping paddings ENABLED
[2015.04.24-22.41.34:363][972]LogStaticLightingSystem: Running Lightmass w/ Mapping debug paddings DISABLED
[2015.04.24-22.41.34:509][972]LogEditorBuildUtils: Build time 0:00:05
[2015.04.24-22.42.25:033][952]Job is a success!
[2015.04.24-22.42.26:242][953]LogTexture:Display: Building textures: HQ_Lightmap0_1 (AutoDXT)
[2015.04.24-22.42.27:068][953]LogTexture:Display: Building textures: LQ_Lightmap_0_5 (DXT1)
[2015.04.24-22.42.27:069][953]LogTexture:Display: Building textures: HQ_Lightmap0_5 (AutoDXT)
[2015.04.24-22.42.27:070][953]LogTexture:Display: Building textures: LQ_Lightmap_0_4 (DXT1)
[2015.04.24-22.42.27:076][953]LogTexture:Display: Building textures: HQ_Lightmap0_4 (AutoDXT)
[2015.04.24-22.42.27:092][953]LogTexture:Display: Building textures: LQ_Lightmap_1_3 (DXT1)
[2015.04.24-22.42.27:415][953]LogTexture:Display: Building textures: HQ_Lightmap0_3 (AutoDXT)
[2015.04.24-22.42.28:110][953]LogTexture:Display: Building textures: LQ_Lightmap_1_2 (DXT1)
[2015.04.24-22.42.28:732][953]LogTexture:Display: Building textures: HQ_Lightmap1_2 (AutoDXT)
[2015.04.24-22.42.29:541][953]LogTexture:Display: Building textures: LQ_Lightmap_0_1 (DXT1)
[2015.04.24-22.42.29:933][953]LogTexture:Display: Building textures: ShadowMapTexture2D_0 (BGRA8)
[2015.04.24-22.42.30:108][953]LogTexture:Display: Building textures: ShadowMapTexture2D_3 (BGRA8)
[2015.04.24-22.42.30:139][953]LogTexture:Display: Building textures: ShadowMapTexture2D_4 (BGRA8)
[2015.04.24-22.42.30:166][953]Lightmass on MORDOR: 55.1 sec total, 290 ms importing, 114 ms setup, 4.06 sec photons, 50.6 sec processing, 0 ms extra exporting [957/957 mappings]. Threads: 3:22 min total, 2:14 min processing.
[2015.04.24-22.42.30:313][953]LogStaticLightingSystem: Illumination: 1:00 min (4.14 sec encoding lightmaps)
[2015.04.24-22.42.30:313][953]LogStaticLightingSystem: Lightmap texture memory:  4.0 MB (2.7 MB streaming, 1.3 MB non-streaming), 10 textures
[2015.04.24-22.42.30:313][953]LogStaticLightingSystem: Shadowmap texture memory: 5.3 MB (2.7 MB streaming, 2.7 MB non-streaming), 3 textures
[2015.04.24-22.42.31:387][954]Cmd: MAP CHECK NOTIFYRESULTS
[2015.04.24-22.42.31:387][954]MapCheck: New page: House - Apr 24, 2015, 2:42:31 PM
[2015.04.24-22.42.31:507][954]MapCheck:Warning: Warning F1_BloodPool 'Sphere' has simple collision but is being scaled non-uniformly - collision creation will fail 
[2015.04.24-22.42.31:621][954]MapCheck: Info Map check complete: 0 Error(s), 1 Warning(s), took 232.913ms to complete.
[2015.04.24-22.42.33:281][105]LogPlayLevel: PIE:  No blueprints needed recompiling
[2015.04.24-22.42.33:315][105]PIE: New page: PIE session: House (Apr 24, 2015, 2:42:33 PM)
[2015.04.24-22.42.33:509][105]LogPlayLevel: PIE: StaticDuplicateObject took: (0.193430s)
[2015.04.24-22.42.33:510][105]LogPlayLevel: PIE: World Init took: (0.000629s)
[2015.04.24-22.42.33:510][105]LogPlayLevel: PIE: Created PIE world by copying editor world from /Game/HorrorAssets/Maps/House.House to /Game/HorrorAssets/Maps/UEDPIE_0_House.House (0.194306s)
[2015.04.24-22.42.33:957][105]LogWorld: Game class is 'FirstPersonGameMode_C'
[2015.04.24-22.42.34:118][105]LogAIModule: Creating AISystem for world House
[2015.04.24-22.42.34:157][105]LogWorld: Bringing World /Game/HorrorAssets/Maps/UEDPIE_0_House.House up for play (max tick rate 0) at 2015.04.24-18.42.34
[2015.04.24-22.42.34:194][105]LogWorld: Bringing up level for play took: 0.075600
[2015.04.24-22.42.34:390][105]PIE: Info Play in editor start time for /Game/HorrorAssets/Maps/UEDPIE_0_House 0.823
[2015.04.24-22.42.36:290][142]LogParticles: Destroying 0 GPU particle simulations for FXSystem 0x000000DF574A0F40
[2015.04.24-22.42.38:705][403]LogPlayLevel: PIE:  No blueprints needed recompiling
[2015.04.24-22.42.38:705][403]PIE: New page: SIE session: House (Apr 24, 2015, 2:42:38 PM)
[2015.04.24-22.42.38:792][403]LogPlayLevel: PIE: StaticDuplicateObject took: (0.086711s)
[2015.04.24-22.42.38:793][403]LogPlayLevel: PIE: World Init took: (0.001093s)
[2015.04.24-22.42.38:793][403]LogPlayLevel: PIE: Created PIE world by copying editor world from /Game/HorrorAssets/Maps/House.House to /Game/HorrorAssets/Maps/UEDPIE_0_House.House (0.088060s)
[2015.04.24-22.42.38:830][403]LogWorld: Game class is 'FirstPersonGameMode_C'
[2015.04.24-22.42.38:832][403]LogAIModule: Creating AISystem for world House
[2015.04.24-22.42.38:863][403]LogWorld: Bringing World /Game/HorrorAssets/Maps/UEDPIE_0_House.House up for play (max tick rate 0) at 2015.04.24-18.42.38
[2015.04.24-22.42.38:866][403]LogWorld: Bringing up level for play took: 0.033325
[2015.04.24-22.42.38:868][403]PIE: Info Play in editor start time for /Game/HorrorAssets/Maps/UEDPIE_0_House -0.699
[2015.04.24-22.42.40:123][457]LogParticles: Destroying 0 GPU particle simulations for FXSystem 0x000000DF5496D6C0
[2015.04.24-22.42.42:183][662]Cmd: OBJ SAVEPACKAGE PACKAGE="/Game/HorrorAssets/Maps/House" FILE="D:/Unreal Projects/HorrorBase/Saved/Autosaves/Game/HorrorAssets/Maps/UEDPCHouse.umap" SILENT=true AUTOSAVING=true KEEPDIRTY=true
[2015.04.24-22.42.44:053][662]LogSavePackage: Save=1723.947632ms
[2015.04.24-22.42.44:053][662]LogSavePackage: Moving 'D:/Unreal Projects/HorrorBase/Saved/UEDPCHouse2BC4CE6348A2E661B537E0BEA0B82139.tmp' to 'D:/Unreal Projects/HorrorBase/Saved/Autosaves/Game/HorrorAssets/Maps/UEDPCHouse.umap'
[2015.04.24-22.45.30:421][291]Cmd: OBJ SAVEPACKAGE PACKAGE="/Game/HorrorAssets/Maps/House" FILE="D:/Unreal Projects/HorrorBase/Content/HorrorAssets/Maps/House.umap" SILENT=true AUTOSAVING=false KEEPDIRTY=false
[2015.04.24-22.45.32:083][291]LogSavePackage: Save=1604.286133ms
[2015.04.24-22.45.32:083][291]LogSavePackage: Moving 'D:/Unreal Projects/HorrorBase/Saved/HouseC1C40A734A0A242221A896AC60C8A9EE.tmp' to 'D:/Unreal Projects/HorrorBase/Content/HorrorAssets/Maps/House.umap'
[2015.04.24-22.45.32:141][291]LogFileHelpers: Saving map 'House' took 1.811
[2015.04.24-22.45.33:270][292]Cmd: QUIT_EDITOR
[2015.04.24-22.45.33:585][292]LogExit: Preparing to exit.
[2015.04.24-22.45.34:468][292]LogExit: Editor shut down
[2015.04.24-22.45.34:469][292]LogExit: Transaction tracking system shut down
[2015.04.24-22.45.34:470][292]LogParticles: Destroying 0 GPU particle simulations for FXSystem 0x000000DF6FDAD940
[2015.04.24-22.45.34:470][292]LogParticles: Destroying 0 GPU particle simulations for FXSystem 0x000000DF70C25DA0
[2015.04.24-22.45.34:471][292]LogParticles: Destroying 0 GPU particle simulations for FXSystem 0x000000DF5522DC60
[2015.04.24-22.45.34:473][292]LogParticles: Destroying 0 GPU particle simulations for FXSystem 0x000000DF560AF600
[2015.04.24-22.45.34:787][292]LogExit: Object subsystem successfully closed.
[2015.04.24-22.45.34:919][292]LogModuleManager: Shutting down and abandoning module CrashTracker (177)
[2015.04.24-22.45.34:919][292]LogModuleManager: Shutting down and abandoning module SuperSearch (176)
[2015.04.24-22.45.34:919][292]LogModuleManager: Shutting down and abandoning module SceneOutliner (175)
[2015.04.24-22.45.34:928][292]LogModuleManager: Shutting down and abandoning module EditorWidgets (174)
[2015.04.24-22.45.34:928][292]LogModuleManager: Shutting down and abandoning module CollectionManager (173)
[2015.04.24-22.45.34:933][292]LogModuleManager: Shutting down and abandoning module StatsViewer (172)
[2015.04.24-22.45.34:948][292]LogModuleManager: Shutting down and abandoning module FoliageEdit (171)
[2015.04.24-22.45.34:948][292]LogModuleManager: Shutting down and abandoning module LandscapeEditor (170)
[2015.04.24-22.45.34:954][292]LogModuleManager: Shutting down and abandoning module MeshPaint (169)
[2015.04.24-22.45.34:960][292]LogModuleManager: Shutting down and abandoning module ActorPickerMode (168)
[2015.04.24-22.45.34:960][292]LogModuleManager: Shutting down and abandoning module GeometryMode (167)
[2015.04.24-22.45.34:960][292]LogModuleManager: Shutting down and abandoning module TextureAlignMode (166)
[2015.04.24-22.45.34:960][292]LogModuleManager: Shutting down and abandoning module BspMode (165)
[2015.04.24-22.45.34:960][292]LogModuleManager: Shutting down and abandoning module PlacementMode (164)
[2015.04.24-22.45.34:960][292]LogModuleManager: Shutting down and abandoning module AutomationWorker (163)
[2015.04.24-22.45.34:960][292]LogModuleManager: Shutting down and abandoning module CharacterAI (162)
[2015.04.24-22.45.34:960][292]LogModuleManager: Shutting down and abandoning module SmartSnapping (161)
[2015.04.24-22.45.34:960][292]LogModuleManager: Shutting down and abandoning module ViewportSnapping (160)
[2015.04.24-22.45.34:960][292]LogModuleManager: Shutting down and abandoning module LogVisualizer (159)
[2015.04.24-22.45.34:973][292]LogModuleManager: Shutting down and abandoning module GameProjectGeneration (158)
[2015.04.24-22.45.34:985][292]LogModuleManager: Shutting down and abandoning module IntroTutorials (157)
[2015.04.24-22.45.35:046][292]LogModuleManager: Shutting down and abandoning module EditorLiveStreaming (156)
[2015.04.24-22.45.35:046][292]LogModuleManager: Shutting down and abandoning module HardwareTargeting (155)
[2015.04.24-22.45.35:056][292]LogModuleManager: Shutting down and abandoning module DeviceProfileEditor (154)
[2015.04.24-22.45.35:064][292]LogModuleManager: Shutting down and abandoning module UndoHistory (153)
[2015.04.24-22.45.35:071][292]LogModuleManager: Shutting down and abandoning module GameplayTagsEditor (152)
[2015.04.24-22.45.35:071][292]LogModuleManager: Shutting down and abandoning module UserFeedback (151)
[2015.04.24-22.45.35:071][292]LogModuleManager: Shutting down and abandoning module XmlParser (150)
[2015.04.24-22.45.35:071][292]LogModuleManager: Shutting down and abandoning module Blutility (149)
[2015.04.24-22.45.35:071][292]LogModuleManager: Shutting down and abandoning module IOSPlatformEditor (148)
[2015.04.24-22.45.35:071][292]LogModuleManager: Shutting down and abandoning module IOSRuntimeSettings (147)
[2015.04.24-22.45.35:071][292]LogModuleManager: Shutting down and abandoning module AndroidDeviceDetection (146)
[2015.04.24-22.45.35:892][292]LogModuleManager: Shutting down and abandoning module AndroidPlatformEditor (145)
[2015.04.24-22.45.35:892][292]LogModuleManager: Shutting down and abandoning module AndroidRuntimeSettings (144)
[2015.04.24-22.45.35:892][292]LogModuleManager: Shutting down and abandoning module ProjectTargetPlatformEditor (143)
[2015.04.24-22.45.35:907][292]LogModuleManager: Shutting down and abandoning module ProjectSettingsViewer (142)
[2015.04.24-22.45.35:907][292]LogModuleManager: Shutting down and abandoning module InputBindingEditor (141)
[2015.04.24-22.45.35:921][292]LogModuleManager: Shutting down and abandoning module EditorSettingsViewer (140)
[2015.04.24-22.45.35:921][292]LogModuleManager: Shutting down and abandoning module SettingsEditor (139)
[2015.04.24-22.45.35:931][292]LogModuleManager: Shutting down and abandoning module ProjectLauncher (138)
[2015.04.24-22.45.35:949][292]LogModuleManager: Shutting down and abandoning module SessionFrontend (137)
[2015.04.24-22.45.35:956][292]LogModuleManager: Shutting down and abandoning module ProfilerClient (136)
[2015.04.24-22.45.35:961][292]LogModuleManager: Shutting down and abandoning module TargetDeviceServices (135)
[2015.04.24-22.45.35:961][292]LogModuleManager: Shutting down and abandoning module DeviceManager (134)
[2015.04.24-22.45.35:972][292]LogModuleManager: Shutting down and abandoning module AutomationController (133)
[2015.04.24-22.45.35:979][292]LogModuleManager: Shutting down and abandoning module AutomationWindow (132)
[2015.04.24-22.45.35:990][292]LogModuleManager: Shutting down and abandoning module Layers (131)
[2015.04.24-22.45.36:023][292]LogModuleManager: Shutting down and abandoning module ComponentVisualizers (130)
[2015.04.24-22.45.36:024][292]LogModuleManager: Shutting down and abandoning module DetailCustomizations (129)
[2015.04.24-22.45.36:050][292]LogModuleManager: Shutting down and abandoning module PackagesDialog (128)
[2015.04.24-22.45.36:050][292]LogModuleManager: Shutting down and abandoning module AssetRegistry (127)
[2015.04.24-22.45.36:198][292]LogModuleManager: Shutting down and abandoning module Persona (126)
[2015.04.24-22.45.36:358][292]LogModuleManager: Shutting down and abandoning module SlateReflector (125)
[2015.04.24-22.45.36:374][292]LogModuleManager: Shutting down and abandoning module LevelEditor (124)
[2015.04.24-22.45.36:382][292]LogModuleManager: Shutting down and abandoning module Kismet (123)
[2015.04.24-22.45.36:393][292]LogModuleManager: Shutting down and abandoning module GraphEditor (122)
[2015.04.24-22.45.36:428][292]LogModuleManager: Shutting down and abandoning module ClassViewer (121)
[2015.04.24-22.45.36:428][292]LogModuleManager: Shutting down and abandoning module Toolbox (120)
[2015.04.24-22.45.36:428][292]LogModuleManager: Shutting down and abandoning module ModuleUI (119)
[2015.04.24-22.45.36:437][292]LogModuleManager: Shutting down and abandoning module MovieSceneTools (118)
[2015.04.24-22.45.36:460][292]LogModuleManager: Shutting down and abandoning module OutputLog (117)
[2015.04.24-22.45.36:460][292]LogModuleManager: Shutting down and abandoning module GammaUI (116)
[2015.04.24-22.45.36:466][292]LogModuleManager: Shutting down and abandoning module Documentation (115)
[2015.04.24-22.45.36:466][292]LogModuleManager: Shutting down and abandoning module GameLiveStreaming (114)
[2015.04.24-22.45.36:466][292]LogModuleManager: Shutting down and abandoning module StreamingPauseRendering (113)
[2015.04.24-22.45.36:466][292]LogModuleManager: Shutting down and abandoning module HTTP (112)
[2015.04.24-22.45.36:466][292]LogModuleManager: Shutting down and abandoning module AnalyticsET (111)
[2015.04.24-22.45.36:466][292]LogModuleManager: Shutting down and abandoning module Analytics (110)
[2015.04.24-22.45.36:466][292]LogModuleManager: Shutting down and abandoning module AITestSuite (109)
[2015.04.24-22.45.36:466][292]LogModuleManager: Shutting down and abandoning module GameplayDebugger (108)
[2015.04.24-22.45.36:466][292]LogModuleManager: Shutting down and abandoning module AIModule (107)
[2015.04.24-22.45.36:466][292]LogModuleManager: Shutting down and abandoning module ProfilerService (106)
[2015.04.24-22.45.36:496][292]LogModuleManager: Shutting down and abandoning module TaskGraph (105)
[2015.04.24-22.45.36:496][292]LogModuleManager: Shutting down and abandoning module SlateRemote (104)
[2015.04.24-22.45.36:496][292]LogModuleManager: Shutting down and abandoning module ScriptEditorPlugin (103)
[2015.04.24-22.45.36:496][292]LogModuleManager: Shutting down and abandoning module CustomMeshComponent (102)
[2015.04.24-22.45.36:496][292]LogModuleManager: Shutting down and abandoning module CableComponent (101)
[2015.04.24-22.45.36:496][292]LogModuleManager: Shutting down and abandoning module MessagingDebugger (100)
[2015.04.24-22.45.36:517][292]LogModuleManager: Shutting down and abandoning module MediaPlayerEditor (99)
[2015.04.24-22.45.36:524][292]LogModuleManager: Shutting down and abandoning module SpeedTreeImporter (98)
[2015.04.24-22.45.36:524][292]LogModuleManager: Shutting down and abandoning module PluginsEditor (97)
[2015.04.24-22.45.36:530][292]LogModuleManager: Shutting down and abandoning module MainFrame (96)
[2015.04.24-22.45.36:530][292]LogModuleManager: Shutting down and abandoning module EpicSurvey (95)
[2015.04.24-22.45.36:536][292]LogModuleManager: Shutting down and abandoning module DesktopPlatform (94)
[2015.04.24-22.45.36:537][292]LogModuleManager: Shutting down and abandoning module DirectoryWatcher (93)
[2015.04.24-22.45.36:537][292]LogModuleManager: Shutting down and abandoning module HotReload (92)
[2015.04.24-22.45.36:537][292]LogModuleManager: Shutting down and abandoning module VisualStudioSourceCodeAccess (91)
[2015.04.24-22.45.36:537][292]LogModuleManager: Shutting down and abandoning module UObjectPlugin (90)
[2015.04.24-22.45.36:537][292]LogModuleManager: Shutting down and abandoning module SubversionSourceControl (89)
[2015.04.24-22.45.36:538][292]LogModuleManager: Shutting down and abandoning module PerforceSourceControl (88)
[2015.04.24-22.45.36:538][292]LogModuleManager: Shutting down and abandoning module SourceControl (87)
[2015.04.24-22.45.36:538][292]LogModuleManager: Shutting down and abandoning module GitSourceControl (86)
[2015.04.24-22.45.36:538][292]LogModuleManager: Shutting down and abandoning module BlankPlugin (85)
[2015.04.24-22.45.36:538][292]LogModuleManager: Shutting down and abandoning module PaperTiledImporter (84)
[2015.04.24-22.45.36:538][292]LogModuleManager: Shutting down and abandoning module PaperJsonImporter (83)
[2015.04.24-22.45.36:538][292]LogModuleManager: Shutting down and abandoning module ContentBrowser (82)
[2015.04.24-22.45.36:540][292]LogModuleManager: Shutting down and abandoning module Paper2DEditor (81)
[2015.04.24-22.45.36:564][292]LogModuleManager: Shutting down and abandoning module ScriptPlugin (80)
[2015.04.24-22.45.36:564][292]LogModuleManager: Shutting down and abandoning module UdpMessaging (79)
[2015.04.24-22.45.36:666][292]LogModuleManager: Shutting down and abandoning module Paper2D (78)
[2015.04.24-22.45.36:666][292]LogModuleManager: Shutting down and abandoning module WindowsMoviePlayer (77)
[2015.04.24-22.45.36:675][292]LogModuleManager: Shutting down and abandoning module Media (76)
[2015.04.24-22.45.36:675][292]LogModuleManager: Shutting down and abandoning module WmfMedia (75)
[2015.04.24-22.45.36:676][292]LogModuleManager: Shutting down and abandoning module OnlineBlueprintSupport (74)
[2015.04.24-22.45.36:676][292]LogModuleManager: Shutting down and abandoning module PropertyEditor (73)
[2015.04.24-22.45.36:676][292]LogModuleManager: Shutting down and abandoning module BehaviorTreeEditor (72)
[2015.04.24-22.45.36:676][292]LogModuleManager: Shutting down and abandoning module FunctionalTesting (71)
[2015.04.24-22.45.36:676][292]LogModuleManager: Shutting down and abandoning module CollisionAnalyzer (70)
[2015.04.24-22.45.36:676][292]LogModuleManager: Shutting down and abandoning module WorkspaceMenuStructure (69)
[2015.04.24-22.45.36:676][292]LogModuleManager: Shutting down and abandoning module MessageLog (68)
[2015.04.24-22.45.36:676][292]LogModuleManager: Shutting down and abandoning module Sequencer (67)
[2015.04.24-22.45.36:696][292]LogModuleManager: Shutting down and abandoning module AssetTools (66)
[2015.04.24-22.45.36:696][292]LogModuleManager: Shutting down and abandoning module UMGEditor (65)
[2015.04.24-22.45.36:696][292]LogModuleManager: Shutting down and abandoning module UMG (64)
[2015.04.24-22.45.36:706][292]LogModuleManager: Shutting down and abandoning module Slate (63)
[2015.04.24-22.45.36:706][292]LogModuleManager: Shutting down and abandoning module EditorStyle (62)
[2015.04.24-22.45.36:711][292]LogModuleManager: Shutting down and abandoning module SessionServices (61)
[2015.04.24-22.45.36:711][292]LogModuleManager: Shutting down and abandoning module SourceCodeAccess (60)
[2015.04.24-22.45.36:711][292]LogModuleManager: Shutting down and abandoning module HeadMountedDisplay (59)
[2015.04.24-22.45.36:711][292]LogModuleManager: Shutting down and abandoning module XAudio2 (58)
[2015.04.24-22.45.36:711][292]LogModuleManager: Shutting down and abandoning module Networking (56)
[2015.04.24-22.45.36:711][292]LogModuleManager: Shutting down and abandoning module Core (55)
[2015.04.24-22.45.36:711][292]LogModuleManager: Shutting down and abandoning module KismetCompiler (54)
[2015.04.24-22.45.36:711][292]LogModuleManager: Shutting down and abandoning module PhysXFormats (53)
[2015.04.24-22.45.36:711][292]LogModuleManager: Shutting down and abandoning module MeshUtilities (52)
[2015.04.24-22.45.36:711][292]LogModuleManager: Shutting down and abandoning module DerivedDataCache (51)
[2015.04.24-22.45.36:745][292]LogDerivedDataCache: Shutdown
[2015.04.24-22.45.36:745][292]LogModuleManager: Shutting down and abandoning module ShaderFormatOpenGL (50)
[2015.04.24-22.45.36:745][292]LogModuleManager: Shutting down and abandoning module ShaderFormatD3D (49)
[2015.04.24-22.45.36:745][292]LogModuleManager: Shutting down and abandoning module MetalShaderFormat (48)
[2015.04.24-22.45.36:745][292]LogModuleManager: Shutting down and abandoning module TextureFormatUncompressed (47)
[2015.04.24-22.45.36:745][292]LogModuleManager: Shutting down and abandoning module TextureFormatPVR (46)
[2015.04.24-22.45.36:745][292]LogModuleManager: Shutting down and abandoning module TextureFormatIntelISPCTexComp (45)
[2015.04.24-22.45.36:745][292]LogModuleManager: Shutting down and abandoning module TextureFormatDXT (44)
[2015.04.24-22.45.36:745][292]LogModuleManager: Shutting down and abandoning module ImageWrapper (43)
[2015.04.24-22.45.36:745][292]LogModuleManager: Shutting down and abandoning module TextureFormatASTC (42)
[2015.04.24-22.45.36:745][292]LogModuleManager: Shutting down and abandoning module TextureFormatAndroid (41)
[2015.04.24-22.45.36:745][292]LogModuleManager: Shutting down and abandoning module AudioFormatOpus (40)
[2015.04.24-22.45.36:745][292]LogModuleManager: Shutting down and abandoning module AudioFormatOgg (39)
[2015.04.24-22.45.36:745][292]LogModuleManager: Shutting down and abandoning module AudioFormatADPCM (38)
[2015.04.24-22.45.36:745][292]LogModuleManager: Shutting down and abandoning module LinuxTargetPlatform (37)
[2015.04.24-22.45.36:745][292]LogModuleManager: Shutting down and abandoning module LinuxServerTargetPlatform (36)
[2015.04.24-22.45.36:745][292]LogModuleManager: Shutting down and abandoning module LinuxNoEditorTargetPlatform (35)
[2015.04.24-22.45.36:745][292]LogModuleManager: Shutting down and abandoning module Messaging (34)
[2015.04.24-22.45.36:745][292]LogModuleManager: Shutting down and abandoning module IOSTargetPlatform (33)
[2015.04.24-22.45.36:745][292]LogModuleManager: Shutting down and abandoning module HTML5TargetPlatform (32)
[2015.04.24-22.45.36:745][292]LogModuleManager: Shutting down and abandoning module Android_PVRTCTargetPlatform (31)
[2015.04.24-22.45.36:745][292]LogModuleManager: Shutting down and abandoning module Android_ETC2TargetPlatform (30)
[2015.04.24-22.45.36:745][292]LogModuleManager: Shutting down and abandoning module Android_ETC1TargetPlatform (29)
[2015.04.24-22.45.36:745][292]LogModuleManager: Shutting down and abandoning module Android_ES31TargetPlatform (28)
[2015.04.24-22.45.36:745][292]LogModuleManager: Shutting down and abandoning module Android_DXTTargetPlatform (27)
[2015.04.24-22.45.36:745][292]LogModuleManager: Shutting down and abandoning module Android_ATCTargetPlatform (26)
[2015.04.24-22.45.36:745][292]LogModuleManager: Shutting down and abandoning module AndroidTargetPlatform (25)
[2015.04.24-22.45.36:745][292]LogModuleManager: Shutting down and abandoning module WindowsTargetPlatform (24)
[2015.04.24-22.45.36:745][292]LogModuleManager: Shutting down and abandoning module WindowsServerTargetPlatform (23)
[2015.04.24-22.45.36:745][292]LogModuleManager: Shutting down and abandoning module WindowsNoEditorTargetPlatform (22)
[2015.04.24-22.45.36:745][292]LogModuleManager: Shutting down and abandoning module WindowsClientTargetPlatform (21)
[2015.04.24-22.45.36:745][292]LogModuleManager: Shutting down and abandoning module TargetPlatform (20)
[2015.04.24-22.45.36:745][292]LogModuleManager: Shutting down and abandoning module InputCore (19)
[2015.04.24-22.45.36:745][292]LogModuleManager: Shutting down and abandoning module Settings (18)
[2015.04.24-22.45.36:745][292]LogModuleManager: Shutting down and abandoning module OnlineSubsystem (16)
[2015.04.24-22.45.36:745][292]LogModuleManager: Shutting down and abandoning module OculusRift (15)
[2015.04.24-22.45.36:745][292]LogModuleManager: Shutting down and abandoning module ExampleDeviceProfileSelector (14)
[2015.04.24-22.45.36:745][292]LogModuleManager: Shutting down and abandoning module TextureCompressor (13)
[2015.04.24-22.45.36:745][292]LogModuleManager: Shutting down and abandoning module ShaderCore (12)
[2015.04.24-22.45.36:745][292]LogModuleManager: Shutting down and abandoning module Landscape (11)
[2015.04.24-22.45.36:746][292]LogModuleManager: Shutting down and abandoning module SlateRHIRenderer (10)
[2015.04.24-22.45.36:758][292]LogModuleManager: Shutting down and abandoning module OpenGLDrv (9)
[2015.04.24-22.45.36:758][292]LogModuleManager: Shutting down and abandoning module D3D11RHI (8)
[2015.04.24-22.45.36:758][292]LogModuleManager: Shutting down and abandoning module Renderer (7)
[2015.04.24-22.45.36:758][292]LogModuleManager: Shutting down and abandoning module Engine (6)
[2015.04.24-22.45.36:758][292]LogModuleManager: Shutting down and abandoning module CoreUObject (5)
[2015.04.24-22.45.36:758][292]LogModuleManager: Shutting down and abandoning module NetworkFile (4)
[2015.04.24-22.45.36:758][292]LogModuleManager: Shutting down and abandoning module StreamingFile (3)
[2015.04.24-22.45.36:758][292]LogModuleManager: Shutting down and abandoning module SandboxFile (2)
[2015.04.24-22.45.36:758][292]LogModuleManager: Shutting down and abandoning module PakFile (1)
[2015.04.24-22.45.36:759][292]LogExit: Exiting.
[2015.04.24-22.45.36:764][292]Log file closed, 04/24/15 18:45:36
