Log file open, 05/01/15 09:29:29
LogInit:Display: Running engine for game: HorrorBase
LogInit: Version: 4.7.6-2513093+++depot+UE4-Releases+4.7
LogInit: API Version: 2455222
LogInit: Compiled (64-bit): Apr 15 2015 12:09:54
LogInit: Compiled with Visual C++: 18.00.21005.01
LogInit: Build Configuration: Development
LogInit: Branch Name: ++depot+UE4-Releases+4.7
LogInit: Command line:  
LogInit: Base directory: F:/Program Files/Epic Games/4.7/Engine/Binaries/Win64/
LogInit: Rocket: 1
[2015.05.01-13.29.29:500][  0]LogTaskGraph: Started task graph with 3 named threads and 4 total threads.
[2015.05.01-13.29.29:537][  0]LogOnline:Warning: No default platform service specified for OnlineSubsystem
[2015.05.01-13.29.29:551][  0]LogInit: Presizing for 0 objects not considered by GC, pre-allocating 0 bytes.
[2015.05.01-13.29.29:560][  0]LogInit: Object subsystem initialized
[2015.05.01-13.29.29:563][  0]LogConsoleResponse:Warning: Skipping Unknown console variable: 'TranslucentSortAxis = (X=0.000000,Y=-1.000000,Z=0.000000)'
[2015.05.01-13.29.29:563][  0]LogConsoleResponse:Warning:   Found in ini file 'D:/HorrorBase/Saved/Config/Windows/Engine.ini', in section '[/Script/Engine.RendererSettings]'
[2015.05.01-13.29.29:563][  0]LogConsoleResponse:Warning: Skipping Unknown console variable: 'UIScaleRule = ShortestSide'
[2015.05.01-13.29.29:563][  0]LogConsoleResponse:Warning:   Found in ini file 'D:/HorrorBase/Saved/Config/Windows/Engine.ini', in section '[/Script/Engine.RendererSettings]'
[2015.05.01-13.29.29:563][  0]LogConsoleResponse:Warning: Skipping Unknown console variable: 'UIScaleCurve = (EditorCurveData=(Keys=),ExternalCurve=None)'
[2015.05.01-13.29.29:563][  0]LogConsoleResponse:Warning:   Found in ini file 'D:/HorrorBase/Saved/Config/Windows/Engine.ini', in section '[/Script/Engine.RendererSettings]'
[2015.05.01-13.29.29:563][  0]LogInit: Selected Device Profile: [Windows]
[2015.05.01-13.29.29:563][  0]LogInit: Applying CVar settings loaded from the selected device profile: [Windows]
[2015.05.01-13.29.29:570][  0]LogInit: Computer: MORDOR
[2015.05.01-13.29.29:570][  0]LogInit: User: Mordor
[2015.05.01-13.29.29:570][  0]LogInit: CPU Page size=4096, Cores=2
[2015.05.01-13.29.29:570][  0]LogInit: High frequency timer resolution =14.318180 MHz
[2015.05.01-13.29.29:570][  0]LogMemory: Memory total: Physical=15.9GB (16GB approx) Virtual=131072.0GB
[2015.05.01-13.29.29:571][  0]LogMemory: Platform Memory Stats for Windows
[2015.05.01-13.29.29:571][  0]LogMemory: Process Physical Memory: 45.90 MB used, 45.90 MB peak
[2015.05.01-13.29.29:571][  0]LogMemory: Process Virtual Memory: 26.32 MB used, 26.33 MB peak
[2015.05.01-13.29.29:571][  0]LogMemory: Physical Memory: 2919.90 MB used, 16285.57 MB total
[2015.05.01-13.29.29:571][  0]LogMemory: Virtual Memory: 291.85 MB used, 134217728.00 MB total
[2015.05.01-13.29.29:586][  0]LogD3D11RHI: Found D3D11 adapter 0: AMD Radeon HD 7800 Series (Feature Level 11_0)
[2015.05.01-13.29.29:586][  0]LogD3D11RHI: Adapter has 2022MB of dedicated video memory, 0MB of dedicated system memory, and 7936MB of shared system memory, 2 output[s]
[2015.05.01-13.29.29:588][  0]LogD3D11RHI: Found D3D11 adapter 1: Microsoft Basic Render Driver (Feature Level 11_0)
[2015.05.01-13.29.29:588][  0]LogD3D11RHI: Adapter has 0MB of dedicated video memory, 0MB of dedicated system memory, and 256MB of shared system memory, 0 output[s]
[2015.05.01-13.29.29:588][  0]LogD3D11RHI: Chosen D3D11 Adapter Id = 0
[2015.05.01-13.29.29:593][  0]LogRHI: Texture pool is 1361 MB (70% of 1945 MB)
[2015.05.01-13.29.29:599][  0]LogD3D11RHI: Async texture creation disabled: no driver support
[2015.05.01-13.29.29:656][  0]LogTextLocalizationManager: The requested culture ('en_US') has no localization data; parent culture's ('en') localization data will be used.
[2015.05.01-13.29.29:723][  0]LogTextLocalizationManager:Warning: Loading localization resources contain conflicting entries for (Namespace:UICommands, Key:Save_ToolTip):
Resource: (F:/Program Files/Epic Games/4.7/Engine/Content/Localization/Editor/en/Editor.locres) Hash: (-29098895) String: (Saves the current level to disk)
Resource: (F:/Program Files/Epic Games/4.7/Engine/Content/Localization/Engine/en/Engine.locres) Hash: (-1280300587) String: (Save selected data to vlog file)
[2015.05.01-13.29.29:723][  0]LogTextLocalizationManager:Warning: Loading localization resources contain conflicting entries for (Namespace:ContentBrowser, Key:ImportAssetToolTip):
Resource: (F:/Program Files/Epic Games/4.7/Engine/Content/Localization/Editor/en/Editor.locres) Hash: (-630476809) String: (Import to {0}...)
Resource: (F:/Program Files/Epic Games/4.7/Engine/Content/Localization/Editor/en/Editor.locres) Hash: (1271782899) String: (Imports an asset from file to this folder.)
[2015.05.01-13.29.29:820][  0]LogContentStreaming: Texture pool size is 0.000000MB
[2015.05.01-13.29.32:190][  0]LogTargetPlatformManager:Display: Building Assets For Windows
[2015.05.01-13.29.32:787][  0]LogTargetPlatformManager:Display: Building Assets For Windows
[2015.05.01-13.29.32:862][  0]LogDerivedDataCache:Display: Max Cache Size: 512 MB
[2015.05.01-13.29.32:930][  0]LogDerivedDataCache: Loaded boot cache 0.07s 39MB C:/Users/jth70_000/AppData/Local/UnrealEngine/4.7/DerivedDataCache/Boot.ddc.
[2015.05.01-13.29.32:930][  0]LogDerivedDataCache:Display: Loaded Boot cache: C:/Users/jth70_000/AppData/Local/UnrealEngine/4.7/DerivedDataCache/Boot.ddc
[2015.05.01-13.29.32:930][  0]LogDerivedDataCache: FDerivedDataBackendGraph:  Pak pak cache file D:/HorrorBase/DerivedDataCache/DDC.ddp not found, will not use a pak cache.
[2015.05.01-13.29.32:930][  0]LogDerivedDataCache: Unable to find inner node Pak for hierarchical cache Hierarchy.
[2015.05.01-13.29.33:052][  0]LogDerivedDataCache:Display: Pak cache opened for reading ../../../Engine/DerivedDataCache/Compressed.ddp.
[2015.05.01-13.29.33:065][  0]LogDerivedDataCache: Using Local data cache path C:/Users/jth70_000/AppData/Local/UnrealEngine/Common/DerivedDataCache: Writable
[2015.05.01-13.29.33:401][  0]LogMeshUtilities: No automatic mesh reduction module available
[2015.05.01-13.29.33:401][  0]LogMeshUtilities: No automatic mesh merging module available
[2015.05.01-13.29.33:846][  0]LogInit: WinSock: version 1.1 (2.2), MaxSocks=32767, MaxUdp=65467
[2015.05.01-13.29.33:931][  0]LogSlate:Warning: Failed to load font data from '../../../Engine/Content/Slate/Fonts/Roboto-Italic.ttf'
[2015.05.01-13.29.34:765][  0]UdpMessaging: Initializing bridge on interface 0.0.0.0:0 to multicast group 230.0.0.1:6666.
[2015.05.01-13.29.35:005][  0]SourceControl: Info Source control is disabled
[2015.05.01-13.29.35:005][  0]SourceControl: Info Source control is disabled
[2015.05.01-13.29.35:005][  0]SourceControl: Info Source control is disabled
[2015.05.01-13.29.35:005][  0]LogSourceControl: RunCommandInternalRaw: 'git version'
[2015.05.01-13.29.35:005][  0]LogSourceControl: RunCommandInternalRaw: ExecProcess ReturnCode=2 OutResults=''
[2015.05.01-13.29.35:015][  0]LogSourceControl: RunCommandInternalRaw: 'git version'
[2015.05.01-13.29.35:015][  0]LogSourceControl: RunCommandInternalRaw: ExecProcess ReturnCode=2 OutResults=''
[2015.05.01-13.29.35:226][  0]LogObj: 24232 objects as part of root set at end of initial load.
[2015.05.01-13.29.35:226][  0]LogUObjectAllocator: 5137176 out of 0 bytes used by permanent object pool.
[2015.05.01-13.29.35:337][  0]LogEngine: Initializing Engine...
[2015.05.01-13.29.37:542][  0]LogInit: XAudio2 using '1 - LC-19G77A (AMD High Definition Audio Device)' : 2 channels at 48 kHz using 16 bits per sample (channel mask 0x3)
[2015.05.01-13.29.37:559][  0]LogInit: FAudioDevice initialized.
[2015.05.01-13.29.37:606][  0]LogAIModule: Creating AISystem for world NewWorld
[2015.05.01-13.29.37:638][  0]LogDerivedDataCache: Saved boot cache 0.03s 39MB C:/Users/jth70_000/AppData/Local/UnrealEngine/4.7/DerivedDataCache/Boot.ddc.
[2015.05.01-13.29.37:648][  0]LogInit: Texture streaming: Enabled
[2015.05.01-13.29.37:754][  0]LogAnalytics: Creating configured Analytics provider AnalyticsET
[2015.05.01-13.29.37:754][  0]LogAnalytics: ET APIKey = Rocket.Release. APIServer = http://et2.epicgames.com/ET2/. AppVersion = 4.7.6-2513093+++depot+UE4-Releases+4.7
[2015.05.01-13.29.37:754][  0]LogAnalytics: ET APIKey = Rocket.Release. DataRouterUploadURL = https://datarouter-public-service-gamedev.ol.epicgames.net/datarouter/api/v1/public/data. AppVersion = 4.7.6-2513093+++depot+UE4-Releases+4.7
[2015.05.01-13.29.37:754][  0]LogAnalytics: SetUserId e5ecb0694b1793998411e0afa308c2dc|76f5d0457a0c47cfa4e62c1627123b6f|49db0f56-0a03-4ef8-a6b5-aa0624e6ca8a
[2015.05.01-13.29.37:754][  0]LogAnalytics: AnalyticsET::StartSession [Rocket.Release]
[2015.05.01-13.29.37:777][  0]LogInit: Transaction tracking system initialized
[2015.05.01-13.29.37:968][  0]BlueprintLog: New page: Editor Load
[2015.05.01-13.29.38:007][  0]LogAssetRegistry: FAssetRegistry took 0.0112 seconds to start up
[2015.05.01-13.29.38:007][  0]LogDirectoryWatcher:Warning: Failed to begin reading directory changes for ../../../Engine/Plugins/Experimental/CharacterAI/Content/. Error: 0
[2015.05.01-13.29.38:656][  0]LogTargetPlatformManager:Display: Building Assets For Windows
[2015.05.01-13.29.39:073][  0]LogTargetPlatformManager:Display: Building Assets For Windows
[2015.05.01-13.29.39:362][  0]LogSlate:Warning: Failed to load font data from '../../../Engine/Content/Editor/Slate/Fonts/Roboto-Regular.ttf'
[2015.05.01-13.29.39:363][  0]LogSlate:Warning: Failed to load font data from '../../../Engine/Content/Editor/Slate/Fonts/Roboto-Bold.ttf'
[2015.05.01-13.29.39:368][  0]LogConsoleResponse:Display: 
[2015.05.01-13.29.39:525][  0]LogCook:Display: Done creating registry. It took  0.00s.
[2015.05.01-13.29.39:688][  0]LogSourceControl: RunCommandInternalRaw: 'git version'
[2015.05.01-13.29.39:688][  0]LogSourceControl: RunCommandInternalRaw: ExecProcess ReturnCode=2 OutResults=''
[2015.05.01-13.29.39:688][  0]Cmd: MAP LOAD FILE="D:/HorrorBase/Content/HorrorAssets/Maps/House.umap" TEMPLATE=0 SHOWPROGRESS=1 FEATURELEVEL=3
[2015.05.01-13.29.39:689][  0]LogEditorServer:Warning: Can't find file 'D:/HorrorBase/Content/HorrorAssets/Maps/House.umap'
[2015.05.01-13.29.39:689][  0]Cmd: MAP CHECKDEP
[2015.05.01-13.29.39:689][  0]MapCheck: New page: Untitled_0 - May 1, 2015, 5:29:39 AM
[2015.05.01-13.29.39:752][  0]MapCheck: Info Map check complete: 0 Error(s), 0 Warning(s), took 63.419ms to complete.
[2015.05.01-13.29.39:752][  0]LogFileHelpers: Loading map 'House' took 0.064
[2015.05.01-13.29.39:916][  0]LogCollectionManager: Loaded 0 collections in 0.002105 seconds
[2015.05.01-13.29.39:927][  0]LogContentBrowser: Native class hierarchy populated in 0.0113 seconds. Added 1696 classes and 261 folders.
[2015.05.01-13.29.39:969][  0]LogContentBrowser: Native class hierarchy updated for 'SceneOutliner' in 0.0014 seconds. Added 1 classes and 2 folders.
[2015.05.01-13.29.40:040][  0]LogCrashTracker: Crashtracker disabled due to settings.
[2015.05.01-13.29.40:042][  0]LogSlate:Warning: Failed to load font data from 'Veranda'
[2015.05.01-13.29.40:049][  0]LogUObjectGlobals:Warning: Failed to find object 'Class None.'
[2015.05.01-13.29.40:078][  0]LogLoad: Full Startup: 12.42 seconds (BP compile: 0.00 seconds)
[2015.05.01-13.29.40:591][  0]LogRenderer:Warning: Reallocating scene render targets to support 32x32 (Frame:2).
[2015.05.01-13.29.40:713][  0]LogRenderer:Warning: Reallocating scene render targets to support 824x440 (Frame:8).
[2015.05.01-13.29.42:312][  5]LogAssetRegistry: Asset discovery search completed in 4.3166 seconds
[2015.05.01-13.29.45:706][132]LogContentBrowser:Verbose: The content browser source was changed by the sources view to '/Game/MacabreAssets'
[2015.05.01-13.29.46:414][205]LogContentBrowser:Verbose: The content browser source was changed by the sources view to '/Game/MacabreAssets/Blueprints'
[2015.05.01-13.29.52:343][878]LogContentBrowser:Verbose: The content browser source was changed by the sources view to '/Game/MacabreAssets/Maps'
[2015.05.01-13.29.53:850][981]LogLinker:Warning: Asset '../../../Engine/Content/EngineMeshes/Humanoid.uasset' has been saved with empty engine version. The asset will be loaded but may be incompatible.
[2015.05.01-13.29.55:740][981]Cmd: MAP LOAD FILE="D:/HorrorBase/Content/MacabreAssets/Maps/House.umap" TEMPLATE=0 SHOWPROGRESS=1 FEATURELEVEL=3
[2015.05.01-13.29.55:740][981]LightingResults: New page: Lighting Build
[2015.05.01-13.29.55:755][981]LogContentBrowser: Native class hierarchy updated for 'StatsViewer' in 0.0025 seconds. Added 5 classes and 0 folders.
[2015.05.01-13.29.55:807][981]LoadErrors: New page: Loading map: House.umap
[2015.05.01-13.29.55:807][981]MapCheck: New page: Map Check
[2015.05.01-13.29.55:807][981]LightingResults: New page: Lighting Build
[2015.05.01-13.29.55:828][981]LogParticles: Destroying 0 GPU particle simulations for FXSystem 0x000000E033568680
[2015.05.01-13.29.56:047][981]LogEditorServer: Finished looking for orphan Actors (0.000 secs)
[2015.05.01-13.29.56:161][981]LogAIModule: Creating AISystem for world House
[2015.05.01-13.29.56:185][981]Cmd: MAP CHECKDEP
[2015.05.01-13.29.56:185][981]MapCheck: New page: House - May 1, 2015, 5:29:56 AM
[2015.05.01-13.29.56:281][981]MapCheck: Info Map check complete: 0 Error(s), 0 Warning(s), took 95.603ms to complete.
[2015.05.01-13.29.56:281][981]LogFileHelpers: Loading map 'House' took 0.543
[2015.05.01-13.30.00:271][395]LogContentBrowser:Verbose: The content browser source was changed by the sources view to '/Game/MacabreAssets'
[2015.05.01-13.30.00:802][458]LogContentBrowser:Verbose: The content browser source was changed by the sources view to '/Game/HorrorAssets'
[2015.05.01-13.30.01:951][595]LogContentBrowser:Verbose: The content browser source was changed by the sources view to '/Game/HorrorAssets/Textures'
[2015.05.01-13.30.02:979][718]LogContentBrowser:Verbose: The content browser source was changed by the sources view to '/Game/HorrorAssets'
[2015.05.01-13.30.24:764][544]LogSourceControl: RunCommandInternalRaw: 'git version'
[2015.05.01-13.30.24:774][544]LogSourceControl: RunCommandInternalRaw: ExecProcess ReturnCode=0 OutResults='git version 1.9.5.msysgit.1
'
[2015.05.01-13.30.26:435][743]LogSourceControl: RunCommandInternalRaw: 'git version'
[2015.05.01-13.30.26:443][743]LogSourceControl: RunCommandInternalRaw: ExecProcess ReturnCode=0 OutResults='git version 1.9.5.msysgit.1
'
[2015.05.01-13.30.26:443][743]LogSourceControl: RunCommandInternalRaw: 'git version'
[2015.05.01-13.30.26:451][743]LogSourceControl: RunCommandInternalRaw: ExecProcess ReturnCode=0 OutResults='git version 1.9.5.msysgit.1
'
[2015.05.01-13.30.26:565][757]SourceControl:Error: Error You should check out a working copy into your project directory.
[2015.05.01-13.30.26:565][757]SourceControl:Error: Error Project is not part of a Git working copy.
[2015.05.01-13.30.57:159][491]LogSourceControl: RunCommandInternalRaw: 'git version'
[2015.05.01-13.30.57:168][491]LogSourceControl: RunCommandInternalRaw: ExecProcess ReturnCode=0 OutResults='git version 1.9.5.msysgit.1
'
[2015.05.01-13.30.57:168][491]LogSourceControl: RunCommandInternalRaw: 'git version'
[2015.05.01-13.30.57:176][491]LogSourceControl: RunCommandInternalRaw: ExecProcess ReturnCode=0 OutResults='git version 1.9.5.msysgit.1
'
[2015.05.01-13.30.57:334][510]SourceControl:Error: Error You should check out a working copy into your project directory.
[2015.05.01-13.30.57:334][510]SourceControl:Error: Error Project is not part of a Git working copy.
[2015.05.01-13.30.58:019][561]SourceControl:Error: Error You should check out a working copy into your project directory.
[2015.05.01-13.30.58:019][561]SourceControl:Error: Error Project is not part of a Git working copy.
[2015.05.01-13.31.01:086][895]SourceControl: Info Source control is disabled
[2015.05.01-13.32.15:745][830]LogPlayLevel: PIE:  No blueprints needed recompiling
[2015.05.01-13.32.15:745][830]PIE: New page: PIE session: House (May 1, 2015, 5:32:15 AM)
[2015.05.01-13.32.15:825][830]LogPlayLevel: PIE: StaticDuplicateObject took: (0.080001s)
[2015.05.01-13.32.15:826][830]LogPlayLevel: PIE: World Init took: (0.000922s)
[2015.05.01-13.32.15:826][830]LogPlayLevel: PIE: Created PIE world by copying editor world from /Game/MacabreAssets/Maps/House.House to /Game/MacabreAssets/Maps/UEDPIE_0_House.House (0.081262s)
[2015.05.01-13.32.15:915][830]LogWorld: Game class is 'FirstPersonGameMode_C'
[2015.05.01-13.32.15:958][830]LogAIModule: Creating AISystem for world House
[2015.05.01-13.32.16:000][830]LogWorld: Bringing World /Game/MacabreAssets/Maps/UEDPIE_0_House.House up for play (max tick rate 0) at 2015.05.01-09.32.16
[2015.05.01-13.32.16:037][830]LogWorld: Bringing up level for play took: 0.076853
[2015.05.01-13.32.16:107][830]PIE: Info Play in editor start time for /Game/MacabreAssets/Maps/UEDPIE_0_House -0.545
[2015.05.01-13.32.19:265][861]LogParticles: Destroying 0 GPU particle simulations for FXSystem 0x000000E02C248EA0
[2015.05.01-13.32.20:610][ 12]MapCheck: New page: Map Check
[2015.05.01-13.32.20:676][ 12]Cmd: MAP REBUILD ALLVISIBLE
[2015.05.01-13.32.20:676][ 12]LogEditorServer: Rebuildmap Clear paths rebuilt
[2015.05.01-13.32.22:061][ 12]LightingResults: New page: Lighting Build - May 1, 2015, 5:32:22 AM
[2015.05.01-13.32.25:382][ 12]LogStaticLightingSystem: Running Lightmass w/ ImmediateImport mode ENABLED
[2015.05.01-13.32.25:382][ 12]LogStaticLightingSystem: Running Lightmass w/ ImmediateProcess mode ENABLED
[2015.05.01-13.32.25:382][ 12]LogStaticLightingSystem: Running Lightmass w/ Sorting mode ENABLED
[2015.05.01-13.32.25:382][ 12]LogStaticLightingSystem: Running Lightmass w/ Mapping paddings ENABLED
[2015.05.01-13.32.25:382][ 12]LogStaticLightingSystem: Running Lightmass w/ Mapping debug paddings DISABLED
[2015.05.01-13.32.25:657][ 12]LogEditorBuildUtils: Build time 0:00:04
[2015.05.01-13.32.25:746][ 13]LogMaterial: Missing cached shader map for material FLightmassMaterialRenderer vinyl_fence, compiling. 
[2015.05.01-13.32.25:754][ 13]LogMaterial: Missing cached shader map for material FLightmassMaterialRenderer vinyl_fence, compiling. 
[2015.05.01-13.33.59:091][704]Job is a success!
[2015.05.01-13.34.00:396][705]LogTexture:Display: Building textures: HQ_Lightmap0_1 (AutoDXT)
[2015.05.01-13.34.01:288][705]LogTexture:Display: Building textures: LQ_Lightmap_1_10 (DXT1)
[2015.05.01-13.34.01:289][705]LogTexture:Display: Building textures: HQ_Lightmap1_10 (AutoDXT)
[2015.05.01-13.34.01:290][705]LogTexture:Display: Building textures: LQ_Lightmap_1_9 (DXT1)
[2015.05.01-13.34.01:341][705]LogTexture:Display: Building textures: HQ_Lightmap1_9 (AutoDXT)
[2015.05.01-13.34.01:438][705]LogTexture:Display: Building textures: LQ_Lightmap_1_8 (DXT1)
[2015.05.01-13.34.01:558][705]LogTexture:Display: Building textures: HQ_Lightmap1_8 (AutoDXT)
[2015.05.01-13.34.01:832][705]LogTexture:Display: Building textures: LQ_Lightmap_1_7 (DXT1)
[2015.05.01-13.34.01:890][705]LogTexture:Display: Building textures: HQ_Lightmap1_7 (AutoDXT)
[2015.05.01-13.34.02:009][705]LogTexture:Display: Building textures: LQ_Lightmap_0_6 (DXT1)
[2015.05.01-13.34.02:072][705]LogTexture:Display: Building textures: HQ_Lightmap0_6 (AutoDXT)
[2015.05.01-13.34.02:217][705]LogTexture:Display: Building textures: LQ_Lightmap_1_5 (DXT1)
[2015.05.01-13.34.02:298][705]LogTexture:Display: Building textures: HQ_Lightmap1_5 (AutoDXT)
[2015.05.01-13.34.02:492][705]LogTexture:Display: Building textures: LQ_Lightmap_1_4 (DXT1)
[2015.05.01-13.34.03:008][705]LogTexture:Display: Building textures: HQ_Lightmap1_4 (AutoDXT)
[2015.05.01-13.34.03:885][705]LogTexture:Display: Building textures: LQ_Lightmap_0_3 (DXT1)
[2015.05.01-13.34.04:252][705]LogTexture:Display: Building textures: HQ_Lightmap1_3 (AutoDXT)
[2015.05.01-13.34.04:917][705]LogTexture:Display: Building textures: LQ_Lightmap_0_2 (DXT1)
[2015.05.01-13.34.04:984][705]LogTexture:Display: Building textures: HQ_Lightmap0_2 (AutoDXT)
[2015.05.01-13.34.05:075][705]LogTexture:Display: Building textures: LQ_Lightmap_0_1 (DXT1)
[2015.05.01-13.34.05:987][705]LogTexture:Display: Building textures: ShadowMapTexture2D_0 (BGRA8)
[2015.05.01-13.34.06:353][705]LogTexture:Display: Building textures: ShadowMapTexture2D_6 (BGRA8)
[2015.05.01-13.34.06:436][705]LogTexture:Display: Building textures: ShadowMapTexture2D_7 (BGRA8)
[2015.05.01-13.34.06:482][705]LogTexture:Display: Building textures: ShadowMapTexture2D_8 (BGRA8)
[2015.05.01-13.34.06:499][705]LogTexture:Display: Building textures: ShadowMapTexture2D_9 (BGRA8)
[2015.05.01-13.34.06:504][705]LogTexture:Display: Building textures: ShadowMapTexture2D_10 (BGRA8)
[2015.05.01-13.34.06:506][705]LogTexture:Display: Building textures: ShadowMapTexture2D_11 (BGRA8)
[2015.05.01-13.34.06:619][705]Lightmass on MORDOR: 1:39 min total, 521 ms importing, 409 ms setup, 6.70 sec photons, 1:31 min processing, 0 ms extra exporting [1203/1203 mappings]. Threads: 6:06 min total, 4:09 min processing.
[2015.05.01-13.34.06:799][705]LogStaticLightingSystem: Illumination: 1:44 min (6.57 sec encoding lightmaps)
[2015.05.01-13.34.06:799][705]LogStaticLightingSystem: Lightmap texture memory:  6.8 MB (4.1 MB streaming, 2.7 MB non-streaming), 20 textures
[2015.05.01-13.34.06:799][705]LogStaticLightingSystem: Shadowmap texture memory: 14.9 MB (4.2 MB streaming, 10.7 MB non-streaming), 7 textures
[2015.05.01-13.34.07:432][706]Cmd: MAP CHECK NOTIFYRESULTS
[2015.05.01-13.34.07:433][706]MapCheck: New page: House - May 1, 2015, 5:34:07 AM
[2015.05.01-13.34.07:437][706]MapCheck:Warning: Warning F1_LR_CrimeScene_66 'Sphere' has simple collision but is being scaled non-uniformly - collision creation will fail 
[2015.05.01-13.34.07:437][706]MapCheck:Warning: Warning SB_CrimeScene_127 'Sphere' has simple collision but is being scaled non-uniformly - collision creation will fail 
[2015.05.01-13.34.07:534][706]MapCheck: Info Map check complete: 0 Error(s), 2 Warning(s), took 101.046ms to complete.
[2015.05.01-13.34.15:956][598]LogTexture:Warning: Failed to stream mip data from the derived data cache for /Game/MacabreAssets/Maps/House.HQ_Lightmap0_3. Streaming mips will be recached.
[2015.05.01-13.34.15:959][598]LogTexture:Display: Building textures: HQ_Lightmap0_3 (AutoDXT)
[2015.05.01-13.34.16:916][598]LogTexture:Warning: Failed to stream mip data from the derived data cache for /Game/MacabreAssets/Maps/House.HQ_Lightmap0_8. Streaming mips will be recached.
[2015.05.01-13.34.16:917][598]LogTexture:Display: Building textures: HQ_Lightmap0_8 (AutoDXT)
[2015.05.01-13.34.38:131][796]Cmd: OBJ SAVEPACKAGE PACKAGE="/Game/MacabreAssets/Maps/House" FILE="D:/HorrorBase/Content/MacabreAssets/Maps/House.umap" SILENT=true AUTOSAVING=false KEEPDIRTY=false
[2015.05.01-13.34.40:212][796]LogSavePackage: Save=2035.579590ms
[2015.05.01-13.34.40:212][796]LogSavePackage: Moving 'D:/HorrorBase/Saved/House007BFAEE4055F8083A5625A2CBDC5889.tmp' to 'D:/HorrorBase/Content/MacabreAssets/Maps/House.umap'
[2015.05.01-13.34.40:238][796]LogFileHelpers: Saving map 'House' took 2.200
[2015.05.01-13.34.40:249][796]Cmd: OBJ SAVEPACKAGE PACKAGE="/Game/FirstPersonBP/Blueprints/FirstPersonGameMode" FILE="D:/HorrorBase/Content/FirstPersonBP/Blueprints/FirstPersonGameMode.uasset" SILENT=true
[2015.05.01-13.34.40:269][796]LogSavePackage: Save=13.332979ms
[2015.05.01-13.34.40:269][796]LogSavePackage: Moving 'D:/HorrorBase/Saved/FirstPersonGameMode62F28DE84804C2263D81689C7552BA4F.tmp' to 'D:/HorrorBase/Content/FirstPersonBP/Blueprints/FirstPersonGameMode.uasset'
[2015.05.01-13.34.41:483][936]LogPlayLevel: PIE:  No blueprints needed recompiling
[2015.05.01-13.34.41:484][936]PIE: New page: PIE session: House (May 1, 2015, 5:34:41 AM)
[2015.05.01-13.34.41:590][936]LogPlayLevel: PIE: StaticDuplicateObject took: (0.106454s)
[2015.05.01-13.34.41:591][936]LogPlayLevel: PIE: World Init took: (0.000805s)
[2015.05.01-13.34.41:592][936]LogPlayLevel: PIE: Created PIE world by copying editor world from /Game/MacabreAssets/Maps/House.House to /Game/MacabreAssets/Maps/UEDPIE_0_House.House (0.107542s)
[2015.05.01-13.34.41:630][936]LogWorld: Game class is 'FirstPersonGameMode_C'
[2015.05.01-13.34.41:632][936]LogAIModule: Creating AISystem for world House
[2015.05.01-13.34.41:679][936]LogWorld: Bringing World /Game/MacabreAssets/Maps/UEDPIE_0_House.House up for play (max tick rate 0) at 2015.05.01-09.34.41
[2015.05.01-13.34.41:685][936]LogWorld: Bringing up level for play took: 0.052311
[2015.05.01-13.34.41:688][936]PIE: Info Play in editor start time for /Game/MacabreAssets/Maps/UEDPIE_0_House 1.036
[2015.05.01-13.35.30:990][812]LogParticles: Destroying 0 GPU particle simulations for FXSystem 0x000000E03EF32840
[2015.05.01-13.35.50:783][747]LogContentBrowser:Verbose: The content browser source was changed by the sources view to '/Game/MacabreAssets'
[2015.05.01-13.35.52:279][923]LogContentBrowser:Verbose: The content browser source was changed by the sources view to '/Game/FirstPersonBP'
[2015.05.01-13.35.54:196][145]LogContentBrowser:Verbose: The content browser source was changed by the sources view to '/Game/FirstPersonBP/Audio'
[2015.05.01-13.35.55:302][271]LogContentBrowser:Verbose: The content browser source was changed by the sources view to '/Game/FirstPersonBP/Animations'
[2015.05.01-13.36.08:470][247]LogContentBrowser:Verbose: The content browser source was changed by the sources view to 'None'
[2015.05.01-13.36.12:933][660]Cmd: QUIT_EDITOR
[2015.05.01-13.36.13:154][660]LogExit: Preparing to exit.
[2015.05.01-13.36.13:872][660]LogExit: Editor shut down
[2015.05.01-13.36.13:872][660]LogExit: Transaction tracking system shut down
[2015.05.01-13.36.13:873][660]LogParticles: Destroying 0 GPU particle simulations for FXSystem 0x000000E02FC6B060
[2015.05.01-13.36.13:873][660]LogParticles: Destroying 0 GPU particle simulations for FXSystem 0x000000E03BA3F240
[2015.05.01-13.36.13:874][660]LogParticles: Destroying 0 GPU particle simulations for FXSystem 0x000000E02F5C9440
[2015.05.01-13.36.13:876][660]LogParticles: Destroying 0 GPU particle simulations for FXSystem 0x000000E02F66C5E0
[2015.05.01-13.36.13:876][660]LogParticles: Destroying 0 GPU particle simulations for FXSystem 0x000000E03F67B2E0
[2015.05.01-13.36.13:877][660]LogParticles: Destroying 0 GPU particle simulations for FXSystem 0x000000E02D59C9A0
[2015.05.01-13.36.13:945][660]LogExit: Object subsystem successfully closed.
[2015.05.01-13.36.13:997][660]LogModuleManager: Shutting down and abandoning module ExternalImagePicker (178)
[2015.05.01-13.36.13:997][660]LogModuleManager: Shutting down and abandoning module StatsViewer (177)
[2015.05.01-13.36.13:997][660]LogModuleManager: Shutting down and abandoning module CrashTracker (176)
[2015.05.01-13.36.13:997][660]LogModuleManager: Shutting down and abandoning module SuperSearch (175)
[2015.05.01-13.36.13:997][660]LogModuleManager: Shutting down and abandoning module SceneOutliner (174)
[2015.05.01-13.36.13:997][660]LogModuleManager: Shutting down and abandoning module EditorWidgets (173)
[2015.05.01-13.36.13:997][660]LogModuleManager: Shutting down and abandoning module CollectionManager (172)
[2015.05.01-13.36.13:997][660]LogModuleManager: Shutting down and abandoning module FoliageEdit (171)
[2015.05.01-13.36.13:997][660]LogModuleManager: Shutting down and abandoning module LandscapeEditor (170)
[2015.05.01-13.36.13:997][660]LogModuleManager: Shutting down and abandoning module MeshPaint (169)
[2015.05.01-13.36.13:997][660]LogModuleManager: Shutting down and abandoning module ActorPickerMode (168)
[2015.05.01-13.36.13:997][660]LogModuleManager: Shutting down and abandoning module GeometryMode (167)
[2015.05.01-13.36.13:997][660]LogModuleManager: Shutting down and abandoning module TextureAlignMode (166)
[2015.05.01-13.36.13:997][660]LogModuleManager: Shutting down and abandoning module BspMode (165)
[2015.05.01-13.36.13:997][660]LogModuleManager: Shutting down and abandoning module PlacementMode (164)
[2015.05.01-13.36.13:997][660]LogModuleManager: Shutting down and abandoning module AutomationWorker (163)
[2015.05.01-13.36.13:997][660]LogModuleManager: Shutting down and abandoning module CharacterAI (162)
[2015.05.01-13.36.13:997][660]LogModuleManager: Shutting down and abandoning module SmartSnapping (161)
[2015.05.01-13.36.13:997][660]LogModuleManager: Shutting down and abandoning module ViewportSnapping (160)
[2015.05.01-13.36.13:997][660]LogModuleManager: Shutting down and abandoning module LogVisualizer (159)
[2015.05.01-13.36.13:997][660]LogModuleManager: Shutting down and abandoning module GameProjectGeneration (158)
[2015.05.01-13.36.13:997][660]LogModuleManager: Shutting down and abandoning module IntroTutorials (157)
[2015.05.01-13.36.13:997][660]LogModuleManager: Shutting down and abandoning module EditorLiveStreaming (156)
[2015.05.01-13.36.13:997][660]LogModuleManager: Shutting down and abandoning module HardwareTargeting (155)
[2015.05.01-13.36.13:997][660]LogModuleManager: Shutting down and abandoning module DeviceProfileEditor (154)
[2015.05.01-13.36.13:997][660]LogModuleManager: Shutting down and abandoning module UndoHistory (153)
[2015.05.01-13.36.13:997][660]LogModuleManager: Shutting down and abandoning module GameplayTagsEditor (152)
[2015.05.01-13.36.13:997][660]LogModuleManager: Shutting down and abandoning module UserFeedback (151)
[2015.05.01-13.36.13:997][660]LogModuleManager: Shutting down and abandoning module XmlParser (150)
[2015.05.01-13.36.13:997][660]LogModuleManager: Shutting down and abandoning module Blutility (149)
[2015.05.01-13.36.13:997][660]LogModuleManager: Shutting down and abandoning module IOSPlatformEditor (148)
[2015.05.01-13.36.13:998][660]LogModuleManager: Shutting down and abandoning module IOSRuntimeSettings (147)
[2015.05.01-13.36.13:998][660]LogModuleManager: Shutting down and abandoning module AndroidDeviceDetection (146)
[2015.05.01-13.36.14:209][660]LogModuleManager: Shutting down and abandoning module AndroidPlatformEditor (145)
[2015.05.01-13.36.14:209][660]LogModuleManager: Shutting down and abandoning module AndroidRuntimeSettings (144)
[2015.05.01-13.36.14:209][660]LogModuleManager: Shutting down and abandoning module ProjectTargetPlatformEditor (143)
[2015.05.01-13.36.14:209][660]LogModuleManager: Shutting down and abandoning module ProjectSettingsViewer (142)
[2015.05.01-13.36.14:209][660]LogModuleManager: Shutting down and abandoning module InputBindingEditor (141)
[2015.05.01-13.36.14:209][660]LogModuleManager: Shutting down and abandoning module EditorSettingsViewer (140)
[2015.05.01-13.36.14:209][660]LogModuleManager: Shutting down and abandoning module SettingsEditor (139)
[2015.05.01-13.36.14:209][660]LogModuleManager: Shutting down and abandoning module ProjectLauncher (138)
[2015.05.01-13.36.14:209][660]LogModuleManager: Shutting down and abandoning module SessionFrontend (137)
[2015.05.01-13.36.14:209][660]LogModuleManager: Shutting down and abandoning module ProfilerClient (136)
[2015.05.01-13.36.14:209][660]LogModuleManager: Shutting down and abandoning module TargetDeviceServices (135)
[2015.05.01-13.36.14:209][660]LogModuleManager: Shutting down and abandoning module DeviceManager (134)
[2015.05.01-13.36.14:209][660]LogModuleManager: Shutting down and abandoning module AutomationController (133)
[2015.05.01-13.36.14:209][660]LogModuleManager: Shutting down and abandoning module AutomationWindow (132)
[2015.05.01-13.36.14:209][660]LogModuleManager: Shutting down and abandoning module Layers (131)
[2015.05.01-13.36.14:209][660]LogModuleManager: Shutting down and abandoning module ComponentVisualizers (130)
[2015.05.01-13.36.14:209][660]LogModuleManager: Shutting down and abandoning module DetailCustomizations (129)
[2015.05.01-13.36.14:209][660]LogModuleManager: Shutting down and abandoning module PackagesDialog (128)
[2015.05.01-13.36.14:210][660]LogModuleManager: Shutting down and abandoning module AssetRegistry (127)
[2015.05.01-13.36.14:232][660]LogModuleManager: Shutting down and abandoning module Persona (126)
[2015.05.01-13.36.14:232][660]LogModuleManager: Shutting down and abandoning module SlateReflector (125)
[2015.05.01-13.36.14:232][660]LogModuleManager: Shutting down and abandoning module LevelEditor (124)
[2015.05.01-13.36.14:233][660]LogModuleManager: Shutting down and abandoning module Kismet (123)
[2015.05.01-13.36.14:233][660]LogModuleManager: Shutting down and abandoning module GraphEditor (122)
[2015.05.01-13.36.14:233][660]LogModuleManager: Shutting down and abandoning module ClassViewer (121)
[2015.05.01-13.36.14:233][660]LogModuleManager: Shutting down and abandoning module Toolbox (120)
[2015.05.01-13.36.14:233][660]LogModuleManager: Shutting down and abandoning module ModuleUI (119)
[2015.05.01-13.36.14:233][660]LogModuleManager: Shutting down and abandoning module MovieSceneTools (118)
[2015.05.01-13.36.14:233][660]LogModuleManager: Shutting down and abandoning module OutputLog (117)
[2015.05.01-13.36.14:233][660]LogModuleManager: Shutting down and abandoning module GammaUI (116)
[2015.05.01-13.36.14:233][660]LogModuleManager: Shutting down and abandoning module Documentation (115)
[2015.05.01-13.36.14:233][660]LogModuleManager: Shutting down and abandoning module GameLiveStreaming (114)
[2015.05.01-13.36.14:233][660]LogModuleManager: Shutting down and abandoning module StreamingPauseRendering (113)
[2015.05.01-13.36.14:233][660]LogModuleManager: Shutting down and abandoning module HTTP (112)
[2015.05.01-13.36.14:233][660]LogModuleManager: Shutting down and abandoning module AnalyticsET (111)
[2015.05.01-13.36.14:233][660]LogModuleManager: Shutting down and abandoning module Analytics (110)
[2015.05.01-13.36.14:233][660]LogModuleManager: Shutting down and abandoning module AITestSuite (109)
[2015.05.01-13.36.14:233][660]LogModuleManager: Shutting down and abandoning module GameplayDebugger (108)
[2015.05.01-13.36.14:233][660]LogModuleManager: Shutting down and abandoning module AIModule (107)
[2015.05.01-13.36.14:233][660]LogModuleManager: Shutting down and abandoning module ProfilerService (106)
[2015.05.01-13.36.14:362][660]LogModuleManager: Shutting down and abandoning module TaskGraph (105)
[2015.05.01-13.36.14:362][660]LogModuleManager: Shutting down and abandoning module SlateRemote (104)
[2015.05.01-13.36.14:362][660]LogModuleManager: Shutting down and abandoning module ScriptEditorPlugin (103)
[2015.05.01-13.36.14:362][660]LogModuleManager: Shutting down and abandoning module CustomMeshComponent (102)
[2015.05.01-13.36.14:362][660]LogModuleManager: Shutting down and abandoning module CableComponent (101)
[2015.05.01-13.36.14:362][660]LogModuleManager: Shutting down and abandoning module MessagingDebugger (100)
[2015.05.01-13.36.14:362][660]LogModuleManager: Shutting down and abandoning module MediaPlayerEditor (99)
[2015.05.01-13.36.14:362][660]LogModuleManager: Shutting down and abandoning module SpeedTreeImporter (98)
[2015.05.01-13.36.14:362][660]LogModuleManager: Shutting down and abandoning module PluginsEditor (97)
[2015.05.01-13.36.14:362][660]LogModuleManager: Shutting down and abandoning module MainFrame (96)
[2015.05.01-13.36.14:362][660]LogModuleManager: Shutting down and abandoning module EpicSurvey (95)
[2015.05.01-13.36.14:362][660]LogModuleManager: Shutting down and abandoning module DesktopPlatform (94)
[2015.05.01-13.36.14:362][660]LogModuleManager: Shutting down and abandoning module DirectoryWatcher (93)
[2015.05.01-13.36.14:362][660]LogModuleManager: Shutting down and abandoning module HotReload (92)
[2015.05.01-13.36.14:362][660]LogModuleManager: Shutting down and abandoning module VisualStudioSourceCodeAccess (91)
[2015.05.01-13.36.14:362][660]LogModuleManager: Shutting down and abandoning module UObjectPlugin (90)
[2015.05.01-13.36.14:362][660]LogModuleManager: Shutting down and abandoning module SubversionSourceControl (89)
[2015.05.01-13.36.14:362][660]LogModuleManager: Shutting down and abandoning module PerforceSourceControl (88)
[2015.05.01-13.36.14:363][660]LogModuleManager: Shutting down and abandoning module SourceControl (87)
[2015.05.01-13.36.14:363][660]LogModuleManager: Shutting down and abandoning module GitSourceControl (86)
[2015.05.01-13.36.14:363][660]LogModuleManager: Shutting down and abandoning module BlankPlugin (85)
[2015.05.01-13.36.14:363][660]LogModuleManager: Shutting down and abandoning module PaperTiledImporter (84)
[2015.05.01-13.36.14:363][660]LogModuleManager: Shutting down and abandoning module PaperJsonImporter (83)
[2015.05.01-13.36.14:363][660]LogModuleManager: Shutting down and abandoning module ContentBrowser (82)
[2015.05.01-13.36.14:363][660]LogModuleManager: Shutting down and abandoning module Paper2DEditor (81)
[2015.05.01-13.36.14:363][660]LogModuleManager: Shutting down and abandoning module ScriptPlugin (80)
[2015.05.01-13.36.14:363][660]LogModuleManager: Shutting down and abandoning module UdpMessaging (79)
[2015.05.01-13.36.14:464][660]LogModuleManager: Shutting down and abandoning module Paper2D (78)
[2015.05.01-13.36.14:464][660]LogModuleManager: Shutting down and abandoning module WindowsMoviePlayer (77)
[2015.05.01-13.36.14:467][660]LogModuleManager: Shutting down and abandoning module Media (76)
[2015.05.01-13.36.14:467][660]LogModuleManager: Shutting down and abandoning module WmfMedia (75)
[2015.05.01-13.36.14:467][660]LogModuleManager: Shutting down and abandoning module OnlineBlueprintSupport (74)
[2015.05.01-13.36.14:467][660]LogModuleManager: Shutting down and abandoning module PropertyEditor (73)
[2015.05.01-13.36.14:467][660]LogModuleManager: Shutting down and abandoning module BehaviorTreeEditor (72)
[2015.05.01-13.36.14:467][660]LogModuleManager: Shutting down and abandoning module FunctionalTesting (71)
[2015.05.01-13.36.14:467][660]LogModuleManager: Shutting down and abandoning module CollisionAnalyzer (70)
[2015.05.01-13.36.14:467][660]LogModuleManager: Shutting down and abandoning module WorkspaceMenuStructure (69)
[2015.05.01-13.36.14:467][660]LogModuleManager: Shutting down and abandoning module MessageLog (68)
[2015.05.01-13.36.14:467][660]LogModuleManager: Shutting down and abandoning module Sequencer (67)
[2015.05.01-13.36.14:467][660]LogModuleManager: Shutting down and abandoning module AssetTools (66)
[2015.05.01-13.36.14:467][660]LogModuleManager: Shutting down and abandoning module UMGEditor (65)
[2015.05.01-13.36.14:467][660]LogModuleManager: Shutting down and abandoning module UMG (64)
[2015.05.01-13.36.14:467][660]LogModuleManager: Shutting down and abandoning module Slate (63)
[2015.05.01-13.36.14:467][660]LogModuleManager: Shutting down and abandoning module EditorStyle (62)
[2015.05.01-13.36.14:470][660]LogModuleManager: Shutting down and abandoning module SessionServices (61)
[2015.05.01-13.36.14:470][660]LogModuleManager: Shutting down and abandoning module SourceCodeAccess (60)
[2015.05.01-13.36.14:470][660]LogModuleManager: Shutting down and abandoning module HeadMountedDisplay (59)
[2015.05.01-13.36.14:470][660]LogModuleManager: Shutting down and abandoning module XAudio2 (58)
[2015.05.01-13.36.14:470][660]LogModuleManager: Shutting down and abandoning module Networking (56)
[2015.05.01-13.36.14:470][660]LogModuleManager: Shutting down and abandoning module Core (55)
[2015.05.01-13.36.14:470][660]LogModuleManager: Shutting down and abandoning module KismetCompiler (54)
[2015.05.01-13.36.14:470][660]LogModuleManager: Shutting down and abandoning module PhysXFormats (53)
[2015.05.01-13.36.14:470][660]LogModuleManager: Shutting down and abandoning module MeshUtilities (52)
[2015.05.01-13.36.14:470][660]LogModuleManager: Shutting down and abandoning module DerivedDataCache (51)
[2015.05.01-13.36.14:477][660]LogDerivedDataCache: Shutdown
[2015.05.01-13.36.14:477][660]LogModuleManager: Shutting down and abandoning module ShaderFormatOpenGL (50)
[2015.05.01-13.36.14:477][660]LogModuleManager: Shutting down and abandoning module ShaderFormatD3D (49)
[2015.05.01-13.36.14:477][660]LogModuleManager: Shutting down and abandoning module MetalShaderFormat (48)
[2015.05.01-13.36.14:477][660]LogModuleManager: Shutting down and abandoning module TextureFormatUncompressed (47)
[2015.05.01-13.36.14:477][660]LogModuleManager: Shutting down and abandoning module TextureFormatPVR (46)
[2015.05.01-13.36.14:477][660]LogModuleManager: Shutting down and abandoning module TextureFormatIntelISPCTexComp (45)
[2015.05.01-13.36.14:477][660]LogModuleManager: Shutting down and abandoning module TextureFormatDXT (44)
[2015.05.01-13.36.14:477][660]LogModuleManager: Shutting down and abandoning module ImageWrapper (43)
[2015.05.01-13.36.14:477][660]LogModuleManager: Shutting down and abandoning module TextureFormatASTC (42)
[2015.05.01-13.36.14:477][660]LogModuleManager: Shutting down and abandoning module TextureFormatAndroid (41)
[2015.05.01-13.36.14:477][660]LogModuleManager: Shutting down and abandoning module AudioFormatOpus (40)
[2015.05.01-13.36.14:477][660]LogModuleManager: Shutting down and abandoning module AudioFormatOgg (39)
[2015.05.01-13.36.14:477][660]LogModuleManager: Shutting down and abandoning module AudioFormatADPCM (38)
[2015.05.01-13.36.14:477][660]LogModuleManager: Shutting down and abandoning module LinuxTargetPlatform (37)
[2015.05.01-13.36.14:477][660]LogModuleManager: Shutting down and abandoning module LinuxServerTargetPlatform (36)
[2015.05.01-13.36.14:477][660]LogModuleManager: Shutting down and abandoning module LinuxNoEditorTargetPlatform (35)
[2015.05.01-13.36.14:477][660]LogModuleManager: Shutting down and abandoning module Messaging (34)
[2015.05.01-13.36.14:477][660]LogModuleManager: Shutting down and abandoning module IOSTargetPlatform (33)
[2015.05.01-13.36.14:477][660]LogModuleManager: Shutting down and abandoning module HTML5TargetPlatform (32)
[2015.05.01-13.36.14:477][660]LogModuleManager: Shutting down and abandoning module Android_PVRTCTargetPlatform (31)
[2015.05.01-13.36.14:477][660]LogModuleManager: Shutting down and abandoning module Android_ETC2TargetPlatform (30)
[2015.05.01-13.36.14:477][660]LogModuleManager: Shutting down and abandoning module Android_ETC1TargetPlatform (29)
[2015.05.01-13.36.14:477][660]LogModuleManager: Shutting down and abandoning module Android_ES31TargetPlatform (28)
[2015.05.01-13.36.14:477][660]LogModuleManager: Shutting down and abandoning module Android_DXTTargetPlatform (27)
[2015.05.01-13.36.14:477][660]LogModuleManager: Shutting down and abandoning module Android_ATCTargetPlatform (26)
[2015.05.01-13.36.14:477][660]LogModuleManager: Shutting down and abandoning module AndroidTargetPlatform (25)
[2015.05.01-13.36.14:477][660]LogModuleManager: Shutting down and abandoning module WindowsTargetPlatform (24)
[2015.05.01-13.36.14:477][660]LogModuleManager: Shutting down and abandoning module WindowsServerTargetPlatform (23)
[2015.05.01-13.36.14:477][660]LogModuleManager: Shutting down and abandoning module WindowsNoEditorTargetPlatform (22)
[2015.05.01-13.36.14:477][660]LogModuleManager: Shutting down and abandoning module WindowsClientTargetPlatform (21)
[2015.05.01-13.36.14:477][660]LogModuleManager: Shutting down and abandoning module TargetPlatform (20)
[2015.05.01-13.36.14:477][660]LogModuleManager: Shutting down and abandoning module InputCore (19)
[2015.05.01-13.36.14:477][660]LogModuleManager: Shutting down and abandoning module Settings (18)
[2015.05.01-13.36.14:477][660]LogModuleManager: Shutting down and abandoning module OnlineSubsystem (16)
[2015.05.01-13.36.14:477][660]LogModuleManager: Shutting down and abandoning module OculusRift (15)
[2015.05.01-13.36.14:477][660]LogModuleManager: Shutting down and abandoning module ExampleDeviceProfileSelector (14)
[2015.05.01-13.36.14:477][660]LogModuleManager: Shutting down and abandoning module TextureCompressor (13)
[2015.05.01-13.36.14:477][660]LogModuleManager: Shutting down and abandoning module ShaderCore (12)
[2015.05.01-13.36.14:477][660]LogModuleManager: Shutting down and abandoning module Landscape (11)
[2015.05.01-13.36.14:477][660]LogModuleManager: Shutting down and abandoning module SlateRHIRenderer (10)
[2015.05.01-13.36.14:481][660]LogModuleManager: Shutting down and abandoning module OpenGLDrv (9)
[2015.05.01-13.36.14:481][660]LogModuleManager: Shutting down and abandoning module D3D11RHI (8)
[2015.05.01-13.36.14:481][660]LogModuleManager: Shutting down and abandoning module Renderer (7)
[2015.05.01-13.36.14:481][660]LogModuleManager: Shutting down and abandoning module Engine (6)
[2015.05.01-13.36.14:481][660]LogModuleManager: Shutting down and abandoning module CoreUObject (5)
[2015.05.01-13.36.14:481][660]LogModuleManager: Shutting down and abandoning module NetworkFile (4)
[2015.05.01-13.36.14:481][660]LogModuleManager: Shutting down and abandoning module StreamingFile (3)
[2015.05.01-13.36.14:481][660]LogModuleManager: Shutting down and abandoning module SandboxFile (2)
[2015.05.01-13.36.14:481][660]LogModuleManager: Shutting down and abandoning module PakFile (1)
[2015.05.01-13.36.14:481][660]LogExit: Exiting.
[2015.05.01-13.36.14:486][660]Log file closed, 05/01/15 09:36:14
