Log file open, 05/07/15 15:58:31
LogInit:Display: Running engine for game: MacabreMelody
LogInit: Version: 4.7.6-2513093+++depot+UE4-Releases+4.7
LogInit: API Version: 2455222
LogInit: Compiled (64-bit): Apr 15 2015 12:09:54
LogInit: Compiled with Visual C++: 18.00.21005.01
LogInit: Build Configuration: Development
LogInit: Branch Name: ++depot+UE4-Releases+4.7
LogInit: Command line:  /Temp/Autosaves/Game/MacabreAssets/Maps/UEDPCHouse -game -PIEVIACONSOLE -ResX=1280 -ResY=720  -Multiprocess 
LogInit: Base directory: C:/Program Files/Unreal Engine/4.7/Engine/Binaries/Win64/
LogInit: Rocket: 1
[2015.05.07-19.58.31:704][  0]LogTaskGraph: Started task graph with 3 named threads and 4 total threads.
[2015.05.07-19.58.31:742][  0]LogOnline:Warning: No default platform service specified for OnlineSubsystem
[2015.05.07-19.58.31:757][  0]LogInit: Presizing for 0 objects not considered by GC, pre-allocating 0 bytes.
[2015.05.07-19.58.31:767][  0]LogInit: Object subsystem initialized
[2015.05.07-19.58.31:770][  0]LogConsoleResponse:Warning: Skipping Unknown console variable: 'TranslucentSortAxis = (X=0.000000,Y=-1.000000,Z=0.000000)'
[2015.05.07-19.58.31:770][  0]LogConsoleResponse:Warning:   Found in ini file 'D:/Users/jth7036/MacabreMelody-ST/Saved/Config/Windows/Engine.ini', in section '[/Script/Engine.RendererSettings]'
[2015.05.07-19.58.31:770][  0]LogConsoleResponse:Warning: Skipping Unknown console variable: 'UIScaleRule = ShortestSide'
[2015.05.07-19.58.31:770][  0]LogConsoleResponse:Warning:   Found in ini file 'D:/Users/jth7036/MacabreMelody-ST/Saved/Config/Windows/Engine.ini', in section '[/Script/Engine.RendererSettings]'
[2015.05.07-19.58.31:770][  0]LogConsoleResponse:Warning: Skipping Unknown console variable: 'UIScaleCurve = (EditorCurveData=(Keys=),ExternalCurve=None)'
[2015.05.07-19.58.31:770][  0]LogConsoleResponse:Warning:   Found in ini file 'D:/Users/jth7036/MacabreMelody-ST/Saved/Config/Windows/Engine.ini', in section '[/Script/Engine.RendererSettings]'
[2015.05.07-19.58.31:770][  0]LogInit: Selected Device Profile: [Windows]
[2015.05.07-19.58.31:770][  0]LogInit: Applying CVar settings loaded from the selected device profile: [Windows]
[2015.05.07-19.58.31:777][  0]LogInit: Computer: OH1380-11
[2015.05.07-19.58.31:777][  0]LogInit: User: jth7036
[2015.05.07-19.58.31:777][  0]LogInit: CPU Page size=4096, Cores=2
[2015.05.07-19.58.31:777][  0]LogInit: High frequency timer resolution =3.515629 MHz
[2015.05.07-19.58.31:778][  0]LogMemory: Memory total: Physical=16.0GB (16GB approx) Virtual=131072.0GB
[2015.05.07-19.58.31:778][  0]LogMemory: Platform Memory Stats for Windows
[2015.05.07-19.58.31:778][  0]LogMemory: Process Physical Memory: 45.72 MB used, 45.72 MB peak
[2015.05.07-19.58.31:778][  0]LogMemory: Process Virtual Memory: 26.26 MB used, 26.27 MB peak
[2015.05.07-19.58.31:778][  0]LogMemory: Physical Memory: 3567.26 MB used, 16336.19 MB total
[2015.05.07-19.58.31:778][  0]LogMemory: Virtual Memory: 289.31 MB used, 134217728.00 MB total
[2015.05.07-19.58.31:806][  0]LogD3D11RHI: Found D3D11 adapter 0: NVIDIA GeForce GTX 680 (Feature Level 11_0)
[2015.05.07-19.58.31:806][  0]LogD3D11RHI: Adapter has 1985MB of dedicated video memory, 0MB of dedicated system memory, and 2048MB of shared system memory, 2 output[s]
[2015.05.07-19.58.31:807][  0]LogD3D11RHI: Found D3D11 adapter 1: Microsoft Basic Render Driver (Feature Level 11_0)
[2015.05.07-19.58.31:807][  0]LogD3D11RHI: Adapter has 0MB of dedicated video memory, 0MB of dedicated system memory, and 256MB of shared system memory, 0 output[s]
[2015.05.07-19.58.31:807][  0]LogD3D11RHI: Chosen D3D11 Adapter Id = 0
[2015.05.07-19.58.31:811][  0]LogRHI: Texture pool is 1361 MB (70% of 1945 MB)
[2015.05.07-19.58.31:820][  0]LogD3D11RHI: Async texture creation enabled
[2015.05.07-19.58.31:886][  0]LogTextLocalizationManager: The requested culture ('en_US') has no localization data; parent culture's ('en') localization data will be used.
[2015.05.07-19.58.31:956][  0]LogTextLocalizationManager:Warning: Loading localization resources contain conflicting entries for (Namespace:UICommands, Key:Save_ToolTip):
Resource: (C:/Program Files/Unreal Engine/4.7/Engine/Content/Localization/Editor/en/Editor.locres) Hash: (-29098895) String: (Saves the current level to disk)
Resource: (C:/Program Files/Unreal Engine/4.7/Engine/Content/Localization/Engine/en/Engine.locres) Hash: (-1280300587) String: (Save selected data to vlog file)
[2015.05.07-19.58.31:956][  0]LogTextLocalizationManager:Warning: Loading localization resources contain conflicting entries for (Namespace:ContentBrowser, Key:ImportAssetToolTip):
Resource: (C:/Program Files/Unreal Engine/4.7/Engine/Content/Localization/Editor/en/Editor.locres) Hash: (-630476809) String: (Import to {0}...)
Resource: (C:/Program Files/Unreal Engine/4.7/Engine/Content/Localization/Editor/en/Editor.locres) Hash: (1271782899) String: (Imports an asset from file to this folder.)
[2015.05.07-19.58.32:040][  0]LogContentStreaming: Texture pool size is 700.000000MB
[2015.05.07-19.58.34:403][  0]LogTargetPlatformManager:Display: Building Assets For Windows
[2015.05.07-19.58.35:144][  0]LogTargetPlatformManager:Display: Building Assets For Windows
[2015.05.07-19.58.35:205][  0]LogDerivedDataCache:Display: Max Cache Size: 512 MB
[2015.05.07-19.58.35:238][  0]LogDerivedDataCache: Loaded boot cache 0.03s 39MB D:/Users/jth7036.MAIN.001/AppData/Local/UnrealEngine/4.7/DerivedDataCache/Boot.ddc.
[2015.05.07-19.58.35:238][  0]LogDerivedDataCache:Display: Loaded Boot cache: D:/Users/jth7036.MAIN.001/AppData/Local/UnrealEngine/4.7/DerivedDataCache/Boot.ddc
[2015.05.07-19.58.35:238][  0]LogDerivedDataCache: FDerivedDataBackendGraph:  Pak pak cache file D:/Users/jth7036/MacabreMelody-ST/DerivedDataCache/DDC.ddp not found, will not use a pak cache.
[2015.05.07-19.58.35:238][  0]LogDerivedDataCache: Unable to find inner node Pak for hierarchical cache Hierarchy.
[2015.05.07-19.58.35:350][  0]LogDerivedDataCache:Display: Pak cache opened for reading ../../../Engine/DerivedDataCache/Compressed.ddp.
[2015.05.07-19.58.35:361][  0]LogDerivedDataCache: Using Local data cache path D:/Users/jth7036.MAIN.001/AppData/Local/UnrealEngine/Common/DerivedDataCache: Writable
[2015.05.07-19.58.35:623][  0]LogMeshUtilities: No automatic mesh reduction module available
[2015.05.07-19.58.35:623][  0]LogMeshUtilities: No automatic mesh merging module available
[2015.05.07-19.58.35:930][  0]LogInit: WinSock: version 1.1 (2.2), MaxSocks=32767, MaxUdp=65467
[2015.05.07-19.58.36:331][  0]LogWindowsMoviePlayer: Unable to load movie: D:/Users/jth7036/MacabreMelody-ST/Content/Movies/Default_Startup.mp4
[2015.05.07-19.58.36:496][  0]LogSourceControl: RunCommandInternalRaw: 'git version'
[2015.05.07-19.58.36:551][  0]LogSourceControl: RunCommandInternalRaw: ExecProcess ReturnCode=2 OutResults=''
[2015.05.07-19.58.36:551][  0]LogSourceControl: RunCommandInternalRaw: 'git version'
[2015.05.07-19.58.36:605][  0]LogSourceControl: RunCommandInternalRaw: ExecProcess ReturnCode=2 OutResults=''
[2015.05.07-19.58.36:605][  0]LogSourceControl: RunCommandInternalRaw: 'git version'
[2015.05.07-19.58.36:661][  0]LogSourceControl: RunCommandInternalRaw: ExecProcess ReturnCode=2 OutResults=''
[2015.05.07-19.58.36:671][  0]LogSourceControl: RunCommandInternalRaw: 'git version'
[2015.05.07-19.58.36:725][  0]LogSourceControl: RunCommandInternalRaw: ExecProcess ReturnCode=2 OutResults=''
[2015.05.07-19.58.36:818][  0]LogObj: 23971 objects as part of root set at end of initial load.
[2015.05.07-19.58.36:818][  0]LogUObjectAllocator: 4988928 out of 0 bytes used by permanent object pool.
[2015.05.07-19.58.36:895][  0]LogAutomationTest:Warning: ERR: Transient text cannot be serialized "Testing Transient serialization detection".
[2015.05.07-19.58.36:895][  0]LogEngine: Initializing Engine...
[2015.05.07-19.58.40:015][  0]LogInit: XAudio2 using 'Realtek Digital Output (Realtek High Definition Audio)' : 2 channels at 48 kHz using 16 bits per sample (channel mask 0x3)
[2015.05.07-19.58.40:024][  0]LogInit: FAudioDevice initialized.
[2015.05.07-19.58.40:029][  0]LogInit: Texture streaming: Enabled
[2015.05.07-19.58.40:107][  0]LogAnalytics: Creating configured Analytics provider AnalyticsET
[2015.05.07-19.58.40:107][  0]LogAnalytics: ET APIKey = Rocket.Release. APIServer = http://et2.epicgames.com/ET2/. AppVersion = 4.7.6-2513093+++depot+UE4-Releases+4.7
[2015.05.07-19.58.40:107][  0]LogAnalytics: ET APIKey = Rocket.Release. DataRouterUploadURL = https://datarouter-public-service-gamedev.ol.epicgames.net/datarouter/api/v1/public/data. AppVersion = 4.7.6-2513093+++depot+UE4-Releases+4.7
[2015.05.07-19.58.40:108][  0]LogAnalytics: SetUserId 593fc67642b971ecd262c8a532266618|76f5d0457a0c47cfa4e62c1627123b6f|3361363f-9ac8-4dd0-8d7c-f16ac9e9cf3e
[2015.05.07-19.58.40:108][  0]LogAnalytics: AnalyticsET::StartSession [Rocket.Release]
[2015.05.07-19.58.40:157][  0]LogNet: Browse: /Temp/Autosaves/Game/MacabreAssets/Maps/UEDPCHouse?Name=Player
[2015.05.07-19.58.40:157][  0]LogLoad: LoadMap: /Temp/Autosaves/Game/MacabreAssets/Maps/UEDPCHouse?Name=Player
[2015.05.07-19.58.40:176][  0]LogMemory: Platform Memory Stats for Windows
[2015.05.07-19.58.40:176][  0]LogMemory: Process Physical Memory: 264.09 MB used, 280.20 MB peak
[2015.05.07-19.58.40:176][  0]LogMemory: Process Virtual Memory: 205.62 MB used, 226.61 MB peak
[2015.05.07-19.58.40:176][  0]LogMemory: Physical Memory: 3739.53 MB used, 16336.19 MB total
[2015.05.07-19.58.40:176][  0]LogMemory: Virtual Memory: 654.50 MB used, 134217728.00 MB total
[2015.05.07-19.58.40:176][  0]LogMemory: 
[2015.05.07-19.58.40:176][  0]Allocator Stats for TBB: (not implemented)
[2015.05.07-19.58.40:911][  0]LogLinker:Warning: Asset '../../../Engine/Content/EngineMeshes/Humanoid.uasset' has been saved with empty engine version. The asset will be loaded but may be incompatible.
[2015.05.07-19.58.40:969][  0]LogTexture:Display: Building textures: HQ_Lightmap1_6 (AutoDXT)
[2015.05.07-19.58.41:005][  0]LogTexture:Display: Building textures: HQ_Lightmap0_9 (AutoDXT)
[2015.05.07-19.58.41:029][  0]LogTexture:Display: Building textures: HQ_Lightmap0_7 (AutoDXT)
[2015.05.07-19.58.41:285][  0]LogTexture:Display: Building textures: HQ_Lightmap0_10 (AutoDXT)
[2015.05.07-19.58.41:297][  0]LogTexture:Display: Building textures: HQ_Lightmap0_11 (AutoDXT)
[2015.05.07-19.58.41:305][  0]LogTexture:Display: Building textures: HQ_Lightmap0_12 (AutoDXT)
[2015.05.07-19.58.41:320][  0]LogTexture:Display: Building textures: HQ_Lightmap0_3 (AutoDXT)
[2015.05.07-19.58.41:893][  0]LogTexture:Display: Building textures: HQ_Lightmap0_4 (AutoDXT)
[2015.05.07-19.58.42:413][  0]LogTexture:Display: Building textures: HQ_Lightmap0_5 (AutoDXT)
[2015.05.07-19.58.42:506][  0]LogTexture:Display: Building textures: HQ_Lightmap0_8 (AutoDXT)
[2015.05.07-19.58.42:927][  0]LogWorld: Game class is 'FirstPersonGameMode_C'
[2015.05.07-19.58.43:207][  0]LogAIModule: Creating AISystem for world House
[2015.05.07-19.58.43:223][  0]LogMaterial:Warning: Material /Game/MacabreAssets/Import/SUV/14_-_Default.14_-_Default missing bUsedWithStaticLighting=True! Default Material will be used in game.
[2015.05.07-19.58.43:223][  0]LogMaterial:Warning:      The material will recompile every editor launch until resaved.
[2015.05.07-19.58.43:223][  0]LogMaterial:Warning: Material /Game/MacabreAssets/Import/SUV/18_-_Default.18_-_Default missing bUsedWithStaticLighting=True! Default Material will be used in game.
[2015.05.07-19.58.43:223][  0]LogMaterial:Warning:      The material will recompile every editor launch until resaved.
[2015.05.07-19.58.43:223][  0]LogMaterial:Warning: Material /Game/MacabreAssets/Import/SUV/08_-_Default.08_-_Default missing bUsedWithStaticLighting=True! Default Material will be used in game.
[2015.05.07-19.58.43:223][  0]LogMaterial:Warning:      The material will recompile every editor launch until resaved.
[2015.05.07-19.58.43:223][  0]LogMaterial:Warning: Material /Game/MacabreAssets/Import/SUV/03_-_Default.03_-_Default missing bUsedWithStaticLighting=True! Default Material will be used in game.
[2015.05.07-19.58.43:223][  0]LogMaterial:Warning:      The material will recompile every editor launch until resaved.
[2015.05.07-19.58.43:231][  0]LogWorld: Bringing World /Temp/Autosaves/Game/MacabreAssets/Maps/UEDPCHouse.House up for play (max tick rate 0) at 2015.05.07-15.58.43
[2015.05.07-19.58.43:234][  0]LogWorld: Bringing up level for play took: 0.027725
[2015.05.07-19.58.43:236][  0]LogInit:Display: Game Engine Initialized.
[2015.05.07-19.58.43:461][  0]LogLoad: Full Startup: 13.62 seconds (BP compile: 0.22 seconds)
[2015.05.07-19.58.43:589][  2]LogRenderer:Warning: Reallocating scene render targets to support 912x512 (Frame:2).
[2015.05.07-19.59.05:408][720]LogEngine: All Windows Closed
[2015.05.07-19.59.05:408][720]LogWindows: FPlatformMisc::RequestExit(0)
[2015.05.07-19.59.05:421][721]LogExit: Preparing to exit.
[2015.05.07-19.59.05:532][721]LogParticles: Destroying 0 GPU particle simulations for FXSystem 0x0000007499B3E480
[2015.05.07-19.59.05:532][721]LogExit: Game engine shut down
[2015.05.07-19.59.05:585][721]LogExit: Object subsystem successfully closed.
[2015.05.07-19.59.05:626][721]LogModuleManager: Shutting down and abandoning module AndroidDeviceDetection (106)
[2015.05.07-19.59.06:535][721]LogModuleManager: Shutting down and abandoning module AutomationWorker (105)
[2015.05.07-19.59.06:535][721]LogModuleManager: Shutting down and abandoning module CharacterAI (104)
[2015.05.07-19.59.06:535][721]LogModuleManager: Shutting down and abandoning module AITestSuite (103)
[2015.05.07-19.59.06:535][721]LogModuleManager: Shutting down and abandoning module GameplayDebugger (102)
[2015.05.07-19.59.06:535][721]LogModuleManager: Shutting down and abandoning module AIModule (101)
[2015.05.07-19.59.06:535][721]LogModuleManager: Shutting down and abandoning module GameLiveStreaming (100)
[2015.05.07-19.59.06:535][721]LogModuleManager: Shutting down and abandoning module StreamingPauseRendering (99)
[2015.05.07-19.59.06:535][721]LogModuleManager: Shutting down and abandoning module HTTP (98)
[2015.05.07-19.59.06:535][721]LogModuleManager: Shutting down and abandoning module AnalyticsET (97)
[2015.05.07-19.59.06:535][721]LogModuleManager: Shutting down and abandoning module Analytics (96)
[2015.05.07-19.59.06:535][721]LogModuleManager: Shutting down and abandoning module ProfilerService (95)
[2015.05.07-19.59.06:625][721]LogModuleManager: Shutting down and abandoning module TaskGraph (94)
[2015.05.07-19.59.06:625][721]LogModuleManager: Shutting down and abandoning module SlateRemote (93)
[2015.05.07-19.59.06:625][721]LogModuleManager: Shutting down and abandoning module CustomMeshComponent (92)
[2015.05.07-19.59.06:625][721]LogModuleManager: Shutting down and abandoning module CableComponent (91)
[2015.05.07-19.59.06:625][721]LogModuleManager: Shutting down and abandoning module DesktopPlatform (90)
[2015.05.07-19.59.06:625][721]LogModuleManager: Shutting down and abandoning module DirectoryWatcher (89)
[2015.05.07-19.59.06:625][721]LogModuleManager: Shutting down and abandoning module HotReload (88)
[2015.05.07-19.59.06:625][721]LogModuleManager: Shutting down and abandoning module VisualStudioSourceCodeAccess (87)
[2015.05.07-19.59.06:625][721]LogModuleManager: Shutting down and abandoning module UObjectPlugin (86)
[2015.05.07-19.59.06:625][721]LogModuleManager: Shutting down and abandoning module SubversionSourceControl (85)
[2015.05.07-19.59.06:625][721]LogModuleManager: Shutting down and abandoning module GitSourceControl (84)
[2015.05.07-19.59.06:625][721]LogModuleManager: Shutting down and abandoning module SourceControl (83)
[2015.05.07-19.59.06:625][721]LogModuleManager: Shutting down and abandoning module PerforceSourceControl (82)
[2015.05.07-19.59.06:625][721]LogModuleManager: Shutting down and abandoning module BlankPlugin (81)
[2015.05.07-19.59.06:625][721]LogModuleManager: Shutting down and abandoning module ScriptPlugin (80)
[2015.05.07-19.59.06:625][721]LogModuleManager: Shutting down and abandoning module UdpMessaging (79)
[2015.05.07-19.59.06:625][721]LogModuleManager: Shutting down and abandoning module Paper2D (78)
[2015.05.07-19.59.06:625][721]LogModuleManager: Shutting down and abandoning module WindowsMoviePlayer (77)
[2015.05.07-19.59.06:628][721]LogModuleManager: Shutting down and abandoning module Media (76)
[2015.05.07-19.59.06:628][721]LogModuleManager: Shutting down and abandoning module WmfMedia (75)
[2015.05.07-19.59.06:628][721]LogModuleManager: Shutting down and abandoning module OnlineBlueprintSupport (74)
[2015.05.07-19.59.06:628][721]LogModuleManager: Shutting down and abandoning module PropertyEditor (73)
[2015.05.07-19.59.06:628][721]LogModuleManager: Shutting down and abandoning module BehaviorTreeEditor (72)
[2015.05.07-19.59.06:628][721]LogModuleManager: Shutting down and abandoning module FunctionalTesting (71)
[2015.05.07-19.59.06:628][721]LogModuleManager: Shutting down and abandoning module CollisionAnalyzer (70)
[2015.05.07-19.59.06:628][721]LogModuleManager: Shutting down and abandoning module WorkspaceMenuStructure (69)
[2015.05.07-19.59.06:628][721]LogModuleManager: Shutting down and abandoning module MessageLog (68)
[2015.05.07-19.59.06:628][721]LogModuleManager: Shutting down and abandoning module Sequencer (67)
[2015.05.07-19.59.06:628][721]LogModuleManager: Shutting down and abandoning module AssetTools (66)
[2015.05.07-19.59.06:628][721]LogModuleManager: Shutting down and abandoning module UMGEditor (65)
[2015.05.07-19.59.06:628][721]LogModuleManager: Shutting down and abandoning module UMG (64)
[2015.05.07-19.59.06:628][721]LogModuleManager: Shutting down and abandoning module Slate (63)
[2015.05.07-19.59.06:628][721]LogModuleManager: Shutting down and abandoning module EditorStyle (62)
[2015.05.07-19.59.06:632][721]LogModuleManager: Shutting down and abandoning module SessionServices (61)
[2015.05.07-19.59.06:632][721]LogModuleManager: Shutting down and abandoning module SourceCodeAccess (60)
[2015.05.07-19.59.06:632][721]LogModuleManager: Shutting down and abandoning module HeadMountedDisplay (59)
[2015.05.07-19.59.06:632][721]LogModuleManager: Shutting down and abandoning module XAudio2 (58)
[2015.05.07-19.59.06:632][721]LogModuleManager: Shutting down and abandoning module Networking (56)
[2015.05.07-19.59.06:632][721]LogModuleManager: Shutting down and abandoning module Core (55)
[2015.05.07-19.59.06:632][721]LogModuleManager: Shutting down and abandoning module KismetCompiler (54)
[2015.05.07-19.59.06:632][721]LogModuleManager: Shutting down and abandoning module PhysXFormats (53)
[2015.05.07-19.59.06:632][721]LogModuleManager: Shutting down and abandoning module MeshUtilities (52)
[2015.05.07-19.59.06:632][721]LogModuleManager: Shutting down and abandoning module DerivedDataCache (51)
[2015.05.07-19.59.06:882][721]LogDerivedDataCache: Shutdown
[2015.05.07-19.59.06:882][721]LogModuleManager: Shutting down and abandoning module ShaderFormatOpenGL (50)
[2015.05.07-19.59.06:882][721]LogModuleManager: Shutting down and abandoning module ShaderFormatD3D (49)
[2015.05.07-19.59.06:882][721]LogModuleManager: Shutting down and abandoning module MetalShaderFormat (48)
[2015.05.07-19.59.06:882][721]LogModuleManager: Shutting down and abandoning module TextureFormatUncompressed (47)
[2015.05.07-19.59.06:882][721]LogModuleManager: Shutting down and abandoning module TextureFormatPVR (46)
[2015.05.07-19.59.06:882][721]LogModuleManager: Shutting down and abandoning module TextureFormatIntelISPCTexComp (45)
[2015.05.07-19.59.06:882][721]LogModuleManager: Shutting down and abandoning module TextureFormatDXT (44)
[2015.05.07-19.59.06:882][721]LogModuleManager: Shutting down and abandoning module ImageWrapper (43)
[2015.05.07-19.59.06:882][721]LogModuleManager: Shutting down and abandoning module TextureFormatASTC (42)
[2015.05.07-19.59.06:882][721]LogModuleManager: Shutting down and abandoning module TextureFormatAndroid (41)
[2015.05.07-19.59.06:882][721]LogModuleManager: Shutting down and abandoning module AudioFormatOpus (40)
[2015.05.07-19.59.06:882][721]LogModuleManager: Shutting down and abandoning module AudioFormatOgg (39)
[2015.05.07-19.59.06:882][721]LogModuleManager: Shutting down and abandoning module AudioFormatADPCM (38)
[2015.05.07-19.59.06:882][721]LogModuleManager: Shutting down and abandoning module LinuxTargetPlatform (37)
[2015.05.07-19.59.06:882][721]LogModuleManager: Shutting down and abandoning module LinuxServerTargetPlatform (36)
[2015.05.07-19.59.06:882][721]LogModuleManager: Shutting down and abandoning module LinuxNoEditorTargetPlatform (35)
[2015.05.07-19.59.06:882][721]LogModuleManager: Shutting down and abandoning module Messaging (34)
[2015.05.07-19.59.06:882][721]LogModuleManager: Shutting down and abandoning module IOSTargetPlatform (33)
[2015.05.07-19.59.06:882][721]LogModuleManager: Shutting down and abandoning module HTML5TargetPlatform (32)
[2015.05.07-19.59.06:882][721]LogModuleManager: Shutting down and abandoning module Android_PVRTCTargetPlatform (31)
[2015.05.07-19.59.06:882][721]LogModuleManager: Shutting down and abandoning module Android_ETC2TargetPlatform (30)
[2015.05.07-19.59.06:882][721]LogModuleManager: Shutting down and abandoning module Android_ETC1TargetPlatform (29)
[2015.05.07-19.59.06:882][721]LogModuleManager: Shutting down and abandoning module Android_ES31TargetPlatform (28)
[2015.05.07-19.59.06:882][721]LogModuleManager: Shutting down and abandoning module Android_DXTTargetPlatform (27)
[2015.05.07-19.59.06:882][721]LogModuleManager: Shutting down and abandoning module Android_ATCTargetPlatform (26)
[2015.05.07-19.59.06:882][721]LogModuleManager: Shutting down and abandoning module AndroidTargetPlatform (25)
[2015.05.07-19.59.06:882][721]LogModuleManager: Shutting down and abandoning module WindowsTargetPlatform (24)
[2015.05.07-19.59.06:882][721]LogModuleManager: Shutting down and abandoning module WindowsServerTargetPlatform (23)
[2015.05.07-19.59.06:882][721]LogModuleManager: Shutting down and abandoning module WindowsNoEditorTargetPlatform (22)
[2015.05.07-19.59.06:882][721]LogModuleManager: Shutting down and abandoning module WindowsClientTargetPlatform (21)
[2015.05.07-19.59.06:882][721]LogModuleManager: Shutting down and abandoning module TargetPlatform (20)
[2015.05.07-19.59.06:882][721]LogModuleManager: Shutting down and abandoning module InputCore (19)
[2015.05.07-19.59.06:882][721]LogModuleManager: Shutting down and abandoning module Settings (18)
[2015.05.07-19.59.06:882][721]LogModuleManager: Shutting down and abandoning module OnlineSubsystem (16)
[2015.05.07-19.59.06:882][721]LogModuleManager: Shutting down and abandoning module OculusRift (15)
[2015.05.07-19.59.06:882][721]LogModuleManager: Shutting down and abandoning module ExampleDeviceProfileSelector (14)
[2015.05.07-19.59.06:882][721]LogModuleManager: Shutting down and abandoning module TextureCompressor (13)
[2015.05.07-19.59.06:882][721]LogModuleManager: Shutting down and abandoning module ShaderCore (12)
[2015.05.07-19.59.06:882][721]LogModuleManager: Shutting down and abandoning module Landscape (11)
[2015.05.07-19.59.06:882][721]LogModuleManager: Shutting down and abandoning module SlateRHIRenderer (10)
[2015.05.07-19.59.06:882][721]LogModuleManager: Shutting down and abandoning module OpenGLDrv (9)
[2015.05.07-19.59.06:882][721]LogModuleManager: Shutting down and abandoning module D3D11RHI (8)
[2015.05.07-19.59.06:882][721]LogModuleManager: Shutting down and abandoning module Renderer (7)
[2015.05.07-19.59.06:882][721]LogModuleManager: Shutting down and abandoning module Engine (6)
[2015.05.07-19.59.06:882][721]LogModuleManager: Shutting down and abandoning module CoreUObject (5)
[2015.05.07-19.59.06:882][721]LogModuleManager: Shutting down and abandoning module NetworkFile (4)
[2015.05.07-19.59.06:882][721]LogModuleManager: Shutting down and abandoning module StreamingFile (3)
[2015.05.07-19.59.06:882][721]LogModuleManager: Shutting down and abandoning module SandboxFile (2)
[2015.05.07-19.59.06:882][721]LogModuleManager: Shutting down and abandoning module PakFile (1)
[2015.05.07-19.59.06:883][721]LogExit: Exiting.
[2015.05.07-19.59.06:884][721]Log file closed, 05/07/15 15:59:06
