Log file open, 05/01/15 12:15:27
LogInit:Display: Running engine for game: MacabreMelody
LogInit: Version: 4.7.6-2513093+++depot+UE4-Releases+4.7
LogInit: API Version: 2455222
LogInit: Compiled (64-bit): Apr 15 2015 12:09:54
LogInit: Compiled with Visual C++: 18.00.21005.01
LogInit: Build Configuration: Development
LogInit: Branch Name: ++depot+UE4-Releases+4.7
LogInit: Command line:  
LogInit: Base directory: F:/Program Files/Epic Games/4.7/Engine/Binaries/Win64/
LogInit: Rocket: 1
[2015.05.01-16.15.27:909][  0]LogTaskGraph: Started task graph with 3 named threads and 4 total threads.
[2015.05.01-16.15.27:943][  0]LogOnline:Warning: No default platform service specified for OnlineSubsystem
[2015.05.01-16.15.27:978][  0]LogInit: Presizing for 0 objects not considered by GC, pre-allocating 0 bytes.
[2015.05.01-16.15.27:990][  0]LogInit: Object subsystem initialized
[2015.05.01-16.15.27:992][  0]LogConsoleResponse:Warning: Skipping Unknown console variable: 'TranslucentSortAxis = (X=0.000000,Y=-1.000000,Z=0.000000)'
[2015.05.01-16.15.27:992][  0]LogConsoleResponse:Warning:   Found in ini file 'D:/MacabreMelody/Saved/Config/Windows/Engine.ini', in section '[/Script/Engine.RendererSettings]'
[2015.05.01-16.15.27:992][  0]LogConsoleResponse:Warning: Skipping Unknown console variable: 'UIScaleRule = ShortestSide'
[2015.05.01-16.15.27:992][  0]LogConsoleResponse:Warning:   Found in ini file 'D:/MacabreMelody/Saved/Config/Windows/Engine.ini', in section '[/Script/Engine.RendererSettings]'
[2015.05.01-16.15.27:992][  0]LogConsoleResponse:Warning: Skipping Unknown console variable: 'UIScaleCurve = (EditorCurveData=(Keys=),ExternalCurve=None)'
[2015.05.01-16.15.27:992][  0]LogConsoleResponse:Warning:   Found in ini file 'D:/MacabreMelody/Saved/Config/Windows/Engine.ini', in section '[/Script/Engine.RendererSettings]'
[2015.05.01-16.15.27:992][  0]LogInit: Selected Device Profile: [Windows]
[2015.05.01-16.15.27:992][  0]LogInit: Applying CVar settings loaded from the selected device profile: [Windows]
[2015.05.01-16.15.28:002][  0]LogInit: Computer: MORDOR
[2015.05.01-16.15.28:002][  0]LogInit: User: Mordor
[2015.05.01-16.15.28:002][  0]LogInit: CPU Page size=4096, Cores=2
[2015.05.01-16.15.28:002][  0]LogInit: High frequency timer resolution =14.318180 MHz
[2015.05.01-16.15.28:002][  0]LogMemory: Memory total: Physical=15.9GB (16GB approx) Virtual=131072.0GB
[2015.05.01-16.15.28:003][  0]LogMemory: Platform Memory Stats for Windows
[2015.05.01-16.15.28:003][  0]LogMemory: Process Physical Memory: 45.81 MB used, 45.81 MB peak
[2015.05.01-16.15.28:003][  0]LogMemory: Process Virtual Memory: 24.34 MB used, 24.34 MB peak
[2015.05.01-16.15.28:003][  0]LogMemory: Physical Memory: 2915.83 MB used, 16285.57 MB total
[2015.05.01-16.15.28:003][  0]LogMemory: Virtual Memory: 289.85 MB used, 134217728.00 MB total
[2015.05.01-16.15.28:059][  0]LogD3D11RHI: Found D3D11 adapter 0: AMD Radeon HD 7800 Series (Feature Level 11_0)
[2015.05.01-16.15.28:059][  0]LogD3D11RHI: Adapter has 2022MB of dedicated video memory, 0MB of dedicated system memory, and 7936MB of shared system memory, 2 output[s]
[2015.05.01-16.15.28:060][  0]LogD3D11RHI: Found D3D11 adapter 1: Microsoft Basic Render Driver (Feature Level 11_0)
[2015.05.01-16.15.28:060][  0]LogD3D11RHI: Adapter has 0MB of dedicated video memory, 0MB of dedicated system memory, and 256MB of shared system memory, 0 output[s]
[2015.05.01-16.15.28:060][  0]LogD3D11RHI: Chosen D3D11 Adapter Id = 0
[2015.05.01-16.15.28:065][  0]LogRHI: Texture pool is 1361 MB (70% of 1945 MB)
[2015.05.01-16.15.28:070][  0]LogD3D11RHI: Async texture creation disabled: no driver support
[2015.05.01-16.15.28:289][  0]LogTextLocalizationManager: The requested culture ('en_US') has no localization data; parent culture's ('en') localization data will be used.
[2015.05.01-16.15.28:357][  0]LogTextLocalizationManager:Warning: Loading localization resources contain conflicting entries for (Namespace:UICommands, Key:Save_ToolTip):
Resource: (F:/Program Files/Epic Games/4.7/Engine/Content/Localization/Editor/en/Editor.locres) Hash: (-29098895) String: (Saves the current level to disk)
Resource: (F:/Program Files/Epic Games/4.7/Engine/Content/Localization/Engine/en/Engine.locres) Hash: (-1280300587) String: (Save selected data to vlog file)
[2015.05.01-16.15.28:357][  0]LogTextLocalizationManager:Warning: Loading localization resources contain conflicting entries for (Namespace:ContentBrowser, Key:ImportAssetToolTip):
Resource: (F:/Program Files/Epic Games/4.7/Engine/Content/Localization/Editor/en/Editor.locres) Hash: (-630476809) String: (Import to {0}...)
Resource: (F:/Program Files/Epic Games/4.7/Engine/Content/Localization/Editor/en/Editor.locres) Hash: (1271782899) String: (Imports an asset from file to this folder.)
[2015.05.01-16.15.28:432][  0]LogContentStreaming: Texture pool size is 0.000000MB
[2015.05.01-16.15.31:176][  0]LogTargetPlatformManager:Display: Building Assets For Windows
[2015.05.01-16.15.31:923][  0]LogTargetPlatformManager:Display: Building Assets For Windows
[2015.05.01-16.15.31:999][  0]LogDerivedDataCache:Display: Max Cache Size: 512 MB
[2015.05.01-16.15.32:057][  0]LogDerivedDataCache: Loaded boot cache 0.06s 39MB C:/Users/jth70_000/AppData/Local/UnrealEngine/4.7/DerivedDataCache/Boot.ddc.
[2015.05.01-16.15.32:057][  0]LogDerivedDataCache:Display: Loaded Boot cache: C:/Users/jth70_000/AppData/Local/UnrealEngine/4.7/DerivedDataCache/Boot.ddc
[2015.05.01-16.15.32:057][  0]LogDerivedDataCache: FDerivedDataBackendGraph:  Pak pak cache file D:/MacabreMelody/DerivedDataCache/DDC.ddp not found, will not use a pak cache.
[2015.05.01-16.15.32:057][  0]LogDerivedDataCache: Unable to find inner node Pak for hierarchical cache Hierarchy.
[2015.05.01-16.15.32:166][  0]LogDerivedDataCache:Display: Pak cache opened for reading ../../../Engine/DerivedDataCache/Compressed.ddp.
[2015.05.01-16.15.32:179][  0]LogDerivedDataCache: Using Local data cache path C:/Users/jth70_000/AppData/Local/UnrealEngine/Common/DerivedDataCache: Writable
[2015.05.01-16.15.34:300][  0]LogMeshUtilities: No automatic mesh reduction module available
[2015.05.01-16.15.34:300][  0]LogMeshUtilities: No automatic mesh merging module available
[2015.05.01-16.15.34:879][  0]LogInit: WinSock: version 1.1 (2.2), MaxSocks=32767, MaxUdp=65467
[2015.05.01-16.15.34:973][  0]LogSlate:Warning: Failed to load font data from '../../../Engine/Content/Slate/Fonts/Roboto-Italic.ttf'
[2015.05.01-16.15.36:302][  0]UdpMessaging: Initializing bridge on interface 0.0.0.0:0 to multicast group 230.0.0.1:6666.
[2015.05.01-16.15.36:517][  0]SourceControl: Info Source control is disabled
[2015.05.01-16.15.36:517][  0]SourceControl: Info Source control is disabled
[2015.05.01-16.15.36:517][  0]SourceControl: Info Source control is disabled
[2015.05.01-16.15.36:528][  0]LogSourceControl: RunCommandInternalRaw: 'git version'
[2015.05.01-16.15.36:567][  0]LogSourceControl: RunCommandInternalRaw: ExecProcess ReturnCode=0 OutResults='git version 1.9.5.msysgit.1
'
[2015.05.01-16.15.36:788][  0]LogObj: 24232 objects as part of root set at end of initial load.
[2015.05.01-16.15.36:788][  0]LogUObjectAllocator: 5137176 out of 0 bytes used by permanent object pool.
[2015.05.01-16.15.36:883][  0]LogEngine: Initializing Engine...
[2015.05.01-16.15.39:155][  0]LogInit: XAudio2 using '1 - LC-19G77A (AMD High Definition Audio Device)' : 2 channels at 48 kHz using 16 bits per sample (channel mask 0x3)
[2015.05.01-16.15.39:166][  0]LogInit: FAudioDevice initialized.
[2015.05.01-16.15.39:204][  0]LogAIModule: Creating AISystem for world NewWorld
[2015.05.01-16.15.39:235][  0]LogDerivedDataCache: Saved boot cache 0.03s 39MB C:/Users/jth70_000/AppData/Local/UnrealEngine/4.7/DerivedDataCache/Boot.ddc.
[2015.05.01-16.15.39:245][  0]LogInit: Texture streaming: Enabled
[2015.05.01-16.15.39:380][  0]LogAnalytics: Creating configured Analytics provider AnalyticsET
[2015.05.01-16.15.39:380][  0]LogAnalytics: ET APIKey = Rocket.Release. APIServer = http://et2.epicgames.com/ET2/. AppVersion = 4.7.6-2513093+++depot+UE4-Releases+4.7
[2015.05.01-16.15.39:380][  0]LogAnalytics: ET APIKey = Rocket.Release. DataRouterUploadURL = https://datarouter-public-service-gamedev.ol.epicgames.net/datarouter/api/v1/public/data. AppVersion = 4.7.6-2513093+++depot+UE4-Releases+4.7
[2015.05.01-16.15.39:380][  0]LogAnalytics: SetUserId e5ecb0694b1793998411e0afa308c2dc|76f5d0457a0c47cfa4e62c1627123b6f|49db0f56-0a03-4ef8-a6b5-aa0624e6ca8a
[2015.05.01-16.15.39:380][  0]LogAnalytics: AnalyticsET::StartSession [Rocket.Release]
[2015.05.01-16.15.39:416][  0]LogInit: Transaction tracking system initialized
[2015.05.01-16.15.39:609][  0]BlueprintLog: New page: Editor Load
[2015.05.01-16.15.39:644][  0]LogAssetRegistry: FAssetRegistry took 0.0112 seconds to start up
[2015.05.01-16.15.39:644][  0]LogDirectoryWatcher:Warning: Failed to begin reading directory changes for ../../../Engine/Plugins/Experimental/CharacterAI/Content/. Error: 0
[2015.05.01-16.15.40:261][  0]LogTargetPlatformManager:Display: Building Assets For Windows
[2015.05.01-16.15.40:647][  0]LogTargetPlatformManager:Display: Building Assets For Windows
[2015.05.01-16.15.40:937][  0]LogSlate:Warning: Failed to load font data from '../../../Engine/Content/Editor/Slate/Fonts/Roboto-Regular.ttf'
[2015.05.01-16.15.40:938][  0]LogSlate:Warning: Failed to load font data from '../../../Engine/Content/Editor/Slate/Fonts/Roboto-Bold.ttf'
[2015.05.01-16.15.40:945][  0]LogConsoleResponse:Display: 
[2015.05.01-16.15.41:184][  0]LogCook:Display: Done creating registry. It took  0.00s.
[2015.05.01-16.15.41:337][  0]LogSourceControl: RunCommandInternalRaw: 'git version'
[2015.05.01-16.15.41:346][  0]LogSourceControl: RunCommandInternalRaw: ExecProcess ReturnCode=0 OutResults='git version 1.9.5.msysgit.1
'
[2015.05.01-16.15.41:346][  0]Cmd: MAP LOAD FILE="D:/MacabreMelody/Content/MacabreAssets/Maps/House.umap" TEMPLATE=0 SHOWPROGRESS=1 FEATURELEVEL=3
[2015.05.01-16.15.41:348][  0]LightingResults: New page: Lighting Build
[2015.05.01-16.15.41:362][  0]MapCheck: New page: Map Check
[2015.05.01-16.15.41:362][  0]LightingResults: New page: Lighting Build
[2015.05.01-16.15.41:375][  0]LogParticles: Destroying 0 GPU particle simulations for FXSystem 0x000000D37706BB00
[2015.05.01-16.15.41:923][  0]LogLinker:Warning: Asset '../../../Engine/Content/EngineMeshes/Humanoid.uasset' has been saved with empty engine version. The asset will be loaded but may be incompatible.
[2015.05.01-16.15.43:989][  0]LogEditorServer: Finished looking for orphan Actors (0.000 secs)
[2015.05.01-16.15.44:175][  0]LogAIModule: Creating AISystem for world House
[2015.05.01-16.15.44:176][  0]Cmd: MAP CHECKDEP
[2015.05.01-16.15.44:176][  0]MapCheck: New page: House - May 1, 2015, 8:15:44 AM
[2015.05.01-16.15.44:261][  0]MapCheck: Info Map check complete: 0 Error(s), 0 Warning(s), took 85.059ms to complete.
[2015.05.01-16.15.44:261][  0]LogFileHelpers: Loading map 'House' took 2.914
[2015.05.01-16.15.44:454][  0]LogSourceControl: RunCommandInternalRaw: 'git status'
[2015.05.01-16.15.44:454][  0]LogCollectionManager: Loaded 0 collections in 0.002519 seconds
[2015.05.01-16.15.44:468][  0]LogSourceControl: RunCommandInternalRaw: ExecProcess ReturnCode=0 OutResults='On branch master
Untracked files:
  (use "git add <file>..." to include in what will be committed)

	Build/
	Config/DefaultEditorUserSettings.ini
	Intermediate/
	MacabreMelody.uproject
	Saved/

nothing added to commit but untracked files present (use "git add" to track)
'
[2015.05.01-16.15.44:468][  0]LogSourceControl: RunCommandInternalRaw: 'git symbolic-ref --short HEAD'
[2015.05.01-16.15.44:468][  0]LogContentBrowser: Native class hierarchy populated in 0.0143 seconds. Added 1696 classes and 261 folders.
[2015.05.01-16.15.44:511][  0]LogSourceControl: RunCommandInternalRaw: ExecProcess ReturnCode=0 OutResults='master
'
[2015.05.01-16.15.44:511][  0]LogContentBrowser: Native class hierarchy updated for 'SceneOutliner' in 0.0014 seconds. Added 1 classes and 2 folders.
[2015.05.01-16.15.44:595][  0]LogCrashTracker: Crashtracker disabled due to settings.
[2015.05.01-16.15.44:596][  0]LogSlate:Warning: Failed to load font data from 'Veranda'
[2015.05.01-16.15.44:601][  0]LogUObjectGlobals:Warning: Failed to find object 'Class None.'
[2015.05.01-16.15.44:630][  0]LogLoad: Full Startup: 19.21 seconds (BP compile: 0.63 seconds)
[2015.05.01-16.15.45:016][  0]LogContentBrowser:Verbose: The content browser source was changed by the sources view to '/Game/FirstPersonBP/Blueprints'
[2015.05.01-16.15.45:098][  0]SourceControl: Info master
[2015.05.01-16.15.45:181][  0]LogRenderer:Warning: Reallocating scene render targets to support 32x32 (Frame:2).
[2015.05.01-16.15.45:302][  0]LogRenderer:Warning: Reallocating scene render targets to support 824x440 (Frame:7).
[2015.05.01-16.15.48:154][  5]LogAssetRegistry: Asset discovery search completed in 8.5217 seconds
[2015.05.01-16.15.48:442][ 28]LogSourceControl: RunCommandInternalRaw: 'git status --porcelain --ignored "D:/MacabreMelody/Content/FirstPersonBP/Blueprints/FirstPersonGameMode.uasset" "D:/MacabreMelody/Content/FirstPersonBP/Blueprints/FirstPersonProjectile.uasset"'
[2015.05.01-16.15.48:458][ 30]LogSourceControl: RunCommandInternalRaw: ExecProcess ReturnCode=0 OutResults=''
[2015.05.01-16.15.50:362][242]LogSourceControl: RunCommandInternalRaw: 'git status --porcelain --ignored "D:/MacabreMelody/Content/FirstPersonBP/Blueprints/FirstPersonCharacter.uasset" "D:/MacabreMelody/Content/FirstPersonBP/Blueprints/FirstPersonHUD.uasset"'
[2015.05.01-16.15.50:377][243]LogSourceControl: RunCommandInternalRaw: ExecProcess ReturnCode=0 OutResults=''
[2015.05.01-16.15.58:333][ 24]LogSourceControl: RunCommandInternalRaw: 'git status --porcelain --ignored "D:/MacabreMelody/Config/DefaultGame.ini"'
[2015.05.01-16.15.58:348][ 25]LogSourceControl: RunCommandInternalRaw: ExecProcess ReturnCode=0 OutResults=''
[2015.05.01-16.15.59:329][130]LogSourceControl: RunCommandInternalRaw: 'git status --porcelain --ignored "D:/MacabreMelody/Config/DefaultGame.ini"'
[2015.05.01-16.15.59:346][132]LogSourceControl: RunCommandInternalRaw: ExecProcess ReturnCode=0 OutResults=''
[2015.05.01-16.16.00:336][250]LogSourceControl: RunCommandInternalRaw: 'git status --porcelain --ignored "D:/MacabreMelody/Config/DefaultGame.ini"'
[2015.05.01-16.16.00:344][251]LogSourceControl: RunCommandInternalRaw: ExecProcess ReturnCode=0 OutResults=''
[2015.05.01-16.16.01:343][370]LogSourceControl: RunCommandInternalRaw: 'git status --porcelain --ignored "D:/MacabreMelody/Config/DefaultGame.ini"'
[2015.05.01-16.16.01:351][371]LogSourceControl: RunCommandInternalRaw: ExecProcess ReturnCode=0 OutResults=''
[2015.05.01-16.16.02:346][489]LogSourceControl: RunCommandInternalRaw: 'git status --porcelain --ignored "D:/MacabreMelody/Config/DefaultGame.ini"'
[2015.05.01-16.16.02:357][490]LogSourceControl: RunCommandInternalRaw: ExecProcess ReturnCode=0 OutResults=''
[2015.05.01-16.16.03:352][603]LogSourceControl: RunCommandInternalRaw: 'git status --porcelain --ignored "D:/MacabreMelody/Config/DefaultGame.ini"'
[2015.05.01-16.16.03:370][605]LogSourceControl: RunCommandInternalRaw: ExecProcess ReturnCode=0 OutResults=''
[2015.05.01-16.16.04:361][723]LogSourceControl: RunCommandInternalRaw: 'git status --porcelain --ignored "D:/MacabreMelody/Config/DefaultGame.ini"'
[2015.05.01-16.16.04:377][725]LogSourceControl: RunCommandInternalRaw: ExecProcess ReturnCode=0 OutResults=''
[2015.05.01-16.16.05:183][815]LogSourceControl: RunCommandInternalRaw: 'git status --porcelain --ignored "D:/MacabreMelody/MacabreMelody.png"'
[2015.05.01-16.16.05:199][815]LogSourceControl: RunCommandInternalRaw: ExecProcess ReturnCode=0 OutResults=''
[2015.05.01-16.16.05:242][815]LogSourceControl: RunCommandInternalRaw: 'git add "D:/MacabreMelody/MacabreMelody.png"'
[2015.05.01-16.16.05:287][815]LogSourceControl: RunCommandInternalRaw: ExecProcess ReturnCode=0 OutResults=''
[2015.05.01-16.16.05:287][815]LogSourceControl: RunCommandInternalRaw: 'git status --porcelain --ignored "D:/MacabreMelody/MacabreMelody.png"'
[2015.05.01-16.16.05:309][815]LogSourceControl: RunCommandInternalRaw: ExecProcess ReturnCode=0 OutResults='A  MacabreMelody.png
'
[2015.05.01-16.16.05:531][841]LogSourceControl: RunCommandInternalRaw: 'git status --porcelain --ignored "D:/MacabreMelody/Config/DefaultGame.ini"'
[2015.05.01-16.16.05:549][843]LogSourceControl: RunCommandInternalRaw: ExecProcess ReturnCode=0 OutResults=''
[2015.05.01-16.16.06:533][959]LogSourceControl: RunCommandInternalRaw: 'git status --porcelain --ignored "D:/MacabreMelody/Config/DefaultGame.ini"'
[2015.05.01-16.16.06:551][961]LogSourceControl: RunCommandInternalRaw: ExecProcess ReturnCode=0 OutResults=''
[2015.05.01-16.16.07:534][ 78]LogSourceControl: RunCommandInternalRaw: 'git status --porcelain --ignored "D:/MacabreMelody/Config/DefaultGame.ini"'
[2015.05.01-16.16.07:543][ 79]LogSourceControl: RunCommandInternalRaw: ExecProcess ReturnCode=0 OutResults=''
[2015.05.01-16.16.08:541][198]LogSourceControl: RunCommandInternalRaw: 'git status --porcelain --ignored "D:/MacabreMelody/Config/DefaultGame.ini"'
[2015.05.01-16.16.08:556][200]LogSourceControl: RunCommandInternalRaw: ExecProcess ReturnCode=0 OutResults=''
[2015.05.01-16.16.09:545][318]LogSourceControl: RunCommandInternalRaw: 'git status --porcelain --ignored "D:/MacabreMelody/Config/DefaultGame.ini"'
[2015.05.01-16.16.09:554][319]LogSourceControl: RunCommandInternalRaw: ExecProcess ReturnCode=0 OutResults=''
[2015.05.01-16.16.10:545][436]LogSourceControl: RunCommandInternalRaw: 'git status --porcelain --ignored "D:/MacabreMelody/Config/DefaultGame.ini"'
[2015.05.01-16.16.10:563][438]LogSourceControl: RunCommandInternalRaw: ExecProcess ReturnCode=0 OutResults=''
[2015.05.01-16.16.11:551][548]LogSourceControl: RunCommandInternalRaw: 'git status --porcelain --ignored "D:/MacabreMelody/Config/DefaultGame.ini"'
[2015.05.01-16.16.11:559][549]LogSourceControl: RunCommandInternalRaw: ExecProcess ReturnCode=0 OutResults=''
[2015.05.01-16.16.13:796][815]LogPlayLevel: PIE:  No blueprints needed recompiling
[2015.05.01-16.16.13:796][815]PIE: New page: PIE session: House (May 1, 2015, 8:16:13 AM)
[2015.05.01-16.16.13:871][815]LogPlayLevel: PIE: StaticDuplicateObject took: (0.074538s)
[2015.05.01-16.16.13:871][815]LogPlayLevel: PIE: World Init took: (0.000780s)
[2015.05.01-16.16.13:872][815]LogPlayLevel: PIE: Created PIE world by copying editor world from /Game/MacabreAssets/Maps/House.House to /Game/MacabreAssets/Maps/UEDPIE_0_House.House (0.075692s)
[2015.05.01-16.16.13:926][815]LogWorld: Game class is 'FirstPersonGameMode_C'
[2015.05.01-16.16.13:927][815]LogAIModule: Creating AISystem for world House
[2015.05.01-16.16.13:972][815]LogWorld: Bringing World /Game/MacabreAssets/Maps/UEDPIE_0_House.House up for play (max tick rate 0) at 2015.05.01-12.16.13
[2015.05.01-16.16.13:976][815]LogWorld: Bringing up level for play took: 0.048542
[2015.05.01-16.16.13:980][815]PIE: Info Play in editor start time for /Game/MacabreAssets/Maps/UEDPIE_0_House -0.673
[2015.05.01-16.16.50:355][820]LogSourceControl: RunCommandInternalRaw: 'git status --porcelain --ignored "D:/MacabreMelody/Config/DefaultGame.ini"'
[2015.05.01-16.16.50:367][820]LogSourceControl: RunCommandInternalRaw: ExecProcess ReturnCode=0 OutResults=''
[2015.05.01-16.16.51:379][857]LogSourceControl: RunCommandInternalRaw: 'git status --porcelain --ignored "D:/MacabreMelody/Config/DefaultGame.ini"'
[2015.05.01-16.16.51:392][857]LogSourceControl: RunCommandInternalRaw: ExecProcess ReturnCode=0 OutResults=''
[2015.05.01-16.16.56:311][869]LogSourceControl: RunCommandInternalRaw: 'git status --porcelain --ignored "D:/MacabreMelody/MacabreMelody.png"'
[2015.05.01-16.16.56:331][869]LogSourceControl: RunCommandInternalRaw: ExecProcess ReturnCode=0 OutResults='A  MacabreMelody.png
'
[2015.05.01-16.16.57:177][893]LogSourceControl: RunCommandInternalRaw: 'git status --porcelain --ignored "D:/MacabreMelody/Config/DefaultGame.ini"'
[2015.05.01-16.16.57:192][893]LogSourceControl: RunCommandInternalRaw: ExecProcess ReturnCode=0 OutResults=''
[2015.05.01-16.16.58:180][924]LogSourceControl: RunCommandInternalRaw: 'git status --porcelain --ignored "D:/MacabreMelody/Config/DefaultGame.ini"'
[2015.05.01-16.16.58:193][924]LogSourceControl: RunCommandInternalRaw: ExecProcess ReturnCode=0 OutResults=''
[2015.05.01-16.17.02:553][948]LogSourceControl: RunCommandInternalRaw: 'git status --porcelain --ignored "D:/MacabreMelody/MacabreMelody.png"'
[2015.05.01-16.17.02:578][948]LogSourceControl: RunCommandInternalRaw: ExecProcess ReturnCode=0 OutResults='A  MacabreMelody.png
'
[2015.05.01-16.17.03:100][968]LogSourceControl: RunCommandInternalRaw: 'git status --porcelain --ignored "D:/MacabreMelody/Config/DefaultGame.ini"'
[2015.05.01-16.17.03:113][968]LogSourceControl: RunCommandInternalRaw: ExecProcess ReturnCode=0 OutResults=''
[2015.05.01-16.17.04:117][  5]LogSourceControl: RunCommandInternalRaw: 'git status --porcelain --ignored "D:/MacabreMelody/Config/DefaultGame.ini"'
[2015.05.01-16.17.04:134][  5]LogSourceControl: RunCommandInternalRaw: ExecProcess ReturnCode=0 OutResults=''
[2015.05.01-16.17.05:130][ 42]LogSourceControl: RunCommandInternalRaw: 'git status --porcelain --ignored "D:/MacabreMelody/Config/DefaultGame.ini"'
[2015.05.01-16.17.05:140][ 42]LogSourceControl: RunCommandInternalRaw: ExecProcess ReturnCode=0 OutResults=''
[2015.05.01-16.17.06:145][ 79]LogSourceControl: RunCommandInternalRaw: 'git status --porcelain --ignored "D:/MacabreMelody/Config/DefaultGame.ini"'
[2015.05.01-16.17.06:156][ 79]LogSourceControl: RunCommandInternalRaw: ExecProcess ReturnCode=0 OutResults=''
[2015.05.01-16.17.07:155][116]LogSourceControl: RunCommandInternalRaw: 'git status --porcelain --ignored "D:/MacabreMelody/Config/DefaultGame.ini"'
[2015.05.01-16.17.07:184][117]LogSourceControl: RunCommandInternalRaw: ExecProcess ReturnCode=0 OutResults=''
[2015.05.01-16.17.08:168][153]LogSourceControl: RunCommandInternalRaw: 'git status --porcelain --ignored "D:/MacabreMelody/Config/DefaultGame.ini"'
[2015.05.01-16.17.08:184][153]LogSourceControl: RunCommandInternalRaw: ExecProcess ReturnCode=0 OutResults=''
[2015.05.01-16.17.09:182][190]LogSourceControl: RunCommandInternalRaw: 'git status --porcelain --ignored "D:/MacabreMelody/Config/DefaultGame.ini"'
[2015.05.01-16.17.09:194][190]LogSourceControl: RunCommandInternalRaw: ExecProcess ReturnCode=0 OutResults=''
[2015.05.01-16.17.10:199][227]LogSourceControl: RunCommandInternalRaw: 'git status --porcelain --ignored "D:/MacabreMelody/Config/DefaultGame.ini"'
[2015.05.01-16.17.10:216][227]LogSourceControl: RunCommandInternalRaw: ExecProcess ReturnCode=0 OutResults=''
[2015.05.01-16.17.11:214][264]LogSourceControl: RunCommandInternalRaw: 'git status --porcelain --ignored "D:/MacabreMelody/Config/DefaultGame.ini"'
[2015.05.01-16.17.11:230][264]LogSourceControl: RunCommandInternalRaw: ExecProcess ReturnCode=0 OutResults=''
[2015.05.01-16.17.12:226][301]LogSourceControl: RunCommandInternalRaw: 'git status --porcelain --ignored "D:/MacabreMelody/Config/DefaultGame.ini"'
[2015.05.01-16.17.12:238][301]LogSourceControl: RunCommandInternalRaw: ExecProcess ReturnCode=0 OutResults=''
[2015.05.01-16.17.13:237][338]LogSourceControl: RunCommandInternalRaw: 'git status --porcelain --ignored "D:/MacabreMelody/Config/DefaultGame.ini"'
[2015.05.01-16.17.13:253][338]LogSourceControl: RunCommandInternalRaw: ExecProcess ReturnCode=0 OutResults=''
[2015.05.01-16.17.14:257][375]LogSourceControl: RunCommandInternalRaw: 'git status --porcelain --ignored "D:/MacabreMelody/Config/DefaultGame.ini"'
[2015.05.01-16.17.14:266][375]LogSourceControl: RunCommandInternalRaw: ExecProcess ReturnCode=0 OutResults=''
[2015.05.01-16.17.15:266][412]LogSourceControl: RunCommandInternalRaw: 'git status --porcelain --ignored "D:/MacabreMelody/Config/DefaultGame.ini"'
[2015.05.01-16.17.15:277][412]LogSourceControl: RunCommandInternalRaw: ExecProcess ReturnCode=0 OutResults=''
[2015.05.01-16.17.16:278][449]LogSourceControl: RunCommandInternalRaw: 'git status --porcelain --ignored "D:/MacabreMelody/Config/DefaultGame.ini"'
[2015.05.01-16.17.16:295][449]LogSourceControl: RunCommandInternalRaw: ExecProcess ReturnCode=0 OutResults=''
[2015.05.01-16.17.17:296][486]LogSourceControl: RunCommandInternalRaw: 'git status --porcelain --ignored "D:/MacabreMelody/Config/DefaultGame.ini"'
[2015.05.01-16.17.17:306][486]LogSourceControl: RunCommandInternalRaw: ExecProcess ReturnCode=0 OutResults=''
[2015.05.01-16.17.18:308][523]LogSourceControl: RunCommandInternalRaw: 'git status --porcelain --ignored "D:/MacabreMelody/Config/DefaultGame.ini"'
[2015.05.01-16.17.18:321][523]LogSourceControl: RunCommandInternalRaw: ExecProcess ReturnCode=0 OutResults=''
[2015.05.01-16.17.19:325][560]LogSourceControl: RunCommandInternalRaw: 'git status --porcelain --ignored "D:/MacabreMelody/Config/DefaultGame.ini"'
[2015.05.01-16.17.19:343][560]LogSourceControl: RunCommandInternalRaw: ExecProcess ReturnCode=0 OutResults=''
[2015.05.01-16.17.20:485][589]LogSourceControl: RunCommandInternalRaw: 'git status --porcelain --ignored "D:/MacabreMelody/Config/DefaultGame.ini"'
[2015.05.01-16.17.20:497][589]LogSourceControl: RunCommandInternalRaw: ExecProcess ReturnCode=0 OutResults=''
[2015.05.01-16.17.21:475][649]LogSourceControl: RunCommandInternalRaw: 'git status --porcelain --ignored "D:/MacabreMelody/Config/DefaultGame.ini"'
[2015.05.01-16.17.21:486][650]LogSourceControl: RunCommandInternalRaw: ExecProcess ReturnCode=0 OutResults=''
[2015.05.01-16.17.22:481][769]LogSourceControl: RunCommandInternalRaw: 'git status --porcelain --ignored "D:/MacabreMelody/Config/DefaultGame.ini"'
[2015.05.01-16.17.22:497][771]LogSourceControl: RunCommandInternalRaw: ExecProcess ReturnCode=0 OutResults=''
[2015.05.01-16.17.22:660][785]LogSourceControl: RunCommandInternalRaw: 'git status --porcelain --ignored "D:/MacabreMelody/MacabreMelody.png"'
[2015.05.01-16.17.22:681][785]LogSourceControl: RunCommandInternalRaw: ExecProcess ReturnCode=0 OutResults='AM MacabreMelody.png
'
[2015.05.01-16.17.23:575][819]LogSourceControl: RunCommandInternalRaw: 'git status --porcelain --ignored "D:/MacabreMelody/Config/DefaultGame.ini"'
[2015.05.01-16.17.23:591][819]LogSourceControl: RunCommandInternalRaw: ExecProcess ReturnCode=0 OutResults=''
[2015.05.01-16.17.24:587][856]LogSourceControl: RunCommandInternalRaw: 'git status --porcelain --ignored "D:/MacabreMelody/Config/DefaultGame.ini"'
[2015.05.01-16.17.24:599][856]LogSourceControl: RunCommandInternalRaw: ExecProcess ReturnCode=0 OutResults=''
[2015.05.01-16.17.25:600][893]LogSourceControl: RunCommandInternalRaw: 'git status --porcelain --ignored "D:/MacabreMelody/Config/DefaultGame.ini"'
[2015.05.01-16.17.25:613][893]LogSourceControl: RunCommandInternalRaw: ExecProcess ReturnCode=0 OutResults=''
[2015.05.01-16.17.25:821][905]LogActorComponent: UnregisterComponent: (/Engine/Transient.ProjectileMovementComponent_40__A6522401) Not registered. Aborting.
[2015.05.01-16.17.27:713][978]LogParticles: Destroying 0 GPU particle simulations for FXSystem 0x000000D305B60680
[2015.05.01-16.17.47:083][ 82]LogContentBrowser:Verbose: The content browser source was changed by the sources view to 'None'
[2015.05.01-16.17.49:156][315]LogContentBrowser:Verbose: The content browser source was changed by the sources view to '/Game/MacabreAssets/Import'
[2015.05.01-19.58.12:169][163]LogActorComponent: UnregisterComponent: (/Engine/Transient.ProjectileMovementComponent_40__A6522401) Not registered. Aborting.
[2015.05.01-19.58.12:463][164]Cmd: QUIT_EDITOR
[2015.05.01-19.58.12:665][164]LogExit: Preparing to exit.
[2015.05.01-19.58.13:807][164]LogExit: Editor shut down
[2015.05.01-19.58.13:807][164]LogExit: Transaction tracking system shut down
[2015.05.01-19.58.13:809][164]LogParticles: Destroying 0 GPU particle simulations for FXSystem 0x000000D37B775300
[2015.05.01-19.58.13:810][164]LogParticles: Destroying 0 GPU particle simulations for FXSystem 0x000000D30552DE40
[2015.05.01-19.58.13:810][164]LogParticles: Destroying 0 GPU particle simulations for FXSystem 0x000000D306DAD260
[2015.05.01-19.58.13:896][164]LogParticles: Destroying 0 GPU particle simulations for FXSystem 0x000000D306DAD080
[2015.05.01-19.58.13:896][164]LogParticles: Destroying 0 GPU particle simulations for FXSystem 0x000000D3090D7E20
[2015.05.01-19.58.13:896][164]LogExit: Object subsystem successfully closed.
[2015.05.01-19.58.13:943][164]LogModuleManager: Shutting down and abandoning module ExternalImagePicker (178)
[2015.05.01-19.58.13:944][164]LogModuleManager: Shutting down and abandoning module CrashTracker (177)
[2015.05.01-19.58.13:944][164]LogModuleManager: Shutting down and abandoning module SuperSearch (176)
[2015.05.01-19.58.13:944][164]LogModuleManager: Shutting down and abandoning module SceneOutliner (175)
[2015.05.01-19.58.13:944][164]LogModuleManager: Shutting down and abandoning module EditorWidgets (174)
[2015.05.01-19.58.13:944][164]LogModuleManager: Shutting down and abandoning module CollectionManager (173)
[2015.05.01-19.58.13:944][164]LogModuleManager: Shutting down and abandoning module StatsViewer (172)
[2015.05.01-19.58.13:944][164]LogModuleManager: Shutting down and abandoning module FoliageEdit (171)
[2015.05.01-19.58.13:944][164]LogModuleManager: Shutting down and abandoning module LandscapeEditor (170)
[2015.05.01-19.58.13:944][164]LogModuleManager: Shutting down and abandoning module MeshPaint (169)
[2015.05.01-19.58.13:944][164]LogModuleManager: Shutting down and abandoning module ActorPickerMode (168)
[2015.05.01-19.58.13:944][164]LogModuleManager: Shutting down and abandoning module GeometryMode (167)
[2015.05.01-19.58.13:944][164]LogModuleManager: Shutting down and abandoning module TextureAlignMode (166)
[2015.05.01-19.58.13:944][164]LogModuleManager: Shutting down and abandoning module BspMode (165)
[2015.05.01-19.58.13:944][164]LogModuleManager: Shutting down and abandoning module PlacementMode (164)
[2015.05.01-19.58.13:944][164]LogModuleManager: Shutting down and abandoning module AutomationWorker (163)
[2015.05.01-19.58.13:944][164]LogModuleManager: Shutting down and abandoning module CharacterAI (162)
[2015.05.01-19.58.13:944][164]LogModuleManager: Shutting down and abandoning module SmartSnapping (161)
[2015.05.01-19.58.13:944][164]LogModuleManager: Shutting down and abandoning module ViewportSnapping (160)
[2015.05.01-19.58.13:944][164]LogModuleManager: Shutting down and abandoning module LogVisualizer (159)
[2015.05.01-19.58.13:944][164]LogModuleManager: Shutting down and abandoning module GameProjectGeneration (158)
[2015.05.01-19.58.13:944][164]LogModuleManager: Shutting down and abandoning module IntroTutorials (157)
[2015.05.01-19.58.13:944][164]LogModuleManager: Shutting down and abandoning module EditorLiveStreaming (156)
[2015.05.01-19.58.13:944][164]LogModuleManager: Shutting down and abandoning module HardwareTargeting (155)
[2015.05.01-19.58.13:944][164]LogModuleManager: Shutting down and abandoning module DeviceProfileEditor (154)
[2015.05.01-19.58.13:944][164]LogModuleManager: Shutting down and abandoning module UndoHistory (153)
[2015.05.01-19.58.13:944][164]LogModuleManager: Shutting down and abandoning module GameplayTagsEditor (152)
[2015.05.01-19.58.13:944][164]LogModuleManager: Shutting down and abandoning module UserFeedback (151)
[2015.05.01-19.58.13:944][164]LogModuleManager: Shutting down and abandoning module XmlParser (150)
[2015.05.01-19.58.13:944][164]LogModuleManager: Shutting down and abandoning module Blutility (149)
[2015.05.01-19.58.13:944][164]LogModuleManager: Shutting down and abandoning module IOSPlatformEditor (148)
[2015.05.01-19.58.13:944][164]LogModuleManager: Shutting down and abandoning module IOSRuntimeSettings (147)
[2015.05.01-19.58.13:944][164]LogModuleManager: Shutting down and abandoning module AndroidDeviceDetection (146)
[2015.05.01-19.58.14:119][164]LogModuleManager: Shutting down and abandoning module AndroidPlatformEditor (145)
[2015.05.01-19.58.14:119][164]LogModuleManager: Shutting down and abandoning module AndroidRuntimeSettings (144)
[2015.05.01-19.58.14:119][164]LogModuleManager: Shutting down and abandoning module ProjectTargetPlatformEditor (143)
[2015.05.01-19.58.14:119][164]LogModuleManager: Shutting down and abandoning module ProjectSettingsViewer (142)
[2015.05.01-19.58.14:119][164]LogModuleManager: Shutting down and abandoning module InputBindingEditor (141)
[2015.05.01-19.58.14:120][164]LogModuleManager: Shutting down and abandoning module EditorSettingsViewer (140)
[2015.05.01-19.58.14:120][164]LogModuleManager: Shutting down and abandoning module SettingsEditor (139)
[2015.05.01-19.58.14:120][164]LogModuleManager: Shutting down and abandoning module ProjectLauncher (138)
[2015.05.01-19.58.14:120][164]LogModuleManager: Shutting down and abandoning module SessionFrontend (137)
[2015.05.01-19.58.14:120][164]LogModuleManager: Shutting down and abandoning module ProfilerClient (136)
[2015.05.01-19.58.14:120][164]LogModuleManager: Shutting down and abandoning module TargetDeviceServices (135)
[2015.05.01-19.58.14:120][164]LogModuleManager: Shutting down and abandoning module DeviceManager (134)
[2015.05.01-19.58.14:120][164]LogModuleManager: Shutting down and abandoning module AutomationController (133)
[2015.05.01-19.58.14:120][164]LogModuleManager: Shutting down and abandoning module AutomationWindow (132)
[2015.05.01-19.58.14:120][164]LogModuleManager: Shutting down and abandoning module Layers (131)
[2015.05.01-19.58.14:120][164]LogModuleManager: Shutting down and abandoning module ComponentVisualizers (130)
[2015.05.01-19.58.14:120][164]LogModuleManager: Shutting down and abandoning module DetailCustomizations (129)
[2015.05.01-19.58.14:120][164]LogModuleManager: Shutting down and abandoning module PackagesDialog (128)
[2015.05.01-19.58.14:121][164]LogModuleManager: Shutting down and abandoning module AssetRegistry (127)
[2015.05.01-19.58.14:188][164]LogModuleManager: Shutting down and abandoning module Persona (126)
[2015.05.01-19.58.14:188][164]LogModuleManager: Shutting down and abandoning module SlateReflector (125)
[2015.05.01-19.58.14:188][164]LogModuleManager: Shutting down and abandoning module LevelEditor (124)
[2015.05.01-19.58.14:189][164]LogModuleManager: Shutting down and abandoning module Kismet (123)
[2015.05.01-19.58.14:189][164]LogModuleManager: Shutting down and abandoning module GraphEditor (122)
[2015.05.01-19.58.14:189][164]LogModuleManager: Shutting down and abandoning module ClassViewer (121)
[2015.05.01-19.58.14:189][164]LogModuleManager: Shutting down and abandoning module Toolbox (120)
[2015.05.01-19.58.14:189][164]LogModuleManager: Shutting down and abandoning module ModuleUI (119)
[2015.05.01-19.58.14:189][164]LogModuleManager: Shutting down and abandoning module MovieSceneTools (118)
[2015.05.01-19.58.14:189][164]LogModuleManager: Shutting down and abandoning module OutputLog (117)
[2015.05.01-19.58.14:189][164]LogModuleManager: Shutting down and abandoning module GammaUI (116)
[2015.05.01-19.58.14:189][164]LogModuleManager: Shutting down and abandoning module Documentation (115)
[2015.05.01-19.58.14:189][164]LogModuleManager: Shutting down and abandoning module GameLiveStreaming (114)
[2015.05.01-19.58.14:189][164]LogModuleManager: Shutting down and abandoning module StreamingPauseRendering (113)
[2015.05.01-19.58.14:189][164]LogModuleManager: Shutting down and abandoning module HTTP (112)
[2015.05.01-19.58.14:189][164]LogModuleManager: Shutting down and abandoning module AnalyticsET (111)
[2015.05.01-19.58.14:189][164]LogModuleManager: Shutting down and abandoning module Analytics (110)
[2015.05.01-19.58.14:189][164]LogModuleManager: Shutting down and abandoning module AITestSuite (109)
[2015.05.01-19.58.14:189][164]LogModuleManager: Shutting down and abandoning module GameplayDebugger (108)
[2015.05.01-19.58.14:189][164]LogModuleManager: Shutting down and abandoning module AIModule (107)
[2015.05.01-19.58.14:189][164]LogModuleManager: Shutting down and abandoning module ProfilerService (106)
[2015.05.01-19.58.14:192][164]LogModuleManager: Shutting down and abandoning module TaskGraph (105)
[2015.05.01-19.58.14:192][164]LogModuleManager: Shutting down and abandoning module SlateRemote (104)
[2015.05.01-19.58.14:192][164]LogModuleManager: Shutting down and abandoning module ScriptEditorPlugin (103)
[2015.05.01-19.58.14:192][164]LogModuleManager: Shutting down and abandoning module CustomMeshComponent (102)
[2015.05.01-19.58.14:192][164]LogModuleManager: Shutting down and abandoning module CableComponent (101)
[2015.05.01-19.58.14:192][164]LogModuleManager: Shutting down and abandoning module MessagingDebugger (100)
[2015.05.01-19.58.14:192][164]LogModuleManager: Shutting down and abandoning module MediaPlayerEditor (99)
[2015.05.01-19.58.14:192][164]LogModuleManager: Shutting down and abandoning module SpeedTreeImporter (98)
[2015.05.01-19.58.14:192][164]LogModuleManager: Shutting down and abandoning module PluginsEditor (97)
[2015.05.01-19.58.14:192][164]LogModuleManager: Shutting down and abandoning module MainFrame (96)
[2015.05.01-19.58.14:192][164]LogModuleManager: Shutting down and abandoning module EpicSurvey (95)
[2015.05.01-19.58.14:192][164]LogModuleManager: Shutting down and abandoning module DesktopPlatform (94)
[2015.05.01-19.58.14:192][164]LogModuleManager: Shutting down and abandoning module DirectoryWatcher (93)
[2015.05.01-19.58.14:194][164]LogModuleManager: Shutting down and abandoning module HotReload (92)
[2015.05.01-19.58.14:194][164]LogModuleManager: Shutting down and abandoning module VisualStudioSourceCodeAccess (91)
[2015.05.01-19.58.14:194][164]LogModuleManager: Shutting down and abandoning module UObjectPlugin (90)
[2015.05.01-19.58.14:194][164]LogModuleManager: Shutting down and abandoning module SubversionSourceControl (89)
[2015.05.01-19.58.14:194][164]LogModuleManager: Shutting down and abandoning module PerforceSourceControl (88)
[2015.05.01-19.58.14:194][164]LogModuleManager: Shutting down and abandoning module SourceControl (87)
[2015.05.01-19.58.14:194][164]LogModuleManager: Shutting down and abandoning module GitSourceControl (86)
[2015.05.01-19.58.14:194][164]LogModuleManager: Shutting down and abandoning module BlankPlugin (85)
[2015.05.01-19.58.14:194][164]LogModuleManager: Shutting down and abandoning module PaperTiledImporter (84)
[2015.05.01-19.58.14:194][164]LogModuleManager: Shutting down and abandoning module PaperJsonImporter (83)
[2015.05.01-19.58.14:194][164]LogModuleManager: Shutting down and abandoning module ContentBrowser (82)
[2015.05.01-19.58.14:194][164]LogModuleManager: Shutting down and abandoning module Paper2DEditor (81)
[2015.05.01-19.58.14:194][164]LogModuleManager: Shutting down and abandoning module ScriptPlugin (80)
[2015.05.01-19.58.14:194][164]LogModuleManager: Shutting down and abandoning module UdpMessaging (79)
[2015.05.01-19.58.14:296][164]LogModuleManager: Shutting down and abandoning module Paper2D (78)
[2015.05.01-19.58.14:296][164]LogModuleManager: Shutting down and abandoning module WindowsMoviePlayer (77)
[2015.05.01-19.58.14:300][164]LogModuleManager: Shutting down and abandoning module Media (76)
[2015.05.01-19.58.14:300][164]LogModuleManager: Shutting down and abandoning module WmfMedia (75)
[2015.05.01-19.58.14:300][164]LogModuleManager: Shutting down and abandoning module OnlineBlueprintSupport (74)
[2015.05.01-19.58.14:300][164]LogModuleManager: Shutting down and abandoning module PropertyEditor (73)
[2015.05.01-19.58.14:300][164]LogModuleManager: Shutting down and abandoning module BehaviorTreeEditor (72)
[2015.05.01-19.58.14:300][164]LogModuleManager: Shutting down and abandoning module FunctionalTesting (71)
[2015.05.01-19.58.14:300][164]LogModuleManager: Shutting down and abandoning module CollisionAnalyzer (70)
[2015.05.01-19.58.14:300][164]LogModuleManager: Shutting down and abandoning module WorkspaceMenuStructure (69)
[2015.05.01-19.58.14:300][164]LogModuleManager: Shutting down and abandoning module MessageLog (68)
[2015.05.01-19.58.14:300][164]LogModuleManager: Shutting down and abandoning module Sequencer (67)
[2015.05.01-19.58.14:300][164]LogModuleManager: Shutting down and abandoning module AssetTools (66)
[2015.05.01-19.58.14:300][164]LogModuleManager: Shutting down and abandoning module UMGEditor (65)
[2015.05.01-19.58.14:300][164]LogModuleManager: Shutting down and abandoning module UMG (64)
[2015.05.01-19.58.14:300][164]LogModuleManager: Shutting down and abandoning module Slate (63)
[2015.05.01-19.58.14:300][164]LogModuleManager: Shutting down and abandoning module EditorStyle (62)
[2015.05.01-19.58.14:303][164]LogModuleManager: Shutting down and abandoning module SessionServices (61)
[2015.05.01-19.58.14:303][164]LogModuleManager: Shutting down and abandoning module SourceCodeAccess (60)
[2015.05.01-19.58.14:303][164]LogModuleManager: Shutting down and abandoning module HeadMountedDisplay (59)
[2015.05.01-19.58.14:303][164]LogModuleManager: Shutting down and abandoning module XAudio2 (58)
[2015.05.01-19.58.14:303][164]LogModuleManager: Shutting down and abandoning module Networking (56)
[2015.05.01-19.58.14:303][164]LogModuleManager: Shutting down and abandoning module Core (55)
[2015.05.01-19.58.14:303][164]LogModuleManager: Shutting down and abandoning module KismetCompiler (54)
[2015.05.01-19.58.14:303][164]LogModuleManager: Shutting down and abandoning module PhysXFormats (53)
[2015.05.01-19.58.14:303][164]LogModuleManager: Shutting down and abandoning module MeshUtilities (52)
[2015.05.01-19.58.14:303][164]LogModuleManager: Shutting down and abandoning module DerivedDataCache (51)
[2015.05.01-19.58.14:335][164]LogDerivedDataCache: Shutdown
[2015.05.01-19.58.14:335][164]LogModuleManager: Shutting down and abandoning module ShaderFormatOpenGL (50)
[2015.05.01-19.58.14:335][164]LogModuleManager: Shutting down and abandoning module ShaderFormatD3D (49)
[2015.05.01-19.58.14:335][164]LogModuleManager: Shutting down and abandoning module MetalShaderFormat (48)
[2015.05.01-19.58.14:335][164]LogModuleManager: Shutting down and abandoning module TextureFormatUncompressed (47)
[2015.05.01-19.58.14:335][164]LogModuleManager: Shutting down and abandoning module TextureFormatPVR (46)
[2015.05.01-19.58.14:335][164]LogModuleManager: Shutting down and abandoning module TextureFormatIntelISPCTexComp (45)
[2015.05.01-19.58.14:335][164]LogModuleManager: Shutting down and abandoning module TextureFormatDXT (44)
[2015.05.01-19.58.14:335][164]LogModuleManager: Shutting down and abandoning module ImageWrapper (43)
[2015.05.01-19.58.14:335][164]LogModuleManager: Shutting down and abandoning module TextureFormatASTC (42)
[2015.05.01-19.58.14:335][164]LogModuleManager: Shutting down and abandoning module TextureFormatAndroid (41)
[2015.05.01-19.58.14:335][164]LogModuleManager: Shutting down and abandoning module AudioFormatOpus (40)
[2015.05.01-19.58.14:335][164]LogModuleManager: Shutting down and abandoning module AudioFormatOgg (39)
[2015.05.01-19.58.14:335][164]LogModuleManager: Shutting down and abandoning module AudioFormatADPCM (38)
[2015.05.01-19.58.14:335][164]LogModuleManager: Shutting down and abandoning module LinuxTargetPlatform (37)
[2015.05.01-19.58.14:335][164]LogModuleManager: Shutting down and abandoning module LinuxServerTargetPlatform (36)
[2015.05.01-19.58.14:335][164]LogModuleManager: Shutting down and abandoning module LinuxNoEditorTargetPlatform (35)
[2015.05.01-19.58.14:335][164]LogModuleManager: Shutting down and abandoning module Messaging (34)
[2015.05.01-19.58.14:335][164]LogModuleManager: Shutting down and abandoning module IOSTargetPlatform (33)
[2015.05.01-19.58.14:335][164]LogModuleManager: Shutting down and abandoning module HTML5TargetPlatform (32)
[2015.05.01-19.58.14:335][164]LogModuleManager: Shutting down and abandoning module Android_PVRTCTargetPlatform (31)
[2015.05.01-19.58.14:335][164]LogModuleManager: Shutting down and abandoning module Android_ETC2TargetPlatform (30)
[2015.05.01-19.58.14:335][164]LogModuleManager: Shutting down and abandoning module Android_ETC1TargetPlatform (29)
[2015.05.01-19.58.14:335][164]LogModuleManager: Shutting down and abandoning module Android_ES31TargetPlatform (28)
[2015.05.01-19.58.14:335][164]LogModuleManager: Shutting down and abandoning module Android_DXTTargetPlatform (27)
[2015.05.01-19.58.14:335][164]LogModuleManager: Shutting down and abandoning module Android_ATCTargetPlatform (26)
[2015.05.01-19.58.14:335][164]LogModuleManager: Shutting down and abandoning module AndroidTargetPlatform (25)
[2015.05.01-19.58.14:335][164]LogModuleManager: Shutting down and abandoning module WindowsTargetPlatform (24)
[2015.05.01-19.58.14:335][164]LogModuleManager: Shutting down and abandoning module WindowsServerTargetPlatform (23)
[2015.05.01-19.58.14:335][164]LogModuleManager: Shutting down and abandoning module WindowsNoEditorTargetPlatform (22)
[2015.05.01-19.58.14:335][164]LogModuleManager: Shutting down and abandoning module WindowsClientTargetPlatform (21)
[2015.05.01-19.58.14:335][164]LogModuleManager: Shutting down and abandoning module TargetPlatform (20)
[2015.05.01-19.58.14:335][164]LogModuleManager: Shutting down and abandoning module InputCore (19)
[2015.05.01-19.58.14:335][164]LogModuleManager: Shutting down and abandoning module Settings (18)
[2015.05.01-19.58.14:335][164]LogModuleManager: Shutting down and abandoning module OnlineSubsystem (16)
[2015.05.01-19.58.14:335][164]LogModuleManager: Shutting down and abandoning module OculusRift (15)
[2015.05.01-19.58.14:335][164]LogModuleManager: Shutting down and abandoning module ExampleDeviceProfileSelector (14)
[2015.05.01-19.58.14:335][164]LogModuleManager: Shutting down and abandoning module TextureCompressor (13)
[2015.05.01-19.58.14:335][164]LogModuleManager: Shutting down and abandoning module ShaderCore (12)
[2015.05.01-19.58.14:335][164]LogModuleManager: Shutting down and abandoning module Landscape (11)
[2015.05.01-19.58.14:335][164]LogModuleManager: Shutting down and abandoning module SlateRHIRenderer (10)
[2015.05.01-19.58.14:341][164]LogModuleManager: Shutting down and abandoning module OpenGLDrv (9)
[2015.05.01-19.58.14:341][164]LogModuleManager: Shutting down and abandoning module D3D11RHI (8)
[2015.05.01-19.58.14:341][164]LogModuleManager: Shutting down and abandoning module Renderer (7)
[2015.05.01-19.58.14:341][164]LogModuleManager: Shutting down and abandoning module Engine (6)
[2015.05.01-19.58.14:341][164]LogModuleManager: Shutting down and abandoning module CoreUObject (5)
[2015.05.01-19.58.14:341][164]LogModuleManager: Shutting down and abandoning module NetworkFile (4)
[2015.05.01-19.58.14:341][164]LogModuleManager: Shutting down and abandoning module StreamingFile (3)
[2015.05.01-19.58.14:341][164]LogModuleManager: Shutting down and abandoning module SandboxFile (2)
[2015.05.01-19.58.14:341][164]LogModuleManager: Shutting down and abandoning module PakFile (1)
[2015.05.01-19.58.14:342][164]LogExit: Exiting.
[2015.05.01-19.58.14:345][164]Log file closed, 05/01/15 15:58:14
