Log file open, 05/07/15 16:12:15
LogInit:Display: Running engine for game: MacabreMelody
LogInit: Version: 4.7.6-2513093+++depot+UE4-Releases+4.7
LogInit: API Version: 2455222
LogInit: Compiled (64-bit): Apr 15 2015 12:09:54
LogInit: Compiled with Visual C++: 18.00.21005.01
LogInit: Build Configuration: Development
LogInit: Branch Name: ++depot+UE4-Releases+4.7
LogInit: Command line:  
LogInit: Base directory: C:/Program Files/Unreal Engine/4.7/Engine/Binaries/Win64/
LogInit: Rocket: 1
[2015.05.07-20.12.15:194][  0]LogTaskGraph: Started task graph with 3 named threads and 4 total threads.
[2015.05.07-20.12.15:228][  0]LogOnline:Warning: No default platform service specified for OnlineSubsystem
[2015.05.07-20.12.15:241][  0]LogInit: Presizing for 0 objects not considered by GC, pre-allocating 0 bytes.
[2015.05.07-20.12.15:250][  0]LogInit: Object subsystem initialized
[2015.05.07-20.12.15:251][  0]LogConsoleResponse:Warning: Skipping Unknown console variable: 'TranslucentSortAxis = (X=0.000000,Y=-1.000000,Z=0.000000)'
[2015.05.07-20.12.15:251][  0]LogConsoleResponse:Warning:   Found in ini file 'D:/Users/jth7036/MacabreMelody-ST/Saved/Config/Windows/Engine.ini', in section '[/Script/Engine.RendererSettings]'
[2015.05.07-20.12.15:251][  0]LogConsoleResponse:Warning: Skipping Unknown console variable: 'UIScaleRule = ShortestSide'
[2015.05.07-20.12.15:251][  0]LogConsoleResponse:Warning:   Found in ini file 'D:/Users/jth7036/MacabreMelody-ST/Saved/Config/Windows/Engine.ini', in section '[/Script/Engine.RendererSettings]'
[2015.05.07-20.12.15:251][  0]LogConsoleResponse:Warning: Skipping Unknown console variable: 'UIScaleCurve = (EditorCurveData=(Keys=),ExternalCurve=None)'
[2015.05.07-20.12.15:251][  0]LogConsoleResponse:Warning:   Found in ini file 'D:/Users/jth7036/MacabreMelody-ST/Saved/Config/Windows/Engine.ini', in section '[/Script/Engine.RendererSettings]'
[2015.05.07-20.12.15:252][  0]LogInit: Selected Device Profile: [Windows]
[2015.05.07-20.12.15:252][  0]LogInit: Applying CVar settings loaded from the selected device profile: [Windows]
[2015.05.07-20.12.15:257][  0]LogInit: Computer: OH1380-11
[2015.05.07-20.12.15:257][  0]LogInit: User: jth7036
[2015.05.07-20.12.15:257][  0]LogInit: CPU Page size=4096, Cores=2
[2015.05.07-20.12.15:257][  0]LogInit: High frequency timer resolution =3.515629 MHz
[2015.05.07-20.12.15:258][  0]LogMemory: Memory total: Physical=16.0GB (16GB approx) Virtual=131072.0GB
[2015.05.07-20.12.15:258][  0]LogMemory: Platform Memory Stats for Windows
[2015.05.07-20.12.15:258][  0]LogMemory: Process Physical Memory: 45.71 MB used, 45.71 MB peak
[2015.05.07-20.12.15:258][  0]LogMemory: Process Virtual Memory: 26.26 MB used, 26.27 MB peak
[2015.05.07-20.12.15:258][  0]LogMemory: Physical Memory: 2685.55 MB used, 16336.19 MB total
[2015.05.07-20.12.15:258][  0]LogMemory: Virtual Memory: 289.31 MB used, 134217728.00 MB total
[2015.05.07-20.12.15:279][  0]LogD3D11RHI: Found D3D11 adapter 0: NVIDIA GeForce GTX 680 (Feature Level 11_0)
[2015.05.07-20.12.15:279][  0]LogD3D11RHI: Adapter has 1985MB of dedicated video memory, 0MB of dedicated system memory, and 2048MB of shared system memory, 2 output[s]
[2015.05.07-20.12.15:280][  0]LogD3D11RHI: Found D3D11 adapter 1: Microsoft Basic Render Driver (Feature Level 11_0)
[2015.05.07-20.12.15:280][  0]LogD3D11RHI: Adapter has 0MB of dedicated video memory, 0MB of dedicated system memory, and 256MB of shared system memory, 0 output[s]
[2015.05.07-20.12.15:280][  0]LogD3D11RHI: Chosen D3D11 Adapter Id = 0
[2015.05.07-20.12.15:282][  0]LogRHI: Texture pool is 1361 MB (70% of 1945 MB)
[2015.05.07-20.12.15:291][  0]LogD3D11RHI: Async texture creation enabled
[2015.05.07-20.12.15:351][  0]LogTextLocalizationManager: The requested culture ('en_US') has no localization data; parent culture's ('en') localization data will be used.
[2015.05.07-20.12.15:405][  0]LogTextLocalizationManager:Warning: Loading localization resources contain conflicting entries for (Namespace:UICommands, Key:Save_ToolTip):
Resource: (C:/Program Files/Unreal Engine/4.7/Engine/Content/Localization/Editor/en/Editor.locres) Hash: (-29098895) String: (Saves the current level to disk)
Resource: (C:/Program Files/Unreal Engine/4.7/Engine/Content/Localization/Engine/en/Engine.locres) Hash: (-1280300587) String: (Save selected data to vlog file)
[2015.05.07-20.12.15:405][  0]LogTextLocalizationManager:Warning: Loading localization resources contain conflicting entries for (Namespace:ContentBrowser, Key:ImportAssetToolTip):
Resource: (C:/Program Files/Unreal Engine/4.7/Engine/Content/Localization/Editor/en/Editor.locres) Hash: (-630476809) String: (Import to {0}...)
Resource: (C:/Program Files/Unreal Engine/4.7/Engine/Content/Localization/Editor/en/Editor.locres) Hash: (1271782899) String: (Imports an asset from file to this folder.)
[2015.05.07-20.12.15:496][  0]LogContentStreaming: Texture pool size is 0.000000MB
[2015.05.07-20.12.17:882][  0]LogTargetPlatformManager:Display: Building Assets For Windows
[2015.05.07-20.12.18:629][  0]LogTargetPlatformManager:Display: Building Assets For Windows
[2015.05.07-20.12.18:690][  0]LogDerivedDataCache:Display: Max Cache Size: 512 MB
[2015.05.07-20.12.18:723][  0]LogDerivedDataCache: Loaded boot cache 0.03s 39MB D:/Users/jth7036.MAIN.001/AppData/Local/UnrealEngine/4.7/DerivedDataCache/Boot.ddc.
[2015.05.07-20.12.18:723][  0]LogDerivedDataCache:Display: Loaded Boot cache: D:/Users/jth7036.MAIN.001/AppData/Local/UnrealEngine/4.7/DerivedDataCache/Boot.ddc
[2015.05.07-20.12.18:724][  0]LogDerivedDataCache: FDerivedDataBackendGraph:  Pak pak cache file D:/Users/jth7036/MacabreMelody-ST/DerivedDataCache/DDC.ddp not found, will not use a pak cache.
[2015.05.07-20.12.18:724][  0]LogDerivedDataCache: Unable to find inner node Pak for hierarchical cache Hierarchy.
[2015.05.07-20.12.18:834][  0]LogDerivedDataCache:Display: Pak cache opened for reading ../../../Engine/DerivedDataCache/Compressed.ddp.
[2015.05.07-20.12.18:846][  0]LogDerivedDataCache: Using Local data cache path D:/Users/jth7036.MAIN.001/AppData/Local/UnrealEngine/Common/DerivedDataCache: Writable
[2015.05.07-20.12.19:123][  0]LogMeshUtilities: No automatic mesh reduction module available
[2015.05.07-20.12.19:123][  0]LogMeshUtilities: No automatic mesh merging module available
[2015.05.07-20.12.19:518][  0]LogInit: WinSock: version 1.1 (2.2), MaxSocks=32767, MaxUdp=65467
[2015.05.07-20.12.19:598][  0]LogSlate:Warning: Failed to load font data from '../../../Engine/Content/Slate/Fonts/Roboto-Italic.ttf'
[2015.05.07-20.12.20:365][  0]UdpMessaging: Initializing bridge on interface 0.0.0.0:0 to multicast group 230.0.0.1:6666.
[2015.05.07-20.12.20:591][  0]SourceControl: Info Source control is disabled
[2015.05.07-20.12.20:591][  0]SourceControl: Info Source control is disabled
[2015.05.07-20.12.20:591][  0]SourceControl: Info Source control is disabled
[2015.05.07-20.12.20:600][  0]LogSourceControl: RunCommandInternalRaw: 'git version'
[2015.05.07-20.12.20:655][  0]LogSourceControl: RunCommandInternalRaw: ExecProcess ReturnCode=2 OutResults=''
[2015.05.07-20.12.20:835][  0]LogObj: 24232 objects as part of root set at end of initial load.
[2015.05.07-20.12.20:835][  0]LogUObjectAllocator: 5137176 out of 0 bytes used by permanent object pool.
[2015.05.07-20.12.20:914][  0]LogEngine: Initializing Engine...
[2015.05.07-20.12.23:066][  0]LogInit: XAudio2 using 'Realtek Digital Output (Realtek High Definition Audio)' : 2 channels at 48 kHz using 16 bits per sample (channel mask 0x3)
[2015.05.07-20.12.23:082][  0]LogInit: FAudioDevice initialized.
[2015.05.07-20.12.23:119][  0]LogAIModule: Creating AISystem for world NewWorld
[2015.05.07-20.12.23:137][  0]LogDerivedDataCache: Saved boot cache 0.02s 39MB D:/Users/jth7036.MAIN.001/AppData/Local/UnrealEngine/4.7/DerivedDataCache/Boot.ddc.
[2015.05.07-20.12.23:143][  0]LogInit: Texture streaming: Enabled
[2015.05.07-20.12.23:232][  0]LogAnalytics: Creating configured Analytics provider AnalyticsET
[2015.05.07-20.12.23:232][  0]LogAnalytics: ET APIKey = Rocket.Release. APIServer = http://et2.epicgames.com/ET2/. AppVersion = 4.7.6-2513093+++depot+UE4-Releases+4.7
[2015.05.07-20.12.23:232][  0]LogAnalytics: ET APIKey = Rocket.Release. DataRouterUploadURL = https://datarouter-public-service-gamedev.ol.epicgames.net/datarouter/api/v1/public/data. AppVersion = 4.7.6-2513093+++depot+UE4-Releases+4.7
[2015.05.07-20.12.23:232][  0]LogAnalytics: SetUserId 593fc67642b971ecd262c8a532266618|76f5d0457a0c47cfa4e62c1627123b6f|3361363f-9ac8-4dd0-8d7c-f16ac9e9cf3e
[2015.05.07-20.12.23:233][  0]LogAnalytics: AnalyticsET::StartSession [Rocket.Release]
[2015.05.07-20.12.23:252][  0]LogInit: Transaction tracking system initialized
[2015.05.07-20.12.23:440][  0]BlueprintLog: New page: Editor Load
[2015.05.07-20.12.23:491][  0]LogAssetRegistry: FAssetRegistry took 0.0104 seconds to start up
[2015.05.07-20.12.23:491][  0]LogDirectoryWatcher:Warning: Failed to begin reading directory changes for ../../../Engine/Plugins/Experimental/CharacterAI/Content/. Error: 0
[2015.05.07-20.12.24:318][  0]LogTargetPlatformManager:Display: Building Assets For Windows
[2015.05.07-20.12.24:967][  0]LogTargetPlatformManager:Display: Building Assets For Windows
[2015.05.07-20.12.25:224][  0]LogSlate:Warning: Failed to load font data from '../../../Engine/Content/Editor/Slate/Fonts/Roboto-Regular.ttf'
[2015.05.07-20.12.25:225][  0]LogSlate:Warning: Failed to load font data from '../../../Engine/Content/Editor/Slate/Fonts/Roboto-Bold.ttf'
[2015.05.07-20.12.25:230][  0]LogConsoleResponse:Display: 
[2015.05.07-20.12.25:372][  0]LogCook:Display: Done creating registry. It took  0.00s.
[2015.05.07-20.12.25:509][  0]LogSourceControl: RunCommandInternalRaw: 'git version'
[2015.05.07-20.12.25:564][  0]LogSourceControl: RunCommandInternalRaw: ExecProcess ReturnCode=2 OutResults=''
[2015.05.07-20.12.25:564][  0]Cmd: MAP LOAD FILE="D:/Users/jth7036/MacabreMelody-ST/Content/MacabreAssets/Maps/House.umap" TEMPLATE=0 SHOWPROGRESS=1 FEATURELEVEL=3
[2015.05.07-20.12.25:564][  0]LightingResults: New page: Lighting Build
[2015.05.07-20.12.25:577][  0]MapCheck: New page: Map Check
[2015.05.07-20.12.25:577][  0]LightingResults: New page: Lighting Build
[2015.05.07-20.12.25:590][  0]LogParticles: Destroying 0 GPU particle simulations for FXSystem 0x0000001E11176520
[2015.05.07-20.12.26:113][  0]LogLinker:Warning: Asset '../../../Engine/Content/EngineMeshes/Humanoid.uasset' has been saved with empty engine version. The asset will be loaded but may be incompatible.
[2015.05.07-20.12.27:964][  0]LogTexture:Display: Building textures: HQ_Lightmap0_6 (AutoDXT)
[2015.05.07-20.12.28:281][  0]LogTexture:Display: Building textures: HQ_Lightmap1_10 (AutoDXT)
[2015.05.07-20.12.28:300][  0]LogTexture:Display: Building textures: HQ_Lightmap1_11 (AutoDXT)
[2015.05.07-20.12.28:332][  0]LogTexture:Display: Building textures: HQ_Lightmap1_12 (AutoDXT)
[2015.05.07-20.12.28:357][  0]LogTexture:Display: Building textures: HQ_Lightmap1_3 (AutoDXT)
[2015.05.07-20.12.29:393][  0]LogTexture:Display: Building textures: HQ_Lightmap1_4 (AutoDXT)
[2015.05.07-20.12.30:236][  0]LogTexture:Display: Building textures: HQ_Lightmap1_5 (AutoDXT)
[2015.05.07-20.12.30:473][  0]LogTexture:Display: Building textures: HQ_Lightmap1_7 (AutoDXT)
[2015.05.07-20.12.30:528][  0]LogTexture:Display: Building textures: HQ_Lightmap1_8 (AutoDXT)
[2015.05.07-20.12.30:658][  0]LogTexture:Display: Building textures: HQ_Lightmap1_9 (AutoDXT)
[2015.05.07-20.12.30:773][  0]LogTexture:Display: Building textures: LQ_Lightmap_0_3 (DXT1)
[2015.05.07-20.12.31:332][  0]LogTexture:Display: Building textures: LQ_Lightmap_0_6 (DXT1)
[2015.05.07-20.12.31:513][  0]LogTexture:Display: Building textures: LQ_Lightmap_1_10 (DXT1)
[2015.05.07-20.12.31:529][  0]LogTexture:Display: Building textures: LQ_Lightmap_1_11 (DXT1)
[2015.05.07-20.12.31:541][  0]LogTexture:Display: Building textures: LQ_Lightmap_1_12 (DXT1)
[2015.05.07-20.12.31:562][  0]LogTexture:Display: Building textures: LQ_Lightmap_1_4 (DXT1)
[2015.05.07-20.12.32:044][  0]LogTexture:Display: Building textures: LQ_Lightmap_1_5 (DXT1)
[2015.05.07-20.12.32:150][  0]LogTexture:Display: Building textures: LQ_Lightmap_1_7 (DXT1)
[2015.05.07-20.12.32:175][  0]LogTexture:Display: Building textures: LQ_Lightmap_1_8 (DXT1)
[2015.05.07-20.12.32:248][  0]LogTexture:Display: Building textures: LQ_Lightmap_1_9 (DXT1)
[2015.05.07-20.12.32:433][  0]LogMaterial:Warning: Material /Game/MacabreAssets/Import/SUV/14_-_Default.14_-_Default needed to have new flag set bUsedWithStaticLighting !
[2015.05.07-20.12.32:435][  0]LogMaterial: Missing cached shader map for material 14_-_Default, compiling. 
[2015.05.07-20.12.32:488][  0]LogMaterial: 0.000099 seconds spent updating 1 materials, 1 interfaces, 0 instances, 0 with static permutations.
[2015.05.07-20.12.32:488][  0]LogMaterial:Warning: Material /Game/MacabreAssets/Import/SUV/18_-_Default.18_-_Default needed to have new flag set bUsedWithStaticLighting !
[2015.05.07-20.12.32:491][  0]LogMaterial: Missing cached shader map for material 18_-_Default, compiling. 
[2015.05.07-20.12.32:502][  0]LogMaterial: 0.000098 seconds spent updating 1 materials, 1 interfaces, 0 instances, 0 with static permutations.
[2015.05.07-20.12.32:502][  0]LogMaterial:Warning: Material /Game/MacabreAssets/Import/SUV/08_-_Default.08_-_Default needed to have new flag set bUsedWithStaticLighting !
[2015.05.07-20.12.32:506][  0]LogMaterial: Missing cached shader map for material 08_-_Default, compiling. 
[2015.05.07-20.12.32:520][  0]LogMaterial: 0.000098 seconds spent updating 1 materials, 1 interfaces, 0 instances, 0 with static permutations.
[2015.05.07-20.12.32:520][  0]LogMaterial:Warning: Material /Game/MacabreAssets/Import/SUV/03_-_Default.03_-_Default needed to have new flag set bUsedWithStaticLighting !
[2015.05.07-20.12.32:523][  0]LogMaterial: Missing cached shader map for material 03_-_Default, compiling. 
[2015.05.07-20.12.32:534][  0]LogMaterial: 0.000082 seconds spent updating 1 materials, 1 interfaces, 0 instances, 0 with static permutations.
[2015.05.07-20.12.32:589][  0]LogEditorServer: Finished looking for orphan Actors (0.000 secs)
[2015.05.07-20.12.32:783][  0]LogAIModule: Creating AISystem for world House
[2015.05.07-20.12.32:784][  0]Cmd: MAP CHECKDEP
[2015.05.07-20.12.32:784][  0]MapCheck: New page: House - May 7, 2015, 12:12:32 PM
[2015.05.07-20.12.32:960][  0]MapCheck: Info Map check complete: 0 Error(s), 0 Warning(s), took 176.742ms to complete.
[2015.05.07-20.12.32:960][  0]LogFileHelpers: Loading map 'House' took 7.397
[2015.05.07-20.12.33:151][  0]LogCollectionManager: Loaded 0 collections in 0.002544 seconds
[2015.05.07-20.12.33:166][  0]LogContentBrowser: Native class hierarchy populated in 0.0151 seconds. Added 1696 classes and 261 folders.
[2015.05.07-20.12.33:221][  0]LogContentBrowser: Native class hierarchy updated for 'SceneOutliner' in 0.0033 seconds. Added 1 classes and 2 folders.
[2015.05.07-20.12.33:335][  0]LogCrashTracker: Crashtracker disabled due to settings.
[2015.05.07-20.12.33:336][  0]LogSlate:Warning: Failed to load font data from 'Veranda'
[2015.05.07-20.12.33:344][  0]LogUObjectGlobals:Warning: Failed to find object 'Class None.'
[2015.05.07-20.12.33:371][  0]LogLoad: Full Startup: 19.96 seconds (BP compile: 0.66 seconds)
[2015.05.07-20.12.33:769][  0]LogContentBrowser:Verbose: The content browser source was changed by the sources view to '/Game/MacabreAssets/Import'
[2015.05.07-20.12.33:944][  0]LogRenderer:Warning: Reallocating scene render targets to support 32x32 (Frame:2).
[2015.05.07-20.12.34:072][  0]LogRenderer:Warning: Reallocating scene render targets to support 1104x560 (Frame:10).
[2015.05.07-20.12.36:454][  7]LogAssetRegistry: Asset discovery search completed in 12.9728 seconds
[2015.05.07-20.12.59:608][190]LogPlayLevel: PIE:  No blueprints needed recompiling
[2015.05.07-20.12.59:608][190]PIE: New page: PIE session: House (May 7, 2015, 12:12:59 PM)
[2015.05.07-20.12.59:673][190]LogPlayLevel: PIE: StaticDuplicateObject took: (0.065018s)
[2015.05.07-20.12.59:674][190]LogPlayLevel: PIE: World Init took: (0.000617s)
[2015.05.07-20.12.59:674][190]LogPlayLevel: PIE: Created PIE world by copying editor world from /Game/MacabreAssets/Maps/House.House to /Game/MacabreAssets/Maps/UEDPIE_0_House.House (0.065912s)
[2015.05.07-20.12.59:722][190]LogWorld: Game class is 'FirstPersonGameMode_C'
[2015.05.07-20.12.59:723][190]LogAIModule: Creating AISystem for world House
[2015.05.07-20.12.59:768][190]LogWorld: Bringing World /Game/MacabreAssets/Maps/UEDPIE_0_House.House up for play (max tick rate 0) at 2015.05.07-16.12.59
[2015.05.07-20.12.59:772][190]LogWorld: Bringing up level for play took: 0.048704
[2015.05.07-20.12.59:776][190]PIE: Info Play in editor start time for /Game/MacabreAssets/Maps/UEDPIE_0_House -0.399
[2015.05.07-20.13.20:674][870]LogParticles: Destroying 0 GPU particle simulations for FXSystem 0x0000001E2AA1DB20
[2015.05.07-20.13.32:856][150]Cmd: BRUSH ADD SELECTNEWBRUSH
[2015.05.07-20.14.47:874][861]LogGeometryMode:Warning: Unable to find Grass_7 Brush(s) in new BSP
[2015.05.07-20.14.47:874][861]LogGeometryMode:Warning: Unable to find all previously selected geometry data, resetting selection
[2015.05.07-20.15.35:135][200]Cmd: EDIT COPY
[2015.05.07-20.15.35:408][232]Cmd: EDIT PASTE
[2015.05.07-20.15.35:438][232]LogUObjectHash:Warning: Ambiguous search, could be Model /Game/MacabreAssets/Maps/House.House:PersistentLevel.BoxBrush14.Model_6 or Model /Game/MacabreAssets/Maps/House.House:PersistentLevel.LinearStairBrush2_8.Model_6
[2015.05.07-20.15.35:438][232]LogUObjectHash:Warning: Ambiguous search, could be Model /Game/MacabreAssets/Maps/House.House:PersistentLevel.BoxBrush14.Model_6 or Model /Game/MacabreAssets/Maps/House.House:PersistentLevel.F2_Bed2_Furniture_62.Model_6
[2015.05.07-20.15.35:438][232]LogUObjectHash:Warning: Ambiguous search, could be Model /Game/MacabreAssets/Maps/House.House:PersistentLevel.BoxBrush14.Model_6 or Model /Game/MacabreAssets/Maps/House.House:PersistentLevel.F2_Bed2_Furniture_61.Model_6
[2015.05.07-20.15.35:438][232]LogUObjectHash:Warning: Ambiguous search, could be Model /Game/MacabreAssets/Maps/House.House:PersistentLevel.BoxBrush14.Model_6 or Model /Game/MacabreAssets/Maps/House.House:PersistentLevel.F2_Bed2_Furniture_60.Model_6
[2015.05.07-20.15.35:438][232]LogUObjectHash:Warning: Ambiguous search, could be Model /Game/MacabreAssets/Maps/House.House:PersistentLevel.BoxBrush14.Model_6 or Model /Game/MacabreAssets/Maps/House.House:PersistentLevel.F2_Bed2_Furniture.Model_6
[2015.05.07-20.15.35:438][232]LogUObjectHash:Warning: Ambiguous search, could be Model /Game/MacabreAssets/Maps/House.House:PersistentLevel.BoxBrush14.Model_6 or Model /Game/MacabreAssets/Maps/House.House:PersistentLevel.F2_Bed1_Furniture_66.Model_6
[2015.05.07-20.15.35:438][232]LogUObjectHash:Warning: Ambiguous search, could be Model /Game/MacabreAssets/Maps/House.House:PersistentLevel.BoxBrush14.Model_6 or Model /Game/MacabreAssets/Maps/House.House:PersistentLevel.F2_Bed1_Furniture_65.Model_6
[2015.05.07-20.15.35:438][232]LogUObjectHash:Warning: Ambiguous search, could be Model /Game/MacabreAssets/Maps/House.House:PersistentLevel.BoxBrush14.Model_6 or Model /Game/MacabreAssets/Maps/House.House:PersistentLevel.F2_Bed1_Furniture_64.Model_6
[2015.05.07-20.15.35:438][232]LogUObjectHash:Warning: Ambiguous search, could be Model /Game/MacabreAssets/Maps/House.House:PersistentLevel.BoxBrush14.Model_6 or Model /Game/MacabreAssets/Maps/House.House:PersistentLevel.F2_Bed1_Furniture_63.Model_6
[2015.05.07-20.15.35:438][232]LogUObjectHash:Warning: Ambiguous search, could be Model /Game/MacabreAssets/Maps/House.House:PersistentLevel.BoxBrush14.Model_6 or Model /Game/MacabreAssets/Maps/House.House:PersistentLevel.F2_Bed1_Furniture.Model_6
[2015.05.07-20.15.35:438][232]LogUObjectHash:Warning: Ambiguous search, could be Model /Game/MacabreAssets/Maps/House.House:PersistentLevel.BoxBrush14.Model_6 or Model /Game/MacabreAssets/Maps/House.House:PersistentLevel.F1_Stairs.Model_6
[2015.05.07-20.15.35:438][232]LogUObjectHash:Warning: Ambiguous search, could be Model /Game/MacabreAssets/Maps/House.House:PersistentLevel.BoxBrush14.Model_6 or Model /Game/MacabreAssets/Maps/House.House:PersistentLevel.BoxBrush12_7.Model_6
[2015.05.07-20.15.35:438][232]LogUObjectHash:Warning: Ambiguous search, could be Model /Game/MacabreAssets/Maps/House.House:PersistentLevel.BoxBrush14.Model_6 or Model /Game/MacabreAssets/Maps/House.House:PersistentLevel.BoxBrush11.Model_6
[2015.05.07-20.15.35:438][232]LogUObjectHash:Warning: Ambiguous search, could be Model /Game/MacabreAssets/Maps/House.House:PersistentLevel.BoxBrush14.Model_6 or Model /Game/MacabreAssets/Maps/House.House:PersistentLevel.Back_Stairs2.Model_6
[2015.05.07-20.15.59:591][534]LogGeometryMode:Warning: Unable to find Grass_7 Brush(s) in new BSP
[2015.05.07-20.15.59:591][534]LogGeometryMode:Warning: Unable to find all previously selected geometry data, resetting selection
[2015.05.07-20.16.01:614][756]LogEditorViewport: Clicking Background
[2015.05.07-20.16.09:054][570]Cmd: BRUSH ADD SELECTNEWBRUSH
[2015.05.07-20.16.42:244][ 71]LogEditorViewport: Clicking Background
[2015.05.07-20.16.43:190][184]LogEditorViewport: Clicking Background
[2015.05.07-20.16.43:635][235]LogEditorViewport: Clicking Background
[2015.05.07-20.16.44:048][284]LogEditorViewport: Clicking on Actor (LMB): Brush (Linear Stair Brush3)
[2015.05.07-20.17.40:051][426]LogEditorViewport: Clicking on Actor (LMB): StaticMeshActor (vinyl_fence_DEFAULT_12)
[2015.05.07-20.17.41:317][570]LogEditorViewport: Clicking on Actor (LMB): Brush (Linear Stair Brush3)
[2015.05.07-20.18.31:840][813]LogContentBrowser:Verbose: The content browser source was changed by the sources view to '/Game/StarterContent'
[2015.05.07-20.18.34:205][ 91]LogContentBrowser:Verbose: The content browser source was changed by the sources view to '/Game/StarterContent/Props'
[2015.05.07-20.18.36:603][347]LogActorFactory: Actor Factory created SM_GlassWindow
[2015.05.07-20.18.37:799][440]LogActorFactory: Actor Factory created SM_GlassWindow
[2015.05.07-20.18.43:445][ 58]LogActorFactory: Actor Factory created SM_WindowFrame
[2015.05.07-20.18.44:124][107]LogActorFactory: Actor Factory created SM_WindowFrame
[2015.05.07-20.19.43:138][961]LogEditorViewport: Clicking on Actor (LMB): StaticMeshActor (SM_GlassWindow)
[2015.05.07-20.20.19:689][413]LogStaticMesh: Building static mesh SM_PillarFrame...
[2015.05.07-20.20.19:730][413]LogStaticMesh: Built static mesh [41.617874ms] /Game/StarterContent/Props/SM_PillarFrame.SM_PillarFrame
[2015.05.07-20.20.19:853][418]LogActorFactory: Actor Factory created SM_PillarFrame
[2015.05.07-20.20.21:797][566]LogActorFactory: Actor Factory created SM_PillarFrame
[2015.05.07-20.20.26:202][961]LogEditorViewport: Clicking on Actor (context menu): StaticMeshActor (SM_PillarFrame)
[2015.05.07-20.20.27:969][120]LogEditorViewport: Clicking on Actor (LMB): StaticMeshActor (SM_PillarFrame)
[2015.05.07-20.20.47:141][904]LogEditorViewport: Clicking on Actor (LMB): StaticMeshActor (SM_GlassWindow2)
[2015.05.07-20.20.54:474][629]LogEditorViewport: Clicking on Actor (LMB): StaticMeshActor (SM_PillarFrame)
[2015.05.07-20.20.55:391][731]LogEditorViewport: Clicking on Actor (LMB): StaticMeshActor (SM_GlassWindow2)
[2015.05.07-20.20.59:505][ 74]LogActorFactory: Actor Factory created SM_PillarFrame
[2015.05.07-20.21.00:324][134]LogActorFactory: Actor Factory created SM_PillarFrame
[2015.05.07-20.21.27:415][690]LogEditorViewport: Clicking on Actor (LMB): StaticMeshActor (SM_WindowFrame)
[2015.05.07-20.21.28:230][783]LogEditorViewport: Clicking on Actor (LMB): StaticMeshActor (SM_GlassWindow2)
[2015.05.07-20.21.28:847][851]LogEditorViewport: Clicking on Actor (LMB): StaticMeshActor (SM_PillarFrame2)
[2015.05.07-20.21.48:982][774]LogContentBrowser:Verbose: The content browser source was changed by the sources view to '/Game/StarterContent/Materials'
[2015.05.07-20.22.20:675][552]LogTexture:Display: Building textures: T_Wood_Walnut_D (AutoDXT)
[2015.05.07-20.22.29:248][552]LogTexture:Display: Building textures: T_Wood_Walnut_N (BC5)
[2015.05.07-20.22.30:019][552]LogMaterial: Missing cached shader map for material M_Wood_Walnut, compiling. 
[2015.05.07-20.22.57:601][283]Cmd: OBJ SAVEPACKAGE PACKAGE="/Game/MacabreAssets/Maps/House" FILE="D:/Users/jth7036/MacabreMelody-ST/Saved/Autosaves/Game/MacabreAssets/Maps/House_Auto1.umap" SILENT=true AUTOSAVING=true KEEPDIRTY=false
[2015.05.07-20.22.59:156][283]LogSavePackage: Save=1535.857788ms
[2015.05.07-20.22.59:156][283]LogSavePackage: Moving 'D:/Users/jth7036/MacabreMelody-ST/Saved/House_Auto1C55BCEB94176AABEDF18CEAF6F6850D4.tmp' to 'D:/Users/jth7036/MacabreMelody-ST/Saved/Autosaves/Game/MacabreAssets/Maps/House_Auto1.umap'
[2015.05.07-20.22.59:163][283]LogFileHelpers: Editor autosave (incl. sublevels) for '/Game/MacabreAssets/Maps/House' took 1.679
[2015.05.07-20.22.59:163][283]LogFileHelpers: Editor autosave (incl. sublevels) for all levels took 1.679
[2015.05.07-20.24.25:927][907]LogContentBrowser:Verbose: The content browser source was changed by the sources view to '/Game/StarterContent/Props'
[2015.05.07-20.24.29:649][328]LogActorFactory: Actor Factory created SM_WindowFrame
[2015.05.07-20.24.31:910][507]LogActorFactory: Actor Factory created SM_WindowFrame
[2015.05.07-20.24.54:067][595]LogEditorViewport: Clicking on Actor (LMB): StaticMeshActor (SM_WindowFrame2)
[2015.05.07-20.25.32:742][706]LogEditorViewport: Clicking on Actor (LMB): StaticMeshActor (Tree2)
[2015.05.07-20.25.33:394][778]LogEditorViewport: Clicking on Actor (LMB): StaticMeshActor (SM_WindowFrame12)
[2015.05.07-20.26.13:717][109]Cmd: DELETE
[2015.05.07-20.26.13:717][109]Cmd: ACTOR DELETE
[2015.05.07-20.26.13:723][109]LogEditorActor: Deleted Actor: StaticMeshActor
[2015.05.07-20.26.13:748][109]LogEditorActor: Deleted 1 Actors (0.030 secs)
[2015.05.07-20.26.16:164][339]LogEditorViewport: Clicking on Actor (LMB): StaticMeshActor (SM_WindowFrame22)
[2015.05.07-20.26.18:361][583]LogEditorViewport: Clicking on Actor (LMB): StaticMeshActor (SM_WindowFrame21)
[2015.05.07-20.26.20:482][821]LogEditorViewport: Clicking on Actor (LMB): StaticMeshActor (SM_WindowFrame22)
[2015.05.07-20.26.58:714][635]MapCheck: New page: Map Check
[2015.05.07-20.26.58:740][635]Cmd: MAP REBUILD ALLVISIBLE
[2015.05.07-20.26.58:744][635]LogEditorServer: Rebuildmap Clear paths rebuilt
[2015.05.07-20.26.59:916][635]LightingResults: New page: Lighting Build - May 7, 2015, 12:26:59 PM
[2015.05.07-20.27.01:732][635]LogStaticLightingSystem: Running Lightmass w/ ImmediateImport mode ENABLED
[2015.05.07-20.27.01:732][635]LogStaticLightingSystem: Running Lightmass w/ ImmediateProcess mode ENABLED
[2015.05.07-20.27.01:732][635]LogStaticLightingSystem: Running Lightmass w/ Sorting mode ENABLED
[2015.05.07-20.27.01:732][635]LogStaticLightingSystem: Running Lightmass w/ Mapping paddings ENABLED
[2015.05.07-20.27.01:732][635]LogStaticLightingSystem: Running Lightmass w/ Mapping debug paddings DISABLED
[2015.05.07-20.27.02:056][635]LogEditorBuildUtils: Build time 0:00:03
[2015.05.07-20.28.20:279][618]LightingResults:Error: Error MitsubishiLanserEvo-fbx Object has overlapping UVs.
[2015.05.07-20.28.20:279][618]LightingResults: Info MitsubishiLanserEvo-fbx Lightmap UV are overlapping by 8.0%. Please adjust content - Enable Error Coloring to visualize.
[2015.05.07-20.28.22:585][828]LightingResults:Error: Error chevrolet_by_domomonsterxx Object has overlapping UVs.
[2015.05.07-20.28.22:585][828]LightingResults: Info chevrolet_by_domomonsterxx Lightmap UV are overlapping by 2.5%. Please adjust content - Enable Error Coloring to visualize.
[2015.05.07-20.28.24:732][ 21]LightingResults:Error: Error Tree Object has overlapping UVs.
[2015.05.07-20.28.24:732][ 21]LightingResults: Info Tree Lightmap UV are overlapping by 12.4%. Please adjust content - Enable Error Coloring to visualize.
[2015.05.07-20.28.24:954][ 41]LightingResults:Error: Error Tree Object has overlapping UVs.
[2015.05.07-20.28.24:954][ 41]LightingResults: Info Tree Lightmap UV are overlapping by 12.4%. Please adjust content - Enable Error Coloring to visualize.
[2015.05.07-20.28.26:785][204]LightingResults:Error: Error Tree Object has overlapping UVs.
[2015.05.07-20.28.26:797][205]LightingResults: Info Tree Lightmap UV are overlapping by 12.4%. Please adjust content - Enable Error Coloring to visualize.
[2015.05.07-20.28.33:265][785]LightingResults:Error: Error MitsubishiLanserEvo-fbx Object has overlapping UVs.
[2015.05.07-20.28.33:265][785]LightingResults: Info MitsubishiLanserEvo-fbx Lightmap UV are overlapping by 8.0%. Please adjust content - Enable Error Coloring to visualize.
[2015.05.07-20.28.43:427][670]Job is a success!
[2015.05.07-20.28.44:560][671]LogTexture:Display: Building textures: HQ_Lightmap0_1 (AutoDXT)
[2015.05.07-20.28.45:295][671]LogTexture:Display: Building textures: LQ_Lightmap_0_16 (DXT1)
[2015.05.07-20.28.45:298][671]LogTexture:Display: Building textures: HQ_Lightmap0_16 (AutoDXT)
[2015.05.07-20.28.45:304][671]LogTexture:Display: Building textures: LQ_Lightmap_0_15 (DXT1)
[2015.05.07-20.28.45:310][671]LogTexture:Display: Building textures: HQ_Lightmap0_15 (AutoDXT)
[2015.05.07-20.28.45:319][671]LogTexture:Display: Building textures: LQ_Lightmap_0_14 (DXT1)
[2015.05.07-20.28.45:327][671]LogTexture:Display: Building textures: HQ_Lightmap0_14 (AutoDXT)
[2015.05.07-20.28.45:341][671]LogTexture:Display: Building textures: LQ_Lightmap_0_13 (DXT1)
[2015.05.07-20.28.45:343][671]LogTexture:Display: Building textures: HQ_Lightmap0_13 (AutoDXT)
[2015.05.07-20.28.45:355][671]LogTexture:Display: Building textures: LQ_Lightmap_0_12 (DXT1)
[2015.05.07-20.28.45:375][671]LogTexture:Display: Building textures: HQ_Lightmap0_12 (AutoDXT)
[2015.05.07-20.28.45:410][671]LogTexture:Display: Building textures: LQ_Lightmap_0_11 (DXT1)
[2015.05.07-20.28.45:424][671]LogTexture:Display: Building textures: HQ_Lightmap0_11 (AutoDXT)
[2015.05.07-20.28.45:469][671]LogTexture:Display: Building textures: LQ_Lightmap_0_10 (DXT1)
[2015.05.07-20.28.45:541][671]LogTexture:Display: Building textures: HQ_Lightmap0_10 (AutoDXT)
[2015.05.07-20.28.45:710][671]LogTexture:Display: Building textures: LQ_Lightmap_0_9 (DXT1)
[2015.05.07-20.28.45:745][671]LogTexture:Display: Building textures: HQ_Lightmap0_9 (AutoDXT)
[2015.05.07-20.28.45:817][671]LogTexture:Display: Building textures: LQ_Lightmap_0_8 (DXT1)
[2015.05.07-20.28.45:920][671]LogTexture:Display: Building textures: HQ_Lightmap0_8 (AutoDXT)
[2015.05.07-20.28.46:076][671]LogTexture:Display: Building textures: LQ_Lightmap_0_7 (DXT1)
[2015.05.07-20.28.46:190][671]LogTexture:Display: Building textures: HQ_Lightmap0_7 (AutoDXT)
[2015.05.07-20.28.46:420][671]LogTexture:Display: Building textures: LQ_Lightmap_1_6 (DXT1)
[2015.05.07-20.28.46:497][671]LogTexture:Display: Building textures: HQ_Lightmap1_6 (AutoDXT)
[2015.05.07-20.28.46:636][671]LogTexture:Display: Building textures: LQ_Lightmap_0_5 (DXT1)
[2015.05.07-20.28.47:123][671]LogTexture:Display: Building textures: HQ_Lightmap0_5 (AutoDXT)
[2015.05.07-20.28.47:939][671]LogTexture:Display: Building textures: LQ_Lightmap_0_4 (DXT1)
[2015.05.07-20.28.48:399][671]LogTexture:Display: Building textures: HQ_Lightmap0_4 (AutoDXT)
[2015.05.07-20.28.49:180][671]LogTexture:Display: Building textures: LQ_Lightmap_1_3 (DXT1)
[2015.05.07-20.28.49:441][671]LogTexture:Display: Building textures: HQ_Lightmap0_3 (AutoDXT)
[2015.05.07-20.28.50:186][671]LogTexture:Display: Building textures: LQ_Lightmap_0_2 (DXT1)
[2015.05.07-20.28.50:263][671]LogTexture:Display: Building textures: HQ_Lightmap0_2 (AutoDXT)
[2015.05.07-20.28.50:409][671]LogTexture:Display: Building textures: LQ_Lightmap_0_1 (DXT1)
[2015.05.07-20.28.51:186][671]LogTexture:Display: Building textures: ShadowMapTexture2D_0 (BGRA8)
[2015.05.07-20.28.51:428][671]LogTexture:Display: Building textures: ShadowMapTexture2D_1 (BGRA8)
[2015.05.07-20.28.51:482][671]LogTexture:Display: Building textures: ShadowMapTexture2D_2 (BGRA8)
[2015.05.07-20.28.51:521][671]LogTexture:Display: Building textures: ShadowMapTexture2D_3 (BGRA8)
[2015.05.07-20.28.51:566][671]LogTexture:Display: Building textures: ShadowMapTexture2D_4 (BGRA8)
[2015.05.07-20.28.51:575][671]LogTexture:Display: Building textures: ShadowMapTexture2D_5 (BGRA8)
[2015.05.07-20.28.51:577][671]LogTexture:Display: Building textures: ShadowMapTexture2D_6 (BGRA8)
[2015.05.07-20.28.51:580][671]LogTexture:Display: Building textures: ShadowMapTexture2D_7 (BGRA8)
[2015.05.07-20.28.51:583][671]LogTexture:Display: Building textures: ShadowMapTexture2D_8 (BGRA8)
[2015.05.07-20.28.51:584][671]LogTexture:Display: Building textures: ShadowMapTexture2D_9 (BGRA8)
[2015.05.07-20.28.51:637][671]Lightmass on OH1380-11: 1:48 min total, 631 ms importing, 860 ms setup, 6.90 sec photons, 1:40 min processing, 0 ms extra exporting [1248/1248 mappings]. Threads: 6:42 min total, 4:34 min processing.
[2015.05.07-20.28.51:784][671]LogStaticLightingSystem: Illumination: 1:51 min (7.44 sec encoding lightmaps)
[2015.05.07-20.28.51:784][671]LogStaticLightingSystem: Lightmap texture memory:  8.3 MB (5.7 MB streaming, 2.7 MB non-streaming), 32 textures
[2015.05.07-20.28.51:784][671]LogStaticLightingSystem: Shadowmap texture memory: 15.5 MB (4.8 MB streaming, 10.7 MB non-streaming), 10 textures
[2015.05.07-20.28.52:855][672]Cmd: MAP CHECK NOTIFYRESULTS
[2015.05.07-20.28.52:856][672]MapCheck: New page: House - May 7, 2015, 12:28:52 PM
[2015.05.07-20.28.52:876][672]MapCheck:Warning: Warning F1_LR_CrimeScene_66 'Sphere' has simple collision but is being scaled non-uniformly - collision creation will fail 
[2015.05.07-20.28.52:877][672]MapCheck:Warning: Warning SB_CrimeScene_127 'Sphere' has simple collision but is being scaled non-uniformly - collision creation will fail 
[2015.05.07-20.28.53:013][672]MapCheck: Info Map check complete: 0 Error(s), 2 Warning(s), took 157.895ms to complete.
[2015.05.07-20.29.01:734][625]LogPlayLevel: PIE:  No blueprints needed recompiling
[2015.05.07-20.29.01:734][625]PIE: New page: PIE session: House (May 7, 2015, 12:29:01 PM)
[2015.05.07-20.29.01:799][625]LogPlayLevel: PIE: StaticDuplicateObject took: (0.064808s)
[2015.05.07-20.29.01:800][625]LogPlayLevel: PIE: World Init took: (0.000618s)
[2015.05.07-20.29.01:800][625]LogPlayLevel: PIE: Created PIE world by copying editor world from /Game/MacabreAssets/Maps/House.House to /Game/MacabreAssets/Maps/UEDPIE_0_House.House (0.065667s)
[2015.05.07-20.29.01:834][625]LogWorld: Game class is 'FirstPersonGameMode_C'
[2015.05.07-20.29.01:842][625]LogAIModule: Creating AISystem for world House
[2015.05.07-20.29.01:913][625]LogWorld: Bringing World /Game/MacabreAssets/Maps/UEDPIE_0_House.House up for play (max tick rate 0) at 2015.05.07-16.29.01
[2015.05.07-20.29.01:918][625]LogWorld: Bringing up level for play took: 0.075563
[2015.05.07-20.29.01:922][625]PIE: Info Play in editor start time for /Game/MacabreAssets/Maps/UEDPIE_0_House -0.291
[2015.05.07-20.29.02:671][643]LogTexture:Warning: Failed to stream mip data from the derived data cache for /Game/MacabreAssets/Maps/House.HQ_Lightmap1_4. Streaming mips will be recached.
[2015.05.07-20.29.02:711][643]LogTexture:Display: Building textures: HQ_Lightmap1_4 (AutoDXT)
[2015.05.07-20.30.06:867][863]LogParticles: Destroying 0 GPU particle simulations for FXSystem 0x0000001E09E63600
[2015.05.07-20.30.11:966][382]LogContentBrowser:Verbose: The content browser source was changed by the sources view to '/Game/StarterContent/Materials'
[2015.05.07-20.30.25:246][583]LogTexture:Display: Building textures: T_Rock_Basalt_D (AutoDXT)
[2015.05.07-20.30.33:865][583]LogTexture:Display: Building textures: T_Rock_Basalt_N (BC5)
[2015.05.07-20.30.34:755][583]LogMaterial: Missing cached shader map for material M_Rock_Basalt, compiling. 
[2015.05.07-20.31.31:353][543]LogTexture:Display: Building textures: T_Concrete_Tiles_D (AutoDXT)
[2015.05.07-20.31.37:790][543]LogTexture:Display: Building textures: T_Concrete_Tiles_M (AutoDXT)
[2015.05.07-20.31.45:674][543]LogTexture:Display: Building textures: T_Concrete_Tiles_N (BC5)
[2015.05.07-20.31.46:525][543]LogTexture:Display: Building textures: T_Concrete_Tiles_Variation_M (AutoDXT)
[2015.05.07-20.31.46:563][543]LogMaterial: Missing cached shader map for material M_Concrete_Tiles, compiling. 
[2015.05.07-20.32.19:140][457]LogTexture:Display: Building textures: T_Brick_Clay_Beveled_N (BC5)
[2015.05.07-20.32.20:153][457]LogTexture:Display: Building textures: T_Brick_Clay_Beveled_M (AutoDXT)
[2015.05.07-20.32.29:110][457]LogTexture:Display: Building textures: T_Brick_Clay_Beveled_D (AutoDXT)
[2015.05.07-20.32.37:532][457]LogMaterial: Missing cached shader map for material M_Brick_Clay_Beveled, compiling. 
[2015.05.07-20.32.51:119][548]LogMaterial: Missing cached shader map for material M_AssetPlatform, compiling. 
[2015.05.07-20.33.08:284][ 45]LogTexture:Display: Building textures: T_Rock_Slate_D (AutoDXT)
[2015.05.07-20.33.17:045][ 45]LogTexture:Display: Building textures: T_Rock_Slate_N (BC5)
[2015.05.07-20.33.17:937][ 45]LogMaterial: Missing cached shader map for material M_Rock_Slate, compiling. 
[2015.05.07-20.33.28:492][825]LogTexture:Display: Building textures: T_Rock_Marble_Polished_D (AutoDXT)
[2015.05.07-20.33.33:423][825]LogMaterial: Missing cached shader map for material M_Rock_Marble_Polished, compiling. 
[2015.05.07-20.33.59:083][693]Cmd: POLY TEXPAN U=1.000000 V=0.000000
[2015.05.07-20.34.00:229][818]Cmd: POLY TEXPAN U=0.000000 V=1.000000
[2015.05.07-20.34.00:419][832]Cmd: POLY TEXPAN U=0.000000 V=1.000000
[2015.05.07-20.34.00:618][848]Cmd: POLY TEXPAN U=0.000000 V=1.000000
[2015.05.07-20.34.13:218][288]Cmd: POLY TEXSCALE  UU=16.000000 VV=16.000000
[2015.05.07-20.34.19:920][901]Cmd: OBJ SAVEPACKAGE PACKAGE="/Game/MacabreAssets/Maps/House" FILE="D:/Users/jth7036/MacabreMelody-ST/Saved/Autosaves/Game/MacabreAssets/Maps/House_Auto2.umap" SILENT=true AUTOSAVING=true KEEPDIRTY=false
[2015.05.07-20.34.22:320][901]LogSavePackage: Save=2381.675293ms
[2015.05.07-20.34.22:320][901]LogSavePackage: Moving 'D:/Users/jth7036/MacabreMelody-ST/Saved/House_Auto2BB5FDAC841901EF82BC8FFA7C1267A6E.tmp' to 'D:/Users/jth7036/MacabreMelody-ST/Saved/Autosaves/Game/MacabreAssets/Maps/House_Auto2.umap'
[2015.05.07-20.34.22:325][901]LogFileHelpers: Editor autosave (incl. sublevels) for '/Game/MacabreAssets/Maps/House' took 2.502
[2015.05.07-20.34.22:326][901]LogFileHelpers: Editor autosave (incl. sublevels) for all levels took 2.502
[2015.05.07-20.34.52:259][408]Cmd: POLY TEXSCALE  UU=2.000000 VV=1.000000
[2015.05.07-20.34.59:608][219]Cmd: POLY TEXSCALE  UU=4.000000 VV=2.000000
[2015.05.07-20.35.07:944][ 51]Cmd: POLY TEXSCALE  UU=1.000000 VV=0.500000
[2015.05.07-20.35.16:363][849]Cmd: POLY TEXSCALE  UU=1.000000 VV=0.500000
[2015.05.07-20.35.27:619][757]LogTexture:Warning: Failed to stream mip data from the derived data cache for /Game/MacabreAssets/Maps/House.HQ_Lightmap1_5. Streaming mips will be recached.
[2015.05.07-20.35.27:620][757]LogTexture:Display: Building textures: HQ_Lightmap1_5 (AutoDXT)
[2015.05.07-20.36.33:922][789]Cmd: OBJ SAVEPACKAGE PACKAGE="/Game/MacabreAssets/Maps/House" FILE="D:/Users/jth7036/MacabreMelody-ST/Content/MacabreAssets/Maps/House.umap" SILENT=true AUTOSAVING=false KEEPDIRTY=false
[2015.05.07-20.36.35:859][789]LogSavePackage: Save=1904.362549ms
[2015.05.07-20.36.35:859][789]LogSavePackage: Moving 'D:/Users/jth7036/MacabreMelody-ST/Saved/House5A16EB9D4FE7CC39C53AB3BEEBB62141.tmp' to 'D:/Users/jth7036/MacabreMelody-ST/Content/MacabreAssets/Maps/House.umap'
[2015.05.07-20.36.35:886][789]LogFileHelpers: Saving map 'House' took 2.102
[2015.05.07-20.36.47:675][174]MapCheck: New page: Map Check
[2015.05.07-20.36.47:699][174]Cmd: MAP REBUILD ALLVISIBLE
[2015.05.07-20.36.47:699][174]LogEditorServer: Rebuildmap Clear paths rebuilt
[2015.05.07-20.36.48:854][174]LightingResults: New page: Lighting Build - May 7, 2015, 12:36:48 PM
[2015.05.07-20.36.50:604][174]LogStaticLightingSystem: Running Lightmass w/ ImmediateImport mode ENABLED
[2015.05.07-20.36.50:604][174]LogStaticLightingSystem: Running Lightmass w/ ImmediateProcess mode ENABLED
[2015.05.07-20.36.50:604][174]LogStaticLightingSystem: Running Lightmass w/ Sorting mode ENABLED
[2015.05.07-20.36.50:604][174]LogStaticLightingSystem: Running Lightmass w/ Mapping paddings ENABLED
[2015.05.07-20.36.50:604][174]LogStaticLightingSystem: Running Lightmass w/ Mapping debug paddings DISABLED
[2015.05.07-20.36.50:857][174]LogEditorBuildUtils: Build time 0:00:03
[2015.05.07-20.36.50:872][174]LogMaterial: Missing cached shader map for material FLightmassMaterialRenderer M_Rock_Marble_Polished, compiling. 
[2015.05.07-20.36.50:875][174]LogMaterial: Missing cached shader map for material FLightmassMaterialRenderer M_Rock_Marble_Polished, compiling. 
[2015.05.07-20.38.10:531][679]LightingResults:Error: Error MitsubishiLanserEvo-fbx Object has overlapping UVs.
[2015.05.07-20.38.10:531][679]LightingResults: Info MitsubishiLanserEvo-fbx Lightmap UV are overlapping by 8.0%. Please adjust content - Enable Error Coloring to visualize.
[2015.05.07-20.38.12:635][854]LightingResults:Error: Error chevrolet_by_domomonsterxx Object has overlapping UVs.
[2015.05.07-20.38.12:635][854]LightingResults: Info chevrolet_by_domomonsterxx Lightmap UV are overlapping by 2.5%. Please adjust content - Enable Error Coloring to visualize.
[2015.05.07-20.38.14:989][ 49]LightingResults:Error: Error Tree Object has overlapping UVs.
[2015.05.07-20.38.14:989][ 49]LightingResults: Info Tree Lightmap UV are overlapping by 12.4%. Please adjust content - Enable Error Coloring to visualize.
[2015.05.07-20.38.15:168][ 64]LightingResults:Error: Error Tree Object has overlapping UVs.
[2015.05.07-20.38.15:168][ 64]LightingResults: Info Tree Lightmap UV are overlapping by 12.4%. Please adjust content - Enable Error Coloring to visualize.
[2015.05.07-20.38.17:019][215]LightingResults:Error: Error Tree Object has overlapping UVs.
[2015.05.07-20.38.17:019][215]LightingResults: Info Tree Lightmap UV are overlapping by 12.4%. Please adjust content - Enable Error Coloring to visualize.
[2015.05.07-20.38.23:463][748]LightingResults:Error: Error MitsubishiLanserEvo-fbx Object has overlapping UVs.
[2015.05.07-20.38.23:463][748]LightingResults: Info MitsubishiLanserEvo-fbx Lightmap UV are overlapping by 8.0%. Please adjust content - Enable Error Coloring to visualize.
[2015.05.07-20.38.32:624][ 48]Job is a success!
[2015.05.07-20.38.34:169][ 49]LogTexture:Display: Building textures: HQ_Lightmap0_1 (AutoDXT)
[2015.05.07-20.38.34:921][ 49]LogTexture:Display: Building textures: LQ_Lightmap_1_16 (DXT1)
[2015.05.07-20.38.34:924][ 49]LogTexture:Display: Building textures: HQ_Lightmap1_16 (AutoDXT)
[2015.05.07-20.38.34:928][ 49]LogTexture:Display: Building textures: LQ_Lightmap_1_15 (DXT1)
[2015.05.07-20.38.34:932][ 49]LogTexture:Display: Building textures: HQ_Lightmap1_15 (AutoDXT)
[2015.05.07-20.38.34:942][ 49]LogTexture:Display: Building textures: LQ_Lightmap_1_14 (DXT1)
[2015.05.07-20.38.34:951][ 49]LogTexture:Display: Building textures: HQ_Lightmap1_14 (AutoDXT)
[2015.05.07-20.38.34:965][ 49]LogTexture:Display: Building textures: LQ_Lightmap_1_13 (DXT1)
[2015.05.07-20.38.34:968][ 49]LogTexture:Display: Building textures: HQ_Lightmap1_13 (AutoDXT)
[2015.05.07-20.38.34:980][ 49]LogTexture:Display: Building textures: LQ_Lightmap_1_12 (DXT1)
[2015.05.07-20.38.35:003][ 49]LogTexture:Display: Building textures: HQ_Lightmap1_12 (AutoDXT)
[2015.05.07-20.38.35:037][ 49]LogTexture:Display: Building textures: LQ_Lightmap_1_11 (DXT1)
[2015.05.07-20.38.35:051][ 49]LogTexture:Display: Building textures: HQ_Lightmap1_11 (AutoDXT)
[2015.05.07-20.38.35:100][ 49]LogTexture:Display: Building textures: LQ_Lightmap_1_10 (DXT1)
[2015.05.07-20.38.35:175][ 49]LogTexture:Display: Building textures: HQ_Lightmap1_10 (AutoDXT)
[2015.05.07-20.38.35:352][ 49]LogTexture:Display: Building textures: LQ_Lightmap_1_9 (DXT1)
[2015.05.07-20.38.35:384][ 49]LogTexture:Display: Building textures: HQ_Lightmap1_9 (AutoDXT)
[2015.05.07-20.38.35:446][ 49]LogTexture:Display: Building textures: LQ_Lightmap_1_8 (DXT1)
[2015.05.07-20.38.35:552][ 49]LogTexture:Display: Building textures: HQ_Lightmap1_8 (AutoDXT)
[2015.05.07-20.38.35:708][ 49]LogTexture:Display: Building textures: LQ_Lightmap_1_7 (DXT1)
[2015.05.07-20.38.35:810][ 49]LogTexture:Display: Building textures: HQ_Lightmap1_7 (AutoDXT)
[2015.05.07-20.38.36:036][ 49]LogTexture:Display: Building textures: LQ_Lightmap_0_6 (DXT1)
[2015.05.07-20.38.36:100][ 49]LogTexture:Display: Building textures: HQ_Lightmap0_6 (AutoDXT)
[2015.05.07-20.38.36:301][ 49]LogTexture:Display: Building textures: LQ_Lightmap_1_5 (DXT1)
[2015.05.07-20.38.36:772][ 49]LogTexture:Display: Building textures: HQ_Lightmap1_5 (AutoDXT)
[2015.05.07-20.38.37:684][ 49]LogTexture:Display: Building textures: LQ_Lightmap_1_4 (DXT1)
[2015.05.07-20.38.38:142][ 49]LogTexture:Display: Building textures: HQ_Lightmap1_4 (AutoDXT)
[2015.05.07-20.38.38:935][ 49]LogTexture:Display: Building textures: LQ_Lightmap_0_3 (DXT1)
[2015.05.07-20.38.39:206][ 49]LogTexture:Display: Building textures: HQ_Lightmap1_3 (AutoDXT)
[2015.05.07-20.38.39:930][ 49]LogTexture:Display: Building textures: LQ_Lightmap_0_2 (DXT1)
[2015.05.07-20.38.40:005][ 49]LogTexture:Display: Building textures: HQ_Lightmap0_2 (AutoDXT)
[2015.05.07-20.38.40:125][ 49]LogTexture:Display: Building textures: LQ_Lightmap_0_1 (DXT1)
[2015.05.07-20.38.40:835][ 49]LogTexture:Display: Building textures: ShadowMapTexture2D_10 (BGRA8)
[2015.05.07-20.38.41:079][ 49]LogTexture:Display: Building textures: ShadowMapTexture2D_11 (BGRA8)
[2015.05.07-20.38.41:133][ 49]LogTexture:Display: Building textures: ShadowMapTexture2D_12 (BGRA8)
[2015.05.07-20.38.41:172][ 49]LogTexture:Display: Building textures: ShadowMapTexture2D_13 (BGRA8)
[2015.05.07-20.38.41:245][ 49]LogTexture:Display: Building textures: ShadowMapTexture2D_14 (BGRA8)
[2015.05.07-20.38.41:252][ 49]LogTexture:Display: Building textures: ShadowMapTexture2D_15 (BGRA8)
[2015.05.07-20.38.41:255][ 49]LogTexture:Display: Building textures: ShadowMapTexture2D_16 (BGRA8)
[2015.05.07-20.38.41:258][ 49]LogTexture:Display: Building textures: ShadowMapTexture2D_17 (BGRA8)
[2015.05.07-20.38.41:261][ 49]LogTexture:Display: Building textures: ShadowMapTexture2D_18 (BGRA8)
[2015.05.07-20.38.41:262][ 49]LogTexture:Display: Building textures: ShadowMapTexture2D_19 (BGRA8)
[2015.05.07-20.38.41:292][ 49]Lightmass on OH1380-11: 1:49 min total, 583 ms importing, 926 ms setup, 6.86 sec photons, 1:40 min processing, 0 ms extra exporting [1248/1248 mappings]. Threads: 6:42 min total, 4:32 min processing.
[2015.05.07-20.38.41:431][ 49]LogStaticLightingSystem: Illumination: 1:52 min (7.50 sec encoding lightmaps)
[2015.05.07-20.38.41:431][ 49]LogStaticLightingSystem: Lightmap texture memory:  8.3 MB (5.7 MB streaming, 2.7 MB non-streaming), 32 textures
[2015.05.07-20.38.41:431][ 49]LogStaticLightingSystem: Shadowmap texture memory: 31.0 MB (9.7 MB streaming, 21.3 MB non-streaming), 20 textures
[2015.05.07-20.38.41:525][ 50]Cmd: MAP CHECK NOTIFYRESULTS
[2015.05.07-20.38.41:525][ 50]MapCheck: New page: House - May 7, 2015, 12:38:41 PM
[2015.05.07-20.38.41:528][ 50]MapCheck:Warning: Warning F1_LR_CrimeScene_66 'Sphere' has simple collision but is being scaled non-uniformly - collision creation will fail 
[2015.05.07-20.38.41:529][ 50]MapCheck:Warning: Warning SB_CrimeScene_127 'Sphere' has simple collision but is being scaled non-uniformly - collision creation will fail 
[2015.05.07-20.38.41:672][ 50]MapCheck: Info Map check complete: 0 Error(s), 2 Warning(s), took 147.272ms to complete.
[2015.05.07-20.39.07:790][253]LogPlayLevel: PIE:  No blueprints needed recompiling
[2015.05.07-20.39.07:791][253]PIE: New page: PIE session: House (May 7, 2015, 12:39:07 PM)
[2015.05.07-20.39.07:856][253]LogPlayLevel: PIE: StaticDuplicateObject took: (0.065338s)
[2015.05.07-20.39.07:857][253]LogPlayLevel: PIE: World Init took: (0.000620s)
[2015.05.07-20.39.07:857][253]LogPlayLevel: PIE: Created PIE world by copying editor world from /Game/MacabreAssets/Maps/House.House to /Game/MacabreAssets/Maps/UEDPIE_0_House.House (0.066209s)
[2015.05.07-20.39.07:891][253]LogWorld: Game class is 'FirstPersonGameMode_C'
[2015.05.07-20.39.07:896][253]LogAIModule: Creating AISystem for world House
[2015.05.07-20.39.07:945][253]LogWorld: Bringing World /Game/MacabreAssets/Maps/UEDPIE_0_House.House up for play (max tick rate 0) at 2015.05.07-16.39.07
[2015.05.07-20.39.07:949][253]LogWorld: Bringing up level for play took: 0.052951
[2015.05.07-20.39.07:952][253]PIE: Info Play in editor start time for /Game/MacabreAssets/Maps/UEDPIE_0_House -0.28
[2015.05.07-20.39.17:871][578]LogTexture:Warning: Failed to stream mip data from the derived data cache for /Game/MacabreAssets/Maps/House.HQ_Lightmap0_3. Streaming mips will be recached.
[2015.05.07-20.39.17:916][578]LogTexture:Display: Building textures: HQ_Lightmap0_3 (AutoDXT)
[2015.05.07-20.39.20:332][638]LogTexture:Warning: Failed to stream mip data from the derived data cache for /Game/MacabreAssets/Maps/House.HQ_Lightmap0_13. Streaming mips will be recached.
[2015.05.07-20.39.20:373][638]LogTexture:Display: Building textures: HQ_Lightmap0_13 (AutoDXT)
[2015.05.07-20.39.36:218][173]LogParticles: Destroying 0 GPU particle simulations for FXSystem 0x0000001E09E632E0
[2015.05.07-20.39.38:712][397]Cmd: OBJ SAVEPACKAGE PACKAGE="/Game/MacabreAssets/Maps/House" FILE="D:/Users/jth7036/MacabreMelody-ST/Content/MacabreAssets/Maps/House.umap" SILENT=true AUTOSAVING=false KEEPDIRTY=false
[2015.05.07-20.39.41:627][397]LogSavePackage: Save=2876.036377ms
[2015.05.07-20.39.41:627][397]LogSavePackage: Moving 'D:/Users/jth7036/MacabreMelody-ST/Saved/House93C9198C4CFC028612AF21BBC924B927.tmp' to 'D:/Users/jth7036/MacabreMelody-ST/Content/MacabreAssets/Maps/House.umap'
[2015.05.07-20.39.41:650][397]LogFileHelpers: Saving map 'House' took 3.069
[2015.05.07-20.39.51:065][386]Cmd: QUIT_EDITOR
[2015.05.07-20.39.51:297][386]LogExit: Preparing to exit.
[2015.05.07-20.39.51:991][386]LogExit: Editor shut down
[2015.05.07-20.39.51:991][386]LogExit: Transaction tracking system shut down
[2015.05.07-20.39.51:994][386]LogParticles: Destroying 0 GPU particle simulations for FXSystem 0x0000001E1AF3E480
[2015.05.07-20.39.51:994][386]LogParticles: Destroying 0 GPU particle simulations for FXSystem 0x0000001E2ACBBE20
[2015.05.07-20.39.51:995][386]LogParticles: Destroying 0 GPU particle simulations for FXSystem 0x0000001E2B0C7060
[2015.05.07-20.39.51:995][386]LogParticles: Destroying 0 GPU particle simulations for FXSystem 0x0000001E2B0C6AC0
[2015.05.07-20.39.52:078][386]LogExit: Object subsystem successfully closed.
[2015.05.07-20.39.52:150][386]LogModuleManager: Shutting down and abandoning module CrashTracker (177)
[2015.05.07-20.39.52:150][386]LogModuleManager: Shutting down and abandoning module SuperSearch (176)
[2015.05.07-20.39.52:150][386]LogModuleManager: Shutting down and abandoning module SceneOutliner (175)
[2015.05.07-20.39.52:150][386]LogModuleManager: Shutting down and abandoning module EditorWidgets (174)
[2015.05.07-20.39.52:150][386]LogModuleManager: Shutting down and abandoning module CollectionManager (173)
[2015.05.07-20.39.52:150][386]LogModuleManager: Shutting down and abandoning module StatsViewer (172)
[2015.05.07-20.39.52:150][386]LogModuleManager: Shutting down and abandoning module FoliageEdit (171)
[2015.05.07-20.39.52:150][386]LogModuleManager: Shutting down and abandoning module LandscapeEditor (170)
[2015.05.07-20.39.52:151][386]LogModuleManager: Shutting down and abandoning module MeshPaint (169)
[2015.05.07-20.39.52:151][386]LogModuleManager: Shutting down and abandoning module ActorPickerMode (168)
[2015.05.07-20.39.52:151][386]LogModuleManager: Shutting down and abandoning module GeometryMode (167)
[2015.05.07-20.39.52:151][386]LogModuleManager: Shutting down and abandoning module TextureAlignMode (166)
[2015.05.07-20.39.52:151][386]LogModuleManager: Shutting down and abandoning module BspMode (165)
[2015.05.07-20.39.52:151][386]LogModuleManager: Shutting down and abandoning module PlacementMode (164)
[2015.05.07-20.39.52:151][386]LogModuleManager: Shutting down and abandoning module AutomationWorker (163)
[2015.05.07-20.39.52:151][386]LogModuleManager: Shutting down and abandoning module CharacterAI (162)
[2015.05.07-20.39.52:151][386]LogModuleManager: Shutting down and abandoning module SmartSnapping (161)
[2015.05.07-20.39.52:151][386]LogModuleManager: Shutting down and abandoning module ViewportSnapping (160)
[2015.05.07-20.39.52:151][386]LogModuleManager: Shutting down and abandoning module LogVisualizer (159)
[2015.05.07-20.39.52:151][386]LogModuleManager: Shutting down and abandoning module GameProjectGeneration (158)
[2015.05.07-20.39.52:151][386]LogModuleManager: Shutting down and abandoning module IntroTutorials (157)
[2015.05.07-20.39.52:151][386]LogModuleManager: Shutting down and abandoning module EditorLiveStreaming (156)
[2015.05.07-20.39.52:151][386]LogModuleManager: Shutting down and abandoning module HardwareTargeting (155)
[2015.05.07-20.39.52:151][386]LogModuleManager: Shutting down and abandoning module DeviceProfileEditor (154)
[2015.05.07-20.39.52:151][386]LogModuleManager: Shutting down and abandoning module UndoHistory (153)
[2015.05.07-20.39.52:151][386]LogModuleManager: Shutting down and abandoning module GameplayTagsEditor (152)
[2015.05.07-20.39.52:151][386]LogModuleManager: Shutting down and abandoning module UserFeedback (151)
[2015.05.07-20.39.52:151][386]LogModuleManager: Shutting down and abandoning module XmlParser (150)
[2015.05.07-20.39.52:151][386]LogModuleManager: Shutting down and abandoning module Blutility (149)
[2015.05.07-20.39.52:151][386]LogModuleManager: Shutting down and abandoning module IOSPlatformEditor (148)
[2015.05.07-20.39.52:151][386]LogModuleManager: Shutting down and abandoning module IOSRuntimeSettings (147)
[2015.05.07-20.39.52:151][386]LogModuleManager: Shutting down and abandoning module AndroidDeviceDetection (146)
[2015.05.07-20.39.52:568][386]LogModuleManager: Shutting down and abandoning module AndroidPlatformEditor (145)
[2015.05.07-20.39.52:568][386]LogModuleManager: Shutting down and abandoning module AndroidRuntimeSettings (144)
[2015.05.07-20.39.52:568][386]LogModuleManager: Shutting down and abandoning module ProjectTargetPlatformEditor (143)
[2015.05.07-20.39.52:568][386]LogModuleManager: Shutting down and abandoning module ProjectSettingsViewer (142)
[2015.05.07-20.39.52:568][386]LogModuleManager: Shutting down and abandoning module InputBindingEditor (141)
[2015.05.07-20.39.52:568][386]LogModuleManager: Shutting down and abandoning module EditorSettingsViewer (140)
[2015.05.07-20.39.52:568][386]LogModuleManager: Shutting down and abandoning module SettingsEditor (139)
[2015.05.07-20.39.52:568][386]LogModuleManager: Shutting down and abandoning module ProjectLauncher (138)
[2015.05.07-20.39.52:568][386]LogModuleManager: Shutting down and abandoning module SessionFrontend (137)
[2015.05.07-20.39.52:568][386]LogModuleManager: Shutting down and abandoning module ProfilerClient (136)
[2015.05.07-20.39.52:568][386]LogModuleManager: Shutting down and abandoning module TargetDeviceServices (135)
[2015.05.07-20.39.52:568][386]LogModuleManager: Shutting down and abandoning module DeviceManager (134)
[2015.05.07-20.39.52:568][386]LogModuleManager: Shutting down and abandoning module AutomationController (133)
[2015.05.07-20.39.52:568][386]LogModuleManager: Shutting down and abandoning module AutomationWindow (132)
[2015.05.07-20.39.52:568][386]LogModuleManager: Shutting down and abandoning module Layers (131)
[2015.05.07-20.39.52:568][386]LogModuleManager: Shutting down and abandoning module ComponentVisualizers (130)
[2015.05.07-20.39.52:568][386]LogModuleManager: Shutting down and abandoning module DetailCustomizations (129)
[2015.05.07-20.39.52:568][386]LogModuleManager: Shutting down and abandoning module PackagesDialog (128)
[2015.05.07-20.39.52:568][386]LogModuleManager: Shutting down and abandoning module AssetRegistry (127)
[2015.05.07-20.39.52:615][386]LogModuleManager: Shutting down and abandoning module Persona (126)
[2015.05.07-20.39.52:615][386]LogModuleManager: Shutting down and abandoning module SlateReflector (125)
[2015.05.07-20.39.52:616][386]LogModuleManager: Shutting down and abandoning module LevelEditor (124)
[2015.05.07-20.39.52:616][386]LogModuleManager: Shutting down and abandoning module Kismet (123)
[2015.05.07-20.39.52:616][386]LogModuleManager: Shutting down and abandoning module GraphEditor (122)
[2015.05.07-20.39.52:616][386]LogModuleManager: Shutting down and abandoning module ClassViewer (121)
[2015.05.07-20.39.52:616][386]LogModuleManager: Shutting down and abandoning module Toolbox (120)
[2015.05.07-20.39.52:616][386]LogModuleManager: Shutting down and abandoning module ModuleUI (119)
[2015.05.07-20.39.52:616][386]LogModuleManager: Shutting down and abandoning module MovieSceneTools (118)
[2015.05.07-20.39.52:616][386]LogModuleManager: Shutting down and abandoning module OutputLog (117)
[2015.05.07-20.39.52:616][386]LogModuleManager: Shutting down and abandoning module GammaUI (116)
[2015.05.07-20.39.52:616][386]LogModuleManager: Shutting down and abandoning module Documentation (115)
[2015.05.07-20.39.52:616][386]LogModuleManager: Shutting down and abandoning module GameLiveStreaming (114)
[2015.05.07-20.39.52:616][386]LogModuleManager: Shutting down and abandoning module StreamingPauseRendering (113)
[2015.05.07-20.39.52:617][386]LogModuleManager: Shutting down and abandoning module HTTP (112)
[2015.05.07-20.39.52:617][386]LogModuleManager: Shutting down and abandoning module AnalyticsET (111)
[2015.05.07-20.39.52:617][386]LogModuleManager: Shutting down and abandoning module Analytics (110)
[2015.05.07-20.39.52:617][386]LogModuleManager: Shutting down and abandoning module AITestSuite (109)
[2015.05.07-20.39.52:617][386]LogModuleManager: Shutting down and abandoning module GameplayDebugger (108)
[2015.05.07-20.39.52:617][386]LogModuleManager: Shutting down and abandoning module AIModule (107)
[2015.05.07-20.39.52:617][386]LogModuleManager: Shutting down and abandoning module ProfilerService (106)
[2015.05.07-20.39.52:623][386]LogModuleManager: Shutting down and abandoning module TaskGraph (105)
[2015.05.07-20.39.52:623][386]LogModuleManager: Shutting down and abandoning module SlateRemote (104)
[2015.05.07-20.39.52:623][386]LogModuleManager: Shutting down and abandoning module ScriptEditorPlugin (103)
[2015.05.07-20.39.52:623][386]LogModuleManager: Shutting down and abandoning module CustomMeshComponent (102)
[2015.05.07-20.39.52:623][386]LogModuleManager: Shutting down and abandoning module CableComponent (101)
[2015.05.07-20.39.52:623][386]LogModuleManager: Shutting down and abandoning module MessagingDebugger (100)
[2015.05.07-20.39.52:623][386]LogModuleManager: Shutting down and abandoning module MediaPlayerEditor (99)
[2015.05.07-20.39.52:623][386]LogModuleManager: Shutting down and abandoning module SpeedTreeImporter (98)
[2015.05.07-20.39.52:623][386]LogModuleManager: Shutting down and abandoning module PluginsEditor (97)
[2015.05.07-20.39.52:623][386]LogModuleManager: Shutting down and abandoning module MainFrame (96)
[2015.05.07-20.39.52:623][386]LogModuleManager: Shutting down and abandoning module EpicSurvey (95)
[2015.05.07-20.39.52:623][386]LogModuleManager: Shutting down and abandoning module DesktopPlatform (94)
[2015.05.07-20.39.52:623][386]LogModuleManager: Shutting down and abandoning module DirectoryWatcher (93)
[2015.05.07-20.39.52:623][386]LogModuleManager: Shutting down and abandoning module HotReload (92)
[2015.05.07-20.39.52:623][386]LogModuleManager: Shutting down and abandoning module VisualStudioSourceCodeAccess (91)
[2015.05.07-20.39.52:623][386]LogModuleManager: Shutting down and abandoning module UObjectPlugin (90)
[2015.05.07-20.39.52:623][386]LogModuleManager: Shutting down and abandoning module SubversionSourceControl (89)
[2015.05.07-20.39.52:623][386]LogModuleManager: Shutting down and abandoning module PerforceSourceControl (88)
[2015.05.07-20.39.52:623][386]LogModuleManager: Shutting down and abandoning module SourceControl (87)
[2015.05.07-20.39.52:623][386]LogModuleManager: Shutting down and abandoning module GitSourceControl (86)
[2015.05.07-20.39.52:623][386]LogModuleManager: Shutting down and abandoning module BlankPlugin (85)
[2015.05.07-20.39.52:623][386]LogModuleManager: Shutting down and abandoning module PaperTiledImporter (84)
[2015.05.07-20.39.52:623][386]LogModuleManager: Shutting down and abandoning module PaperJsonImporter (83)
[2015.05.07-20.39.52:623][386]LogModuleManager: Shutting down and abandoning module ContentBrowser (82)
[2015.05.07-20.39.52:624][386]LogModuleManager: Shutting down and abandoning module Paper2DEditor (81)
[2015.05.07-20.39.52:624][386]LogModuleManager: Shutting down and abandoning module ScriptPlugin (80)
[2015.05.07-20.39.52:624][386]LogModuleManager: Shutting down and abandoning module UdpMessaging (79)
[2015.05.07-20.39.52:725][386]LogModuleManager: Shutting down and abandoning module Paper2D (78)
[2015.05.07-20.39.52:725][386]LogModuleManager: Shutting down and abandoning module WindowsMoviePlayer (77)
[2015.05.07-20.39.52:728][386]LogModuleManager: Shutting down and abandoning module Media (76)
[2015.05.07-20.39.52:728][386]LogModuleManager: Shutting down and abandoning module WmfMedia (75)
[2015.05.07-20.39.52:728][386]LogModuleManager: Shutting down and abandoning module OnlineBlueprintSupport (74)
[2015.05.07-20.39.52:728][386]LogModuleManager: Shutting down and abandoning module PropertyEditor (73)
[2015.05.07-20.39.52:728][386]LogModuleManager: Shutting down and abandoning module BehaviorTreeEditor (72)
[2015.05.07-20.39.52:728][386]LogModuleManager: Shutting down and abandoning module FunctionalTesting (71)
[2015.05.07-20.39.52:728][386]LogModuleManager: Shutting down and abandoning module CollisionAnalyzer (70)
[2015.05.07-20.39.52:728][386]LogModuleManager: Shutting down and abandoning module WorkspaceMenuStructure (69)
[2015.05.07-20.39.52:728][386]LogModuleManager: Shutting down and abandoning module MessageLog (68)
[2015.05.07-20.39.52:728][386]LogModuleManager: Shutting down and abandoning module Sequencer (67)
[2015.05.07-20.39.52:728][386]LogModuleManager: Shutting down and abandoning module AssetTools (66)
[2015.05.07-20.39.52:729][386]LogModuleManager: Shutting down and abandoning module UMGEditor (65)
[2015.05.07-20.39.52:729][386]LogModuleManager: Shutting down and abandoning module UMG (64)
[2015.05.07-20.39.52:729][386]LogModuleManager: Shutting down and abandoning module Slate (63)
[2015.05.07-20.39.52:729][386]LogModuleManager: Shutting down and abandoning module EditorStyle (62)
[2015.05.07-20.39.52:732][386]LogModuleManager: Shutting down and abandoning module SessionServices (61)
[2015.05.07-20.39.52:732][386]LogModuleManager: Shutting down and abandoning module SourceCodeAccess (60)
[2015.05.07-20.39.52:732][386]LogModuleManager: Shutting down and abandoning module HeadMountedDisplay (59)
[2015.05.07-20.39.52:732][386]LogModuleManager: Shutting down and abandoning module XAudio2 (58)
[2015.05.07-20.39.52:732][386]LogModuleManager: Shutting down and abandoning module Networking (56)
[2015.05.07-20.39.52:732][386]LogModuleManager: Shutting down and abandoning module Core (55)
[2015.05.07-20.39.52:732][386]LogModuleManager: Shutting down and abandoning module KismetCompiler (54)
[2015.05.07-20.39.52:732][386]LogModuleManager: Shutting down and abandoning module PhysXFormats (53)
[2015.05.07-20.39.52:732][386]LogModuleManager: Shutting down and abandoning module MeshUtilities (52)
[2015.05.07-20.39.52:732][386]LogModuleManager: Shutting down and abandoning module DerivedDataCache (51)
[2015.05.07-20.39.52:746][386]LogDerivedDataCache: Shutdown
[2015.05.07-20.39.52:746][386]LogModuleManager: Shutting down and abandoning module ShaderFormatOpenGL (50)
[2015.05.07-20.39.52:746][386]LogModuleManager: Shutting down and abandoning module ShaderFormatD3D (49)
[2015.05.07-20.39.52:746][386]LogModuleManager: Shutting down and abandoning module MetalShaderFormat (48)
[2015.05.07-20.39.52:746][386]LogModuleManager: Shutting down and abandoning module TextureFormatUncompressed (47)
[2015.05.07-20.39.52:746][386]LogModuleManager: Shutting down and abandoning module TextureFormatPVR (46)
[2015.05.07-20.39.52:746][386]LogModuleManager: Shutting down and abandoning module TextureFormatIntelISPCTexComp (45)
[2015.05.07-20.39.52:746][386]LogModuleManager: Shutting down and abandoning module TextureFormatDXT (44)
[2015.05.07-20.39.52:746][386]LogModuleManager: Shutting down and abandoning module ImageWrapper (43)
[2015.05.07-20.39.52:746][386]LogModuleManager: Shutting down and abandoning module TextureFormatASTC (42)
[2015.05.07-20.39.52:746][386]LogModuleManager: Shutting down and abandoning module TextureFormatAndroid (41)
[2015.05.07-20.39.52:746][386]LogModuleManager: Shutting down and abandoning module AudioFormatOpus (40)
[2015.05.07-20.39.52:746][386]LogModuleManager: Shutting down and abandoning module AudioFormatOgg (39)
[2015.05.07-20.39.52:746][386]LogModuleManager: Shutting down and abandoning module AudioFormatADPCM (38)
[2015.05.07-20.39.52:746][386]LogModuleManager: Shutting down and abandoning module LinuxTargetPlatform (37)
[2015.05.07-20.39.52:746][386]LogModuleManager: Shutting down and abandoning module LinuxServerTargetPlatform (36)
[2015.05.07-20.39.52:746][386]LogModuleManager: Shutting down and abandoning module LinuxNoEditorTargetPlatform (35)
[2015.05.07-20.39.52:746][386]LogModuleManager: Shutting down and abandoning module Messaging (34)
[2015.05.07-20.39.52:746][386]LogModuleManager: Shutting down and abandoning module IOSTargetPlatform (33)
[2015.05.07-20.39.52:746][386]LogModuleManager: Shutting down and abandoning module HTML5TargetPlatform (32)
[2015.05.07-20.39.52:746][386]LogModuleManager: Shutting down and abandoning module Android_PVRTCTargetPlatform (31)
[2015.05.07-20.39.52:746][386]LogModuleManager: Shutting down and abandoning module Android_ETC2TargetPlatform (30)
[2015.05.07-20.39.52:746][386]LogModuleManager: Shutting down and abandoning module Android_ETC1TargetPlatform (29)
[2015.05.07-20.39.52:746][386]LogModuleManager: Shutting down and abandoning module Android_ES31TargetPlatform (28)
[2015.05.07-20.39.52:746][386]LogModuleManager: Shutting down and abandoning module Android_DXTTargetPlatform (27)
[2015.05.07-20.39.52:746][386]LogModuleManager: Shutting down and abandoning module Android_ATCTargetPlatform (26)
[2015.05.07-20.39.52:746][386]LogModuleManager: Shutting down and abandoning module AndroidTargetPlatform (25)
[2015.05.07-20.39.52:746][386]LogModuleManager: Shutting down and abandoning module WindowsTargetPlatform (24)
[2015.05.07-20.39.52:746][386]LogModuleManager: Shutting down and abandoning module WindowsServerTargetPlatform (23)
[2015.05.07-20.39.52:746][386]LogModuleManager: Shutting down and abandoning module WindowsNoEditorTargetPlatform (22)
[2015.05.07-20.39.52:746][386]LogModuleManager: Shutting down and abandoning module WindowsClientTargetPlatform (21)
[2015.05.07-20.39.52:746][386]LogModuleManager: Shutting down and abandoning module TargetPlatform (20)
[2015.05.07-20.39.52:746][386]LogModuleManager: Shutting down and abandoning module InputCore (19)
[2015.05.07-20.39.52:746][386]LogModuleManager: Shutting down and abandoning module Settings (18)
[2015.05.07-20.39.52:746][386]LogModuleManager: Shutting down and abandoning module OnlineSubsystem (16)
[2015.05.07-20.39.52:746][386]LogModuleManager: Shutting down and abandoning module OculusRift (15)
[2015.05.07-20.39.52:746][386]LogModuleManager: Shutting down and abandoning module ExampleDeviceProfileSelector (14)
[2015.05.07-20.39.52:746][386]LogModuleManager: Shutting down and abandoning module TextureCompressor (13)
[2015.05.07-20.39.52:746][386]LogModuleManager: Shutting down and abandoning module ShaderCore (12)
[2015.05.07-20.39.52:746][386]LogModuleManager: Shutting down and abandoning module Landscape (11)
[2015.05.07-20.39.52:746][386]LogModuleManager: Shutting down and abandoning module SlateRHIRenderer (10)
[2015.05.07-20.39.52:748][386]LogModuleManager: Shutting down and abandoning module OpenGLDrv (9)
[2015.05.07-20.39.52:748][386]LogModuleManager: Shutting down and abandoning module D3D11RHI (8)
[2015.05.07-20.39.52:748][386]LogModuleManager: Shutting down and abandoning module Renderer (7)
[2015.05.07-20.39.52:748][386]LogModuleManager: Shutting down and abandoning module Engine (6)
[2015.05.07-20.39.52:748][386]LogModuleManager: Shutting down and abandoning module CoreUObject (5)
[2015.05.07-20.39.52:748][386]LogModuleManager: Shutting down and abandoning module NetworkFile (4)
[2015.05.07-20.39.52:748][386]LogModuleManager: Shutting down and abandoning module StreamingFile (3)
[2015.05.07-20.39.52:748][386]LogModuleManager: Shutting down and abandoning module SandboxFile (2)
[2015.05.07-20.39.52:748][386]LogModuleManager: Shutting down and abandoning module PakFile (1)
[2015.05.07-20.39.52:749][386]LogExit: Exiting.
[2015.05.07-20.39.52:761][386]Log file closed, 05/07/15 16:39:52
