Log file open, 05/05/15 15:37:03
LogInit:Display: Running engine for game: MacabreMelody
LogInit: Version: 4.7.6-2513093+++depot+UE4-Releases+4.7
LogInit: API Version: 2455222
LogInit: Compiled (64-bit): Apr 15 2015 12:09:54
LogInit: Compiled with Visual C++: 18.00.21005.01
LogInit: Build Configuration: Development
LogInit: Branch Name: ++depot+UE4-Releases+4.7
LogInit: Command line:  
LogInit: Base directory: C:/Program Files/Unreal Engine/4.7/Engine/Binaries/Win64/
LogInit: Rocket: 1
[2015.05.05-19.37.03:703][  0]LogTaskGraph: Started task graph with 3 named threads and 4 total threads.
[2015.05.05-19.37.03:737][  0]LogOnline:Warning: No default platform service specified for OnlineSubsystem
[2015.05.05-19.37.03:750][  0]LogInit: Presizing for 0 objects not considered by GC, pre-allocating 0 bytes.
[2015.05.05-19.37.03:759][  0]LogInit: Object subsystem initialized
[2015.05.05-19.37.03:761][  0]LogConsoleResponse:Warning: Skipping Unknown console variable: 'TranslucentSortAxis = (X=0.000000,Y=-1.000000,Z=0.000000)'
[2015.05.05-19.37.03:761][  0]LogConsoleResponse:Warning:   Found in ini file 'D:/Users/jth7036/MacabreMelody-ST/Saved/Config/Windows/Engine.ini', in section '[/Script/Engine.RendererSettings]'
[2015.05.05-19.37.03:761][  0]LogConsoleResponse:Warning: Skipping Unknown console variable: 'UIScaleRule = ShortestSide'
[2015.05.05-19.37.03:761][  0]LogConsoleResponse:Warning:   Found in ini file 'D:/Users/jth7036/MacabreMelody-ST/Saved/Config/Windows/Engine.ini', in section '[/Script/Engine.RendererSettings]'
[2015.05.05-19.37.03:761][  0]LogConsoleResponse:Warning: Skipping Unknown console variable: 'UIScaleCurve = (EditorCurveData=(Keys=),ExternalCurve=None)'
[2015.05.05-19.37.03:761][  0]LogConsoleResponse:Warning:   Found in ini file 'D:/Users/jth7036/MacabreMelody-ST/Saved/Config/Windows/Engine.ini', in section '[/Script/Engine.RendererSettings]'
[2015.05.05-19.37.03:761][  0]LogInit: Selected Device Profile: [Windows]
[2015.05.05-19.37.03:761][  0]LogInit: Applying CVar settings loaded from the selected device profile: [Windows]
[2015.05.05-19.37.03:767][  0]LogInit: Computer: OH1380-11
[2015.05.05-19.37.03:767][  0]LogInit: User: jth7036
[2015.05.05-19.37.03:767][  0]LogInit: CPU Page size=4096, Cores=2
[2015.05.05-19.37.03:767][  0]LogInit: High frequency timer resolution =3.515626 MHz
[2015.05.05-19.37.03:767][  0]LogMemory: Memory total: Physical=16.0GB (16GB approx) Virtual=131072.0GB
[2015.05.05-19.37.03:767][  0]LogMemory: Platform Memory Stats for Windows
[2015.05.05-19.37.03:767][  0]LogMemory: Process Physical Memory: 45.67 MB used, 45.67 MB peak
[2015.05.05-19.37.03:767][  0]LogMemory: Process Virtual Memory: 26.23 MB used, 26.23 MB peak
[2015.05.05-19.37.03:767][  0]LogMemory: Physical Memory: 2979.59 MB used, 16336.19 MB total
[2015.05.05-19.37.03:767][  0]LogMemory: Virtual Memory: 285.36 MB used, 134217728.00 MB total
[2015.05.05-19.37.03:803][  0]LogD3D11RHI: Found D3D11 adapter 0: NVIDIA GeForce GTX 680 (Feature Level 11_0)
[2015.05.05-19.37.03:803][  0]LogD3D11RHI: Adapter has 1985MB of dedicated video memory, 0MB of dedicated system memory, and 2048MB of shared system memory, 2 output[s]
[2015.05.05-19.37.03:804][  0]LogD3D11RHI: Found D3D11 adapter 1: Microsoft Basic Render Driver (Feature Level 11_0)
[2015.05.05-19.37.03:804][  0]LogD3D11RHI: Adapter has 0MB of dedicated video memory, 0MB of dedicated system memory, and 256MB of shared system memory, 0 output[s]
[2015.05.05-19.37.03:804][  0]LogD3D11RHI: Chosen D3D11 Adapter Id = 0
[2015.05.05-19.37.03:808][  0]LogRHI: Texture pool is 1361 MB (70% of 1945 MB)
[2015.05.05-19.37.03:817][  0]LogD3D11RHI: Async texture creation enabled
[2015.05.05-19.37.03:887][  0]LogTextLocalizationManager: The requested culture ('en_US') has no localization data; parent culture's ('en') localization data will be used.
[2015.05.05-19.37.03:943][  0]LogTextLocalizationManager:Warning: Loading localization resources contain conflicting entries for (Namespace:UICommands, Key:Save_ToolTip):
Resource: (C:/Program Files/Unreal Engine/4.7/Engine/Content/Localization/Editor/en/Editor.locres) Hash: (-29098895) String: (Saves the current level to disk)
Resource: (C:/Program Files/Unreal Engine/4.7/Engine/Content/Localization/Engine/en/Engine.locres) Hash: (-1280300587) String: (Save selected data to vlog file)
[2015.05.05-19.37.03:943][  0]LogTextLocalizationManager:Warning: Loading localization resources contain conflicting entries for (Namespace:ContentBrowser, Key:ImportAssetToolTip):
Resource: (C:/Program Files/Unreal Engine/4.7/Engine/Content/Localization/Editor/en/Editor.locres) Hash: (-630476809) String: (Import to {0}...)
Resource: (C:/Program Files/Unreal Engine/4.7/Engine/Content/Localization/Editor/en/Editor.locres) Hash: (1271782899) String: (Imports an asset from file to this folder.)
[2015.05.05-19.37.04:017][  0]LogContentStreaming: Texture pool size is 0.000000MB
[2015.05.05-19.37.06:596][  0]LogTargetPlatformManager:Display: Building Assets For Windows
[2015.05.05-19.37.07:403][  0]LogTargetPlatformManager:Display: Building Assets For Windows
[2015.05.05-19.37.07:463][  0]LogDerivedDataCache:Display: Max Cache Size: 512 MB
[2015.05.05-19.37.07:577][  0]LogDerivedDataCache: Loaded boot cache 0.11s 39MB D:/Users/jth7036.MAIN.001/AppData/Local/UnrealEngine/4.7/DerivedDataCache/Boot.ddc.
[2015.05.05-19.37.07:577][  0]LogDerivedDataCache:Display: Loaded Boot cache: D:/Users/jth7036.MAIN.001/AppData/Local/UnrealEngine/4.7/DerivedDataCache/Boot.ddc
[2015.05.05-19.37.07:577][  0]LogDerivedDataCache: FDerivedDataBackendGraph:  Pak pak cache file D:/Users/jth7036/MacabreMelody-ST/DerivedDataCache/DDC.ddp not found, will not use a pak cache.
[2015.05.05-19.37.07:577][  0]LogDerivedDataCache: Unable to find inner node Pak for hierarchical cache Hierarchy.
[2015.05.05-19.37.07:688][  0]LogDerivedDataCache:Display: Pak cache opened for reading ../../../Engine/DerivedDataCache/Compressed.ddp.
[2015.05.05-19.37.07:700][  0]LogDerivedDataCache: Using Local data cache path D:/Users/jth7036.MAIN.001/AppData/Local/UnrealEngine/Common/DerivedDataCache: Writable
[2015.05.05-19.37.08:006][  0]LogMeshUtilities: No automatic mesh reduction module available
[2015.05.05-19.37.08:006][  0]LogMeshUtilities: No automatic mesh merging module available
[2015.05.05-19.37.08:427][  0]LogInit: WinSock: version 1.1 (2.2), MaxSocks=32767, MaxUdp=65467
[2015.05.05-19.37.08:508][  0]LogSlate:Warning: Failed to load font data from '../../../Engine/Content/Slate/Fonts/Roboto-Italic.ttf'
[2015.05.05-19.37.09:297][  0]UdpMessaging: Initializing bridge on interface 0.0.0.0:0 to multicast group 230.0.0.1:6666.
[2015.05.05-19.37.09:506][  0]SourceControl: Info Source control is disabled
[2015.05.05-19.37.09:506][  0]SourceControl: Info Source control is disabled
[2015.05.05-19.37.09:506][  0]SourceControl: Info Source control is disabled
[2015.05.05-19.37.09:515][  0]LogSourceControl: RunCommandInternalRaw: 'git version'
[2015.05.05-19.37.22:755][  0]LogSourceControl: RunCommandInternalRaw: ExecProcess ReturnCode=2 OutResults=''
[2015.05.05-19.37.22:950][  0]LogObj: 24232 objects as part of root set at end of initial load.
[2015.05.05-19.37.22:950][  0]LogUObjectAllocator: 5137176 out of 0 bytes used by permanent object pool.
[2015.05.05-19.37.23:036][  0]LogEngine: Initializing Engine...
[2015.05.05-19.37.25:196][  0]LogInit: XAudio2 using 'Realtek Digital Output (Realtek High Definition Audio)' : 2 channels at 48 kHz using 16 bits per sample (channel mask 0x3)
[2015.05.05-19.37.25:225][  0]LogInit: FAudioDevice initialized.
[2015.05.05-19.37.25:264][  0]LogAIModule: Creating AISystem for world NewWorld
[2015.05.05-19.37.25:280][  0]LogDerivedDataCache: Saved boot cache 0.02s 39MB D:/Users/jth7036.MAIN.001/AppData/Local/UnrealEngine/4.7/DerivedDataCache/Boot.ddc.
[2015.05.05-19.37.25:286][  0]LogInit: Texture streaming: Enabled
[2015.05.05-19.37.25:377][  0]LogAnalytics: Creating configured Analytics provider AnalyticsET
[2015.05.05-19.37.25:377][  0]LogAnalytics: ET APIKey = Rocket.Release. APIServer = http://et2.epicgames.com/ET2/. AppVersion = 4.7.6-2513093+++depot+UE4-Releases+4.7
[2015.05.05-19.37.25:377][  0]LogAnalytics: ET APIKey = Rocket.Release. DataRouterUploadURL = https://datarouter-public-service-gamedev.ol.epicgames.net/datarouter/api/v1/public/data. AppVersion = 4.7.6-2513093+++depot+UE4-Releases+4.7
[2015.05.05-19.37.25:377][  0]LogAnalytics: SetUserId 593fc67642b971ecd262c8a532266618|76f5d0457a0c47cfa4e62c1627123b6f|3361363f-9ac8-4dd0-8d7c-f16ac9e9cf3e
[2015.05.05-19.37.25:377][  0]LogAnalytics: AnalyticsET::StartSession [Rocket.Release]
[2015.05.05-19.37.25:414][  0]LogInit: Transaction tracking system initialized
[2015.05.05-19.37.25:610][  0]BlueprintLog: New page: Editor Load
[2015.05.05-19.37.25:647][  0]LogAssetRegistry: FAssetRegistry took 0.0109 seconds to start up
[2015.05.05-19.37.25:647][  0]LogDirectoryWatcher:Warning: Failed to begin reading directory changes for ../../../Engine/Plugins/Experimental/CharacterAI/Content/. Error: 0
[2015.05.05-19.37.26:545][  0]LogTargetPlatformManager:Display: Building Assets For Windows
[2015.05.05-19.37.27:154][  0]LogTargetPlatformManager:Display: Building Assets For Windows
[2015.05.05-19.37.27:442][  0]LogSlate:Warning: Failed to load font data from '../../../Engine/Content/Editor/Slate/Fonts/Roboto-Regular.ttf'
[2015.05.05-19.37.27:442][  0]LogSlate:Warning: Failed to load font data from '../../../Engine/Content/Editor/Slate/Fonts/Roboto-Bold.ttf'
[2015.05.05-19.37.27:447][  0]LogConsoleResponse:Display: 
[2015.05.05-19.37.27:593][  0]LogCook:Display: Done creating registry. It took  0.00s.
[2015.05.05-19.37.27:735][  0]LogSourceControl: RunCommandInternalRaw: 'git version'
[2015.05.05-19.37.32:018][  0]LogSourceControl: RunCommandInternalRaw: ExecProcess ReturnCode=2 OutResults=''
[2015.05.05-19.37.32:019][  0]Cmd: MAP LOAD FILE="D:/Users/jth7036/MacabreMelody-ST/Content/MacabreAssets/Maps/House.umap" TEMPLATE=0 SHOWPROGRESS=1 FEATURELEVEL=3
[2015.05.05-19.37.32:019][  0]LightingResults: New page: Lighting Build
[2015.05.05-19.37.32:034][  0]MapCheck: New page: Map Check
[2015.05.05-19.37.32:034][  0]LightingResults: New page: Lighting Build
[2015.05.05-19.37.32:048][  0]LogParticles: Destroying 0 GPU particle simulations for FXSystem 0x0000003B101B6520
[2015.05.05-19.37.32:627][  0]LogLinker:Warning: Asset '../../../Engine/Content/EngineMeshes/Humanoid.uasset' has been saved with empty engine version. The asset will be loaded but may be incompatible.
[2015.05.05-19.37.34:113][  0]LogStaticMesh: Building static mesh BOOKS_FBX...
[2015.05.05-19.37.34:169][  0]LogStaticMesh: Built static mesh [56.744091ms] /Game/MacabreAssets/Import/BOOKCASE_MODEL/BOOKS_FBX.BOOKS_FBX
[2015.05.05-19.37.34:462][  0]LogTexture:Display: Building textures: T_Metal_Steel_D (AutoDXT)
[2015.05.05-19.37.39:744][  0]LogTexture:Display: Building textures: T_Metal_Steel_N (BC5)
[2015.05.05-19.37.40:594][  0]LogMaterial: Missing cached shader map for material M_Metal_Steel, compiling. 
[2015.05.05-19.37.40:961][  0]LogTexture:Display: Building textures: T_Wood_Pine_D (AutoDXT)
[2015.05.05-19.37.53:217][  0]LogTexture:Display: Building textures: T_Wood_Pine_N (BC5)
[2015.05.05-19.37.53:994][  0]LogMaterial: Missing cached shader map for material M_Wood_Pine, compiling. 
[2015.05.05-19.37.54:070][  0]LogTexture:Display: Building textures: BOOKS_TEXTURE (AutoDXT)
[2015.05.05-19.37.55:886][  0]LogMaterial: Missing cached shader map for material BOOKS, compiling. 
[2015.05.05-19.37.55:965][  0]LogTexture:Display: Building textures: Cloth_Sofa_GM_Plutone_Dif (AutoDXT)
[2015.05.05-19.37.58:475][  0]LogMaterial: Missing cached shader map for material Cloth_Pillows, compiling. 
[2015.05.05-19.37.58:562][  0]LogTexture:Display: Building textures: SHELF_NORMAL (BC5)
[2015.05.05-19.37.58:909][  0]LogTexture:Display: Building textures: SHELF_TEXTURE (AutoDXT)
[2015.05.05-19.38.01:238][  0]LogMaterial: Missing cached shader map for material SHELF, compiling. 
[2015.05.05-19.38.01:251][  0]LogStaticMesh: Building static mesh SHELF_FBX...
[2015.05.05-19.38.01:272][  0]LogStaticMesh: Built static mesh [22.330873ms] /Game/MacabreAssets/Import/BOOKCASE_MODEL/SHELF_FBX.SHELF_FBX
[2015.05.05-19.38.01:279][  0]LogMaterial: Missing cached shader map for material polymsh1Mat, compiling. 
[2015.05.05-19.38.01:289][  0]LogMaterial: Missing cached shader map for material polymshMat, compiling. 
[2015.05.05-19.38.01:299][  0]LogMaterial: Missing cached shader map for material Table_glass_lowerMat, compiling. 
[2015.05.05-19.38.01:308][  0]LogMaterial: Missing cached shader map for material Table_glass_topMat, compiling. 
[2015.05.05-19.38.01:319][  0]LogMaterial: Missing cached shader map for material Table_leg_3Mat, compiling. 
[2015.05.05-19.38.01:329][  0]LogMaterial: Missing cached shader map for material Table_leg_4Mat, compiling. 
[2015.05.05-19.38.01:337][  0]LogStaticMesh: Building static mesh table...
[2015.05.05-19.38.01:531][  0]LogStaticMesh: Built static mesh [195.011078ms] /Game/MacabreAssets/Import/CoffeeTable/table.table
[2015.05.05-19.38.02:057][  0]LogTexture:Display: Building textures: bin_diffuse_colour_4k (RGBA16F)
[2015.05.05-19.38.05:443][  0]LogMaterial: Missing cached shader map for material defaultMat, compiling. 
[2015.05.05-19.38.05:467][  0]LogStaticMesh: Building static mesh bin...
[2015.05.05-19.38.05:500][  0]LogStaticMesh: Built static mesh [36.842087ms] /Game/MacabreAssets/Import/Dustbin/bin.bin
[2015.05.05-19.38.05:532][  0]LogMaterial: Missing cached shader map for material Material__992, compiling. 
[2015.05.05-19.38.05:546][  0]LogMaterial: Missing cached shader map for material Cloth_Sofa, compiling. 
[2015.05.05-19.38.05:577][  0]LogTexture:Display: Building textures: Wood_Sofa_GM_Plutone_Dif (BGRA8)
[2015.05.05-19.38.05:666][  0]LogMaterial: Missing cached shader map for material Wood_onlay, compiling. 
[2015.05.05-19.38.05:737][  0]LogTexture:Display: Building textures: MLE-texture (AutoDXT)
[2015.05.05-19.38.06:291][  0]LogMaterial: Missing cached shader map for material 1CarPaintClearcoatDarkGray, compiling. 
[2015.05.05-19.38.06:322][  0]LogStaticMesh: Building static mesh Sofa_GM_Plutone_FBX...
[2015.05.05-19.38.06:948][  0]LogStaticMesh: Built static mesh [645.370117ms] /Game/MacabreAssets/Import/ItSofa/Sofa_GM_Plutone_FBX.Sofa_GM_Plutone_FBX
[2015.05.05-19.38.07:116][  0]LogMaterial: Missing cached shader map for material 24_-_Default, compiling. 
[2015.05.05-19.38.07:130][  0]LogMaterial: Missing cached shader map for material 20_-_Default, compiling. 
[2015.05.05-19.38.07:144][  0]LogMaterial: Missing cached shader map for material 22_-_Default, compiling. 
[2015.05.05-19.38.07:157][  0]LogMaterial: Missing cached shader map for material black, compiling. 
[2015.05.05-19.38.07:170][  0]LogMaterial: Missing cached shader map for material AluminiumPolished, compiling. 
[2015.05.05-19.38.07:185][  0]LogMaterial: Missing cached shader map for material Glass_Standart_01, compiling. 
[2015.05.05-19.38.07:199][  0]LogMaterial: Missing cached shader map for material Glass_Standart_04, compiling. 
[2015.05.05-19.38.07:214][  0]LogMaterial: Missing cached shader map for material Glass_Standart_05, compiling. 
[2015.05.05-19.38.07:227][  0]LogMaterial: Missing cached shader map for material Glass_Standartdas, compiling. 
[2015.05.05-19.38.07:241][  0]LogMaterial: Missing cached shader map for material Material__520, compiling. 
[2015.05.05-19.38.07:255][  0]LogMaterial: Missing cached shader map for material Material__521, compiling. 
[2015.05.05-19.38.07:281][  0]LogMaterial: Missing cached shader map for material Material__521sds, compiling. 
[2015.05.05-19.38.07:298][  0]LogMaterial: Missing cached shader map for material Material__549, compiling. 
[2015.05.05-19.38.07:312][  0]LogMaterial: Missing cached shader map for material Material__971, compiling. 
[2015.05.05-19.38.07:326][  0]LogMaterial: Missing cached shader map for material Material__990, compiling. 
[2015.05.05-19.38.07:340][  0]LogMaterial: Missing cached shader map for material Mitsubishi__Evo_ment_car_body_01, compiling. 
[2015.05.05-19.38.07:354][  0]LogMaterial: Missing cached shader map for material Metal_aluminium_dark_polished, compiling. 
[2015.05.05-19.38.07:372][  0]LogMaterial: Missing cached shader map for material MetalChromeObject_02, compiling. 
[2015.05.05-19.38.07:414][  0]LogTexture:Display: Building textures: MLE-wheel (AutoDXT)
[2015.05.05-19.38.08:255][  0]LogMaterial: Missing cached shader map for material Mitsubishi__Evo_ment_wheel_01, compiling. 
[2015.05.05-19.38.08:269][  0]LogMaterial: Missing cached shader map for material Mitsubishi__Evo_ment_reshotki_0fdfd1, compiling. 
[2015.05.05-19.38.08:283][  0]LogMaterial: Missing cached shader map for material 13_-_Default, compiling. 
[2015.05.05-19.38.08:293][  0]LogMaterial: Missing cached shader map for material VR_crohme_glossysasa, compiling. 
[2015.05.05-19.38.08:305][  0]LogStaticMesh: Building static mesh MitsubishiLanserEvo-fbx...
[2015.05.05-19.38.10:122][  0]LogStaticMesh: Built static mesh [1816.882935ms] /Game/MacabreAssets/Import/MitsubishiLanserEvo-fbx/MitsubishiLanserEvo-fbx.MitsubishiLanserEvo-fbx
[2015.05.05-19.38.10:501][  0]LogMaterial: Missing cached shader map for material 03_-_Default, compiling. 
[2015.05.05-19.38.10:511][  0]LogMaterial: Missing cached shader map for material 08_-_Default, compiling. 
[2015.05.05-19.38.10:521][  0]LogMaterial: Missing cached shader map for material 14_-_Default, compiling. 
[2015.05.05-19.38.10:532][  0]LogMaterial: Missing cached shader map for material 15_-_Default, compiling. 
[2015.05.05-19.38.10:543][  0]LogStaticMesh: Building static mesh chevrolet_by_domomonsterxx...
[2015.05.05-19.38.16:033][  0]LogStaticMesh: Built static mesh [5488.624023ms] /Game/MacabreAssets/Import/SUV/chevrolet_by_domomonsterxx.chevrolet_by_domomonsterxx
[2015.05.05-19.38.17:350][  0]LogMaterial: Missing cached shader map for material 17_-_Default, compiling. 
[2015.05.05-19.38.17:364][  0]LogMaterial: Missing cached shader map for material 18_-_Default, compiling. 
[2015.05.05-19.38.17:424][  0]LogTexture:Display: Building textures: BarkDecidious0107_thumbhuge (AutoDXT)
[2015.05.05-19.38.19:758][  0]LogTexture:Display: Building textures: Branches0003_thumbhuge (AutoDXT)
[2015.05.05-19.38.20:411][  0]LogTexture:Display: Building textures: Transparent2 (AutoDXT)
[2015.05.05-19.38.20:464][  0]LogMaterial: Missing cached shader map for material Bark, compiling. 
[2015.05.05-19.38.20:479][  0]LogMaterial: Missing cached shader map for material Leaf, compiling. 
[2015.05.05-19.38.20:534][  0]LogMaterial: Missing cached shader map for material Scene_Material, compiling. 
[2015.05.05-19.38.20:547][  0]LogMaterial: Missing cached shader map for material Transparent, compiling. 
[2015.05.05-19.38.20:559][  0]LogStaticMesh: Building static mesh Tree...
[2015.05.05-19.38.20:742][  0]LogStaticMesh: Built static mesh [183.328949ms] /Game/MacabreAssets/Import/tree/Tree.Tree
[2015.05.05-19.38.20:857][  0]LogTexture:Display: Building textures: T_Bush_D (AutoDXT)
[2015.05.05-19.38.21:652][  0]LogTexture:Display: Building textures: T_Bush_N (BC5)
[2015.05.05-19.38.21:719][  0]LogMaterial: Missing cached shader map for material M_Bush, compiling. 
[2015.05.05-19.38.21:738][  0]LogStaticMesh: Building static mesh SM_Bush...
[2015.05.05-19.38.21:747][  0]LogStaticMesh: Built static mesh [9.570700ms] /Game/StarterContent/Props/SM_Bush.SM_Bush
[2015.05.05-19.38.21:884][  0]LogTexture:Display: Building textures: HQ_Lightmap0_1 (AutoDXT)
[2015.05.05-19.38.22:653][  0]LogTexture:Display: Building textures: HQ_Lightmap0_10 (AutoDXT)
[2015.05.05-19.38.22:678][  0]LogTexture:Display: Building textures: HQ_Lightmap0_11 (AutoDXT)
[2015.05.05-19.38.22:720][  0]LogTexture:Display: Building textures: HQ_Lightmap0_12 (AutoDXT)
[2015.05.05-19.38.22:735][  0]LogTexture:Display: Building textures: HQ_Lightmap0_2 (AutoDXT)
[2015.05.05-19.38.22:864][  0]LogTexture:Display: Building textures: HQ_Lightmap0_3 (AutoDXT)
[2015.05.05-19.38.24:314][  0]LogTexture:Display: Building textures: HQ_Lightmap0_4 (AutoDXT)
[2015.05.05-19.38.25:526][  0]LogTexture:Display: Building textures: HQ_Lightmap0_5 (AutoDXT)
[2015.05.05-19.38.25:820][  0]LogTexture:Display: Building textures: HQ_Lightmap0_6 (AutoDXT)
[2015.05.05-19.38.26:148][  0]LogTexture:Display: Building textures: HQ_Lightmap0_7 (AutoDXT)
[2015.05.05-19.38.26:208][  0]LogTexture:Display: Building textures: HQ_Lightmap0_8 (AutoDXT)
[2015.05.05-19.38.26:372][  0]LogTexture:Display: Building textures: HQ_Lightmap0_9 (AutoDXT)
[2015.05.05-19.38.26:505][  0]LogTexture:Display: Building textures: HQ_Lightmap1_10 (AutoDXT)
[2015.05.05-19.38.26:531][  0]LogTexture:Display: Building textures: HQ_Lightmap1_11 (AutoDXT)
[2015.05.05-19.38.26:572][  0]LogTexture:Display: Building textures: HQ_Lightmap1_12 (AutoDXT)
[2015.05.05-19.38.26:603][  0]LogTexture:Display: Building textures: HQ_Lightmap1_3 (AutoDXT)
[2015.05.05-19.38.28:044][  0]LogTexture:Display: Building textures: HQ_Lightmap1_4 (AutoDXT)
[2015.05.05-19.38.28:938][  0]LogTexture:Display: Building textures: HQ_Lightmap1_5 (AutoDXT)
[2015.05.05-19.38.29:232][  0]LogTexture:Display: Building textures: HQ_Lightmap1_6 (AutoDXT)
[2015.05.05-19.38.29:558][  0]LogTexture:Display: Building textures: HQ_Lightmap1_7 (AutoDXT)
[2015.05.05-19.38.29:618][  0]LogTexture:Display: Building textures: HQ_Lightmap1_8 (AutoDXT)
[2015.05.05-19.38.29:784][  0]LogTexture:Display: Building textures: HQ_Lightmap1_9 (AutoDXT)
[2015.05.05-19.38.29:935][  0]LogTexture:Display: Building textures: LQ_Lightmap_0_1 (DXT1)
[2015.05.05-19.38.30:383][  0]LogTexture:Display: Building textures: LQ_Lightmap_0_2 (DXT1)
[2015.05.05-19.38.30:472][  0]LogTexture:Display: Building textures: LQ_Lightmap_0_3 (DXT1)
[2015.05.05-19.38.31:253][  0]LogTexture:Display: Building textures: LQ_Lightmap_0_6 (DXT1)
[2015.05.05-19.38.31:414][  0]LogTexture:Display: Building textures: LQ_Lightmap_1_10 (DXT1)
[2015.05.05-19.38.31:434][  0]LogTexture:Display: Building textures: LQ_Lightmap_1_11 (DXT1)
[2015.05.05-19.38.31:451][  0]LogTexture:Display: Building textures: LQ_Lightmap_1_12 (DXT1)
[2015.05.05-19.38.31:476][  0]LogTexture:Display: Building textures: LQ_Lightmap_1_4 (DXT1)
[2015.05.05-19.38.32:158][  0]LogTexture:Display: Building textures: LQ_Lightmap_1_5 (DXT1)
[2015.05.05-19.38.32:288][  0]LogTexture:Display: Building textures: LQ_Lightmap_1_7 (DXT1)
[2015.05.05-19.38.32:319][  0]LogTexture:Display: Building textures: LQ_Lightmap_1_8 (DXT1)
[2015.05.05-19.38.32:384][  0]LogTexture:Display: Building textures: LQ_Lightmap_1_9 (DXT1)
[2015.05.05-19.38.32:475][  0]LogTexture:Display: Building textures: ShadowMapTexture2D_25 (BGRA8)
[2015.05.05-19.38.32:511][  0]LogTexture:Display: Building textures: ShadowMapTexture2D_26 (BGRA8)
[2015.05.05-19.38.32:521][  0]LogTexture:Display: Building textures: ShadowMapTexture2D_27 (BGRA8)
[2015.05.05-19.38.32:529][  0]LogTexture:Display: Building textures: ShadowMapTexture2D_28 (BGRA8)
[2015.05.05-19.38.32:531][  0]LogTexture:Display: Building textures: ShadowMapTexture2D_29 (BGRA8)
[2015.05.05-19.38.32:539][  0]LogTexture:Display: Building textures: ShadowMapTexture2D_30 (BGRA8)
[2015.05.05-19.38.32:540][  0]LogTexture:Display: Building textures: ShadowMapTexture2D_31 (BGRA8)
[2015.05.05-19.38.32:570][  0]LogTexture:Display: Building textures: ShadowMapTexture2D_32 (BGRA8)
[2015.05.05-19.38.32:711][  0]LogTexture:Display: Building textures: ShadowMapTexture2D_33 (BGRA8)
[2015.05.05-19.38.32:742][  0]LogTexture:Display: Building textures: ShadowMapTexture2D_34 (BGRA8)
[2015.05.05-19.38.32:751][  0]LogTexture:Display: Building textures: ShadowMapTexture2D_35 (BGRA8)
[2015.05.05-19.38.32:759][  0]LogTexture:Display: Building textures: ShadowMapTexture2D_36 (BGRA8)
[2015.05.05-19.38.32:761][  0]LogTexture:Display: Building textures: ShadowMapTexture2D_37 (BGRA8)
[2015.05.05-19.38.32:769][  0]LogTexture:Display: Building textures: ShadowMapTexture2D_38 (BGRA8)
[2015.05.05-19.38.32:770][  0]LogTexture:Display: Building textures: ShadowMapTexture2D_39 (BGRA8)
[2015.05.05-19.38.33:003][  0]LogMaterial:Warning: Material /Game/MacabreAssets/Import/SUV/14_-_Default.14_-_Default needed to have new flag set bUsedWithStaticLighting !
[2015.05.05-19.38.33:005][  0]LogMaterial: Missing cached shader map for material 14_-_Default, compiling. 
[2015.05.05-19.38.33:016][  0]LogMaterial: 0.000058 seconds spent updating 1 materials, 1 interfaces, 0 instances, 0 with static permutations.
[2015.05.05-19.38.33:016][  0]LogMaterial:Warning: Material /Game/MacabreAssets/Import/SUV/18_-_Default.18_-_Default needed to have new flag set bUsedWithStaticLighting !
[2015.05.05-19.38.33:019][  0]LogMaterial: Missing cached shader map for material 18_-_Default, compiling. 
[2015.05.05-19.38.33:030][  0]LogMaterial: 0.000047 seconds spent updating 1 materials, 1 interfaces, 0 instances, 0 with static permutations.
[2015.05.05-19.38.33:030][  0]LogMaterial:Warning: Material /Game/MacabreAssets/Import/SUV/08_-_Default.08_-_Default needed to have new flag set bUsedWithStaticLighting !
[2015.05.05-19.38.33:033][  0]LogMaterial: Missing cached shader map for material 08_-_Default, compiling. 
[2015.05.05-19.38.33:044][  0]LogMaterial: 0.000034 seconds spent updating 1 materials, 1 interfaces, 0 instances, 0 with static permutations.
[2015.05.05-19.38.33:044][  0]LogMaterial:Warning: Material /Game/MacabreAssets/Import/SUV/03_-_Default.03_-_Default needed to have new flag set bUsedWithStaticLighting !
[2015.05.05-19.38.33:048][  0]LogMaterial: Missing cached shader map for material 03_-_Default, compiling. 
[2015.05.05-19.38.33:059][  0]LogMaterial: 0.000044 seconds spent updating 1 materials, 1 interfaces, 0 instances, 0 with static permutations.
[2015.05.05-19.38.33:243][  0]LogEditorServer: Finished looking for orphan Actors (0.000 secs)
[2015.05.05-19.38.33:253][  0]LogAIModule: Creating AISystem for world House
[2015.05.05-19.38.33:255][  0]Cmd: MAP CHECKDEP
[2015.05.05-19.38.33:255][  0]MapCheck: New page: House - May 5, 2015, 11:38:33 AM
[2015.05.05-19.38.33:435][  0]MapCheck: Info Map check complete: 0 Error(s), 0 Warning(s), took 180.56ms to complete.
[2015.05.05-19.38.33:435][  0]LogFileHelpers: Loading map 'House' took 61.415
[2015.05.05-19.38.33:627][  0]LogCollectionManager: Loaded 0 collections in 0.002658 seconds
[2015.05.05-19.38.33:642][  0]LogContentBrowser: Native class hierarchy populated in 0.0148 seconds. Added 1696 classes and 261 folders.
[2015.05.05-19.38.33:699][  0]LogContentBrowser: Native class hierarchy updated for 'SceneOutliner' in 0.0031 seconds. Added 1 classes and 2 folders.
[2015.05.05-19.38.33:817][  0]LogCrashTracker: Crashtracker disabled due to settings.
[2015.05.05-19.38.33:819][  0]LogSlate:Warning: Failed to load font data from 'Veranda'
[2015.05.05-19.38.33:828][  0]LogUObjectGlobals:Warning: Failed to find object 'Class None.'
[2015.05.05-19.38.33:856][  0]LogLoad: Full Startup: 91.97 seconds (BP compile: 0.67 seconds)
[2015.05.05-19.38.34:254][  0]LogContentBrowser:Verbose: The content browser source was changed by the sources view to '/Game/MacabreAssets/Import'
[2015.05.05-19.38.34:434][  0]LogRenderer:Warning: Reallocating scene render targets to support 32x32 (Frame:2).
[2015.05.05-19.38.35:686][  0]LogRenderer:Warning: Reallocating scene render targets to support 1104x560 (Frame:9).
[2015.05.05-19.38.42:801][  7]LogAssetRegistry: Asset discovery search completed in 77.1628 seconds
[2015.05.05-19.39.23:975][130]LogSynthBenchmark:Display: FSynthBenchmark (V0.95):  requested WorkScale=1.00
[2015.05.05-19.39.23:975][130]LogSynthBenchmark:Display: ===============
[2015.05.05-19.39.23:975][130]LogSynthBenchmark:Display: Main Processor:
[2015.05.05-19.39.24:020][130]LogSynthBenchmark:Display:          ... 0.023658 s/Run 'RayIntersect'
[2015.05.05-19.39.24:020][130]LogSynthBenchmark:Display:          ... 0.021721 s/Run 'Fractal'
[2015.05.05-19.39.24:020][130]LogSynthBenchmark:Display: 
[2015.05.05-19.39.24:020][130]LogSynthBenchmark:Display:   CompiledTarget_x_Bits: 64
[2015.05.05-19.39.24:020][130]LogSynthBenchmark:Display:   UE_BUILD_SHIPPING: 0
[2015.05.05-19.39.24:020][130]LogSynthBenchmark:Display:   UE_BUILD_TEST: 0
[2015.05.05-19.39.24:020][130]LogSynthBenchmark:Display:   UE_BUILD_DEBUG: 0
[2015.05.05-19.39.24:020][130]LogSynthBenchmark:Display:   TotalPhysicalGBRam: 16
[2015.05.05-19.39.24:020][130]LogSynthBenchmark:Display:   NumberOfCores (physical): 2
[2015.05.05-19.39.24:020][130]LogSynthBenchmark:Display:   NumberOfCores (logical): 4
[2015.05.05-19.39.24:020][130]LogSynthBenchmark:Display:   CPU Perf Index 0: 108.2
[2015.05.05-19.39.24:020][130]LogSynthBenchmark:Display:   CPU Perf Index 1: 131.7
[2015.05.05-19.39.24:020][130]LogSynthBenchmark:Display:  
[2015.05.05-19.39.24:020][130]LogSynthBenchmark:Display: Graphics:
[2015.05.05-19.39.24:020][130]LogSynthBenchmark:Display:   Adapter Name: 'NVIDIA GeForce GTX 680'
[2015.05.05-19.39.24:020][130]LogSynthBenchmark:Display:   (On Optimus the name might be wrong, memory should be ok)
[2015.05.05-19.39.24:020][130]LogSynthBenchmark:Display:   Vendor Id: 0x10de
[2015.05.05-19.39.24:020][130]LogSynthBenchmark:Display:   GPU Memory: 1986/0/2049 MB
[2015.05.05-19.39.24:041][130]LogSynthBenchmark:Display:   GPU first test: 0.01s
[2015.05.05-19.39.24:041][130]LogSynthBenchmark:Display:          ... 0.632 GigaPix/s, Confidence=100% 'ALUHeavyNoise' (likely to be very inaccurate)
[2015.05.05-19.39.24:041][130]LogSynthBenchmark:Display:          ... 0.689 GigaPix/s, Confidence=100% 'TexHeavy' (likely to be very inaccurate)
[2015.05.05-19.39.24:041][130]LogSynthBenchmark:Display:          ... 0.533 GigaPix/s, Confidence=100% 'DepTexHeavy' (likely to be very inaccurate)
[2015.05.05-19.39.24:041][130]LogSynthBenchmark:Display:          ... 0.995 GigaPix/s, Confidence=100% 'FillOnly' (likely to be very inaccurate)
[2015.05.05-19.39.24:042][130]LogSynthBenchmark:Display:          ... 0.246 GigaPix/s, Confidence=89% 'Bandwidth' (likely to be very inaccurate)
[2015.05.05-19.39.24:093][130]LogSynthBenchmark:Display:   GPU second test: 0.04s
[2015.05.05-19.39.24:093][130]LogSynthBenchmark:Display:          ... 1.334 GigaPix/s, Confidence=100% 'ALUHeavyNoise' (likely to be inaccurate)
[2015.05.05-19.39.24:094][130]LogSynthBenchmark:Display:          ... 1.832 GigaPix/s, Confidence=100% 'TexHeavy' (likely to be inaccurate)
[2015.05.05-19.39.24:094][130]LogSynthBenchmark:Display:          ... 0.971 GigaPix/s, Confidence=100% 'DepTexHeavy' (likely to be inaccurate)
[2015.05.05-19.39.24:094][130]LogSynthBenchmark:Display:          ... 3.149 GigaPix/s, Confidence=100% 'FillOnly' (likely to be inaccurate)
[2015.05.05-19.39.24:094][130]LogSynthBenchmark:Display:          ... 0.320 GigaPix/s, Confidence=100% 'Bandwidth' (likely to be inaccurate)
[2015.05.05-19.39.24:366][130]LogSynthBenchmark:Display:   GPU third test: 0.25s
[2015.05.05-19.39.24:366][130]LogSynthBenchmark:Display:          ... 2.114 GigaPix/s, Confidence=30% 'ALUHeavyNoise'
[2015.05.05-19.39.24:366][130]LogSynthBenchmark:Display:          ... 3.165 GigaPix/s, Confidence=11% 'TexHeavy'
[2015.05.05-19.39.24:366][130]LogSynthBenchmark:Display:          ... 1.774 GigaPix/s, Confidence=11% 'DepTexHeavy'
[2015.05.05-19.39.24:366][130]LogSynthBenchmark:Display:          ... 6.369 GigaPix/s, Confidence=11% 'FillOnly'
[2015.05.05-19.39.24:366][130]LogSynthBenchmark:Display:          ... 0.520 GigaPix/s, Confidence=11% 'Bandwidth'
[2015.05.05-19.39.24:366][130]LogSynthBenchmark:Display: 
[2015.05.05-19.39.24:366][130]LogSynthBenchmark:Display:   GPU Perf Index 0: 46.0
[2015.05.05-19.39.24:366][130]LogSynthBenchmark:Display:   GPU Perf Index 1: 42.5
[2015.05.05-19.39.24:366][130]LogSynthBenchmark:Display:   GPU Perf Index 2: 46.1
[2015.05.05-19.39.24:366][130]LogSynthBenchmark:Display:   GPU Perf Index 3: 25.0
[2015.05.05-19.39.24:366][130]LogSynthBenchmark:Display:   GPU Perf Index 4: 48.5
[2015.05.05-19.39.24:366][130]LogSynthBenchmark:Display:   CPUIndex: 108.2
[2015.05.05-19.39.24:366][130]LogSynthBenchmark:Display:   GPUIndex: 46.0
[2015.05.05-19.39.24:366][130]LogSynthBenchmark:Display: 
[2015.05.05-19.39.24:366][130]LogSynthBenchmark:Display:          ... Total Time: 0.391903 sec
[2015.05.05-19.39.24:366][130]LogConsoleManager:Warning: